#
# A fatal error has been detected by the Java Runtime Environment:
#
#  EXCEPTION_ACCESS_VIOLATION (0xc0000005) at pc=0x00007ffcbd8fec84, pid=3148, tid=9920
#
# JRE version: Java(TM) SE Runtime Environment (21.0.1+12) (build 21.0.1+12-LTS-29)
# Java VM: Java HotSpot(TM) 64-Bit Server VM (21.0.1+12-LTS-29, mixed mode, emulated-client, sharing, tiered, compressed oops, compressed class ptrs, g1 gc, windows-amd64)
# Problematic frame:
# V  [jvm.dll+0x7bec84]
#
# No core dump will be written. Minidumps are not enabled by default on client versions of Windows
#
# If you would like to submit a bug report, please visit:
#   https://bugreport.java.com/bugreport/crash.jsp
#

---------------  S U M M A R Y ------------

Command Line: -XX:TieredStopAtLevel=1 -Dspring.output.ansi.enabled=always -Dcom.sun.management.jmxremote -Dspring.jmx.enabled=true -Dspring.liveBeansView.mbeanDomain -Dspring.application.admin.enabled=true -Dmanagement.endpoints.jmx.exposure.include=* -javaagent:C:\Users\DELL\Desktop\IntelliJ IDEA 2024.2\lib\idea_rt.jar=51216:C:\Users\DELL\Desktop\IntelliJ IDEA 2024.2\bin -Dfile.encoding=UTF-8 -Dsun.stdout.encoding=UTF-8 -Dsun.stderr.encoding=UTF-8 africa.semicolon.identity.IdentityManagementApplication

Host: Intel(R) Core(TM) i5-6300U CPU @ 2.40GHz, 4 cores, 7G,  Windows 11 , 64 bit Build 22621 (10.0.22621.3958)
Time: Mon Nov 18 10:34:37 2024 W. Central Africa Standard Time elapsed time: 14.495237 seconds (0d 0h 0m 14s)

---------------  T H R E A D  ---------------

Current thread (0x000001cba41ad070):  VMThread "VM Thread"          [id=9920, stack(0x000000a886700000,0x000000a886800000) (1024K)]

Stack: [0x000000a886700000,0x000000a886800000],  sp=0x000000a8867fe9b0,  free space=1018k
Native frames: (J=compiled Java code, j=interpreted, Vv=VM code, C=native code)
V  [jvm.dll+0x7bec84]
V  [jvm.dll+0x26dd06]
V  [jvm.dll+0x2234fd]
V  [jvm.dll+0x2260f9]
V  [jvm.dll+0x3359e9]
V  [jvm.dll+0x36bc65]
V  [jvm.dll+0x85d048]
V  [jvm.dll+0x85e144]
V  [jvm.dll+0x85e680]
V  [jvm.dll+0x85e923]
V  [jvm.dll+0x7fd728]
V  [jvm.dll+0x6c777d]
C  [ucrtbase.dll+0x29333]
C  [KERNEL32.DLL+0x1257d]
C  [ntdll.dll+0x5af08]


siginfo: EXCEPTION_ACCESS_VIOLATION (0xc0000005), reading address 0xffffffffffffffff


Registers:
RAX=0x0000000000000001, RBX=0x0000000000000136, RCX=0x002001cbecbfa0d8, RDX=0x0000000030b00001
RSP=0x000000a8867fe9b0, RBP=0x0000000000000136, RSI=0x000001cbe8d389f8, RDI=0x000001cbe8d38000
R8 =0x0000000000000006, R9 =0x000001cbea0fd2b0, R10=0x0000000000000003, R11=0x000000a8867fe990
R12=0x000001cba41a3f40, R13=0x000001cba41a4318, R14=0x000001cba406c7b0, R15=0x0000000000000000
RIP=0x00007ffcbd8fec84, EFLAGS=0x0000000000010202


Register to memory mapping:

RAX=0x0000000000000001 is an unknown value
RBX=0x0000000000000136 is an unknown value
RCX=0x002001cbecbfa0d8 is an unknown value
RDX=0x0000000030b00001 is an unknown value
RSP=0x000000a8867fe9b0 points into unknown readable memory: 0x000001cba4552660 | 60 26 55 a4 cb 01 00 00
RBP=0x0000000000000136 is an unknown value
RSI=0x000001cbe8d389f8 is pointing into metadata
RDI=0x000001cbe8d38000 is pointing into metadata
R8 =0x0000000000000006 is an unknown value
R9 =0x000001cbea0fd2b0 points into unknown readable memory: 0x000001cbe8ddef80 | 80 ef dd e8 cb 01 00 00
R10=0x0000000000000003 is an unknown value
R11=0x000000a8867fe990 points into unknown readable memory: 0x000001cbea0f1640 | 40 16 0f ea cb 01 00 00
R12=0x000001cba41a3f40 points into unknown readable memory: 0x000001cba41a3f60 | 60 3f 1a a4 cb 01 00 00
R13=0x000001cba41a4318 points into unknown readable memory: 0x10201df994347c9d | 9d 7c 34 94 f9 1d 20 10
R14=0x000001cba406c7b0 points into unknown readable memory: 0x000001cba44874d0 | d0 74 48 a4 cb 01 00 00
R15=0x0 is null

Top of Stack: (sp=0x000000a8867fe9b0)
0x000000a8867fe9b0:   000001cba4552660 0000000000000006
0x000000a8867fe9c0:   000001cbeba65050 000001cb92210000
0x000000a8867fe9d0:   000001cbe8d38000 00007ffcbd3add06
0x000000a8867fe9e0:   0000000000000006 000001cba406c7b0
0x000000a8867fe9f0:   000001cbe8d401a0 0000000000000033
0x000000a8867fea00:   0000000000000000 00000000000000cc
0x000000a8867fea10:   000000000000036c 00007ffcbd3634fd
0x000000a8867fea20:   000001cba406c7b0 000001cbe8d38000
0x000000a8867fea30:   00000000000000cd 00007ffc00000000
0x000000a8867fea40:   0000000000000000 000001cb94459bc0
0x000000a8867fea50:   000000a8867feb90 00007ffcbd3660f9
0x000000a8867fea60:   000001cba406c7b0 00000000000001d0
0x000000a8867fea70:   0000000000000000 00000008625b418e
0x000000a8867fea80:   0000000000000004 00007ffcbd4759e9
0x000000a8867fea90:   000001cb94414c60 000000a8867feb90
0x000000a8867feaa0:   000001cb94414c60 000001cb944087a0
0x000000a8867feab0:   000000a8867fea00 000000a8867feb88
0x000000a8867feac0:   0000000000000000 00000000018a24da
0x000000a8867fead0:   0000000000000000 00007ffd54f5f0c0
0x000000a8867feae0:   0000000000000079 0000000000000000
0x000000a8867feaf0:   0000000653000000 000000a8867ff000
0x000000a8867feb00:   00007ffcbdb115c8 00007ffcbdb115d0
0x000000a8867feb10:   000000000000000d 000001cb94459bc0
0x000000a8867feb20:   00007ffcbdb11108 00007ffcbdb11168
0x000000a8867feb30:   000000000000000d 000001cb94414c60
0x000000a8867feb40:   000001cb94459bc0 0000008000000001
0x000000a8867feb50:   000001cbed004510 0000000000000004
0x000000a8867feb60:   00007ffcbdb109b8 00007ffcbd4ac401
0x000000a8867feb70:   0000000000000000 0000000000000000
0x000000a8867feb80:   0000000000000000 0000000000000000
0x000000a8867feb90:   0000000000000000 00007ffcbda39010
0x000000a8867feba0:   00007ffcbdb112f8 00007ffcbdb11338 

Instructions: (pc=0x00007ffcbd8fec84)
0x00007ffcbd8feb84:   ff c1 80 3c 08 00 75 f7 48 63 d1 85 c9 7e 14 80
0x00007ffcbd8feb94:   38 2f 75 03 c6 00 2e 48 ff c0 48 83 ea 01 75 ef
0x00007ffcbd8feba4:   49 8b c0 48 83 c4 28 c3 cc cc cc cc 48 89 5c 24
0x00007ffcbd8febb4:   08 48 89 6c 24 10 48 89 74 24 18 57 48 83 ec 20
0x00007ffcbd8febc4:   0f b7 51 04 48 8b f1 48 83 c1 06 e8 5c 84 06 00
0x00007ffcbd8febd4:   33 d2 8d 58 01 48 63 cb e8 bf f5 f5 ff 0f b7 56
0x00007ffcbd8febe4:   04 48 8d 4e 06 44 8b cb 4c 8b c0 48 8b f8 e8 89
0x00007ffcbd8febf4:   7d 06 00 48 8b 5c 24 30 48 8b c7 48 8b 6c 24 38
0x00007ffcbd8fec04:   48 8b 74 24 40 48 83 c4 20 5f c3 cc 48 89 5c 24
0x00007ffcbd8fec14:   18 48 89 74 24 20 57 48 83 ec 20 48 8b da 48 8d
0x00007ffcbd8fec24:   71 06 0f b7 51 04 4c 8d 4c 24 30 48 8b ce 4c 8d
0x00007ffcbd8fec34:   44 24 38 e8 64 85 06 00 48 63 c8 33 d2 48 03 c9
0x00007ffcbd8fec44:   89 03 e8 55 f5 f5 ff 44 8b 03 48 8b f8 45 85 c0
0x00007ffcbd8fec54:   7e 0e 48 8b d0 48 8b ce e8 bf 79 06 00 48 8b c7
0x00007ffcbd8fec64:   48 8b 5c 24 40 48 8b 74 24 48 48 83 c4 20 5f c3
0x00007ffcbd8fec74:   cc cc cc cc cc cc cc cc cc cc cc cc 48 83 ec 28
0x00007ffcbd8fec84:   8b 01 0f b7 d0 81 fa ff ff 00 00 74 18 85 d2 74
0x00007ffcbd8fec94:   19 8d 50 ff f0 0f b1 11 74 0b 0f b7 d0 81 fa ff
0x00007ffcbd8feca4:   ff 00 00 75 e8 48 83 c4 28 c3 e8 ad 04 00 00 4c
0x00007ffcbd8fecb4:   8d 0d 96 77 28 00 41 b8 52 01 00 00 48 8d 15 59
0x00007ffcbd8fecc4:   77 28 00 b9 00 00 00 e0 e8 af 1c ac ff cc cc cc
0x00007ffcbd8fecd4:   cc cc cc cc cc cc cc cc cc cc cc cc 48 83 ec 28
0x00007ffcbd8fece4:   8b 01 0f b7 d0 81 fa ff ff 00 00 74 18 85 d2 74
0x00007ffcbd8fecf4:   19 8d 50 01 f0 0f b1 11 74 0b 0f b7 d0 81 fa ff
0x00007ffcbd8fed04:   ff 00 00 75 e8 48 83 c4 28 c3 e8 4d 04 00 00 4c
0x00007ffcbd8fed14:   8d 0d e6 76 28 00 41 b8 3d 01 00 00 48 8d 15 f9
0x00007ffcbd8fed24:   76 28 00 b9 00 00 00 e0 e8 4f 1c ac ff cc cc cc
0x00007ffcbd8fed34:   cc cc cc cc cc cc cc cc cc cc cc cc 40 55 41 57
0x00007ffcbd8fed44:   48 83 ec 38 49 63 e9 4d 8b f8 45 85 c9 7f 0a 33
0x00007ffcbd8fed54:   c0 48 83 c4 38 41 5f 5d c3 48 89 5c 24 50 48 89
0x00007ffcbd8fed64:   74 24 58 0f b7 71 04 48 89 7c 24 60 48 2b f5 4c
0x00007ffcbd8fed74:   89 64 24 30 4c 89 6c 24 28 4c 8d 69 06 48 63 da 


Stack slot to memory mapping:

stack at sp + 0 slots: 0x000001cba4552660 points into unknown readable memory: 0x0000000000000000 | 00 00 00 00 00 00 00 00
stack at sp + 1 slots: 0x0000000000000006 is an unknown value
stack at sp + 2 slots: 0x000001cbeba65050 points into unknown readable memory: 0x0000000000000000 | 00 00 00 00 00 00 00 00
stack at sp + 3 slots: 0x000001cb92210000 points into unknown readable memory: 0x0000000000000000 | 00 00 00 00 00 00 00 00
stack at sp + 4 slots: 0x000001cbe8d38000 is pointing into metadata
stack at sp + 5 slots: 0x00007ffcbd3add06 jvm.dll
stack at sp + 6 slots: 0x0000000000000006 is an unknown value
stack at sp + 7 slots: 0x000001cba406c7b0 points into unknown readable memory: 0x000001cba44874d0 | d0 74 48 a4 cb 01 00 00

VM_Operation (0x000000a8862ffab0): G1PauseRemark, mode: safepoint, requested by thread 0x000001cb9446a320


---------------  P R O C E S S  ---------------

Threads class SMR info:
_java_thread_list=0x000001cbed0c76a0, length=23, elements={
0x000001cb94401f80, 0x000001cba43ea400, 0x000001cba43eb320, 0x000001cba43ee8b0,
0x000001cba43f0850, 0x000001cba43f13e0, 0x000001cba43f1f70, 0x000001cba43f71b0,
0x000001cba4197960, 0x000001cba4554750, 0x000001cbea69adc0, 0x000001cbea6a74d0,
0x000001cbea8345f0, 0x000001cbea89eda0, 0x000001cbea8f8e80, 0x000001cbea8ff130,
0x000001cbea9cdf10, 0x000001cbeae3ca50, 0x000001cbeae3bd30, 0x000001cbeae3d0e0,
0x000001cbeae3de00, 0x000001cbeae3d770, 0x000001cbeae3a980
}

Java Threads: ( => current thread )
  0x000001cb94401f80 JavaThread "main"                              [_thread_blocked, id=3172, stack(0x000000a886000000,0x000000a886100000) (1024K)]
  0x000001cba43ea400 JavaThread "Reference Handler"          daemon [_thread_blocked, id=14284, stack(0x000000a886800000,0x000000a886900000) (1024K)]
  0x000001cba43eb320 JavaThread "Finalizer"                  daemon [_thread_blocked, id=2320, stack(0x000000a886900000,0x000000a886a00000) (1024K)]
  0x000001cba43ee8b0 JavaThread "Signal Dispatcher"          daemon [_thread_blocked, id=5772, stack(0x000000a886a00000,0x000000a886b00000) (1024K)]
  0x000001cba43f0850 JavaThread "Attach Listener"            daemon [_thread_blocked, id=13060, stack(0x000000a886b00000,0x000000a886c00000) (1024K)]
  0x000001cba43f13e0 JavaThread "Service Thread"             daemon [_thread_blocked, id=12228, stack(0x000000a886c00000,0x000000a886d00000) (1024K)]
  0x000001cba43f1f70 JavaThread "Monitor Deflation Thread"   daemon [_thread_blocked, id=7248, stack(0x000000a886d00000,0x000000a886e00000) (1024K)]
  0x000001cba43f71b0 JavaThread "C1 CompilerThread0"         daemon [_thread_blocked, id=13204, stack(0x000000a886e00000,0x000000a886f00000) (1024K)]
  0x000001cba4197960 JavaThread "Common-Cleaner"             daemon [_thread_blocked, id=1156, stack(0x000000a886f00000,0x000000a887000000) (1024K)]
  0x000001cba4554750 JavaThread "C1 CompilerThread1"         daemon [_thread_blocked, id=8764, stack(0x000000a887000000,0x000000a887100000) (1024K)]
  0x000001cbea69adc0 JavaThread "Monitor Ctrl-Break"         daemon [_thread_in_native, id=5140, stack(0x000000a887400000,0x000000a887500000) (1024K)]
  0x000001cbea6a74d0 JavaThread "Notification Thread"        daemon [_thread_blocked, id=3296, stack(0x000000a887500000,0x000000a887600000) (1024K)]
  0x000001cbea8345f0 JavaThread "RMI TCP Accept-0"           daemon [_thread_in_native, id=11184, stack(0x000000a887600000,0x000000a887700000) (1024K)]
  0x000001cbea89eda0 JavaThread "RMI TCP Connection(1)-172.16.0.67" daemon [_thread_in_native, id=6816, stack(0x000000a887700000,0x000000a887800000) (1024K)]
  0x000001cbea8f8e80 JavaThread "RMI Scheduler(0)"           daemon [_thread_blocked, id=1364, stack(0x000000a887800000,0x000000a887900000) (1024K)]
  0x000001cbea8ff130 JavaThread "JMX server connection timeout 28" daemon [_thread_blocked, id=8124, stack(0x000000a887a00000,0x000000a887b00000) (1024K)]
  0x000001cbea9cdf10 JavaThread "RMI TCP Connection(2)-172.16.0.67" daemon [_thread_in_native, id=11824, stack(0x000000a887900000,0x000000a887a00000) (1024K)]
  0x000001cbeae3ca50 JavaThread "Catalina-utility-1"                [_thread_blocked, id=11024, stack(0x000000a887b00000,0x000000a887c00000) (1024K)]
  0x000001cbeae3bd30 JavaThread "Catalina-utility-2"                [_thread_blocked, id=9460, stack(0x000000a887c00000,0x000000a887d00000) (1024K)]
  0x000001cbeae3d0e0 JavaThread "container-0"                       [_thread_blocked, id=8700, stack(0x000000a887d00000,0x000000a887e00000) (1024K)]
  0x000001cbeae3de00 JavaThread "PostgreSQL-JDBC-Cleaner"    daemon [_thread_blocked, id=3516, stack(0x000000a887f00000,0x000000a888000000) (1024K)]
  0x000001cbeae3d770 JavaThread "HikariPool-1 housekeeper"   daemon [_thread_blocked, id=2128, stack(0x000000a888000000,0x000000a888100000) (1024K)]
  0x000001cbeae3a980 JavaThread "HikariPool-1 connection adder" daemon [_thread_blocked, id=15552, stack(0x000000a888100000,0x000000a888200000) (1024K)]
Total: 23

Other Threads:
=>0x000001cba41ad070 VMThread "VM Thread"                           [id=9920, stack(0x000000a886700000,0x000000a886800000) (1024K)]
  0x000001cba4196e70 WatcherThread "VM Periodic Task Thread"        [id=10400, stack(0x000000a886600000,0x000000a886700000) (1024K)]
  0x000001cb944595c0 WorkerThread "GC Thread#0"                     [id=15240, stack(0x000000a886100000,0x000000a886200000) (1024K)]
  0x000001cbea596c10 WorkerThread "GC Thread#1"                     [id=2784, stack(0x000000a887100000,0x000000a887200000) (1024K)]
  0x000001cbea596fb0 WorkerThread "GC Thread#2"                     [id=9376, stack(0x000000a887200000,0x000000a887300000) (1024K)]
  0x000001cbea5b0ce0 WorkerThread "GC Thread#3"                     [id=3412, stack(0x000000a887300000,0x000000a887400000) (1024K)]
  0x000001cb9446a320 ConcurrentGCThread "G1 Main Marker"            [id=15580, stack(0x000000a886200000,0x000000a886300000) (1024K)]
  0x000001cb9446b940 WorkerThread "G1 Conc#0"                       [id=8828, stack(0x000000a886300000,0x000000a886400000) (1024K)]
  0x000001cba4055f10 ConcurrentGCThread "G1 Refine#0"               [id=15232, stack(0x000000a886400000,0x000000a886500000) (1024K)]
  0x000001cba4056890 ConcurrentGCThread "G1 Service"                [id=8452, stack(0x000000a886500000,0x000000a886600000) (1024K)]
Total: 10

Threads with active compile tasks:
Total: 0

VM state: at safepoint (normal execution)

VM Mutex/Monitor currently owned by a thread:  ([mutex/lock_event])
[0x00007ffcbdd7a5f8] Threads_lock - owner thread: 0x000001cba41ad070
[0x00007ffcbdd7a6f8] Heap_lock - owner thread: 0x000001cb9446a320

Heap address: 0x0000000081a00000, size: 2022 MB, Compressed Oops mode: 32-bit

CDS archive(s) mapped at: [0x000001cba5000000-0x000001cba5c90000-0x000001cba5c90000), size 13172736, SharedBaseAddress: 0x000001cba5000000, ArchiveRelocationMode: 1.
Compressed class space mapped at: 0x000001cba6000000-0x000001cbe6000000, reserved size: 1073741824
Narrow klass base: 0x000001cba5000000, Narrow klass shift: 0, Narrow klass range: 0x100000000

GC Precious Log:
 CardTable entry size: 512
 Card Set container configuration: InlinePtr #cards 5 size 8 Array Of Cards #cards 12 size 40 Howl #buckets 4 coarsen threshold 1843 Howl Bitmap #cards 512 size 80 coarsen threshold 460 Card regions per heap region 1 cards per card region 2048
 CPUs: 4 total, 4 available
 Memory: 8083M
 Large Page Support: Disabled
 NUMA Support: Disabled
 Compressed Oops: Enabled (32-bit)
 Heap Region Size: 1M
 Heap Min Capacity: 8M
 Heap Initial Capacity: 128M
 Heap Max Capacity: 2022M
 Pre-touch: Disabled
 Parallel Workers: 4
 Concurrent Workers: 1
 Concurrent Refinement Workers: 4
 Periodic GC: Disabled

Heap:
 garbage-first heap   total 75776K, used 36038K [0x0000000081a00000, 0x0000000100000000)
  region size 1024K, 7 young (7168K), 4 survivors (4096K)
 Metaspace       used 60572K, committed 61248K, reserved 1114112K
  class space    used 8712K, committed 9024K, reserved 1048576K

Heap Regions: E=young(eden), S=young(survivor), O=old, HS=humongous(starts), HC=humongous(continues), CS=collection set, F=free, TAMS=top-at-mark-start, PB=parsable bottom
|   0|0x0000000081a00000, 0x0000000081b00000, 0x0000000081b00000|100%|HS|  |TAMS 0x0000000081b00000| PB 0x0000000081a00000| Complete 
|   1|0x0000000081b00000, 0x0000000081c00000, 0x0000000081c00000|100%|HS|  |TAMS 0x0000000081c00000| PB 0x0000000081b00000| Complete 
|   2|0x0000000081c00000, 0x0000000081d00000, 0x0000000081d00000|100%|HC|  |TAMS 0x0000000081d00000| PB 0x0000000081c00000| Complete 
|   3|0x0000000081d00000, 0x0000000081e00000, 0x0000000081e00000|100%|HS|  |TAMS 0x0000000081e00000| PB 0x0000000081d00000| Complete 
|   4|0x0000000081e00000, 0x0000000081f00000, 0x0000000081f00000|100%| O|  |TAMS 0x0000000081f00000| PB 0x0000000081f00000| Untracked 
|   5|0x0000000081f00000, 0x0000000082000000, 0x0000000082000000|100%| O|  |TAMS 0x0000000082000000| PB 0x0000000082000000| Untracked 
|   6|0x0000000082000000, 0x0000000082100000, 0x0000000082100000|100%| O|  |TAMS 0x0000000082100000| PB 0x0000000082100000| Untracked 
|   7|0x0000000082100000, 0x0000000082200000, 0x0000000082200000|100%| O|  |TAMS 0x0000000082200000| PB 0x0000000082200000| Untracked 
|   8|0x0000000082200000, 0x0000000082300000, 0x0000000082300000|100%| O|  |TAMS 0x0000000082300000| PB 0x0000000082300000| Untracked 
|   9|0x0000000082300000, 0x0000000082400000, 0x0000000082400000|100%| O|  |TAMS 0x0000000082400000| PB 0x0000000082400000| Untracked 
|  10|0x0000000082400000, 0x0000000082500000, 0x0000000082500000|100%| O|  |TAMS 0x0000000082500000| PB 0x0000000082500000| Untracked 
|  11|0x0000000082500000, 0x0000000082600000, 0x0000000082600000|100%| O|  |TAMS 0x0000000082600000| PB 0x0000000082600000| Untracked 
|  12|0x0000000082600000, 0x0000000082700000, 0x0000000082700000|100%| O|  |TAMS 0x0000000082700000| PB 0x0000000082700000| Untracked 
|  13|0x0000000082700000, 0x0000000082800000, 0x0000000082800000|100%| O|  |TAMS 0x0000000082800000| PB 0x0000000082800000| Untracked 
|  14|0x0000000082800000, 0x0000000082900000, 0x0000000082900000|100%| O|  |TAMS 0x0000000082900000| PB 0x0000000082900000| Untracked 
|  15|0x0000000082900000, 0x0000000082a00000, 0x0000000082a00000|100%| O|  |TAMS 0x0000000082a00000| PB 0x0000000082a00000| Untracked 
|  16|0x0000000082a00000, 0x0000000082b00000, 0x0000000082b00000|100%| O|  |TAMS 0x0000000082b00000| PB 0x0000000082b00000| Untracked 
|  17|0x0000000082b00000, 0x0000000082c00000, 0x0000000082c00000|100%| O|  |TAMS 0x0000000082c00000| PB 0x0000000082c00000| Untracked 
|  18|0x0000000082c00000, 0x0000000082d00000, 0x0000000082d00000|100%| O|  |TAMS 0x0000000082d00000| PB 0x0000000082d00000| Untracked 
|  19|0x0000000082d00000, 0x0000000082e00000, 0x0000000082e00000|100%| O|  |TAMS 0x0000000082e00000| PB 0x0000000082e00000| Updating 
|  20|0x0000000082e00000, 0x0000000082f00000, 0x0000000082f00000|100%| O|  |TAMS 0x0000000082f00000| PB 0x0000000082f00000| Untracked 
|  21|0x0000000082f00000, 0x0000000083000000, 0x0000000083000000|100%| O|  |TAMS 0x0000000083000000| PB 0x0000000083000000| Untracked 
|  22|0x0000000083000000, 0x0000000083100000, 0x0000000083100000|100%| O|  |TAMS 0x0000000083100000| PB 0x0000000083100000| Updating 
|  23|0x0000000083100000, 0x0000000083200000, 0x0000000083200000|100%| O|  |TAMS 0x0000000083100000| PB 0x0000000083100000| Untracked 
|  24|0x0000000083200000, 0x0000000083300000, 0x0000000083300000|100%| O|  |TAMS 0x0000000083300000| PB 0x0000000083300000| Untracked 
|  25|0x0000000083300000, 0x0000000083400000, 0x0000000083400000|100%| O|  |TAMS 0x0000000083400000| PB 0x0000000083400000| Untracked 
|  26|0x0000000083400000, 0x0000000083500000, 0x0000000083500000|100%| O|  |TAMS 0x0000000083500000| PB 0x0000000083500000| Untracked 
|  27|0x0000000083500000, 0x0000000083600000, 0x0000000083600000|100%| O|  |TAMS 0x0000000083600000| PB 0x0000000083600000| Updating 
|  28|0x0000000083600000, 0x0000000083700000, 0x0000000083700000|100%| O|  |TAMS 0x0000000083654f88| PB 0x0000000083654f88| Untracked 
|  29|0x0000000083700000, 0x00000000837b4e50, 0x0000000083800000| 70%| O|  |TAMS 0x0000000083700000| PB 0x0000000083700000| Updating 
|  30|0x0000000083800000, 0x0000000083800000, 0x0000000083900000|  0%| F|  |TAMS 0x0000000083800000| PB 0x0000000083800000| Untracked 
|  31|0x0000000083900000, 0x0000000083900000, 0x0000000083a00000|  0%| F|  |TAMS 0x0000000083900000| PB 0x0000000083900000| Untracked 
|  32|0x0000000083a00000, 0x0000000083a00000, 0x0000000083b00000|  0%| F|  |TAMS 0x0000000083a00000| PB 0x0000000083a00000| Untracked 
|  33|0x0000000083b00000, 0x0000000083b00000, 0x0000000083c00000|  0%| F|  |TAMS 0x0000000083b00000| PB 0x0000000083b00000| Untracked 
|  34|0x0000000083c00000, 0x0000000083c00000, 0x0000000083d00000|  0%| F|  |TAMS 0x0000000083c00000| PB 0x0000000083c00000| Untracked 
|  35|0x0000000083d00000, 0x0000000083d00000, 0x0000000083e00000|  0%| F|  |TAMS 0x0000000083d00000| PB 0x0000000083d00000| Untracked 
|  36|0x0000000083e00000, 0x0000000083e00000, 0x0000000083f00000|  0%| F|  |TAMS 0x0000000083e00000| PB 0x0000000083e00000| Untracked 
|  37|0x0000000083f00000, 0x0000000083f7ca10, 0x0000000084000000| 48%| S|CS|TAMS 0x0000000083f00000| PB 0x0000000083f00000| Complete 
|  38|0x0000000084000000, 0x0000000084100000, 0x0000000084100000|100%| S|CS|TAMS 0x0000000084000000| PB 0x0000000084000000| Complete 
|  39|0x0000000084100000, 0x0000000084100000, 0x0000000084200000|  0%| F|  |TAMS 0x0000000084100000| PB 0x0000000084100000| Untracked 
|  40|0x0000000084200000, 0x0000000084200000, 0x0000000084300000|  0%| F|  |TAMS 0x0000000084200000| PB 0x0000000084200000| Untracked 
|  41|0x0000000084300000, 0x0000000084400000, 0x0000000084400000|100%| S|CS|TAMS 0x0000000084300000| PB 0x0000000084300000| Complete 
|  42|0x0000000084400000, 0x0000000084500000, 0x0000000084500000|100%| S|CS|TAMS 0x0000000084400000| PB 0x0000000084400000| Complete 
|  43|0x0000000084500000, 0x0000000084500000, 0x0000000084600000|  0%| F|  |TAMS 0x0000000084500000| PB 0x0000000084500000| Untracked 
|  44|0x0000000084600000, 0x0000000084600000, 0x0000000084700000|  0%| F|  |TAMS 0x0000000084600000| PB 0x0000000084600000| Untracked 
|  45|0x0000000084700000, 0x0000000084700000, 0x0000000084800000|  0%| F|  |TAMS 0x0000000084700000| PB 0x0000000084700000| Untracked 
|  46|0x0000000084800000, 0x0000000084800000, 0x0000000084900000|  0%| F|  |TAMS 0x0000000084800000| PB 0x0000000084800000| Untracked 
|  47|0x0000000084900000, 0x0000000084900000, 0x0000000084a00000|  0%| F|  |TAMS 0x0000000084900000| PB 0x0000000084900000| Untracked 
|  48|0x0000000084a00000, 0x0000000084a00000, 0x0000000084b00000|  0%| F|  |TAMS 0x0000000084a00000| PB 0x0000000084a00000| Untracked 
|  49|0x0000000084b00000, 0x0000000084b00000, 0x0000000084c00000|  0%| F|  |TAMS 0x0000000084b00000| PB 0x0000000084b00000| Untracked 
|  50|0x0000000084c00000, 0x0000000084c00000, 0x0000000084d00000|  0%| F|  |TAMS 0x0000000084c00000| PB 0x0000000084c00000| Untracked 
|  51|0x0000000084d00000, 0x0000000084d00000, 0x0000000084e00000|  0%| F|  |TAMS 0x0000000084d00000| PB 0x0000000084d00000| Untracked 
|  52|0x0000000084e00000, 0x0000000084e00000, 0x0000000084f00000|  0%| F|  |TAMS 0x0000000084e00000| PB 0x0000000084e00000| Untracked 
|  53|0x0000000084f00000, 0x0000000084f00000, 0x0000000085000000|  0%| F|  |TAMS 0x0000000084f00000| PB 0x0000000084f00000| Untracked 
|  54|0x0000000085000000, 0x0000000085000000, 0x0000000085100000|  0%| F|  |TAMS 0x0000000085000000| PB 0x0000000085000000| Untracked 
|  55|0x0000000085100000, 0x0000000085100000, 0x0000000085200000|  0%| F|  |TAMS 0x0000000085100000| PB 0x0000000085100000| Untracked 
|  56|0x0000000085200000, 0x0000000085200000, 0x0000000085300000|  0%| F|  |TAMS 0x0000000085200000| PB 0x0000000085200000| Untracked 
|  57|0x0000000085300000, 0x0000000085300000, 0x0000000085400000|  0%| F|  |TAMS 0x0000000085300000| PB 0x0000000085300000| Untracked 
|  58|0x0000000085400000, 0x0000000085400000, 0x0000000085500000|  0%| F|  |TAMS 0x0000000085400000| PB 0x0000000085400000| Untracked 
|  59|0x0000000085500000, 0x0000000085500000, 0x0000000085600000|  0%| F|  |TAMS 0x0000000085500000| PB 0x0000000085500000| Untracked 
|  60|0x0000000085600000, 0x0000000085600000, 0x0000000085700000|  0%| F|  |TAMS 0x0000000085600000| PB 0x0000000085600000| Untracked 
|  61|0x0000000085700000, 0x0000000085700000, 0x0000000085800000|  0%| F|  |TAMS 0x0000000085700000| PB 0x0000000085700000| Untracked 
|  62|0x0000000085800000, 0x0000000085800000, 0x0000000085900000|  0%| F|  |TAMS 0x0000000085800000| PB 0x0000000085800000| Untracked 
|  63|0x0000000085900000, 0x0000000085900000, 0x0000000085a00000|  0%| F|  |TAMS 0x0000000085900000| PB 0x0000000085900000| Untracked 
|  64|0x0000000085a00000, 0x0000000085a00000, 0x0000000085b00000|  0%| F|  |TAMS 0x0000000085a00000| PB 0x0000000085a00000| Untracked 
|  65|0x0000000085b00000, 0x0000000085b00000, 0x0000000085c00000|  0%| F|  |TAMS 0x0000000085b00000| PB 0x0000000085b00000| Untracked 
|  66|0x0000000085c00000, 0x0000000085c00000, 0x0000000085d00000|  0%| F|  |TAMS 0x0000000085c00000| PB 0x0000000085c00000| Untracked 
|  67|0x0000000085d00000, 0x0000000085d00000, 0x0000000085e00000|  0%| F|  |TAMS 0x0000000085d00000| PB 0x0000000085d00000| Untracked 
|  68|0x0000000085e00000, 0x0000000085e00000, 0x0000000085f00000|  0%| F|  |TAMS 0x0000000085e00000| PB 0x0000000085e00000| Untracked 
|  69|0x0000000085f00000, 0x0000000085f00000, 0x0000000086000000|  0%| F|  |TAMS 0x0000000085f00000| PB 0x0000000085f00000| Untracked 
|  70|0x0000000086000000, 0x0000000086000000, 0x0000000086100000|  0%| F|  |TAMS 0x0000000086000000| PB 0x0000000086000000| Untracked 
|  71|0x0000000086100000, 0x0000000086200000, 0x0000000086200000|100%| E|  |TAMS 0x0000000086100000| PB 0x0000000086100000| Complete 
| 126|0x0000000089800000, 0x0000000089900000, 0x0000000089900000|100%| E|CS|TAMS 0x0000000089800000| PB 0x0000000089800000| Complete 
| 127|0x0000000089900000, 0x0000000089a00000, 0x0000000089a00000|100%| E|CS|TAMS 0x0000000089900000| PB 0x0000000089900000| Complete 

Card table byte_map: [0x000001cb9fc10000,0x000001cba0010000] _byte_map_base: 0x000001cb9f803000

Marking Bits: (CMBitMap*) 0x000001cb94459bd0
 Bits: [0x000001cba0010000, 0x000001cba1fa8000)

Polling page: 0x000001cb92350000

Metaspace:

Usage:
  Non-class:     50.64 MB used.
      Class:      8.51 MB used.
       Both:     59.15 MB used.

Virtual space:
  Non-class space:       64.00 MB reserved,      51.00 MB ( 80%) committed,  1 nodes.
      Class space:        1.00 GB reserved,       8.81 MB ( <1%) committed,  1 nodes.
             Both:        1.06 GB reserved,      59.81 MB (  5%) committed. 

Chunk freelists:
   Non-Class:  12.81 MB
       Class:  7.19 MB
        Both:  20.00 MB

MaxMetaspaceSize: unlimited
CompressedClassSpaceSize: 1.00 GB
Initial GC threshold: 21.00 MB
Current GC threshold: 59.94 MB
CDS: on
 - commit_granule_bytes: 65536.
 - commit_granule_words: 8192.
 - virtual_space_node_default_size: 8388608.
 - enlarge_chunks_in_place: 1.
 - use_allocation_guard: 0.


Internal statistics:

num_allocs_failed_limit: 14.
num_arena_births: 932.
num_arena_deaths: 0.
num_vsnodes_births: 2.
num_vsnodes_deaths: 0.
num_space_committed: 957.
num_space_uncommitted: 0.
num_chunks_returned_to_freelist: 14.
num_chunks_taken_from_freelist: 3067.
num_chunk_merges: 14.
num_chunk_splits: 2241.
num_chunks_enlarged: 1738.
num_inconsistent_stats: 0.

CodeCache: size=49152Kb used=10066Kb max_used=10244Kb free=39085Kb
 bounds [0x000001cb9c810000, 0x000001cb9d220000, 0x000001cb9f810000]
 total_blobs=5867 nmethods=5205 adapters=583
 compilation: enabled
              stopped_count=0, restarted_count=0
 full_count=0

Compilation events (20 events):
Event: 14.346 Thread 0x000001cba4554750 nmethod 5282 0x000001cb9d20c210 code [0x000001cb9d20c420, 0x000001cb9d20c830]
Event: 14.346 Thread 0x000001cba4554750 5281       1       sun.rmi.transport.DGCImpl$2$$Lambda/0x000001cba6092e60::checkInput (5 bytes)
Event: 14.346 Thread 0x000001cba43f71b0 nmethod 5280 0x000001cb9d20ca10 code [0x000001cb9d20cc40, 0x000001cb9d20d218]
Event: 14.347 Thread 0x000001cba4554750 nmethod 5281 0x000001cb9d20d710 code [0x000001cb9d20d8c0, 0x000001cb9d20d9a0]
Event: 14.355 Thread 0x000001cba4554750 5283       1       org.springframework.core.convert.TypeDescriptor::getResolvableType (5 bytes)
Event: 14.355 Thread 0x000001cba4554750 nmethod 5283 0x000001cb9d20da10 code [0x000001cb9d20dba0, 0x000001cb9d20dc68]
Event: 14.355 Thread 0x000001cba43f71b0 5284       1       java.lang.invoke.BoundMethodHandle$Species_LLL::make (14 bytes)
Event: 14.355 Thread 0x000001cba4554750 5285       1       java.lang.invoke.BoundMethodHandle$Species_LLL::<init> (24 bytes)
Event: 14.356 Thread 0x000001cba4554750 nmethod 5285 0x000001cb9d20dd10 code [0x000001cb9d20dec0, 0x000001cb9d20e0f0]
Event: 14.356 Thread 0x000001cba43f71b0 nmethod 5284 0x000001cb9d20e190 code [0x000001cb9d20e340, 0x000001cb9d20e5b8]
Event: 14.356 Thread 0x000001cba4554750 5286       1       org.springframework.aop.support.AopUtils::canApply (210 bytes)
Event: 14.358 Thread 0x000001cba4554750 nmethod 5286 0x000001cb9d20e690 code [0x000001cb9d20ea20, 0x000001cb9d20f6e8]
Event: 14.358 Thread 0x000001cba43f71b0 5287       1       org.springframework.core.MethodClassKey::equals (51 bytes)
Event: 14.359 Thread 0x000001cba43f71b0 nmethod 5287 0x000001cb9d20fe90 code [0x000001cb9d210040, 0x000001cb9d210240]
Event: 14.365 Thread 0x000001cba4554750 5288       1       org.springframework.core.convert.TypeDescriptor::hashCode (8 bytes)
Event: 14.366 Thread 0x000001cba4554750 nmethod 5288 0x000001cb9d210390 code [0x000001cb9d210540, 0x000001cb9d210638]
Event: 14.415 Thread 0x000001cba43f71b0 5289       1       sun.reflect.generics.parser.SignatureParser::parseIdentifier (13 bytes)
Event: 14.416 Thread 0x000001cba43f71b0 nmethod 5289 0x000001cb9d210710 code [0x000001cb9d2108c0, 0x000001cb9d2109f0]
Event: 14.427 Thread 0x000001cba43f71b0 5290       1       org.springframework.core.convert.support.GenericConversionService$Converters::addInterfacesToClassHierarchy (51 bytes)
Event: 14.428 Thread 0x000001cba43f71b0 nmethod 5290 0x000001cb9d210b10 code [0x000001cb9d210d00, 0x000001cb9d211080]

GC Heap History (20 events):
Event: 1.969 GC heap before
{Heap before GC invocations=1 (full 0):
 garbage-first heap   total 131072K, used 20329K [0x0000000081a00000, 0x0000000100000000)
  region size 1024K, 10 young (10240K), 2 survivors (2048K)
 Metaspace       used 4453K, committed 4672K, reserved 1114112K
  class space    used 518K, committed 640K, reserved 1048576K
}
Event: 1.975 GC heap after
{Heap after GC invocations=2 (full 0):
 garbage-first heap   total 131072K, used 14132K [0x0000000081a00000, 0x0000000100000000)
  region size 1024K, 2 young (2048K), 2 survivors (2048K)
 Metaspace       used 4453K, committed 4672K, reserved 1114112K
  class space    used 518K, committed 640K, reserved 1048576K
}
Event: 3.116 GC heap before
{Heap before GC invocations=2 (full 0):
 garbage-first heap   total 131072K, used 30516K [0x0000000081a00000, 0x0000000100000000)
  region size 1024K, 18 young (18432K), 2 survivors (2048K)
 Metaspace       used 9516K, committed 9856K, reserved 1114112K
  class space    used 1197K, committed 1344K, reserved 1048576K
}
Event: 3.124 GC heap after
{Heap after GC invocations=3 (full 0):
 garbage-first heap   total 131072K, used 15535K [0x0000000081a00000, 0x0000000100000000)
  region size 1024K, 2 young (2048K), 2 survivors (2048K)
 Metaspace       used 9516K, committed 9856K, reserved 1114112K
  class space    used 1197K, committed 1344K, reserved 1048576K
}
Event: 5.374 GC heap before
{Heap before GC invocations=3 (full 0):
 garbage-first heap   total 131072K, used 71855K [0x0000000081a00000, 0x0000000100000000)
  region size 1024K, 59 young (60416K), 2 survivors (2048K)
 Metaspace       used 21097K, committed 21568K, reserved 1114112K
  class space    used 2841K, committed 3072K, reserved 1048576K
}
Event: 5.386 GC heap after
{Heap after GC invocations=4 (full 0):
 garbage-first heap   total 131072K, used 20211K [0x0000000081a00000, 0x0000000100000000)
  region size 1024K, 6 young (6144K), 6 survivors (6144K)
 Metaspace       used 21097K, committed 21568K, reserved 1114112K
  class space    used 2841K, committed 3072K, reserved 1048576K
}
Event: 6.459 GC heap before
{Heap before GC invocations=5 (full 0):
 garbage-first heap   total 75776K, used 59123K [0x0000000081a00000, 0x0000000100000000)
  region size 1024K, 44 young (45056K), 6 survivors (6144K)
 Metaspace       used 25900K, committed 26368K, reserved 1114112K
  class space    used 3520K, committed 3712K, reserved 1048576K
}
Event: 6.477 GC heap after
{Heap after GC invocations=6 (full 0):
 garbage-first heap   total 75776K, used 22954K [0x0000000081a00000, 0x0000000100000000)
  region size 1024K, 4 young (4096K), 4 survivors (4096K)
 Metaspace       used 25900K, committed 26368K, reserved 1114112K
  class space    used 3520K, committed 3712K, reserved 1048576K
}
Event: 8.194 GC heap before
{Heap before GC invocations=6 (full 0):
 garbage-first heap   total 75776K, used 57770K [0x0000000081a00000, 0x0000000100000000)
  region size 1024K, 38 young (38912K), 4 survivors (4096K)
 Metaspace       used 30934K, committed 31424K, reserved 1114112K
  class space    used 4341K, committed 4544K, reserved 1048576K
}
Event: 8.212 GC heap after
{Heap after GC invocations=7 (full 0):
 garbage-first heap   total 75776K, used 25625K [0x0000000081a00000, 0x0000000100000000)
  region size 1024K, 3 young (3072K), 3 survivors (3072K)
 Metaspace       used 30934K, committed 31424K, reserved 1114112K
  class space    used 4341K, committed 4544K, reserved 1048576K
}
Event: 9.714 GC heap before
{Heap before GC invocations=7 (full 0):
 garbage-first heap   total 75776K, used 61465K [0x0000000081a00000, 0x0000000100000000)
  region size 1024K, 37 young (37888K), 3 survivors (3072K)
 Metaspace       used 35712K, committed 36288K, reserved 1114112K
  class space    used 5033K, committed 5312K, reserved 1048576K
}
Event: 9.729 GC heap after
{Heap after GC invocations=8 (full 0):
 garbage-first heap   total 75776K, used 28392K [0x0000000081a00000, 0x0000000100000000)
  region size 1024K, 5 young (5120K), 5 survivors (5120K)
 Metaspace       used 35712K, committed 36288K, reserved 1114112K
  class space    used 5033K, committed 5312K, reserved 1048576K
}
Event: 9.782 GC heap before
{Heap before GC invocations=8 (full 0):
 garbage-first heap   total 75776K, used 29416K [0x0000000081a00000, 0x0000000100000000)
  region size 1024K, 7 young (7168K), 5 survivors (5120K)
 Metaspace       used 35875K, committed 36480K, reserved 1114112K
  class space    used 5063K, committed 5376K, reserved 1048576K
}
Event: 9.791 GC heap after
{Heap after GC invocations=9 (full 0):
 garbage-first heap   total 75776K, used 29228K [0x0000000081a00000, 0x0000000100000000)
  region size 1024K, 1 young (1024K), 1 survivors (1024K)
 Metaspace       used 35875K, committed 36480K, reserved 1114112K
  class space    used 5063K, committed 5376K, reserved 1048576K
}
Event: 11.653 GC heap before
{Heap before GC invocations=10 (full 0):
 garbage-first heap   total 75776K, used 64044K [0x0000000081a00000, 0x0000000100000000)
  region size 1024K, 35 young (35840K), 1 survivors (1024K)
 Metaspace       used 43819K, committed 44416K, reserved 1114112K
  class space    used 6164K, committed 6400K, reserved 1048576K
}
Event: 11.658 GC heap after
{Heap after GC invocations=11 (full 0):
 garbage-first heap   total 75776K, used 30890K [0x0000000081a00000, 0x0000000100000000)
  region size 1024K, 3 young (3072K), 3 survivors (3072K)
 Metaspace       used 43819K, committed 44416K, reserved 1114112K
  class space    used 6164K, committed 6400K, reserved 1048576K
}
Event: 13.076 GC heap before
{Heap before GC invocations=11 (full 0):
 garbage-first heap   total 75776K, used 64682K [0x0000000081a00000, 0x0000000100000000)
  region size 1024K, 36 young (36864K), 3 survivors (3072K)
 Metaspace       used 51719K, committed 52416K, reserved 1114112K
  class space    used 7297K, committed 7616K, reserved 1048576K
}
Event: 13.084 GC heap after
{Heap after GC invocations=12 (full 0):
 garbage-first heap   total 75776K, used 32083K [0x0000000081a00000, 0x0000000100000000)
  region size 1024K, 4 young (4096K), 4 survivors (4096K)
 Metaspace       used 51719K, committed 52416K, reserved 1114112K
  class space    used 7297K, committed 7616K, reserved 1048576K
}
Event: 14.388 GC heap before
{Heap before GC invocations=12 (full 0):
 garbage-first heap   total 75776K, used 61779K [0x0000000081a00000, 0x0000000100000000)
  region size 1024K, 35 young (35840K), 4 survivors (4096K)
 Metaspace       used 60346K, committed 61056K, reserved 1114112K
  class space    used 8691K, committed 9024K, reserved 1048576K
}
Event: 14.399 GC heap after
{Heap after GC invocations=13 (full 0):
 garbage-first heap   total 75776K, used 33990K [0x0000000081a00000, 0x0000000100000000)
  region size 1024K, 4 young (4096K), 4 survivors (4096K)
 Metaspace       used 60346K, committed 61056K, reserved 1114112K
  class space    used 8691K, committed 9024K, reserved 1048576K
}

Dll operation events (13 events):
Event: 0.026 Loaded shared library C:\Program Files\Java\jdk-21\bin\java.dll
Event: 0.459 Loaded shared library C:\Program Files\Java\jdk-21\bin\zip.dll
Event: 0.465 Loaded shared library C:\Program Files\Java\jdk-21\bin\instrument.dll
Event: 0.475 Loaded shared library C:\Program Files\Java\jdk-21\bin\net.dll
Event: 0.479 Loaded shared library C:\Program Files\Java\jdk-21\bin\nio.dll
Event: 0.490 Loaded shared library C:\Program Files\Java\jdk-21\bin\zip.dll
Event: 0.791 Loaded shared library C:\Program Files\Java\jdk-21\bin\jimage.dll
Event: 1.030 Loaded shared library C:\Users\DELL\Desktop\IntelliJ IDEA 2024.2\bin\breakgen64.dll
Event: 1.051 Loaded shared library C:\Program Files\Java\jdk-21\bin\extnet.dll
Event: 1.060 Loaded shared library C:\Program Files\Java\jdk-21\bin\management.dll
Event: 1.098 Loaded shared library C:\Program Files\Java\jdk-21\bin\management_ext.dll
Event: 5.874 Loaded shared library C:\Program Files\Java\jdk-21\bin\sunmscapi.dll
Event: 8.657 Loaded shared library C:\Program Files\Java\jdk-21\bin\verify.dll

Deoptimization events (12 events):
Event: 1.524 Thread 0x000001cba43f0850 DEOPT PACKING pc=0x000001cb9cb159dd sp=0x000000a886bfd340
Event: 1.524 Thread 0x000001cba43f0850 DEOPT UNPACKING pc=0x000001cb9c864e42 sp=0x000000a886bfc7f0 mode 3
Event: 4.711 Thread 0x000001cb94401f80 DEOPT PACKING pc=0x000001cb9cd7e1f9 sp=0x000000a8860fd210
Event: 4.711 Thread 0x000001cb94401f80 DEOPT UNPACKING pc=0x000001cb9c864e42 sp=0x000000a8860fc6f0 mode 3
Event: 5.108 Thread 0x000001cb94401f80 DEOPT PACKING pc=0x000001cb9cddde64 sp=0x000000a8860fe290
Event: 5.108 Thread 0x000001cb94401f80 DEOPT UNPACKING pc=0x000001cb9c864e42 sp=0x000000a8860fd7a0 mode 0
Event: 8.184 Thread 0x000001cb94401f80 DEOPT PACKING pc=0x000001cb9d04e279 sp=0x000000a8860fdcb0
Event: 8.184 Thread 0x000001cb94401f80 DEOPT UNPACKING pc=0x000001cb9c864e42 sp=0x000000a8860fd198 mode 3
Event: 9.316 Thread 0x000001cb94401f80 DEOPT PACKING pc=0x000001cb9d0eaa1d sp=0x000000a8860fd120
Event: 9.316 Thread 0x000001cb94401f80 DEOPT UNPACKING pc=0x000001cb9c864e42 sp=0x000000a8860fc688 mode 3
Event: 12.547 Thread 0x000001cb94401f80 DEOPT PACKING pc=0x000001cb9cce54b4 sp=0x000000a8860fc7e0
Event: 12.547 Thread 0x000001cb94401f80 DEOPT UNPACKING pc=0x000001cb9c864e42 sp=0x000000a8860fbd10 mode 0

Classes loaded (20 events):
Event: 13.563 Loading class java/util/ArrayList$ListItr
Event: 13.563 Loading class java/util/ArrayList$ListItr done
Event: 13.656 Loading class java/util/AbstractList$SubList
Event: 13.656 Loading class java/util/AbstractList$SubList done
Event: 13.874 Loading class java/lang/foreign/ValueLayout
Event: 13.874 Loading class java/lang/foreign/MemoryLayout
Event: 13.875 Loading class java/lang/foreign/MemoryLayout done
Event: 13.875 Loading class java/lang/foreign/ValueLayout done
Event: 14.309 Loading class javax/naming/Reference
Event: 14.309 Loading class javax/naming/Reference done
Event: 14.322 Loading class sun/reflect/annotation/AnnotationInvocationHandler$1
Event: 14.323 Loading class sun/reflect/annotation/AnnotationInvocationHandler$1 done
Event: 14.361 Loading class java/lang/SafeVarargs
Event: 14.361 Loading class java/lang/SafeVarargs done
Event: 14.362 Loading class sun/reflect/generics/reflectiveObjects/GenericArrayTypeImpl
Event: 14.363 Loading class sun/reflect/generics/reflectiveObjects/GenericArrayTypeImpl done
Event: 14.419 Loading class java/util/concurrent/ConcurrentHashMap$TreeNode
Event: 14.420 Loading class java/util/concurrent/ConcurrentHashMap$TreeNode done
Event: 14.420 Loading class java/util/concurrent/ConcurrentHashMap$TreeBin
Event: 14.420 Loading class java/util/concurrent/ConcurrentHashMap$TreeBin done

Classes unloaded (0 events):
No events

Classes redefined (0 events):
No events

Internal exceptions (20 events):
Event: 13.055 Thread 0x000001cb94401f80 Exception <a 'java/lang/NoSuchMethodError'{0x000000008434cbf0}: 'java.lang.Object java.lang.invoke.DirectMethodHandle$Holder.invokeStaticInit(java.lang.Object, java.lang.Object, int, java.lang.Object)'> (0x000000008434cbf0) 
thrown [s\open\src\hotspot\share\interpreter\linkResolver.cpp, line 773]
Event: 14.003 Thread 0x000001cb94401f80 Exception <a 'java/lang/NoSuchMethodError'{0x00000000850ec618}: 'void java.lang.invoke.DirectMethodHandle$Holder.invokeInterface(java.lang.Object, java.lang.Object, int, java.lang.Object)'> (0x00000000850ec618) 
thrown [s\open\src\hotspot\share\interpreter\linkResolver.cpp, line 773]
Event: 14.010 Thread 0x000001cb94401f80 Exception <a 'java/lang/NoSuchMethodError'{0x0000000084f17c38}: 'java.lang.Object java.lang.invoke.DirectMethodHandle$Holder.newInvokeSpecial(java.lang.Object, java.lang.Object, int, java.lang.Object)'> (0x0000000084f17c38) 
thrown [s\open\src\hotspot\share\interpreter\linkResolver.cpp, line 773]
Event: 14.011 Thread 0x000001cb94401f80 Exception <a 'java/lang/NoSuchMethodError'{0x0000000084f1b598}: 'java.lang.Object java.lang.invoke.Invokers$Holder.linkToTargetMethod(java.lang.Object, int, java.lang.Object, java.lang.Object)'> (0x0000000084f1b598) 
thrown [s\open\src\hotspot\share\interpreter\linkResolver.cpp, line 773]
Event: 14.057 Thread 0x000001cb94401f80 Exception <a 'java/lang/NoSuchMethodError'{0x0000000084e084f0}: 'void java.lang.invoke.DirectMethodHandle$Holder.invokeSpecial(java.lang.Object, java.lang.Object, java.lang.Object, java.lang.Object, java.lang.Object, java.lang.Object, java.lang.Object, java.lang.Object)'> (0x0000000084e084f0) 
thrown [s\open\src\hotspot\share\interpreter\linkResolver.cpp, line 773]
Event: 14.068 Thread 0x000001cb94401f80 Exception <a 'java/lang/NoSuchMethodError'{0x0000000084e3a968}: 'void java.lang.invoke.DirectMethodHandle$Holder.invokeSpecial(java.lang.Object, java.lang.Object, int, java.lang.Object)'> (0x0000000084e3a968) 
thrown [s\open\src\hotspot\share\interpreter\linkResolver.cpp, line 773]
Event: 14.069 Thread 0x000001cb94401f80 Exception <a 'java/lang/NoSuchMethodError'{0x0000000084e40c90}: 'java.lang.Object java.lang.invoke.DirectMethodHandle$Holder.newInvokeSpecial(java.lang.Object, java.lang.Object, int)'> (0x0000000084e40c90) 
thrown [s\open\src\hotspot\share\interpreter\linkResolver.cpp, line 773]
Event: 14.134 Thread 0x000001cb94401f80 Exception <a 'java/lang/NoSuchMethodError'{0x0000000084da21d0}: 'int java.lang.invoke.DirectMethodHandle$Holder.invokeStatic(java.lang.Object, int, java.lang.Object)'> (0x0000000084da21d0) 
thrown [s\open\src\hotspot\share\interpreter\linkResolver.cpp, line 773]
Event: 14.138 Thread 0x000001cb94401f80 Exception <a 'java/lang/NoSuchMethodError'{0x0000000084dc0da8}: 'java.lang.Object java.lang.invoke.DirectMethodHandle$Holder.newInvokeSpecial(java.lang.Object, java.lang.Object, java.lang.Object, java.lang.Object, java.lang.Object, int, java.lang.Object)'> (0x0000000084dc0da8) 
thrown [s\open\src\hotspot\share\interpreter\linkResolver.cpp, line 773]
Event: 14.144 Thread 0x000001cb94401f80 Exception <a 'java/lang/NoSuchMethodError'{0x0000000084df4530}: 'java.lang.Object java.lang.invoke.DirectMethodHandle$Holder.newInvokeSpecial(java.lang.Object, java.lang.Object, java.lang.Object, java.lang.Object, java.lang.Object, java.lang.Object, java.lang.Object, java.lang.Object, java.lang.Object, java.lang.Object, java.lang.Object, java.lang.Object)'> (0x0000000084df4530) 
thrown [s\open\src\hotspot\share\interpreter\linkResolver.cpp, line 773]
Event: 14.145 Thread 0x000001cb94401f80 Exception <a 'java/lang/NoSuchMethodError'{0x0000000084df8dc8}: 'java.lang.Object java.lang.invoke.DirectMethodHandle$Holder.invokeSpecial(java.lang.Object, java.lang.Object, java.lang.Object, java.lang.Object, java.lang.Object, java.lang.Object, java.lang.Object, java.lang.Object, java.lang.Object, java.lang.Object, java.lang.Object, java.lang.Object, java.lang.Object)'> (0x0000000084df8dc8) 
thrown [s\open\src\hotspot\share\interpreter\linkResolver.cpp, line 773]
Event: 14.145 Thread 0x000001cb94401f80 Exception <a 'java/lang/NoSuchMethodError'{0x0000000084dfd2a0}: 'java.lang.Object java.lang.invoke.Invokers$Holder.linkToTargetMethod(java.lang.Object, java.lang.Object, java.lang.Object, java.lang.Object, java.lang.Object, java.lang.Object, java.lang.Object, java.lang.Object, java.lang.Object, java.lang.Object, java.lang.Object, java.lang.Object)'> (0x0000000084dfd2a0) 
thrown [s\open\src\hotspot\share\interpreter\linkResolver.cpp, line 773]
Event: 14.205 Thread 0x000001cb94401f80 Exception <a 'java/lang/IncompatibleClassChangeError'{0x0000000084b75ab8}: Found class java.lang.Object, but interface was expected> (0x0000000084b75ab8) 
thrown [s\open\src\hotspot\share\interpreter\linkResolver.cpp, line 840]
Event: 14.207 Thread 0x000001cb94401f80 Exception <a 'java/lang/NoSuchMethodError'{0x0000000084b82998}: 'java.lang.Object java.lang.invoke.DirectMethodHandle$Holder.newInvokeSpecial(java.lang.Object, java.lang.Object, java.lang.Object, java.lang.Object, java.lang.Object, java.lang.Object)'> (0x0000000084b82998) 
thrown [s\open\src\hotspot\share\interpreter\linkResolver.cpp, line 773]
Event: 14.222 Thread 0x000001cb94401f80 Exception <a 'java/lang/NoSuchMethodError'{0x0000000084bf05c0}: 'java.lang.Object java.lang.invoke.DirectMethodHandle$Holder.newInvokeSpecial(java.lang.Object, java.lang.Object, java.lang.Object, java.lang.Object, java.lang.Object, java.lang.Object, java.lang.Object, int)'> (0x0000000084bf05c0) 
thrown [s\open\src\hotspot\share\interpreter\linkResolver.cpp, line 773]
Event: 14.222 Thread 0x000001cb94401f80 Exception <a 'java/lang/NoSuchMethodError'{0x0000000084bf4b20}: 'java.lang.Object java.lang.invoke.DirectMethodHandle$Holder.invokeSpecial(java.lang.Object, java.lang.Object, java.lang.Object, java.lang.Object, java.lang.Object, java.lang.Object, java.lang.Object, java.lang.Object, int)'> (0x0000000084bf4b20) 
thrown [s\open\src\hotspot\share\interpreter\linkResolver.cpp, line 773]
Event: 14.222 Thread 0x000001cb94401f80 Exception <a 'java/lang/NoSuchMethodError'{0x0000000084bf8b38}: 'java.lang.Object java.lang.invoke.Invokers$Holder.linkToTargetMethod(java.lang.Object, java.lang.Object, java.lang.Object, java.lang.Object, java.lang.Object, java.lang.Object, int, java.lang.Object)'> (0x0000000084bf8b38) 
thrown [s\open\src\hotspot\share\interpreter\linkResolver.cpp, line 773]
Event: 14.317 Thread 0x000001cb94401f80 Exception <a 'java/lang/NoSuchMethodError'{0x00000000848d7498}: 'void java.lang.invoke.Invokers$Holder.invokeExact_MT(java.lang.Object, java.lang.Object, java.lang.Object, java.lang.Object)'> (0x00000000848d7498) 
thrown [s\open\src\hotspot\share\interpreter\linkResolver.cpp, line 773]
Event: 14.421 Thread 0x000001cb94401f80 Exception <a 'java/lang/IncompatibleClassChangeError'{0x00000000898bd668}: Found class java.lang.Object, but interface was expected> (0x00000000898bd668) 
thrown [s\open\src\hotspot\share\interpreter\linkResolver.cpp, line 840]
Event: 14.437 Thread 0x000001cb94401f80 Exception <a 'java/lang/IncompatibleClassChangeError'{0x0000000086165b58}: Found class java.lang.Object, but interface was expected> (0x0000000086165b58) 
thrown [s\open\src\hotspot\share\interpreter\linkResolver.cpp, line 840]

ZGC Phase Switch (0 events):
No events

VM Operations (20 events):
Event: 10.269 Executing VM operation: HandshakeAllThreads (Deoptimize) done
Event: 10.806 Executing VM operation: HandshakeAllThreads (Deoptimize)
Event: 10.806 Executing VM operation: HandshakeAllThreads (Deoptimize) done
Event: 11.653 Executing VM operation: G1CollectForAllocation (G1 Evacuation Pause)
Event: 11.658 Executing VM operation: G1CollectForAllocation (G1 Evacuation Pause) done
Event: 12.547 Executing VM operation: HandshakeAllThreads (Deoptimize)
Event: 12.547 Executing VM operation: HandshakeAllThreads (Deoptimize) done
Event: 13.076 Executing VM operation: G1CollectForAllocation (G1 Evacuation Pause)
Event: 13.084 Executing VM operation: G1CollectForAllocation (G1 Evacuation Pause) done
Event: 13.556 Executing VM operation: HandshakeAllThreads (Deoptimize)
Event: 13.556 Executing VM operation: HandshakeAllThreads (Deoptimize) done
Event: 13.564 Executing VM operation: HandshakeAllThreads (Deoptimize)
Event: 13.565 Executing VM operation: HandshakeAllThreads (Deoptimize) done
Event: 13.622 Executing VM operation: HandshakeAllThreads (Deoptimize)
Event: 13.622 Executing VM operation: HandshakeAllThreads (Deoptimize) done
Event: 13.858 Executing VM operation: HandshakeAllThreads (Deoptimize)
Event: 13.858 Executing VM operation: HandshakeAllThreads (Deoptimize) done
Event: 14.388 Executing VM operation: CollectForMetadataAllocation (Metadata GC Threshold)
Event: 14.399 Executing VM operation: CollectForMetadataAllocation (Metadata GC Threshold) done
Event: 14.455 Executing VM operation: G1PauseRemark

Events (20 events):
Event: 14.460 Thread 0x000001cba41ad070 flushing nmethod 0x000001cb9cef1190
Event: 14.460 Thread 0x000001cba41ad070 flushing nmethod 0x000001cb9cef0710
Event: 14.460 Thread 0x000001cba41ad070 flushing nmethod 0x000001cb9ce96690
Event: 14.460 Thread 0x000001cba41ad070 flushing nmethod 0x000001cb9cedc010
Event: 14.460 Thread 0x000001cba41ad070 flushing nmethod 0x000001cb9ce93a90
Event: 14.460 Thread 0x000001cba41ad070 flushing nmethod 0x000001cb9ce92690
Event: 14.460 Thread 0x000001cba41ad070 flushing nmethod 0x000001cb9cea1b10
Event: 14.460 Thread 0x000001cba41ad070 flushing nmethod 0x000001cb9ce84810
Event: 14.460 Thread 0x000001cba41ad070 flushing nmethod 0x000001cb9ce80590
Event: 14.460 Thread 0x000001cba41ad070 flushing nmethod 0x000001cb9ce5d710
Event: 14.460 Thread 0x000001cba41ad070 flushing nmethod 0x000001cb9ce3c110
Event: 14.460 Thread 0x000001cba41ad070 flushing nmethod 0x000001cb9cdf0010
Event: 14.460 Thread 0x000001cba41ad070 flushing nmethod 0x000001cb9cdcf410
Event: 14.460 Thread 0x000001cba41ad070 flushing nmethod 0x000001cb9cd99f10
Event: 14.460 Thread 0x000001cba41ad070 flushing nmethod 0x000001cb9cd9a410
Event: 14.460 Thread 0x000001cba41ad070 flushing nmethod 0x000001cb9ccf5490
Event: 14.460 Thread 0x000001cba41ad070 flushing nmethod 0x000001cb9cc4f290
Event: 14.460 Thread 0x000001cba41ad070 flushing nmethod 0x000001cb9cb88690
Event: 14.460 Thread 0x000001cba41ad070 flushing nmethod 0x000001cb9cafbf10
Event: 14.460 Thread 0x000001cba41ad070 flushing nmethod 0x000001cb9ca4bd90


Dynamic libraries:
0x00007ff6e05e0000 - 0x00007ff6e05f0000 	C:\Program Files\Java\jdk-21\bin\java.exe
0x00007ffd57a90000 - 0x00007ffd57ca7000 	C:\Windows\SYSTEM32\ntdll.dll
0x00007ffd56500000 - 0x00007ffd565c4000 	C:\Windows\System32\KERNEL32.DLL
0x00007ffd54f80000 - 0x00007ffd55337000 	C:\Windows\System32\KERNELBASE.dll
0x00007ffd54e60000 - 0x00007ffd54f71000 	C:\Windows\System32\ucrtbase.dll
0x00007ffd4ec70000 - 0x00007ffd4ec89000 	C:\Program Files\Java\jdk-21\bin\jli.dll
0x00007ffd4ec50000 - 0x00007ffd4ec6b000 	C:\Program Files\Java\jdk-21\bin\VCRUNTIME140.dll
0x00007ffd56f30000 - 0x00007ffd56fe2000 	C:\Windows\System32\ADVAPI32.dll
0x00007ffd56070000 - 0x00007ffd56117000 	C:\Windows\System32\msvcrt.dll
0x00007ffd55f60000 - 0x00007ffd56008000 	C:\Windows\System32\sechost.dll
0x00007ffd55720000 - 0x00007ffd55748000 	C:\Windows\System32\bcrypt.dll
0x00007ffd570b0000 - 0x00007ffd571c4000 	C:\Windows\System32\RPCRT4.dll
0x00007ffd56120000 - 0x00007ffd562cf000 	C:\Windows\System32\USER32.dll
0x00007ffd55670000 - 0x00007ffd55696000 	C:\Windows\System32\win32u.dll
0x00007ffd40df0000 - 0x00007ffd41083000 	C:\Windows\WinSxS\amd64_microsoft.windows.common-controls_6595b64144ccf1df_6.0.22621.3672_none_2713b9d173822955\COMCTL32.dll
0x00007ffd57470000 - 0x00007ffd57499000 	C:\Windows\System32\GDI32.dll
0x00007ffd55340000 - 0x00007ffd55458000 	C:\Windows\System32\gdi32full.dll
0x00007ffd55460000 - 0x00007ffd554fa000 	C:\Windows\System32\msvcp_win.dll
0x00007ffd545d0000 - 0x00007ffd545da000 	C:\Windows\SYSTEM32\VERSION.dll
0x00007ffd56ef0000 - 0x00007ffd56f21000 	C:\Windows\System32\IMM32.DLL
0x000000006bcf0000 - 0x000000006bcfc000 	C:\Program Files (x86)\360\Total Security\safemon\SafeWrapper.dll
0x00007ffd0dcc0000 - 0x00007ffd0dd6c000 	C:\Program Files (x86)\360\Total Security\safemon\libzdtp64.dll
0x00007ffd56670000 - 0x00007ffd56ed9000 	C:\Windows\System32\SHELL32.dll
0x00007ffd55cb0000 - 0x00007ffd55d0e000 	C:\Windows\System32\SHLWAPI.dll
0x00007ffd50f60000 - 0x00007ffd50f6c000 	C:\Program Files\Java\jdk-21\bin\vcruntime140_1.dll
0x00007ffd4ebc0000 - 0x00007ffd4ec4e000 	C:\Program Files\Java\jdk-21\bin\msvcp140.dll
0x00007ffcbd140000 - 0x00007ffcbde55000 	C:\Program Files\Java\jdk-21\bin\server\jvm.dll
0x00007ffd565d0000 - 0x00007ffd56641000 	C:\Windows\System32\WS2_32.dll
0x00007ffd54c20000 - 0x00007ffd54c6d000 	C:\Windows\SYSTEM32\POWRPROF.dll
0x00007ffd4b660000 - 0x00007ffd4b694000 	C:\Windows\SYSTEM32\WINMM.dll
0x00007ffd54a50000 - 0x00007ffd54a63000 	C:\Windows\SYSTEM32\UMPDC.dll
0x00007ffd53d40000 - 0x00007ffd53d58000 	C:\Windows\SYSTEM32\kernel.appcore.dll
0x00007ffd4ebb0000 - 0x00007ffd4ebba000 	C:\Program Files\Java\jdk-21\bin\jimage.dll
0x00007ffd52680000 - 0x00007ffd528b2000 	C:\Windows\SYSTEM32\DBGHELP.DLL
0x00007ffd57560000 - 0x00007ffd578ee000 	C:\Windows\System32\combase.dll
0x00007ffd57390000 - 0x00007ffd57467000 	C:\Windows\System32\OLEAUT32.dll
0x00007ffd3cc90000 - 0x00007ffd3ccc2000 	C:\Windows\SYSTEM32\dbgcore.DLL
0x00007ffd556a0000 - 0x00007ffd5571b000 	C:\Windows\System32\bcryptPrimitives.dll
0x00007ffd4eb80000 - 0x00007ffd4eb8f000 	C:\Program Files\Java\jdk-21\bin\instrument.dll
0x00007ffd4eb90000 - 0x00007ffd4ebaf000 	C:\Program Files\Java\jdk-21\bin\java.dll
0x00007ffd52c50000 - 0x00007ffd5354f000 	C:\Windows\SYSTEM32\windows.storage.dll
0x00007ffd52b10000 - 0x00007ffd52c4f000 	C:\Windows\SYSTEM32\wintypes.dll
0x00007ffd55d60000 - 0x00007ffd55e59000 	C:\Windows\System32\SHCORE.dll
0x00007ffd54cd0000 - 0x00007ffd54cf7000 	C:\Windows\SYSTEM32\profapi.dll
0x00007ffd4de40000 - 0x00007ffd4de58000 	C:\Program Files\Java\jdk-21\bin\zip.dll
0x00007ffd4eb60000 - 0x00007ffd4eb70000 	C:\Program Files\Java\jdk-21\bin\net.dll
0x00007ffd4af80000 - 0x00007ffd4b0b6000 	C:\Windows\SYSTEM32\WINHTTP.dll
0x00007ffd541a0000 - 0x00007ffd54209000 	C:\Windows\system32\mswsock.dll
0x00007ffd4eb40000 - 0x00007ffd4eb56000 	C:\Program Files\Java\jdk-21\bin\nio.dll
0x00007ffd3cc30000 - 0x00007ffd3cc4a000 	C:\Users\DELL\Desktop\IntelliJ IDEA 2024.2\bin\breakgen64.dll
0x00007ffd53870000 - 0x00007ffd53972000 	C:\Windows\SYSTEM32\DNSAPI.dll
0x00007ffd537f0000 - 0x00007ffd5381d000 	C:\Windows\SYSTEM32\IPHLPAPI.DLL
0x00007ffd56ee0000 - 0x00007ffd56ee9000 	C:\Windows\System32\NSI.dll
0x00007ffd49d90000 - 0x00007ffd49d9a000 	C:\Windows\System32\rasadhlp.dll
0x00007ffd4a240000 - 0x00007ffd4a2c3000 	C:\Windows\System32\fwpuclnt.dll
0x00007ffd4de30000 - 0x00007ffd4de37000 	C:\Program Files\Java\jdk-21\bin\extnet.dll
0x00007ffd34030000 - 0x00007ffd3403a000 	C:\Program Files\Java\jdk-21\bin\management.dll
0x00007ffd34020000 - 0x00007ffd3402b000 	C:\Program Files\Java\jdk-21\bin\management_ext.dll
0x00007ffd57550000 - 0x00007ffd57558000 	C:\Windows\System32\PSAPI.DLL
0x00007ffd544f0000 - 0x00007ffd5450b000 	C:\Windows\SYSTEM32\CRYPTSP.dll
0x00007ffd53ca0000 - 0x00007ffd53cd5000 	C:\Windows\system32\rsaenh.dll
0x00007ffd54240000 - 0x00007ffd54268000 	C:\Windows\SYSTEM32\USERENV.dll
0x00007ffd544d0000 - 0x00007ffd544dc000 	C:\Windows\SYSTEM32\CRYPTBASE.dll
0x00007ffd2a990000 - 0x00007ffd2a9a7000 	C:\Windows\system32\napinsp.dll
0x00007ffd19cc0000 - 0x00007ffd19cdb000 	C:\Windows\system32\pnrpnsp.dll
0x00007ffd19ca0000 - 0x00007ffd19cb1000 	C:\Windows\System32\winrnr.dll
0x00007ffd4c150000 - 0x00007ffd4c165000 	C:\Windows\system32\wshbth.dll
0x00007ffd19c70000 - 0x00007ffd19c97000 	C:\Windows\system32\nlansp_c.dll
0x00007ffd3d030000 - 0x00007ffd3d089000 	C:\Windows\SYSTEM32\pdh.dll
0x00007ffd33ff0000 - 0x00007ffd34001000 	C:\Windows\System32\perfproc.dll
0x00007ffd153e0000 - 0x00007ffd153f0000 	C:\Windows\System32\perfos.dll
0x00007ffd51c90000 - 0x00007ffd51ca0000 	C:\Windows\SYSTEM32\pfclient.dll
0x00007ffd2aab0000 - 0x00007ffd2aabe000 	C:\Program Files\Java\jdk-21\bin\sunmscapi.dll
0x00007ffd55500000 - 0x00007ffd55666000 	C:\Windows\System32\CRYPT32.dll
0x00007ffd54620000 - 0x00007ffd5464d000 	C:\Windows\SYSTEM32\ncrypt.dll
0x00007ffd545e0000 - 0x00007ffd54617000 	C:\Windows\SYSTEM32\NTASN1.dll
0x00007ffd29990000 - 0x00007ffd299a0000 	C:\Program Files\Java\jdk-21\bin\verify.dll

dbghelp: loaded successfully - version: 4.0.5 - missing functions: none
symbol engine: initialized successfully - sym options: 0x614 - pdb path: .;C:\Program Files\Java\jdk-21\bin;C:\Windows\SYSTEM32;C:\Windows\WinSxS\amd64_microsoft.windows.common-controls_6595b64144ccf1df_6.0.22621.3672_none_2713b9d173822955;C:\Program Files (x86)\360\Total Security\safemon;C:\Program Files\Java\jdk-21\bin\server;C:\Users\DELL\Desktop\IntelliJ IDEA 2024.2\bin

VM Arguments:
jvm_args: -XX:TieredStopAtLevel=1 -Dspring.output.ansi.enabled=always -Dcom.sun.management.jmxremote -Dspring.jmx.enabled=true -Dspring.liveBeansView.mbeanDomain -Dspring.application.admin.enabled=true -Dmanagement.endpoints.jmx.exposure.include=* -javaagent:C:\Users\DELL\Desktop\IntelliJ IDEA 2024.2\lib\idea_rt.jar=51216:C:\Users\DELL\Desktop\IntelliJ IDEA 2024.2\bin -Dfile.encoding=UTF-8 -Dsun.stdout.encoding=UTF-8 -Dsun.stderr.encoding=UTF-8 
java_command: africa.semicolon.identity.IdentityManagementApplication
java_class_path (initial): C:\Users\DELL\MicroService\identity-management\target\classes;C:\Users\DELL\.m2\repository\org\springframework\cloud\spring-cloud-starter-netflix-eureka-client\4.1.2\spring-cloud-starter-netflix-eureka-client-4.1.2.jar;C:\Users\DELL\.m2\repository\org\springframework\cloud\spring-cloud-starter\4.1.3\spring-cloud-starter-4.1.3.jar;C:\Users\DELL\.m2\repository\org\springframework\cloud\spring-cloud-context\4.1.3\spring-cloud-context-4.1.3.jar;C:\Users\DELL\.m2\repository\org\springframework\security\spring-security-crypto\6.3.4\spring-security-crypto-6.3.4.jar;C:\Users\DELL\.m2\repository\org\springframework\cloud\spring-cloud-commons\4.1.3\spring-cloud-commons-4.1.3.jar;C:\Users\DELL\.m2\repository\org\springframework\security\spring-security-rsa\1.1.3\spring-security-rsa-1.1.3.jar;C:\Users\DELL\.m2\repository\org\springframework\cloud\spring-cloud-netflix-eureka-client\4.1.2\spring-cloud-netflix-eureka-client-4.1.2.jar;C:\Users\DELL\.m2\repository\org\apache\httpcomponents\client5\httpclient5\5.3.1\httpclient5-5.3.1.jar;C:\Users\DELL\.m2\repository\org\apache\httpcomponents\core5\httpcore5\5.2.5\httpcore5-5.2.5.jar;C:\Users\DELL\.m2\repository\org\apache\httpcomponents\core5\httpcore5-h2\5.2.5\httpcore5-h2-5.2.5.jar;C:\Users\DELL\.m2\repository\com\netflix\eureka\eureka-client\2.0.2\eureka-client-2.0.2.jar;C:\Users\DELL\.m2\repository\com\netflix\netflix-commons\netflix-eventbus\0.3.0\netflix-eventbus-0.3.0.jar;C:\Users\DELL\.m2\repository\com\netflix\netflix-commons\netflix-infix\0.3.0\netflix-infix-0.3.0.jar;C:\Users\DELL\.m2\repository\commons-jxpath\commons-jxpath\1.3\commons-jxpath-1.3.jar;C:\Users\DELL\.m2\repository\joda-time\joda-time\2.3\joda-time-2.3.jar;C:\Users\DELL\.m2\repository\org\antlr\antlr-runtime\3.4\antlr-runtime-3.4.jar;C:\Users\DELL\.m2\repository\org\antlr\stringtemplate\3.2.1\stringtemplate-3.2.1.jar;C:\Users\DELL\.m2\repository\antlr\antlr\2.7.7\antlr-2.7.7.jar;C:\Users\DELL\.m2\repository\com\google\code\gson\gson\2.10.1\gson-2.10.1.jar;C:\Users\DELL\.m2\repository\org\apache\commons\commons-math\2.2\commons-math-2.2.jar;C:\Users\DELL\.m2\repository\com\thoughtworks\xstream\xstream\1.4.19\xstream-1.4.19.jar;C:\Users\DELL\.m2\repository\io\github\x-stream\mxparser\1.2.2\mxparser-1.2.2.jar;C:\Users\DELL\.m2\repository\xmlpull\xmlpull\1.1.3.1\xmlpull-1.1.3.1.jar;C:\Users\DELL\.m2\repository\jakarta\ws\rs\jakarta.ws.rs-api\3.1.0\jakarta.ws.rs-api-3.1.0.jar;C:\Users\DELL\.m2\repository\jakarta\inject\jakarta.inject-api\2.0.1\jakarta.inject-api-2.0.1.jar;C:\Users\DELL\.m2\repository\jakarta\annotation\jakarta.annotation-api\2.1.1\jakarta.annotation-api-2.1.1.jar;C:\Users\DELL\.m2\repository\com\netflix\servo\servo-core\0.12.21\servo-core-0.12.21.jar;C:\Users\DELL\.m2\repository\com\google\guava\guava\19.0\guava-19.0.jar;C:\Users\DELL\.m2\repository\org\apache\httpcomponents\httpclient\4.5.3\httpclient-4.5.3.jar;C:\Users\DELL\.m2\repository\org\apache\httpcomponents\httpcore\4.4.16\httpcore-4.4.16.jar;C:\Users\DELL\.m2\repository\commons-configuration\commons-configuration\1.10\commons-configuration-1.10.jar;C:\Users\DELL\.m2\repository\commons-lang\commons-lang\2.6\commons-lang-2.6.jar;C:\Users\DELL\.m2\repository\com\fasterxml\jackson\core\jackson-databind\2.17.2\jackson-databind-2.17.2.jar;C:\Users\DELL\.m2\repository\org\codehaus\jettison\jettison\1.5.4\jettison-1.5.4.jar;C:\Users\DELL\.m2\repository\com\netflix\eureka\eureka-core\2.0.2\eureka-core-2.0.2.jar;C:\Users\DELL\.m2\repository\com\fasterxml\woodstox\woodstox-core\6.2.1\woodstox-core-6.2.1.jar;C:\Users\DELL\.m2\repository\org\codehaus\woodstox\stax2-api\4.2.1\stax2-api-4.2.1.jar;C:\Users\DELL\.m2\repository\org\springframework\cloud\spring-cloud-starter-loadbalancer\4.1.3\spring-cloud-starter-loadbalancer-4.1.3.jar;C:\Users\DELL\.m2\repository\org\springframework\cloud\spring-cloud-loadbalancer\4.1.3\spring-cloud-loadbalancer-4.1.3.jar;C:\Users\DELL\.m2\repository\io\projectreactor\reactor-core\3.6.11\reactor-core-3.6.11.jar;C:\Users\DELL\.m2\repository\io\projectreactor\addons\reactor-extra\3.5.2\reactor-extra-3.5.2.jar;C:\Users\DELL\.m2\repository\org\springframework\boot\spring-boot-starter-cache\3.3.5\spring-boot-starter-cache-3.3.5.jar;C:\Users\DELL\.m2\repository\org\springframework\spring-context-support\6.1.14\spring-context-support-6.1.14.jar;C:\Users\DELL\.m2\repository\com\stoyanr\evictor\1.0.0\evictor-1.0.0.jar;C:\Users\DELL\.m2\repository\org\mapstruct\mapstruct\1.5.5.Final\mapstruct-1.5.5.Final.jar;C:\Users\DELL\.m2\repository\org\springframework\boot\spring-boot-starter-data-jdbc\3.3.5\spring-boot-starter-data-jdbc-3.3.5.jar;C:\Users\DELL\.m2\repository\org\springframework\boot\spring-boot-starter-jdbc\3.3.5\spring-boot-starter-jdbc-3.3.5.jar;C:\Users\DELL\.m2\repository\com\zaxxer\HikariCP\5.1.0\HikariCP-5.1.0.jar;C:\Users\DELL\.m2\repository\org\springframework\spring-jdbc\6.1.14\spring-jdbc-6.1.14.jar;C:\Users\DELL\.m2\repository\org\springframework\data\spring-data-jdbc\3.3.5\spring-data-jdbc-3.3.5.jar;C:\Users\DELL\.m2\repository\org\springframework\data\spring-data-relational\3.3.5\spring-data-relational-3.3.5.jar;C:\Users\DELL\.m2\repository\org\springframework\data\spring-data-commons\3.3.5\spring-data-commons-3.3.5.jar;C:\Users\DELL\.m2\repository\org\springframework\spring-tx\6.1.14\spring-tx-6.1.14.jar;C:\Users\DELL\.m2\repository\org\springframework\spring-context\6.1.14\spring-context-6.1.14.jar;C:\Users\DELL\.m2\repository\org\springframework\spring-beans\6.1.14\spring-beans-6.1.14.jar;C:\Users\DELL\.m2\repository\org\slf4j\slf4j-api\2.0.16\slf4j-api-2.0.16.jar;C:\Users\DELL\.m2\repository\org\springframework\boot\spring-boot-starter-data-jpa\3.3.5\spring-boot-starter-data-jpa-3.3.5.jar;C:\Users\DELL\.m2\repository\org\springframework\boot\spring-boot-starter-aop\3.3.5\spring-boot-starter-aop-3.3.5.jar;C:\Users\DELL\.m2\repository\org\springframework\spring-aop\6.1.14\spring-aop-6.1.14.jar;C:\Users\DELL\.m2\repository\org\aspectj\aspectjweaver\1.9.22.1\aspectjweaver-1.9.22.1.jar;C:\Users\DELL\.m2\repository\org\hibernate\orm\hibernate-core\6.5.3.Final\hibernate-core-6.5.3.Final.jar;C:\Users\DELL\.m2\repository\jakarta\persistence\jakarta.persistence-api\3.1.0\jakarta.persistence-api-3.1.0.jar;C:\Users\DELL\.m2\repository\jakarta\transaction\jakarta.transaction-api\2.0.1\jakarta.transaction-api-2.0.1.jar;C:\Users\DELL\.m2\repository\org\jboss\logging\jboss-logging\3.5.3.Final\jboss-logging-3.5.3.Final.jar;C:\Users\DELL\.m2\repository\org\hibernate\common\hibernate-commons-annotations\6.0.6.Final\hibernate-commons-annotations-6.0.6.Final.jar;C:\Users\DELL\.m2\repository\io\smallrye\jandex\3.1.2\jandex-3.1.2.jar;C:\Users\DELL\.m2\repository\com\fasterxml\classmate\1.7.0\classmate-1.7.0.jar;C:\Users\DELL\.m2\repository\net\bytebuddy\byte-buddy\1.14.19\byte-buddy-1.14.19.jar;C:\Users\DELL\.m2\repository\org\glassfish\jaxb\jaxb-runtime\4.0.5\jaxb-runtime-4.0.5.jar;C:\Users\DELL\.m2\repository\org\antlr\antlr4-runtime\4.13.0\antlr4-runtime-4.13.0.jar;C:\Users\DELL\.m2\repository\org\springframework\data\spring-data-jpa\3.3.5\spring-data-jpa-3.3.5.jar;C:\Users\DELL\.m2\repository\org\springframework\spring-orm\6.1.14\spring-orm-6.1.14.jar;C:\Users\DELL\.m2\repository\org\springframework\spring-aspects\6.1.14\spring-aspects-6.1.14.jar;C:\Users\DELL\.m2\repository\org\postgresql\postgresql\42.7.4\postgresql-42.7.4.jar;C:\Users\DELL\.m2\repository\org\checkerframework\checker-qual\3.42.0\checker-qual-3.42.0.jar;C:\Users\DELL\.m2\repository\org\springframework\boot\spring-boot-starter-web\3.3.5\spring-boot-starter-web-3.3.5.jar;C:\Users\DELL\.m2\repository\org\springframework\boot\spring-boot-starter\3.3.5\spring-boot-starter-3.3.5.jar;C:\Users\DELL\.m2\repository\org\springframework\boot\spring-boot\3.3.5\spring-boot-3.3.5.jar;C:\Users\DELL\.m2\repository\org\springframework\boot\spring-boot-autoconfigure\3.3.5\spring-boot-autoconfigure-3.3.5.jar;C:\Users\DELL\.m2\repository\org\springframework\boot\spring-boot-starter-logging\3.3.5\spring-boot-starter-logging-3.3.5.jar;C:\Users\DELL\.m2\repository\ch\qos\logback\logback-classic\1.5.11\logback-classic-1.5.11.jar;C:\Users\DELL\.m2\repository\ch\qos\logback\logback-core\1.5.11\logback-core-1.5.11.jar;C:\Users\DELL\.m2\repository\org\apache\logging\log4j\log4j-to-slf4j\2.23.1\log4j-to-slf4j-2.23.1.jar;C:\Users\DELL\.m2\repository\org\apache\logging\log4j\log4j-api\2.23.1\log4j-api-2.23.1.jar;C:\Users\DELL\.m2\repository\org\slf4j\jul-to-slf4j\2.0.16\jul-to-slf4j-2.0.16.jar;C:\Users\DELL\.m2\repository\org\yaml\snakeyaml\2.2\snakeyaml-2.2.jar;C:\Users\DELL\.m2\repository\org\springframework\boot\spring-boot-starter-json\3.3.5\spring-boot-starter-json-3.3.5.jar;C:\Users\DELL\.m2\repository\com\fasterxml\jackson\module\jackson-module-parameter-names\2.17.2\jackson-module-parameter-names-2.17.2.jar;C:\Users\DELL\.m2\repository\org\springframework\boot\spring-boot-starter-tomcat\3.3.5\spring-boot-starter-tomcat-3.3.5.jar;C:\Users\DELL\.m2\repository\org\apache\tomcat\embed\tomcat-embed-core\10.1.31\tomcat-embed-core-10.1.31.jar;C:\Users\DELL\.m2\repository\org\apache\tomcat\embed\tomcat-embed-websocket\10.1.31\tomcat-embed-websocket-10.1.31.jar;C:\Users\DELL\.m2\repository\org\springframework\spring-web\6.1.14\spring-web-6.1.14.jar;C:\Users\DELL\.m2\repository\io\micrometer\micrometer-observation\1.13.6\micrometer-observation-1.13.6.jar;C:\Users\DELL\.m2\repository\io\micrometer\micrometer-commons\1.13.6\micrometer-commons-1.13.6.jar;C:\Users\DELL\.m2\repository\org\springframework\spring-webmvc\6.1.14\spring-webmvc-6.1.14.jar;C:\Users\DELL\.m2\repository\org\springframework\spring-expression\6.1.14\spring-expression-6.1.14.jar;C:\Users\DELL\.m2\repository\org\springframework\boot\spring-boot-starter-validation\3.3.5\spring-boot-starter-validation-3.3.5.jar;C:\Users\DELL\.m2\repository\org\apache\tomcat\embed\tomcat-embed-el\10.1.31\tomcat-embed-el-10.1.31.jar;C:\Users\DELL\.m2\repository\org\hibernate\validator\hibernate-validator\8.0.1.Final\hibernate-validator-8.0.1.Final.jar;C:\Users\DELL\.m2\repository\jakarta\validation\jakarta.validation-api\3.0.2\jakarta.validation-api-3.0.2.jar;C:\Users\DELL\.m2\repository\org\keycloak\keycloak-admin-client\26.0.1\keycloak-admin-client-26.0.1.jar;C:\Users\DELL\.m2\repository\org\keycloak\keycloak-client-common-synced\26.0.1\keycloak-client-common-synced-26.0.1.jar;C:\Users\DELL\.m2\repository\org\jboss\logging\commons-logging-jboss-logging\1.0.0.Final\commons-logging-jboss-logging-1.0.0.Final.jar;C:\Users\DELL\.m2\repository\jakarta\activation\jakarta.activation-api\2.1.3\jakarta.activation-api-2.1.3.jar;C:\Users\DELL\.m2\repository\com\fasterxml\jackson\core\jackson-core\2.17.2\jackson-core-2.17.2.jar;C:\Users\DELL\.m2\repository\com\fasterxml\jackson\core\jackson-annotations\2.17.2\jackson-annotations-2.17.2.jar;C:\Users\DELL\.m2\repository\com\fasterxml\jackson\datatype\jackson-datatype-jdk8\2.17.2\jackson-datatype-jdk8-2.17.2.jar;C:\Users\DELL\.m2\repository\com\fasterxml\jackson\datatype\jackson-datatype-jsr310\2.17.2\jackson-datatype-jsr310-2.17.2.jar;C:\Users\DELL\.m2\repository\org\eclipse\microprofile\openapi\microprofile-openapi-api\3.1.1\microprofile-openapi-api-3.1.1.jar;C:\Users\DELL\.m2\repository\org\jboss\resteasy\resteasy-client\6.2.9.Final\resteasy-client-6.2.9.Final.jar;C:\Users\DELL\.m2\repository\org\jboss\resteasy\resteasy-client-api\6.2.9.Final\resteasy-client-api-6.2.9.Final.jar;C:\Users\DELL\.m2\repository\org\jboss\resteasy\resteasy-core-spi\6.2.9.Final\resteasy-core-spi-6.2.9.Final.jar;C:\Users\DELL\.m2\repository\org\jboss\resteasy\resteasy-core\6.2.9.Final\resteasy-core-6.2.9.Final.jar;C:\Users\DELL\.m2\repository\org\jboss\jandex\2.4.5.Final\jandex-2.4.5.Final.jar;C:\Users\DELL\.m2\repository\org\eclipse\angus\angus-activation\2.0.2\angus-activation-2.0.2.jar;C:\Users\DELL\.m2\repository\com\ibm\async\asyncutil\0.1.0\asyncutil-0.1.0.jar;C:\Users\DELL\.m2\repository\commons-codec\commons-codec\1.16.1\commons-codec-1.16.1.jar;C:\Users\DELL\.m2\repository\org\reactivestreams\reactive-streams\1.0.4\reactive-streams-1.0.4.jar;C:\Users\DELL\.m2\repository\org\jboss\resteasy\resteasy-multipart-provider\6.2.9.Final\resteasy-multipart-provider-6.2.9.Final.jar;C:\Users\DELL\.m2\repository\jakarta\mail\jakarta.mail-api\2.1.3\jakarta.mail-api-2.1.3.jar;C:\Users\DELL\.m2\repository\org\eclipse\angus\angus-mail\2.0.3\angus-mail-2.0.3.jar;C:\Users\DELL\.m2\repository\org\apache\james\apache-mime4j-dom\0.8.11\apache-mime4j-dom-0.8.11.jar;C:\Users\DELL\.m2\repository\org\apache\james\apache-mime4j-core\0.8.11\apache-mime4j-core-0.8.11.jar;C:\Users\DELL\.m2\repository\org\apache\james\apache-mime4j-storage\0.8.11\apache-mime4j-storage-0.8.11.jar;C:\Users\DELL\.m2\repository\commons-io\commons-io\2.11.0\commons-io-2.11.0.jar;C:\Users\DELL\.m2\repository\org\jboss\resteasy\resteasy-jackson2-provider\6.2.9.Final\resteasy-jackson2-provider-6.2.9.Final.jar;C:\Users\DELL\.m2\repository\com\fasterxml\jackson\jakarta\rs\jackson-jakarta-rs-base\2.17.2\jackson-jakarta-rs-base-2.17.2.jar;C:\Users\DELL\.m2\repository\com\fasterxml\jackson\jakarta\rs\jackson-jakarta-rs-json-provider\2.17.2\jackson-jakarta-rs-json-provider-2.17.2.jar;C:\Users\DELL\.m2\repository\com\fasterxml\jackson\module\jackson-module-jakarta-xmlbind-annotations\2.17.2\jackson-module-jakarta-xmlbind-annotations-2.17.2.jar;C:\Users\DELL\.m2\repository\com\github\java-json-tools\json-patch\1.13\json-patch-1.13.jar;C:\Users\DELL\.m2\repository\com\github\java-json-tools\msg-simple\1.2\msg-simple-1.2.jar;C:\Users\DELL\.m2\repository\com\github\java-json-tools\btf\1.3\btf-1.3.jar;C:\Users\DELL\.m2\repository\com\github\java-json-tools\jackson-coreutils\2.0\jackson-coreutils-2.0.jar;C:\Users\DELL\.m2\repository\org\jboss\resteasy\resteasy-jaxb-provider\6.2.9.Final\resteasy-jaxb-provider-6.2.9.Final.jar;C:\Users\DELL\.m2\repository\org\glassfish\jaxb\codemodel\4.0.5\codemodel-4.0.5.jar;C:\Users\DELL\.m2\repository\org\glassfish\jaxb\jaxb-core\4.0.5\jaxb-core-4.0.5.jar;C:\Users\DELL\.m2\repository\org\glassfish\jaxb\jaxb-jxc\4.0.5\jaxb-jxc-4.0.5.jar;C:\Users\DELL\.m2\repository\org\glassfish\jaxb\txw2\4.0.5\txw2-4.0.5.jar;C:\Users\DELL\.m2\repository\org\glassfish\jaxb\jaxb-xjc\4.0.5\jaxb-xjc-4.0.5.jar;C:\Users\DELL\.m2\repository\org\glassfish\jaxb\xsom\4.0.5\xsom-4.0.5.jar;C:\Users\DELL\.m2\repository\com\sun\istack\istack-commons-runtime\4.1.2\istack-commons-runtime-4.1.2.jar;C:\Users\DELL\.m2\repository\com\sun\istack\istack-commons-tools\4.1.2\istack-commons-tools-4.1.2.jar;C:\Users\DELL\.m2\repository\com\sun\xml\bind\external\relaxng-datatype\4.0.3\relaxng-datatype-4.0.3.jar;C:\Users\DELL\.m2\repository\com\sun\xml\bind\external\rngom\4.0.3\rngom-4.0.3.jar;C:\Users\DELL\.m2\repository\org\springframework\boot\spring-boot-starter-pulsar\3.3.5\spring-boot-starter-pulsar-3.3.5.jar;C:\Users\DELL\.m2\repository\org\springframework\pulsar\spring-pulsar\1.1.5\spring-pulsar-1.1.5.jar;C:\Users\DELL\.m2\repository\org\apache\pulsar\pulsar-client-all\3.2.4\pulsar-client-all-3.2.4.jar;C:\Users\DELL\.m2\repository\org\apache\pulsar\pulsar-client-api\3.2.4\pulsar-client-api-3.2.4.jar;C:\Users\DELL\.m2\repository\org\apache\pulsar\bouncy-castle-bc\3.2.4\bouncy-castle-bc-3.2.4-pkg.jar;C:\Users\DELL\.m2\repository\org\bouncycastle\bcpkix-jdk18on\1.78.1\bcpkix-jdk18on-1.78.1.jar;C:\Users\DELL\.m2\repository\org\bouncycastle\bcutil-jdk18on\1.78.1\bcutil-jdk18on-1.78.1.jar;C:\Users\DELL\.m2\repository\net\jcip\jcip-annotations\1.0\jcip-annotations-1.0.jar;C:\Users\DELL\.m2\repository\org\apache\pulsar\pulsar-client-admin-api\3.2.4\pulsar-client-admin-api-3.2.4.jar;C:\Users\DELL\.m2\repository\org\apache\pulsar\pulsar-package-core\3.2.4\pulsar-package-core-3.2.4.jar;C:\Users\DELL\.m2\repository\org\apache\commons\commons-lang3\3.14.0\commons-lang3-3.14.0.jar;C:\Users\DELL\.m2\repository\org\springframework\spring-messaging\6.1.14\spring-messaging-6.1.14.jar;C:\Users\DELL\.m2\repository\org\springframework\retry\spring-retry\2.0.10\spring-retry-2.0.10.jar;C:\Users\DELL\.m2\repository\org\springframework\pulsar\spring-pulsar-cache-provider\1.1.5\spring-pulsar-cache-provider-1.1.5.jar;C:\Users\DELL\.m2\repository\org\springframework\pulsar\spring-pulsar-cache-provider-caffeine\1.1.5\spring-pulsar-cache-provider-caffeine-1.1.5.jar;C:\Users\DELL\.m2\repository\com\google\code\findbugs\jsr305\3.0.2\jsr305-3.0.2.jar;C:\Users\DELL\.m2\repository\org\keycloak\keycloak-spring-boot-starter\24.0.5\keycloak-spring-boot-starter-24.0.5.jar;C:\Users\DELL\.m2\repository\org\keycloak\keycloak-spring-boot-2-adapter\24.0.5\keycloak-spring-boot-2-adapter-24.0.5.jar;C:\Users\DELL\.m2\repository\org\keycloak\keycloak-spring-boot-adapter-core\24.0.5\keycloak-spring-boot-adapter-core-24.0.5.jar;C:\Users\DELL\.m2\repository\org\keycloak\keycloak-core\24.0.5\keycloak-core-24.0.5.jar;C:\Users\DELL\.m2\repository\org\keycloak\keycloak-common\24.0.5\keycloak-common-24.0.5.jar;C:\Users\DELL\.m2\repository\org\keycloak\keycloak-authz-client\24.0.5\keycloak-authz-client-24.0.5.jar;C:\Users\DELL\.m2\repository\org\keycloak\spring-boot-container-bundle\24.0.5\spring-boot-container-bundle-24.0.5.jar;C:\Users\DELL\.m2\repository\org\keycloak\keycloak-adapter-core\24.0.5\keycloak-adapter-core-24.0.5.jar;C:\Users\DELL\.m2\repository\org\keycloak\keycloak-crypto-default\24.0.5\keycloak-crypto-default-24.0.5.jar;C:\Users\DELL\.m2\repository\org\keycloak\keycloak-server-spi\24.0.5\keycloak-server-spi-24.0.5.jar;C:\Users\DELL\.m2\repository\org\keycloak\keycloak-server-spi-private\24.0.5\keycloak-server-spi-private-24.0.5.jar;C:\Users\DELL\.m2\repository\org\keycloak\keycloak-spring-security-adapter\24.0.5\keycloak-spring-security-adapter-24.0.5.jar;C:\Users\DELL\.m2\repository\org\keycloak\keycloak-adapter-spi\24.0.5\keycloak-adapter-spi-24.0.5.jar;C:\Users\DELL\.m2\repository\org\keycloak\keycloak-policy-enforcer\24.0.5\keycloak-policy-enforcer-24.0.5.jar;C:\Users\DELL\.m2\repository\org\bouncycastle\bcprov-jdk18on\1.77\bcprov-jdk18on-1.77.jar;C:\Users\DELL\.m2\repository\org\projectlombok\lombok\1.18.34\lombok-1.18.34.jar;C:\Users\DELL\.m2\repository\org\springframework\boot\spring-boot-starter-test\3.3.5\spring-boot-starter-test-3.3.5.jar;C:\Users\DELL\.m2\repository\org\springframework\boot\spring-boot-test\3.3.5\spring-boot-test-3.3.5.jar;C:\Users\DELL\.m2\repository\org\springframework\boot\spring-boot-test-autoconfigure\3.3.5\spring-boot-test-autoconfigure-3.3.5.jar;C:\Users\DELL\.m2\repository\com\jayway\jsonpath\json-path\2.9.0\json-path-2.9.0.jar;C:\Users\DELL\.m2\repository\jakarta\xml\bind\jakarta.xml.bind-api\4.0.2\jakarta.xml.bind-api-4.0.2.jar;C:\Users\DELL\.m2\repository\net\minidev\json-smart\2.5.1\json-smart-2.5.1.jar;C:\Users\DELL\.m2\repository\net\minidev\accessors-smart\2.5.1\accessors-smart-2.5.1.jar;C:\Users\DELL\.m2\repository\org\ow2\asm\asm\9.6\asm-9.6.jar;C:\Users\DELL\.m2\repository\org\assertj\assertj-core\3.25.3\assertj-core-3.25.3.jar;C:\Users\DELL\.m2\repository\org\awaitility\awaitility\4.2.2\awaitility-4.2.2.jar;C:\Users\DELL\.m2\repository\org\hamcrest\hamcrest\2.2\hamcrest-2.2.jar;C:\Users\DELL\.m2\repository\org\junit\jupiter\junit-jupiter\5.10.5\junit-jupiter-5.10.5.jar;C:\Users\DELL\.m2\repository\org\junit\jupiter\junit-jupiter-api\5.10.5\junit-jupiter-api-5.10.5.jar;C:\Users\DELL\.m2\repository\org\opentest4j\opentest4j\1.3.0\opentest4j-1.3.0.jar;C:\Users\DELL\.m2\repository\org\junit\platform\junit-platform-commons\1.10.5\junit-platform-commons-1.10.5.jar;C:\Users\DELL\.m2\repository\org\apiguardian\apiguardian-api\1.1.2\apiguardian-api-1.1.2.jar;C:\Users\DELL\.m2\repository\org\junit\jupiter\junit-jupiter-params\5.10.5\junit-jupiter-params-5.10.5.jar;C:\Users\DELL\.m2\repository\org\junit\jupiter\junit-jupiter-engine\5.10.5\junit-jupiter-engine-5.10.5.jar;C:\Users\DELL\.m2\repository\org\junit\platform\junit-platform-engine\1.10.5\junit-platform-engine-1.10.5.jar;C:\Users\DELL\.m2\repository\org\mockito\mockito-core\5.11.0\mockito-core-5.11.0.jar;C:\Users\DELL\.m2\repository\net\bytebuddy\byte-buddy-agent\1.14.19\byte-buddy-agent-1.14.19.jar;C:\Users\DELL\.m2\repository\org\objenesis\objenesis\3.3\objenesis-3.3.jar;C:\Users\DELL\.m2\repository\org\mockito\mockito-junit-jupiter\5.11.0\mockito-junit-jupiter-5.11.0.jar;C:\Users\DELL\.m2\repository\org\skyscreamer\jsonassert\1.5.3\jsonassert-1.5.3.jar;C:\Users\DELL\.m2\repository\com\vaadin\external\google\android-json\0.0.20131108.vaadin1\android-json-0.0.20131108.vaadin1.jar;C:\Users\DELL\.m2\repository\org\springframework\spring-core\6.1.14\spring-core-6.1.14.jar;C:\Users\DELL\.m2\repository\org\springframework\spring-jcl\6.1.14\spring-jcl-6.1.14.jar;C:\Users\DELL\.m2\repository\org\springframework\spring-test\6.1.14\spring-test-6.1.14.jar;C:\Users\DELL\.m2\repository\org\xmlunit\xmlunit-core\2.9.1\xmlunit-core-2.9.1.jar
Launcher Type: SUN_STANDARD

[Global flags]
     intx CICompilerCount                          = 3                                         {product} {ergonomic}
     uint ConcGCThreads                            = 1                                         {product} {ergonomic}
     uint G1ConcRefinementThreads                  = 4                                         {product} {ergonomic}
   size_t G1HeapRegionSize                         = 1048576                                   {product} {ergonomic}
    uintx GCDrainStackTargetSize                   = 64                                        {product} {ergonomic}
   size_t InitialHeapSize                          = 134217728                                 {product} {ergonomic}
     bool ManagementServer                         = true                                      {product} {command line}
   size_t MarkStackSize                            = 4194304                                   {product} {ergonomic}
   size_t MaxHeapSize                              = 2120220672                                {product} {ergonomic}
   size_t MaxNewSize                               = 1271922688                                {product} {ergonomic}
   size_t MinHeapDeltaBytes                        = 1048576                                   {product} {ergonomic}
   size_t MinHeapSize                              = 8388608                                   {product} {ergonomic}
    uintx NonNMethodCodeHeapSize                   = 4096                                   {pd product} {ergonomic}
    uintx NonProfiledCodeHeapSize                  = 0                                      {pd product} {ergonomic}
     bool ProfileInterpreter                       = false                                  {pd product} {command line}
    uintx ProfiledCodeHeapSize                     = 0                                      {pd product} {ergonomic}
   size_t SoftMaxHeapSize                          = 2120220672                             {manageable} {ergonomic}
     intx TieredStopAtLevel                        = 1                                         {product} {command line}
     bool UseCompressedOops                        = true                           {product lp64_product} {ergonomic}
     bool UseG1GC                                  = true                                      {product} {ergonomic}
     bool UseLargePagesIndividualAllocation        = false                                  {pd product} {ergonomic}

Logging:
Log output configuration:
 #0: stdout all=warning uptime,level,tags foldmultilines=false
 #1: stderr all=off uptime,level,tags foldmultilines=false

Environment Variables:
JAVA_HOME=C:\Program Files\Java\jdk-21
PATH=C:\Program Files (x86)\Common Files\Oracle\Java\javapath;C:\Program Files\Common Files\Oracle\Java\javapath;C:\Windows\system32;C:\Windows;C:\Windows\System32\Wbem;C:\Windows\System32\WindowsPowerShell\v1.0\;C:\Windows\System32\OpenSSH\;C:\Program Files\Git\cmd;C:\Program Files (x86)\Microsoft SQL Server\150\DTS\Binn\;C:\Program Files\Microsoft SQL Server\Client SDK\ODBC\130\Tools\Binn\;C:\Program Files (x86)\Microsoft SQL Server\140\Tools\Binn\;C:\Program Files\Microsoft SQL Server\140\Tools\Binn\;C:\Program Files\Microsoft SQL Server\140\DTS\Binn\;C:\Program Files\nodejs\;C:\Program Files\Go\bin;C:\Program Files\Docker\Docker\resources\bin;C:\Program Files\Java\jdk-21\bin;C:\Users\DELL\.cargo\bin;C:\Program Files\MySQL\MySQL Shell 8.0\bin\;C:\Users\DELL\AppData\Local\Programs\Python\Python312\Scripts\;C:\Users\DELL\AppData\Local\Programs\Python\Python312\;C:\Users\DELL\AppData\Local\Microsoft\WindowsApps;C:\Program Files\JetBrains\IntelliJ IDEA 2023.3.2\bin;;C:\Users\DELL\AppData\Local\Programs\Microsoft VS Code\bin;C:\Users\DELL\AppData\Roaming\npm;C:\Users\DELL\go\bin;C:\Program Files\Java\jdk-21\bin;C:\Program Files\Java\jdk-21\bin;
USERNAME=DELL
OS=Windows_NT
PROCESSOR_IDENTIFIER=Intel64 Family 6 Model 78 Stepping 3, GenuineIntel
TMP=C:\Users\DELL\AppData\Local\Temp
TEMP=C:\Users\DELL\AppData\Local\Temp




Periodic native trim disabled

---------------  S Y S T E M  ---------------

OS:
 Windows 11 , 64 bit Build 22621 (10.0.22621.3958)
OS uptime: 0 days 0:45 hours
Hyper-V role detected

CPU: total 4 (initial active 4) (2 cores per cpu, 2 threads per core) family 6 model 78 stepping 3 microcode 0xf0, cx8, cmov, fxsr, ht, mmx, 3dnowpref, sse, sse2, sse3, ssse3, sse4.1, sse4.2, popcnt, lzcnt, tsc, tscinvbit, avx, avx2, aes, erms, clmul, bmi1, bmi2, rtm, adx, fma, vzeroupper, clflush, clflushopt, hv, rdtscp, f16c
Processor Information for processor 0
  Max Mhz: 2501, Current Mhz: 1500, Mhz Limit: 2501
Processor Information for processor 1
  Max Mhz: 2501, Current Mhz: 2501, Mhz Limit: 2501
Processor Information for processor 2
  Max Mhz: 2501, Current Mhz: 1500, Mhz Limit: 2501
Processor Information for processor 3
  Max Mhz: 2501, Current Mhz: 2501, Mhz Limit: 2501

Memory: 4k page, system-wide physical 8083M (62M free)
TotalPageFile size 17428M (AvailPageFile size 2294M)
current process WorkingSet (physical memory assigned to process): 228M, peak: 228M
current process commit charge ("private bytes"): 261M, peak: 261M

vm_info: Java HotSpot(TM) 64-Bit Server VM (21.0.1+12-LTS-29) for windows-amd64 JRE (21.0.1+12-LTS-29), built on 2023-10-05T13:27:09Z by "mach5one" with MS VC++ 17.1 (VS2022)

END.
