#
# A fatal error has been detected by the Java Runtime Environment:
#
#  EXCEPTION_ACCESS_VIOLATION (0xc0000005) at pc=0x00007ff9fd048af9, pid=13064, tid=14612
#
# JRE version: Java(TM) SE Runtime Environment (21.0.1+12) (build 21.0.1+12-LTS-29)
# Java VM: Java HotSpot(TM) 64-Bit Server VM (21.0.1+12-LTS-29, mixed mode, emulated-client, sharing, tiered, compressed oops, compressed class ptrs, g1 gc, windows-amd64)
# Problematic frame:
# V  [jvm.dll+0x358af9]
#
# No core dump will be written. Minidumps are not enabled by default on client versions of Windows
#
# If you would like to submit a bug report, please visit:
#   https://bugreport.java.com/bugreport/crash.jsp
#

---------------  S U M M A R Y ------------

Command Line: -XX:TieredStopAtLevel=1 -Dspring.output.ansi.enabled=always -Dcom.sun.management.jmxremote -Dspring.jmx.enabled=true -Dspring.liveBeansView.mbeanDomain -Dspring.application.admin.enabled=true -Dmanagement.endpoints.jmx.exposure.include=* -javaagent:C:\Users\DELL\Desktop\IntelliJ IDEA 2024.2\lib\idea_rt.jar=51852:C:\Users\DELL\Desktop\IntelliJ IDEA 2024.2\bin -Dfile.encoding=UTF-8 -Dsun.stdout.encoding=UTF-8 -Dsun.stderr.encoding=UTF-8 africa.semicolon.ApiGatewayApplication

Host: Intel(R) Core(TM) i5-6300U CPU @ 2.40GHz, 4 cores, 7G,  Windows 11 , 64 bit Build 22621 (10.0.22621.3958)
Time: Fri Nov 22 12:33:16 2024 W. Central Africa Standard Time elapsed time: 7044.743826 seconds (0d 1h 57m 24s)

---------------  T H R E A D  ---------------

Current thread (0x000001ad84b1f950):  WorkerThread "GC Thread#3"    [id=14612, stack(0x000000a0e7100000,0x000000a0e7200000) (1024K)]

Stack: [0x000000a0e7100000,0x000000a0e7200000],  sp=0x000000a0e71ffa60,  free space=1022k
Native frames: (J=compiled Java code, j=interpreted, Vv=VM code, C=native code)
V  [jvm.dll+0x358af9]
V  [jvm.dll+0x3551fe]
V  [jvm.dll+0x3622cb]
V  [jvm.dll+0x363f69]
V  [jvm.dll+0x36279a]
V  [jvm.dll+0x363be1]
V  [jvm.dll+0x36e023]
V  [jvm.dll+0x36e16b]
V  [jvm.dll+0x881f77]
V  [jvm.dll+0x7fd728]
V  [jvm.dll+0x6c777d]
C  [ucrtbase.dll+0x29333]
C  [KERNEL32.DLL+0x1257d]
C  [ntdll.dll+0x5af08]


siginfo: EXCEPTION_ACCESS_VIOLATION (0xc0000005), reading address 0x0000000000200000


Registers:
RAX=0x0000000000000000, RBX=0x000001adcbccc070, RCX=0x0000000000000014, RDX=0x0000000000000000
RSP=0x000000a0e71ffa60, RBP=0x000000000000021c, RSI=0x000001adf412ecd0, RDI=0x00000000830e09fc
R8 =0x0000000083e01b58, R9 =0x00000000820afb30, R10=0x0000000000200000, R11=0x00007ffa6eea15c3
R12=0x0000000000000002, R13=0x000001ad84418280, R14=0x0000000000000040, R15=0x0000000000000000
RIP=0x00007ff9fd048af9, EFLAGS=0x0000000000010246


Register to memory mapping:

RAX=0x0 is null
RBX=0x000001adcbccc070 points into unknown readable memory: 0x00007ff9fd6c63e8 | e8 63 6c fd f9 7f 00 00
RCX=0x0000000000000014 is an unknown value
RDX=0x0 is null
RSP=0x000000a0e71ffa60 points into unknown readable memory: 0x000001adcbcc0000 | 00 00 cc cb ad 01 00 00
RBP=0x000000000000021c is an unknown value
RSI=0x000001adf412ecd0 points into unknown readable memory: 0x0000000000000000 | 00 00 00 00 00 00 00 00
RDI=0x00000000830e09fc is pointing into object: java.util.concurrent.locks.ReentrantLock$NonfairSync 
{0x00000000830e09f0} - klass: 'java/util/concurrent/locks/ReentrantLock$NonfairSync'
 - ---- fields (total size 4 words):
 - private transient 'exclusiveOwnerThread' 'Ljava/lang/Thread;' @12  
[error occurred during error reporting (printing register info), id 0xc0000005, EXCEPTION_ACCESS_VIOLATION (0xc0000005) at pc=0x00007ff9fd3a46bd]
R8 =0x0000000083e01b58 is an oop: java.lang.String 
{0x0000000083e01b58} - klass: 'java/lang/String'
 - string: "WALLET-MANAGEMENT"
 - ---- fields (total size 3 words):
 - private 'hash' 'I' @12  405668503 (0x182e0297)
 - private final 'coder' 'B' @16  0 (0x00)
 - private 'hashIsZero' 'Z' @17  false (0x00)
 - injected 'flags' 'B' @18  0 (0x00)
 - private final 'value' '[B' @20  [B{0x0000000083e01b70} (0x83e01b70)
R9 =0x00000000820afb30 is an oop: java.lang.ref.ReferenceQueue$Null 
{0x00000000820afb30} - klass: 'java/lang/ref/ReferenceQueue$Null'
 - ---- fields (total size 4 words):
 - private volatile 'head' 'Ljava/lang/ref/Reference;' @12  null (0x00000000)
 - private 'queueLength' 'J' @16  0 (0x0000000000000000)
 - private final 'lock' 'Ljava/util/concurrent/locks/ReentrantLock;' @24  null (0x00000000)
 - private final 'notEmpty' 'Ljava/util/concurrent/locks/Condition;' @28  null (0x00000000)
R10=0x0000000000200000 is an unknown value
R11=0x00007ffa6eea15c3 VCRUNTIME140.dll
R12=0x0000000000000002 is an unknown value
R13=0x000001ad84418280 points into unknown readable memory: 0x0000000000000002 | 02 00 00 00 00 00 00 00
R14=0x0000000000000040 is an unknown value
R15=0x0 is null

Top of Stack: (sp=0x000000a0e71ffa60)
0x000000a0e71ffa60:   000001adcbcc0000 000001adf4120001
0x000000a0e71ffa70:   0000000000000000 0000000000000020
0x000000a0e71ffa80:   00000000830eec00 0000000000000016
0x000000a0e71ffa90:   000000a0e71ffc80 00000000830ef008
0x000000a0e71ffaa0:   000000a0e71ffc80 00007ff9fd0451fe
0x000000a0e71ffab0:   00000000830ef000 000001adcbccc070
0x000000a0e71ffac0:   00000000830d4800 0000000000000080
0x000000a0e71ffad0:   0000001066f6dbb4 00000ffdf7476845
0x000000a0e71ffae0:   0000000000000002 000000a0e71ffc80
0x000000a0e71ffaf0:   000001ad83fa00d0 00007ff9fd0522cb
0x000000a0e71ffb00:   0000000000000016 000001ad83fa00d0
0x000000a0e71ffb10:   000000a0e71ffc80 00007ff9fd3b1c7f
0x000000a0e71ffb20:   00000000830eec00 0000000000000080
0x000000a0e71ffb30:   00007ff9fd6c7618 0000000000000000
0x000000a0e71ffb40:   000001adf4127170 000001adcbccc070
0x000000a0e71ffb50:   000000a0e71ffcd0 00007ff9fd4f85b7
0x000000a0e71ffb60:   000001ad8430f890 000001adff93b780
0x000000a0e71ffb70:   000001adf4115730 00007ff9fd053f69
0x000000a0e71ffb80:   000000a0e71ffc00 00007ff9fd03bfc2
0x000000a0e71ffb90:   0000000000000003 000001adff93b778
0x000000a0e71ffba0:   0000000000000003 0000000000000012
0x000000a0e71ffbb0:   000001adf41261f0 0000000000000010
0x000000a0e71ffbc0:   000001adf4115730 000000a0e71ffd19
0x000000a0e71ffbd0:   000000a0e71ffc80 00007ff9fd05279a
0x000000a0e71ffbe0:   00000000000003d8 000001ad8430f8a0
0x000000a0e71ffbf0:   000001ad8430fc78 000001ad83fa00d0
0x000000a0e71ffc00:   000001adcbccc070 0000001066f46b24
0x000000a0e71ffc10:   00000ffdf4e67491 000000a0e71ffcd8
0x000000a0e71ffc20:   000000a0e71ffce8 000001ad84aeb700
0x000000a0e71ffc30:   000001adf4127170 00007ff9fd053be1
0x000000a0e71ffc40:   0000000000000013 0000000000000008
0x000000a0e71ffc50:   0000000000000005 00007ff9fcda0000 

Instructions: (pc=0x00007ff9fd048af9)
0x00007ff9fd0489f9:   fd ff ff 48 8d 57 fe 48 8b cb e8 98 f3 ff ff e9
0x00007ff9fd048a09:   d3 fd ff ff 0f 1f 00 48 8b 73 10 8b ae 80 00 00
0x00007ff9fd048a19:   00 8b cd 8b 86 00 01 00 00 2b c8 81 e1 ff ff 01
0x00007ff9fd048a29:   00 41 3b ce 0f 86 4b 02 00 00 ff cd 81 e5 ff ff
0x00007ff9fd048a39:   01 00 89 ae 80 00 00 00 e8 7a 12 36 00 90 8b d5
0x00007ff9fd048a49:   48 8b 86 80 01 00 00 8b cd 48 8b 3c e8 8b 86 00
0x00007ff9fd048a59:   01 00 00 2b c8 81 e1 ff ff 01 00 81 f9 ff ff 01
0x00007ff9fd048a69:   00 41 0f 44 cf 85 c9 75 3d 90 89 6c 24 50 48 8b
0x00007ff9fd048a79:   86 00 01 00 00 48 8b c8 48 c1 e9 20 ff c1 89 4c
0x00007ff9fd048a89:   24 54 3b e8 0f 85 d9 01 00 00 48 c1 e1 20 48 0b
0x00007ff9fd048a99:   ca f0 48 0f b1 8e 00 01 00 00 0f 85 c3 01 00 00
0x00007ff9fd048aa9:   8b 86 00 01 00 00 40 f6 c7 01 0f 84 a7 00 00 00
0x00007ff9fd048ab9:   8b 0d a9 14 86 00 48 ff cf 48 8b 43 08 44 8b 17
0x00007ff9fd048ac9:   49 d3 e2 8b 88 b0 05 00 00 48 8b 80 a0 05 00 00
0x00007ff9fd048ad9:   4c 03 15 80 14 86 00 49 8b d2 48 d3 ea 0f b7 14
0x00007ff9fd048ae9:   50 0f b7 c2 66 c1 e8 08 84 c0 0f 88 17 ff ff ff
0x00007ff9fd048af9:   4d 8b 02 41 0f b6 c0 24 03 3c 03 75 06 49 83 e0
0x00007ff9fd048b09:   fc eb 11 4d 8b c8 48 8b cb 4d 8b c2 e8 26 ed ff
0x00007ff9fd048b19:   ff 4c 8b c0 8b 0d 45 14 86 00 49 8b d0 48 2b 15
0x00007ff9fd048b29:   33 14 86 00 48 d3 ea 89 17 49 8b d0 8b 0d a5 a2
0x00007ff9fd048b39:   8c 00 48 33 d7 48 d3 ea 48 85 d2 0f 84 c6 fe ff
0x00007ff9fd048b49:   ff 48 8b 43 08 8b 88 b0 05 00 00 4c 8b 88 a0 05
0x00007ff9fd048b59:   00 00 e9 87 00 00 00 40 f6 c7 03 0f 85 f1 00 00
0x00007ff9fd048b69:   00 48 8b 43 08 4c 8b 17 49 8b d2 8b 88 b0 05 00
0x00007ff9fd048b79:   00 48 8b 80 a0 05 00 00 48 d3 ea 0f b7 14 50 0f
0x00007ff9fd048b89:   b7 c2 66 c1 e8 08 84 c0 0f 88 79 fe ff ff 4d 8b
0x00007ff9fd048b99:   02 41 0f b6 c0 24 03 3c 03 75 06 49 83 e0 fc eb
0x00007ff9fd048ba9:   11 4d 8b c8 48 8b cb 4d 8b c2 e8 88 ec ff ff 4c
0x00007ff9fd048bb9:   8b c0 49 8b d0 4c 89 07 8b 0d 19 a2 8c 00 48 33
0x00007ff9fd048bc9:   d7 48 d3 ea 48 85 d2 0f 84 3a fe ff ff 48 8b 53
0x00007ff9fd048bd9:   08 8b 8a b0 05 00 00 4c 8b 8a a0 05 00 00 48 8b
0x00007ff9fd048be9:   c7 48 d3 e8 41 0f b7 14 41 66 c1 ea 08 80 fa fe 


Stack slot to memory mapping:

stack at sp + 0 slots: 0x000001adcbcc0000 points into unknown readable memory: 0x000001adfd17a490 | 90 a4 17 fd ad 01 00 00
stack at sp + 1 slots: 0x000001adf4120001 points into unknown readable memory: d3 69 fd f9 7f 00 00
stack at sp + 2 slots: 0x0 is null
stack at sp + 3 slots: 0x0000000000000020 is an unknown value
stack at sp + 4 slots: 0x00000000830eec00 is pointing into object: java.lang.Object 
{0x00000000830eebf8} - klass: 'java/lang/Object'
 - ---- fields (total size 2 words):
stack at sp + 5 slots: 0x0000000000000016 is an unknown value
stack at sp + 6 slots: 0x000000a0e71ffc80 points into unknown readable memory: 0x00007ff9fd6c77b0 | b0 77 6c fd f9 7f 00 00
stack at sp + 7 slots: 0x00000000830ef008 is an oop: java.util.concurrent.ConcurrentHashMap$Node 
{0x00000000830ef008} - klass: 'java/util/concurrent/ConcurrentHashMap$Node'
 - ---- fields (total size 4 words):
 - final 'hash' 'I' @12  2122778615 (0x7e8707f7)
 - final 'key' 'Ljava/lang/Object;' @16  "org.springframework.web.reactive.resource.ResourceWebHandler"{0x00000000830ef028} (0x830ef028)
 - volatile 'val' 'Ljava/lang/Object;' @20  a 'java/lang/Object'{0x00000000830ef090} (0x830ef090)
 - volatile 'next' 'Ljava/util/concurrent/ConcurrentHashMap$Node;' @24  null (0x00000000)


---------------  P R O C E S S  ---------------

Threads class SMR info:
_java_thread_list=0x000001adca553dc0, length=22, elements={
0x000001ad84173f30, 0x000001ad84175d60, 0x000001ad84178b90, 0x000001ad8417a760,
0x000001ad8417bf90, 0x000001ad8417cb20, 0x000001ad8417e0f0, 0x000001ad84142330,
0x000001ad846ad5b0, 0x000001ad84ca3d30, 0x000001adcb402610, 0x000001ad84c47710,
0x000001ad842e9c10, 0x000001adcb960960, 0x000001adcb960fd0, 0x000001adcba19ce0,
0x000001adcba19650, 0x000001adcba1a370, 0x000001adcba1aa00, 0x000001adcba1b090,
0x000001adcba182a0, 0x000001adcba1b720
}

Java Threads: ( => current thread )
  0x000001ad84173f30 JavaThread "Reference Handler"          daemon [_thread_blocked, id=12720, stack(0x000000a0e6300000,0x000000a0e6400000) (1024K)]
  0x000001ad84175d60 JavaThread "Finalizer"                  daemon [_thread_blocked, id=9560, stack(0x000000a0e6400000,0x000000a0e6500000) (1024K)]
  0x000001ad84178b90 JavaThread "Signal Dispatcher"          daemon [_thread_blocked, id=1096, stack(0x000000a0e6500000,0x000000a0e6600000) (1024K)]
  0x000001ad8417a760 JavaThread "Attach Listener"            daemon [_thread_blocked, id=11560, stack(0x000000a0e6600000,0x000000a0e6700000) (1024K)]
  0x000001ad8417bf90 JavaThread "Service Thread"             daemon [_thread_blocked, id=4940, stack(0x000000a0e6700000,0x000000a0e6800000) (1024K)]
  0x000001ad8417cb20 JavaThread "Monitor Deflation Thread"   daemon [_thread_blocked, id=13644, stack(0x000000a0e6800000,0x000000a0e6900000) (1024K)]
  0x000001ad8417e0f0 JavaThread "C1 CompilerThread0"         daemon [_thread_blocked, id=7412, stack(0x000000a0e6900000,0x000000a0e6a00000) (1024K)]
  0x000001ad84142330 JavaThread "Common-Cleaner"             daemon [_thread_blocked, id=15176, stack(0x000000a0e6a00000,0x000000a0e6b00000) (1024K)]
  0x000001ad846ad5b0 JavaThread "Notification Thread"        daemon [_thread_blocked, id=9608, stack(0x000000a0e6e00000,0x000000a0e6f00000) (1024K)]
  0x000001ad84ca3d30 JavaThread "RMI TCP Accept-0"           daemon [_thread_in_native, id=276, stack(0x000000a0e7200000,0x000000a0e7300000) (1024K)]
  0x000001adcb402610 JavaThread "boundedElastic-evictor-1"   daemon [_thread_blocked, id=14760, stack(0x000000a0e7300000,0x000000a0e7400000) (1024K)]
  0x000001ad84c47710 JavaThread "spring.cloud.inetutils"     daemon [_thread_blocked, id=8488, stack(0x000000a0e7400000,0x000000a0e7500000) (1024K)]
  0x000001ad842e9c10 JavaThread "AsyncResolver-bootstrap-0"  daemon [_thread_blocked, id=13304, stack(0x000000a0e7500000,0x000000a0e7600000) (1024K)]
  0x000001adcb960960 JavaThread "DiscoveryClient-0"          daemon [_thread_blocked, id=14404, stack(0x000000a0e7700000,0x000000a0e7800000) (1024K)]
  0x000001adcb960fd0 JavaThread "DiscoveryClient-1"          daemon [_thread_blocked, id=6740, stack(0x000000a0e7800000,0x000000a0e7900000) (1024K)]
  0x000001adcba19ce0 JavaThread "DiscoveryClient-InstanceInfoReplicator-0" daemon [_thread_blocked, id=7228, stack(0x000000a0e7900000,0x000000a0e7a00000) (1024K)]
  0x000001adcba19650 JavaThread "reactor-http-nio-1"         daemon [_thread_in_native, id=14952, stack(0x000000a0e7a00000,0x000000a0e7b00000) (1024K)]
  0x000001adcba1a370 JavaThread "server"                            [_thread_blocked, id=13572, stack(0x000000a0e7b00000,0x000000a0e7c00000) (1024K)]
  0x000001adcba1aa00 JavaThread "DestroyJavaVM"                     [_thread_blocked, id=10148, stack(0x000000a0e5b00000,0x000000a0e5c00000) (1024K)]
  0x000001adcba1b090 JavaThread "DiscoveryClient-CacheRefreshExecutor-0" daemon [_thread_blocked, id=10120, stack(0x000000a0e7c00000,0x000000a0e7d00000) (1024K)]
  0x000001adcba182a0 JavaThread "DiscoveryClient-HeartbeatExecutor-0" daemon [_thread_blocked, id=14768, stack(0x000000a0e7d00000,0x000000a0e7e00000) (1024K)]
  0x000001adcba1b720 JavaThread "AsyncResolver-bootstrap-executor-0" daemon [_thread_blocked, id=2904, stack(0x000000a0e5a00000,0x000000a0e5b00000) (1024K)]
Total: 22

Other Threads:
  0x000001ad84158070 VMThread "VM Thread"                           [id=6256, stack(0x000000a0e6200000,0x000000a0e6300000) (1024K)]
  0x000001ad84141840 WatcherThread "VM Periodic Task Thread"        [id=6252, stack(0x000000a0e6100000,0x000000a0e6200000) (1024K)]
  0x000001adf416ae00 WorkerThread "GC Thread#0"                     [id=14948, stack(0x000000a0e5c00000,0x000000a0e5d00000) (1024K)]
  0x000001ad84aedaf0 WorkerThread "GC Thread#1"                     [id=2988, stack(0x000000a0e6f00000,0x000000a0e7000000) (1024K)]
  0x000001ad84aede90 WorkerThread "GC Thread#2"                     [id=788, stack(0x000000a0e7000000,0x000000a0e7100000) (1024K)]
=>0x000001ad84b1f950 WorkerThread "GC Thread#3"                     [id=14612, stack(0x000000a0e7100000,0x000000a0e7200000) (1024K)]
  0x000001adf417cdc0 ConcurrentGCThread "G1 Main Marker"            [id=1036, stack(0x000000a0e5d00000,0x000000a0e5e00000) (1024K)]
  0x000001adf417e7e0 WorkerThread "G1 Conc#0"                       [id=12928, stack(0x000000a0e5e00000,0x000000a0e5f00000) (1024K)]
  0x000001ad83fff1b0 ConcurrentGCThread "G1 Refine#0"               [id=6876, stack(0x000000a0e5f00000,0x000000a0e6000000) (1024K)]
  0x000001ad83fffc30 ConcurrentGCThread "G1 Service"                [id=8212, stack(0x000000a0e6000000,0x000000a0e6100000) (1024K)]
Total: 10

Threads with active compile tasks:
Total: 0

VM state: at safepoint (normal execution)

VM Mutex/Monitor currently owned by a thread:  ([mutex/lock_event])
[0x00007ff9fd92a5f8] Threads_lock - owner thread: 0x000001ad84158070
[0x00007ff9fd92a6f8] Heap_lock - owner thread: 0x000001adcba1b090

Heap address: 0x0000000081a00000, size: 2022 MB, Compressed Oops mode: 32-bit

CDS archive(s) mapped at: [0x000001ad85000000-0x000001ad85c90000-0x000001ad85c90000), size 13172736, SharedBaseAddress: 0x000001ad85000000, ArchiveRelocationMode: 1.
Compressed class space mapped at: 0x000001ad86000000-0x000001adc6000000, reserved size: 1073741824
Narrow klass base: 0x000001ad85000000, Narrow klass shift: 0, Narrow klass range: 0x100000000

GC Precious Log:
 CardTable entry size: 512
 Card Set container configuration: InlinePtr #cards 5 size 8 Array Of Cards #cards 12 size 40 Howl #buckets 4 coarsen threshold 1843 Howl Bitmap #cards 512 size 80 coarsen threshold 460 Card regions per heap region 1 cards per card region 2048
 CPUs: 4 total, 4 available
 Memory: 8083M
 Large Page Support: Disabled
 NUMA Support: Disabled
 Compressed Oops: Enabled (32-bit)
 Heap Region Size: 1M
 Heap Min Capacity: 8M
 Heap Initial Capacity: 128M
 Heap Max Capacity: 2022M
 Pre-touch: Disabled
 Parallel Workers: 4
 Concurrent Workers: 1
 Concurrent Refinement Workers: 4
 Periodic GC: Disabled

Heap:
 garbage-first heap   total 73728K, used 65125K [0x0000000081a00000, 0x0000000100000000)
  region size 1024K, 36 young (36864K), 1 survivors (1024K)
 Metaspace       used 47921K, committed 48896K, reserved 1114112K
  class space    used 6824K, committed 7232K, reserved 1048576K

Heap Regions: E=young(eden), S=young(survivor), O=old, HS=humongous(starts), HC=humongous(continues), CS=collection set, F=free, TAMS=top-at-mark-start, PB=parsable bottom
|   0|0x0000000081a00000, 0x0000000081b00000, 0x0000000081b00000|100%|HS|  |TAMS 0x0000000081a00000| PB 0x0000000081a00000| Complete 
|   1|0x0000000081b00000, 0x0000000081c00000, 0x0000000081c00000|100%| O|  |TAMS 0x0000000081b00000| PB 0x0000000081b00000| Untracked 
|   2|0x0000000081c00000, 0x0000000081d00000, 0x0000000081d00000|100%| O|  |TAMS 0x0000000081c00000| PB 0x0000000081c00000| Untracked 
|   3|0x0000000081d00000, 0x0000000081e00000, 0x0000000081e00000|100%| O|  |TAMS 0x0000000081d00000| PB 0x0000000081d00000| Untracked 
|   4|0x0000000081e00000, 0x0000000081f00000, 0x0000000081f00000|100%| O|  |TAMS 0x0000000081e00000| PB 0x0000000081e00000| Untracked 
|   5|0x0000000081f00000, 0x0000000082000000, 0x0000000082000000|100%| O|  |TAMS 0x0000000081f00000| PB 0x0000000081f00000| Untracked 
|   6|0x0000000082000000, 0x0000000082100000, 0x0000000082100000|100%| O|  |TAMS 0x0000000082000000| PB 0x0000000082000000| Untracked 
|   7|0x0000000082100000, 0x0000000082200000, 0x0000000082200000|100%| O|  |TAMS 0x0000000082100000| PB 0x0000000082100000| Untracked 
|   8|0x0000000082200000, 0x0000000082300000, 0x0000000082300000|100%| O|  |TAMS 0x0000000082200000| PB 0x0000000082200000| Untracked 
|   9|0x0000000082300000, 0x0000000082400000, 0x0000000082400000|100%| O|  |TAMS 0x0000000082300000| PB 0x0000000082300000| Untracked 
|  10|0x0000000082400000, 0x0000000082500000, 0x0000000082500000|100%| O|  |TAMS 0x0000000082400000| PB 0x0000000082400000| Untracked 
|  11|0x0000000082500000, 0x0000000082600000, 0x0000000082600000|100%| O|  |TAMS 0x0000000082500000| PB 0x0000000082500000| Untracked 
|  12|0x0000000082600000, 0x0000000082700000, 0x0000000082700000|100%| O|  |TAMS 0x0000000082600000| PB 0x0000000082600000| Untracked 
|  13|0x0000000082700000, 0x0000000082800000, 0x0000000082800000|100%| O|  |TAMS 0x0000000082700000| PB 0x0000000082700000| Untracked 
|  14|0x0000000082800000, 0x0000000082900000, 0x0000000082900000|100%| O|  |TAMS 0x0000000082800000| PB 0x0000000082800000| Untracked 
|  15|0x0000000082900000, 0x0000000082a00000, 0x0000000082a00000|100%| O|  |TAMS 0x0000000082900000| PB 0x0000000082900000| Untracked 
|  16|0x0000000082a00000, 0x0000000082b00000, 0x0000000082b00000|100%| O|CS|TAMS 0x0000000082a00000| PB 0x0000000082a00000| Complete 
|  17|0x0000000082b00000, 0x0000000082c00000, 0x0000000082c00000|100%| O|  |TAMS 0x0000000082b00000| PB 0x0000000082b00000| Untracked 
|  18|0x0000000082c00000, 0x0000000082d00000, 0x0000000082d00000|100%| O|CS|TAMS 0x0000000082c00000| PB 0x0000000082c00000| Complete 
|  19|0x0000000082d00000, 0x0000000082e00000, 0x0000000082e00000|100%| O|  |TAMS 0x0000000082d00000| PB 0x0000000082d00000| Untracked 
|  20|0x0000000082e00000, 0x0000000082f00000, 0x0000000082f00000|100%| O|CS|TAMS 0x0000000082e00000| PB 0x0000000082e00000| Complete 
|  21|0x0000000082f00000, 0x0000000083000000, 0x0000000083000000|100%| O|  |TAMS 0x0000000082f00000| PB 0x0000000082f00000| Untracked 
|  22|0x0000000083000000, 0x0000000083100000, 0x0000000083100000|100%| O|  |TAMS 0x0000000083000000| PB 0x0000000083000000| Untracked 
|  23|0x0000000083100000, 0x0000000083200000, 0x0000000083200000|100%| O|  |TAMS 0x0000000083100000| PB 0x0000000083100000| Untracked 
|  24|0x0000000083200000, 0x0000000083300000, 0x0000000083300000|100%| O|  |TAMS 0x0000000083200000| PB 0x0000000083200000| Untracked 
|  25|0x0000000083300000, 0x0000000083400000, 0x0000000083400000|100%| O|  |TAMS 0x0000000083300000| PB 0x0000000083300000| Untracked 
|  26|0x0000000083400000, 0x0000000083500000, 0x0000000083500000|100%| O|  |TAMS 0x0000000083400000| PB 0x0000000083400000| Untracked 
|  27|0x0000000083500000, 0x0000000083600000, 0x0000000083600000|100%| O|  |TAMS 0x0000000083500000| PB 0x0000000083500000| Untracked 
|  28|0x0000000083600000, 0x00000000836e7de0, 0x0000000083700000| 90%| O|  |TAMS 0x0000000083600000| PB 0x0000000083600000| Untracked 
|  29|0x0000000083700000, 0x0000000083700000, 0x0000000083800000|  0%| F|  |TAMS 0x0000000083700000| PB 0x0000000083700000| Untracked 
|  30|0x0000000083800000, 0x0000000083800000, 0x0000000083900000|  0%| F|  |TAMS 0x0000000083800000| PB 0x0000000083800000| Untracked 
|  31|0x0000000083900000, 0x0000000083900000, 0x0000000083a00000|  0%| F|  |TAMS 0x0000000083900000| PB 0x0000000083900000| Untracked 
|  32|0x0000000083a00000, 0x0000000083a22500, 0x0000000083b00000| 13%| E|CS|TAMS 0x0000000083a00000| PB 0x0000000083a00000| Complete 
|  33|0x0000000083b00000, 0x0000000083c00000, 0x0000000083c00000|100%| E|CS|TAMS 0x0000000083b00000| PB 0x0000000083b00000| Complete 
|  34|0x0000000083c00000, 0x0000000083c00000, 0x0000000083d00000|  0%| F|  |TAMS 0x0000000083c00000| PB 0x0000000083c00000| Untracked 
|  35|0x0000000083d00000, 0x0000000083d00000, 0x0000000083e00000|  0%| F|  |TAMS 0x0000000083d00000| PB 0x0000000083d00000| Untracked 
|  36|0x0000000083e00000, 0x0000000083f00000, 0x0000000083f00000|100%| S|  |TAMS 0x0000000083e00000| PB 0x0000000083e00000| Complete 
|  37|0x0000000083f00000, 0x0000000084000000, 0x0000000084000000|100%| E|CS|TAMS 0x0000000083f00000| PB 0x0000000083f00000| Complete 
|  38|0x0000000084000000, 0x0000000084100000, 0x0000000084100000|100%| E|CS|TAMS 0x0000000084000000| PB 0x0000000084000000| Complete 
|  39|0x0000000084100000, 0x0000000084200000, 0x0000000084200000|100%| E|CS|TAMS 0x0000000084100000| PB 0x0000000084100000| Complete 
|  40|0x0000000084200000, 0x0000000084300000, 0x0000000084300000|100%| E|CS|TAMS 0x0000000084200000| PB 0x0000000084200000| Complete 
|  41|0x0000000084300000, 0x0000000084400000, 0x0000000084400000|100%| E|CS|TAMS 0x0000000084300000| PB 0x0000000084300000| Complete 
|  42|0x0000000084400000, 0x0000000084500000, 0x0000000084500000|100%| E|CS|TAMS 0x0000000084400000| PB 0x0000000084400000| Complete 
|  43|0x0000000084500000, 0x0000000084600000, 0x0000000084600000|100%| E|CS|TAMS 0x0000000084500000| PB 0x0000000084500000| Complete 
|  44|0x0000000084600000, 0x0000000084700000, 0x0000000084700000|100%| E|CS|TAMS 0x0000000084600000| PB 0x0000000084600000| Complete 
|  45|0x0000000084700000, 0x0000000084800000, 0x0000000084800000|100%| E|CS|TAMS 0x0000000084700000| PB 0x0000000084700000| Complete 
|  46|0x0000000084800000, 0x0000000084900000, 0x0000000084900000|100%| E|CS|TAMS 0x0000000084800000| PB 0x0000000084800000| Complete 
|  47|0x0000000084900000, 0x0000000084a00000, 0x0000000084a00000|100%| E|CS|TAMS 0x0000000084900000| PB 0x0000000084900000| Complete 
|  48|0x0000000084a00000, 0x0000000084b00000, 0x0000000084b00000|100%| E|CS|TAMS 0x0000000084a00000| PB 0x0000000084a00000| Complete 
|  49|0x0000000084b00000, 0x0000000084c00000, 0x0000000084c00000|100%| E|CS|TAMS 0x0000000084b00000| PB 0x0000000084b00000| Complete 
|  50|0x0000000084c00000, 0x0000000084d00000, 0x0000000084d00000|100%| E|CS|TAMS 0x0000000084c00000| PB 0x0000000084c00000| Complete 
|  51|0x0000000084d00000, 0x0000000084e00000, 0x0000000084e00000|100%| E|CS|TAMS 0x0000000084d00000| PB 0x0000000084d00000| Complete 
|  52|0x0000000084e00000, 0x0000000084f00000, 0x0000000084f00000|100%| E|CS|TAMS 0x0000000084e00000| PB 0x0000000084e00000| Complete 
|  53|0x0000000084f00000, 0x0000000085000000, 0x0000000085000000|100%| E|CS|TAMS 0x0000000084f00000| PB 0x0000000084f00000| Complete 
|  54|0x0000000085000000, 0x0000000085100000, 0x0000000085100000|100%| E|CS|TAMS 0x0000000085000000| PB 0x0000000085000000| Complete 
|  55|0x0000000085100000, 0x0000000085200000, 0x0000000085200000|100%| E|CS|TAMS 0x0000000085100000| PB 0x0000000085100000| Complete 
|  56|0x0000000085200000, 0x0000000085300000, 0x0000000085300000|100%| E|CS|TAMS 0x0000000085200000| PB 0x0000000085200000| Complete 
|  57|0x0000000085300000, 0x0000000085400000, 0x0000000085400000|100%| E|CS|TAMS 0x0000000085300000| PB 0x0000000085300000| Complete 
|  58|0x0000000085400000, 0x0000000085500000, 0x0000000085500000|100%| E|CS|TAMS 0x0000000085400000| PB 0x0000000085400000| Complete 
|  59|0x0000000085500000, 0x0000000085600000, 0x0000000085600000|100%| E|CS|TAMS 0x0000000085500000| PB 0x0000000085500000| Complete 
|  60|0x0000000085600000, 0x0000000085700000, 0x0000000085700000|100%| E|CS|TAMS 0x0000000085600000| PB 0x0000000085600000| Complete 
|  61|0x0000000085700000, 0x0000000085800000, 0x0000000085800000|100%| E|CS|TAMS 0x0000000085700000| PB 0x0000000085700000| Complete 
|  62|0x0000000085800000, 0x0000000085900000, 0x0000000085900000|100%| E|CS|TAMS 0x0000000085800000| PB 0x0000000085800000| Complete 
|  63|0x0000000085900000, 0x0000000085a00000, 0x0000000085a00000|100%| E|CS|TAMS 0x0000000085900000| PB 0x0000000085900000| Complete 
|  67|0x0000000085d00000, 0x0000000085e00000, 0x0000000085e00000|100%| E|CS|TAMS 0x0000000085d00000| PB 0x0000000085d00000| Complete 
|  68|0x0000000085e00000, 0x0000000085f00000, 0x0000000085f00000|100%| E|CS|TAMS 0x0000000085e00000| PB 0x0000000085e00000| Complete 
|  69|0x0000000085f00000, 0x0000000086000000, 0x0000000086000000|100%| E|CS|TAMS 0x0000000085f00000| PB 0x0000000085f00000| Complete 
|  70|0x0000000086000000, 0x0000000086100000, 0x0000000086100000|100%| E|CS|TAMS 0x0000000086000000| PB 0x0000000086000000| Complete 
|  71|0x0000000086100000, 0x0000000086200000, 0x0000000086200000|100%| E|CS|TAMS 0x0000000086100000| PB 0x0000000086100000| Complete 
|  72|0x0000000086200000, 0x0000000086300000, 0x0000000086300000|100%| E|CS|TAMS 0x0000000086200000| PB 0x0000000086200000| Complete 
| 126|0x0000000089800000, 0x0000000089900000, 0x0000000089900000|100%| E|CS|TAMS 0x0000000089800000| PB 0x0000000089800000| Complete 
| 127|0x0000000089900000, 0x0000000089a00000, 0x0000000089a00000|100%| E|CS|TAMS 0x0000000089900000| PB 0x0000000089900000| Complete 

Card table byte_map: [0x000001adff930000,0x000001adffd30000] _byte_map_base: 0x000001adff523000

Marking Bits: (CMBitMap*) 0x000001adf416b410
 Bits: [0x000001ad80000000, 0x000001ad81f98000)

Polling page: 0x000001adf1fc0000

Metaspace:

Usage:
  Non-class:     40.13 MB used.
      Class:      6.66 MB used.
       Both:     46.80 MB used.

Virtual space:
  Non-class space:       64.00 MB reserved,      40.69 MB ( 64%) committed,  1 nodes.
      Class space:        1.00 GB reserved,       7.06 MB ( <1%) committed,  1 nodes.
             Both:        1.06 GB reserved,      47.75 MB (  4%) committed. 

Chunk freelists:
   Non-Class:  6.91 MB
       Class:  8.95 MB
        Both:  15.86 MB

MaxMetaspaceSize: unlimited
CompressedClassSpaceSize: 1.00 GB
Initial GC threshold: 21.00 MB
Current GC threshold: 79.62 MB
CDS: on
 - commit_granule_bytes: 65536.
 - commit_granule_words: 8192.
 - virtual_space_node_default_size: 8388608.
 - enlarge_chunks_in_place: 1.
 - use_allocation_guard: 0.


Internal statistics:

num_allocs_failed_limit: 6.
num_arena_births: 984.
num_arena_deaths: 324.
num_vsnodes_births: 2.
num_vsnodes_deaths: 0.
num_space_committed: 764.
num_space_uncommitted: 0.
num_chunks_returned_to_freelist: 352.
num_chunks_taken_from_freelist: 2621.
num_chunk_merges: 82.
num_chunk_splits: 1840.
num_chunks_enlarged: 1420.
num_inconsistent_stats: 0.

CodeCache: size=49152Kb used=16414Kb max_used=17524Kb free=32737Kb
 bounds [0x000001adfc530000, 0x000001adfd6e0000, 0x000001adff530000]
 total_blobs=9896 nmethods=9258 adapters=562
 compilation: enabled
              stopped_count=0, restarted_count=0
 full_count=0

Compilation events (20 events):
Event: 6773.874 Thread 0x000001adcba6b790 9330       1       com.fasterxml.jackson.databind.deser.std.StdKeyDeserializer$StringKD::deserializeKey (2 bytes)
Event: 6773.874 Thread 0x000001adcba6b790 nmethod 9330 0x000001adfd586e90 code [0x000001adfd587020, 0x000001adfd5870e8]
Event: 6773.878 Thread 0x000001ad8417e0f0 nmethod 9317 0x000001adfd585110 code [0x000001adfd5854c0, 0x000001adfd5862e0]
Event: 6773.879 Thread 0x000001adcba6b0e0 nmethod 9329 0x000001adfd583b90 code [0x000001adfd583e40, 0x000001adfd584870]
Event: 6954.099 Thread 0x000001ad8417e0f0 9331       1       org.springframework.core.convert.support.GenericConversionService$ConvertersForPair::getConverter (65 bytes)
Event: 6954.102 Thread 0x000001ad8417e0f0 nmethod 9331 0x000001adfd583510 code [0x000001adfd583700, 0x000001adfd583a28]
Event: 6954.103 Thread 0x000001ad8417e0f0 9332       1       java.util.concurrent.ConcurrentLinkedDeque::iterator (9 bytes)
Event: 6954.103 Thread 0x000001ad8417e0f0 nmethod 9332 0x000001adfd583090 code [0x000001adfd583240, 0x000001adfd583448]
Event: 6954.103 Thread 0x000001ad8417e0f0 9333       1       java.util.concurrent.ConcurrentLinkedDeque$Itr::<init> (11 bytes)
Event: 6954.104 Thread 0x000001ad8417e0f0 nmethod 9333 0x000001adfd582c90 code [0x000001adfd582e40, 0x000001adfd582fb8]
Event: 6954.104 Thread 0x000001ad8417e0f0 9334       1       java.util.concurrent.ConcurrentLinkedDeque$AbstractItr::<init> (14 bytes)
Event: 6954.104 Thread 0x000001ad8417e0f0 nmethod 9334 0x000001adfd582910 code [0x000001adfd582ac0, 0x000001adfd582bf0]
Event: 6954.104 Thread 0x000001ad8417e0f0 9335       1       java.util.concurrent.ConcurrentLinkedDeque$Itr::startNode (8 bytes)
Event: 6954.105 Thread 0x000001ad8417e0f0 nmethod 9335 0x000001adfd582590 code [0x000001adfd582740, 0x000001adfd582838]
Event: 6984.127 Thread 0x000001ad8417e0f0 9336       1       org.springframework.cloud.commons.publisher.FluxFirstNonEmptyEmitting$RaceCoordinator::subscribe (134 bytes)
Event: 6984.129 Thread 0x000001ad8417e0f0 nmethod 9336 0x000001adfd581910 code [0x000001adfd581b40, 0x000001adfd5821f0]
Event: 7044.453 Thread 0x000001ad8417e0f0 9337   !   1       java.util.ServiceLoader$LazyClassPathLookupIterator::nextProviderClass (248 bytes)
Event: 7044.464 Thread 0x000001ad8417e0f0 nmethod 9337 0x000001adfd57fb90 code [0x000001adfd57ff80, 0x000001adfd580ed0]
Event: 7044.613 Thread 0x000001ad8417e0f0 9338       1       sun.net.util.IPAddressUtil::parseAsciiDigit (63 bytes)
Event: 7044.614 Thread 0x000001ad8417e0f0 nmethod 9338 0x000001adfd57f710 code [0x000001adfd57f8e0, 0x000001adfd57fab8]

GC Heap History (20 events):
Event: 5.163 GC heap after
{Heap after GC invocations=6 (full 0):
 garbage-first heap   total 61440K, used 17107K [0x0000000081a00000, 0x0000000100000000)
  region size 1024K, 3 young (3072K), 3 survivors (3072K)
 Metaspace       used 24077K, committed 24448K, reserved 1114112K
  class space    used 3288K, committed 3456K, reserved 1048576K
}
Event: 6.458 GC heap before
{Heap before GC invocations=6 (full 0):
 garbage-first heap   total 61440K, used 46803K [0x0000000081a00000, 0x0000000100000000)
  region size 1024K, 32 young (32768K), 3 survivors (3072K)
 Metaspace       used 29677K, committed 30144K, reserved 1114112K
  class space    used 4145K, committed 4352K, reserved 1048576K
}
Event: 6.471 GC heap after
{Heap after GC invocations=7 (full 0):
 garbage-first heap   total 61440K, used 19325K [0x0000000081a00000, 0x0000000100000000)
  region size 1024K, 3 young (3072K), 3 survivors (3072K)
 Metaspace       used 29677K, committed 30144K, reserved 1114112K
  class space    used 4145K, committed 4352K, reserved 1048576K
}
Event: 7.533 GC heap before
{Heap before GC invocations=7 (full 0):
 garbage-first heap   total 61440K, used 49021K [0x0000000081a00000, 0x0000000100000000)
  region size 1024K, 32 young (32768K), 3 survivors (3072K)
 Metaspace       used 34673K, committed 35264K, reserved 1114112K
  class space    used 4894K, committed 5184K, reserved 1048576K
}
Event: 7.547 GC heap after
{Heap after GC invocations=8 (full 0):
 garbage-first heap   total 61440K, used 21449K [0x0000000081a00000, 0x0000000100000000)
  region size 1024K, 3 young (3072K), 3 survivors (3072K)
 Metaspace       used 34673K, committed 35264K, reserved 1114112K
  class space    used 4894K, committed 5184K, reserved 1048576K
}
Event: 7.896 GC heap before
{Heap before GC invocations=8 (full 0):
 garbage-first heap   total 61440K, used 33737K [0x0000000081a00000, 0x0000000100000000)
  region size 1024K, 16 young (16384K), 3 survivors (3072K)
 Metaspace       used 35800K, committed 36288K, reserved 1114112K
  class space    used 5077K, committed 5312K, reserved 1048576K
}
Event: 7.907 GC heap after
{Heap after GC invocations=9 (full 0):
 garbage-first heap   total 73728K, used 22197K [0x0000000081a00000, 0x0000000100000000)
  region size 1024K, 1 young (1024K), 1 survivors (1024K)
 Metaspace       used 35800K, committed 36288K, reserved 1114112K
  class space    used 5077K, committed 5312K, reserved 1048576K
}
Event: 9.577 GC heap before
{Heap before GC invocations=10 (full 0):
 garbage-first heap   total 73728K, used 61109K [0x0000000081a00000, 0x0000000100000000)
  region size 1024K, 40 young (40960K), 1 survivors (1024K)
 Metaspace       used 41374K, committed 42048K, reserved 1114112K
  class space    used 5896K, committed 6208K, reserved 1048576K
}
Event: 9.594 GC heap after
{Heap after GC invocations=11 (full 0):
 garbage-first heap   total 73728K, used 26624K [0x0000000081a00000, 0x0000000100000000)
  region size 1024K, 5 young (5120K), 5 survivors (5120K)
 Metaspace       used 41374K, committed 42048K, reserved 1114112K
  class space    used 5896K, committed 6208K, reserved 1048576K
}
Event: 130.253 GC heap before
{Heap before GC invocations=11 (full 0):
 garbage-first heap   total 73728K, used 62464K [0x0000000081a00000, 0x0000000100000000)
  region size 1024K, 41 young (41984K), 5 survivors (5120K)
 Metaspace       used 47416K, committed 48064K, reserved 1114112K
  class space    used 6788K, committed 7104K, reserved 1048576K
}
Event: 130.269 GC heap after
{Heap after GC invocations=12 (full 0):
 garbage-first heap   total 73728K, used 28838K [0x0000000081a00000, 0x0000000100000000)
  region size 1024K, 3 young (3072K), 3 survivors (3072K)
 Metaspace       used 47416K, committed 48064K, reserved 1114112K
  class space    used 6788K, committed 7104K, reserved 1048576K
}
Event: 520.660 GC heap before
{Heap before GC invocations=12 (full 0):
 garbage-first heap   total 73728K, used 62630K [0x0000000081a00000, 0x0000000100000000)
  region size 1024K, 37 young (37888K), 3 survivors (3072K)
 Metaspace       used 47425K, committed 48128K, reserved 1114112K
  class space    used 6790K, committed 7104K, reserved 1048576K
}
Event: 520.667 GC heap after
{Heap after GC invocations=13 (full 0):
 garbage-first heap   total 73728K, used 28487K [0x0000000081a00000, 0x0000000100000000)
  region size 1024K, 3 young (3072K), 3 survivors (3072K)
 Metaspace       used 47425K, committed 48128K, reserved 1114112K
  class space    used 6790K, committed 7104K, reserved 1048576K
}
Event: 911.373 GC heap before
{Heap before GC invocations=13 (full 0):
 garbage-first heap   total 73728K, used 64327K [0x0000000081a00000, 0x0000000100000000)
  region size 1024K, 38 young (38912K), 3 survivors (3072K)
 Metaspace       used 47431K, committed 48128K, reserved 1114112K
  class space    used 6792K, committed 7104K, reserved 1048576K
}
Event: 911.381 GC heap after
{Heap after GC invocations=14 (full 0):
 garbage-first heap   total 73728K, used 28655K [0x0000000081a00000, 0x0000000100000000)
  region size 1024K, 3 young (3072K), 3 survivors (3072K)
 Metaspace       used 47431K, committed 48128K, reserved 1114112K
  class space    used 6792K, committed 7104K, reserved 1048576K
}
Event: 1363.422 GC heap before
{Heap before GC invocations=14 (full 0):
 garbage-first heap   total 73728K, used 47087K [0x0000000081a00000, 0x0000000100000000)
  region size 1024K, 22 young (22528K), 3 survivors (3072K)
 Metaspace       used 48189K, committed 48896K, reserved 1114112K
  class space    used 6897K, committed 7232K, reserved 1048576K
}
Event: 1363.476 GC heap after
{Heap after GC invocations=15 (full 0):
 garbage-first heap   total 73728K, used 29099K [0x0000000081a00000, 0x0000000100000000)
  region size 1024K, 3 young (3072K), 3 survivors (3072K)
 Metaspace       used 48189K, committed 48896K, reserved 1114112K
  class space    used 6897K, committed 7232K, reserved 1048576K
}
Event: 4760.432 GC heap before
{Heap before GC invocations=16 (full 0):
 garbage-first heap   total 73728K, used 64939K [0x0000000081a00000, 0x0000000100000000)
  region size 1024K, 38 young (38912K), 3 survivors (3072K)
 Metaspace       used 47911K, committed 48896K, reserved 1114112K
  class space    used 6822K, committed 7232K, reserved 1048576K
}
Event: 4760.503 GC heap after
{Heap after GC invocations=17 (full 0):
 garbage-first heap   total 73728K, used 29285K [0x0000000081a00000, 0x0000000100000000)
  region size 1024K, 2 young (2048K), 2 survivors (2048K)
 Metaspace       used 47911K, committed 48896K, reserved 1114112K
  class space    used 6822K, committed 7232K, reserved 1048576K
}
Event: 7044.631 GC heap before
{Heap before GC invocations=17 (full 0):
 garbage-first heap   total 73728K, used 65125K [0x0000000081a00000, 0x0000000100000000)
  region size 1024K, 37 young (37888K), 2 survivors (2048K)
 Metaspace       used 47921K, committed 48896K, reserved 1114112K
  class space    used 6824K, committed 7232K, reserved 1048576K
}

Dll operation events (13 events):
Event: 0.036 Loaded shared library C:\Program Files\Java\jdk-21\bin\java.dll
Event: 0.513 Loaded shared library C:\Program Files\Java\jdk-21\bin\zip.dll
Event: 0.518 Loaded shared library C:\Program Files\Java\jdk-21\bin\instrument.dll
Event: 0.527 Loaded shared library C:\Program Files\Java\jdk-21\bin\net.dll
Event: 0.531 Loaded shared library C:\Program Files\Java\jdk-21\bin\nio.dll
Event: 0.540 Loaded shared library C:\Program Files\Java\jdk-21\bin\zip.dll
Event: 0.817 Loaded shared library C:\Users\DELL\Desktop\IntelliJ IDEA 2024.2\bin\breakgen64.dll
Event: 0.826 Loaded shared library C:\Program Files\Java\jdk-21\bin\jimage.dll
Event: 0.834 Loaded shared library C:\Program Files\Java\jdk-21\bin\extnet.dll
Event: 0.859 Loaded shared library C:\Program Files\Java\jdk-21\bin\management.dll
Event: 0.878 Loaded shared library C:\Program Files\Java\jdk-21\bin\management_ext.dll
Event: 9.285 Loaded shared library C:\Program Files\Java\jdk-21\bin\sunmscapi.dll
Event: 9.781 Loaded shared library C:\Program Files\Java\jdk-21\bin\verify.dll

Deoptimization events (16 events):
Event: 1.206 Thread 0x000001adf1eb09e0 DEOPT PACKING pc=0x000001adfc8c715d sp=0x000000a0e5bfcde0
Event: 1.206 Thread 0x000001adf1eb09e0 DEOPT UNPACKING pc=0x000001adfc584e42 sp=0x000000a0e5bfc290 mode 3
Event: 1.225 Thread 0x000001adf1eb09e0 DEOPT PACKING pc=0x000001adfc8dbee0 sp=0x000000a0e5bfcce0
Event: 1.225 Thread 0x000001adf1eb09e0 DEOPT UNPACKING pc=0x000001adfc584e42 sp=0x000000a0e5bfc198 mode 3
Event: 3.381 Thread 0x000001adf1eb09e0 DEOPT PACKING pc=0x000001adfcaeff79 sp=0x000000a0e5bfd060
Event: 3.381 Thread 0x000001adf1eb09e0 DEOPT UNPACKING pc=0x000001adfc584e42 sp=0x000000a0e5bfc540 mode 3
Event: 7.028 Thread 0x000001adf1eb09e0 DEOPT PACKING pc=0x000001adfcda82f9 sp=0x000000a0e5bfb680
Event: 7.028 Thread 0x000001adf1eb09e0 DEOPT UNPACKING pc=0x000001adfc584e42 sp=0x000000a0e5bfab60 mode 3
Event: 8.808 Thread 0x000001adf1eb09e0 DEOPT PACKING pc=0x000001adfca737ec sp=0x000000a0e5bfad50
Event: 8.808 Thread 0x000001adf1eb09e0 DEOPT UNPACKING pc=0x000001adfc584e42 sp=0x000000a0e5bfa218 mode 0
Event: 9.594 Thread 0x000001adf1eb09e0 DEOPT PACKING pc=0x000001adfcf816fd sp=0x000000a0e5bfbdb0
Event: 9.594 Thread 0x000001adf1eb09e0 DEOPT UNPACKING pc=0x000001adfc584e42 sp=0x000000a0e5bfb330 mode 3
Event: 160.356 Thread 0x000001adcba19ce0 DEOPT PACKING pc=0x000001adfd045fc6 sp=0x000000a0e79fe1e0
Event: 160.356 Thread 0x000001adcba19ce0 DEOPT UNPACKING pc=0x000001adfc584e42 sp=0x000000a0e79fd6e8 mode 3
Event: 190.385 Thread 0x000001adcba19ce0 DEOPT PACKING pc=0x000001adfd0436df sp=0x000000a0e79fe490
Event: 190.385 Thread 0x000001adcba19ce0 DEOPT UNPACKING pc=0x000001adfc584e42 sp=0x000000a0e79fda68 mode 3

Classes loaded (20 events):
Event: 10.536 Loading class java/util/concurrent/locks/AbstractQueuedSynchronizer$SharedNode
Event: 10.536 Loading class java/util/concurrent/locks/AbstractQueuedSynchronizer$SharedNode done
Event: 10.574 Loading class java/util/IdentityHashMap$KeySpliterator
Event: 10.574 Loading class java/util/IdentityHashMap$IdentityHashMapSpliterator
Event: 10.574 Loading class java/util/IdentityHashMap$IdentityHashMapSpliterator done
Event: 10.574 Loading class java/util/IdentityHashMap$KeySpliterator done
Event: 673.655 Loading class sun/net/ConnectionResetException
Event: 673.656 Loading class sun/net/ConnectionResetException done
Event: 1031.429 Loading class java/net/Socket$SocketOutputStream
Event: 1031.429 Loading class java/net/Socket$SocketOutputStream done
Event: 1031.429 Loading class sun/nio/ch/NioSocketImpl$2
Event: 1031.429 Loading class sun/nio/ch/NioSocketImpl$2 done
Event: 1032.122 Loading class javax/net/ssl/SSLSession
Event: 1032.122 Loading class javax/net/ssl/SSLSession done
Event: 1032.152 Loading class java/util/zip/CheckedInputStream
Event: 1032.152 Loading class java/util/zip/CheckedInputStream done
Event: 1062.614 Loading class java/lang/invoke/BoundMethodHandle$Species_LLLLLLLLLL
Event: 1062.614 Loading class java/lang/invoke/BoundMethodHandle$Species_LLLLLLLLLL done
Event: 1062.620 Loading class java/lang/invoke/BoundMethodHandle$Species_LLLLLLLLLLL
Event: 1062.620 Loading class java/lang/invoke/BoundMethodHandle$Species_LLLLLLLLLLL done

Classes unloaded (20 events):
Event: 1363.799 Thread 0x000001ad84158070 Unloading class 0x000001ad8600c800 'java/lang/invoke/LambdaForm$MH+0x000001ad8600c800'
Event: 1363.799 Thread 0x000001ad84158070 Unloading class 0x000001ad8600c400 'java/lang/invoke/LambdaForm$DMH+0x000001ad8600c400'
Event: 1363.799 Thread 0x000001ad84158070 Unloading class 0x000001ad8600c000 'java/lang/invoke/LambdaForm$DMH+0x000001ad8600c000'
Event: 1363.799 Thread 0x000001ad84158070 Unloading class 0x000001ad8600a800 'java/lang/invoke/LambdaForm$MH+0x000001ad8600a800'
Event: 1363.800 Thread 0x000001ad84158070 Unloading class 0x000001ad86009c00 'java/lang/invoke/LambdaForm$MH+0x000001ad86009c00'
Event: 1363.800 Thread 0x000001ad84158070 Unloading class 0x000001ad86009800 'java/lang/invoke/LambdaForm$MH+0x000001ad86009800'
Event: 1363.800 Thread 0x000001ad84158070 Unloading class 0x000001ad86009400 'java/lang/invoke/LambdaForm$MH+0x000001ad86009400'
Event: 1363.800 Thread 0x000001ad84158070 Unloading class 0x000001ad86008c00 'java/lang/invoke/LambdaForm$MH+0x000001ad86008c00'
Event: 1363.800 Thread 0x000001ad84158070 Unloading class 0x000001ad86008000 'java/lang/invoke/LambdaForm$MH+0x000001ad86008000'
Event: 1363.800 Thread 0x000001ad84158070 Unloading class 0x000001ad86006c00 'java/lang/invoke/LambdaForm$MH+0x000001ad86006c00'
Event: 1363.800 Thread 0x000001ad84158070 Unloading class 0x000001ad86006800 'java/lang/invoke/LambdaForm$MH+0x000001ad86006800'
Event: 1363.800 Thread 0x000001ad84158070 Unloading class 0x000001ad86006000 'java/lang/invoke/LambdaForm$MH+0x000001ad86006000'
Event: 1363.800 Thread 0x000001ad84158070 Unloading class 0x000001ad86005800 'java/lang/invoke/LambdaForm$MH+0x000001ad86005800'
Event: 1363.800 Thread 0x000001ad84158070 Unloading class 0x000001ad86005000 'java/lang/invoke/LambdaForm$MH+0x000001ad86005000'
Event: 1363.800 Thread 0x000001ad84158070 Unloading class 0x000001ad86004800 'java/lang/invoke/LambdaForm$MH+0x000001ad86004800'
Event: 1363.800 Thread 0x000001ad84158070 Unloading class 0x000001ad86004000 'java/lang/invoke/LambdaForm$MH+0x000001ad86004000'
Event: 1363.800 Thread 0x000001ad84158070 Unloading class 0x000001ad86002400 'java/lang/invoke/LambdaForm$MH+0x000001ad86002400'
Event: 1363.801 Thread 0x000001ad84158070 Unloading class 0x000001ad86002000 'java/lang/invoke/LambdaForm$MH+0x000001ad86002000'
Event: 1363.801 Thread 0x000001ad84158070 Unloading class 0x000001ad86001c00 'java/lang/invoke/LambdaForm$MH+0x000001ad86001c00'
Event: 1363.801 Thread 0x000001ad84158070 Unloading class 0x000001ad86001400 'java/lang/invoke/LambdaForm$MH+0x000001ad86001400'

Classes redefined (0 events):
No events

Internal exceptions (20 events):
Event: 1209.283 Thread 0x000001adcba1b720 Exception <a 'java/io/IOException'{0x000000008506d2c8}> (0x000000008506d2c8) 
thrown [s\open\src\hotspot\share\prims\jni.cpp, line 520]
Event: 1509.290 Thread 0x000001adcba1b720 Exception <a 'java/io/IOException'{0x0000000089893428}> (0x0000000089893428) 
thrown [s\open\src\hotspot\share\prims\jni.cpp, line 520]
Event: 1809.344 Thread 0x000001adcba1b720 Exception <a 'java/io/IOException'{0x0000000089894f00}> (0x0000000089894f00) 
thrown [s\open\src\hotspot\share\prims\jni.cpp, line 520]
Event: 2109.359 Thread 0x000001adcba1b720 Exception <a 'java/io/IOException'{0x0000000085dff620}> (0x0000000085dff620) 
thrown [s\open\src\hotspot\share\prims\jni.cpp, line 520]
Event: 2409.366 Thread 0x000001adcba1b720 Exception <a 'java/io/IOException'{0x0000000085773458}> (0x0000000085773458) 
thrown [s\open\src\hotspot\share\prims\jni.cpp, line 520]
Event: 2709.374 Thread 0x000001adcba1b720 Exception <a 'java/io/IOException'{0x0000000085774f30}> (0x0000000085774f30) 
thrown [s\open\src\hotspot\share\prims\jni.cpp, line 520]
Event: 3009.388 Thread 0x000001adcba1b720 Exception <a 'java/io/IOException'{0x00000000851b8dc8}> (0x00000000851b8dc8) 
thrown [s\open\src\hotspot\share\prims\jni.cpp, line 520]
Event: 3309.403 Thread 0x000001adcba1b720 Exception <a 'java/io/IOException'{0x00000000851ba8a0}> (0x00000000851ba8a0) 
thrown [s\open\src\hotspot\share\prims\jni.cpp, line 520]
Event: 3609.406 Thread 0x000001adcba1b720 Exception <a 'java/io/IOException'{0x00000000851bc378}> (0x00000000851bc378) 
thrown [s\open\src\hotspot\share\prims\jni.cpp, line 520]
Event: 3909.424 Thread 0x000001adcba1b720 Exception <a 'java/io/IOException'{0x0000000084647c78}> (0x0000000084647c78) 
thrown [s\open\src\hotspot\share\prims\jni.cpp, line 520]
Event: 4209.457 Thread 0x000001adcba1b720 Exception <a 'java/io/IOException'{0x0000000084649750}> (0x0000000084649750) 
thrown [s\open\src\hotspot\share\prims\jni.cpp, line 520]
Event: 4509.471 Thread 0x000001adcba1b720 Exception <a 'java/io/IOException'{0x000000008464b228}> (0x000000008464b228) 
thrown [s\open\src\hotspot\share\prims\jni.cpp, line 520]
Event: 4809.485 Thread 0x000001adcba1b720 Exception <a 'java/io/IOException'{0x00000000898ba360}> (0x00000000898ba360) 
thrown [s\open\src\hotspot\share\prims\jni.cpp, line 520]
Event: 5109.654 Thread 0x000001adcba1b720 Exception <a 'java/io/IOException'{0x00000000898bbe38}> (0x00000000898bbe38) 
thrown [s\open\src\hotspot\share\prims\jni.cpp, line 520]
Event: 5409.667 Thread 0x000001adcba1b720 Exception <a 'java/io/IOException'{0x00000000859c95e8}> (0x00000000859c95e8) 
thrown [s\open\src\hotspot\share\prims\jni.cpp, line 520]
Event: 5709.675 Thread 0x000001adcba1b720 Exception <a 'java/io/IOException'{0x00000000859cb0c0}> (0x00000000859cb0c0) 
thrown [s\open\src\hotspot\share\prims\jni.cpp, line 520]
Event: 6009.684 Thread 0x000001adcba1b720 Exception <a 'java/io/IOException'{0x0000000085565de8}> (0x0000000085565de8) 
thrown [s\open\src\hotspot\share\prims\jni.cpp, line 520]
Event: 6309.695 Thread 0x000001adcba1b720 Exception <a 'java/io/IOException'{0x0000000084a64990}> (0x0000000084a64990) 
thrown [s\open\src\hotspot\share\prims\jni.cpp, line 520]
Event: 6609.706 Thread 0x000001adcba1b720 Exception <a 'java/io/IOException'{0x0000000084a66468}> (0x0000000084a66468) 
thrown [s\open\src\hotspot\share\prims\jni.cpp, line 520]
Event: 6909.710 Thread 0x000001adcba1b720 Exception <a 'java/io/IOException'{0x0000000084164c68}> (0x0000000084164c68) 
thrown [s\open\src\hotspot\share\prims\jni.cpp, line 520]

ZGC Phase Switch (0 events):
No events

VM Operations (20 events):
Event: 5813.299 Executing VM operation: Cleanup done
Event: 5963.356 Executing VM operation: Cleanup
Event: 5963.357 Executing VM operation: Cleanup done
Event: 5991.493 Executing VM operation: Cleanup
Event: 5991.493 Executing VM operation: Cleanup done
Event: 6143.763 Executing VM operation: Cleanup
Event: 6143.763 Executing VM operation: Cleanup done
Event: 6564.134 Executing VM operation: Cleanup
Event: 6564.134 Executing VM operation: Cleanup done
Event: 6654.031 Executing VM operation: Cleanup
Event: 6654.031 Executing VM operation: Cleanup done
Event: 6743.957 Executing VM operation: Cleanup
Event: 6743.957 Executing VM operation: Cleanup done
Event: 6772.246 Executing VM operation: Cleanup
Event: 6772.246 Executing VM operation: Cleanup done
Event: 6774.267 Executing VM operation: Cleanup
Event: 6774.267 Executing VM operation: Cleanup done
Event: 6984.517 Executing VM operation: Cleanup
Event: 6984.517 Executing VM operation: Cleanup done
Event: 7044.631 Executing VM operation: G1CollectForAllocation (G1 Evacuation Pause)

Events (20 events):
Event: 5240.658 Thread 0x000001adcb007210 Thread added: 0x000001adcb007210
Event: 5240.658 Thread 0x000001adca595590 Thread added: 0x000001adca595590
Event: 5246.117 Thread 0x000001adca595590 Thread exited: 0x000001adca595590
Event: 5246.133 Thread 0x000001adcb007210 Thread exited: 0x000001adcb007210
Event: 5692.233 Thread 0x000001adcaf39830 Thread added: 0x000001adcaf39830
Event: 5697.269 Thread 0x000001adcaf39830 Thread exited: 0x000001adcaf39830
Event: 5782.379 Thread 0x000001adcaf39830 Thread added: 0x000001adcaf39830
Event: 5787.410 Thread 0x000001adcaf39830 Thread exited: 0x000001adcaf39830
Event: 6713.784 Thread 0x000001adcba6b0e0 Thread added: 0x000001adcba6b0e0
Event: 6713.785 Thread 0x000001adcba6b790 Thread added: 0x000001adcba6b790
Event: 6718.813 Thread 0x000001adcba6b790 Thread exited: 0x000001adcba6b790
Event: 6718.813 Thread 0x000001adcba6b0e0 Thread exited: 0x000001adcba6b0e0
Event: 6742.031 Thread 0x000001adcba6b0e0 Thread added: 0x000001adcba6b0e0
Event: 6742.031 Thread 0x000001adcba6b790 Thread added: 0x000001adcba6b790
Event: 6748.854 Thread 0x000001adcba6b790 Thread exited: 0x000001adcba6b790
Event: 6753.855 Thread 0x000001adcba6b0e0 Thread exited: 0x000001adcba6b0e0
Event: 6773.859 Thread 0x000001adcba6b0e0 Thread added: 0x000001adcba6b0e0
Event: 6773.859 Thread 0x000001adcba6b790 Thread added: 0x000001adcba6b790
Event: 6778.879 Thread 0x000001adcba6b790 Thread exited: 0x000001adcba6b790
Event: 6783.879 Thread 0x000001adcba6b0e0 Thread exited: 0x000001adcba6b0e0


Dynamic libraries:
0x00007ff713cb0000 - 0x00007ff713cc0000 	C:\Program Files\Java\jdk-21\bin\java.exe
0x00007ffa732b0000 - 0x00007ffa734c7000 	C:\Windows\SYSTEM32\ntdll.dll
0x00007ffa70ff0000 - 0x00007ffa710b4000 	C:\Windows\System32\KERNEL32.DLL
0x00007ffa70690000 - 0x00007ffa70a47000 	C:\Windows\System32\KERNELBASE.dll
0x00007ffa70d50000 - 0x00007ffa70e61000 	C:\Windows\System32\ucrtbase.dll
0x00007ffa6a560000 - 0x00007ffa6a579000 	C:\Program Files\Java\jdk-21\bin\jli.dll
0x00007ffa721f0000 - 0x00007ffa722a2000 	C:\Windows\System32\ADVAPI32.dll
0x00007ffa710c0000 - 0x00007ffa71167000 	C:\Windows\System32\msvcrt.dll
0x00007ffa71e80000 - 0x00007ffa71f28000 	C:\Windows\System32\sechost.dll
0x00007ffa705c0000 - 0x00007ffa705e8000 	C:\Windows\System32\bcrypt.dll
0x00007ffa72bb0000 - 0x00007ffa72cc4000 	C:\Windows\System32\RPCRT4.dll
0x00007ffa71cd0000 - 0x00007ffa71e7f000 	C:\Windows\System32\USER32.dll
0x00007ffa705f0000 - 0x00007ffa70616000 	C:\Windows\System32\win32u.dll
0x00007ffa728b0000 - 0x00007ffa728d9000 	C:\Windows\System32\GDI32.dll
0x00007ffa70bb0000 - 0x00007ffa70cc8000 	C:\Windows\System32\gdi32full.dll
0x00007ffa70b10000 - 0x00007ffa70baa000 	C:\Windows\System32\msvcp_win.dll
0x00007ffa6eea0000 - 0x00007ffa6eebb000 	C:\Program Files\Java\jdk-21\bin\VCRUNTIME140.dll
0x00007ffa6f830000 - 0x00007ffa6fac3000 	C:\Windows\WinSxS\amd64_microsoft.windows.common-controls_6595b64144ccf1df_6.0.22621.3672_none_2713b9d173822955\COMCTL32.dll
0x00007ffa70130000 - 0x00007ffa7013a000 	C:\Windows\SYSTEM32\VERSION.dll
0x00007ffa73230000 - 0x00007ffa73261000 	C:\Windows\System32\IMM32.DLL
0x00000000551d0000 - 0x00000000551dc000 	C:\Program Files (x86)\360\Total Security\safemon\SafeWrapper.dll
0x00007ffa5c040000 - 0x00007ffa5c0ec000 	C:\Program Files (x86)\360\Total Security\safemon\libzdtp64.dll
0x00007ffa712a0000 - 0x00007ffa71b09000 	C:\Windows\System32\SHELL32.dll
0x00007ffa72090000 - 0x00007ffa720ee000 	C:\Windows\System32\SHLWAPI.dll
0x00007ffa69a70000 - 0x00007ffa69a7c000 	C:\Program Files\Java\jdk-21\bin\vcruntime140_1.dll
0x00007ffa28f00000 - 0x00007ffa28f8e000 	C:\Program Files\Java\jdk-21\bin\msvcp140.dll
0x00007ff9fccf0000 - 0x00007ff9fda05000 	C:\Program Files\Java\jdk-21\bin\server\jvm.dll
0x00007ffa72810000 - 0x00007ffa72881000 	C:\Windows\System32\WS2_32.dll
0x00007ffa70390000 - 0x00007ffa703dd000 	C:\Windows\SYSTEM32\POWRPROF.dll
0x00007ffa68e20000 - 0x00007ffa68e54000 	C:\Windows\SYSTEM32\WINMM.dll
0x00007ffa70270000 - 0x00007ffa70283000 	C:\Windows\SYSTEM32\UMPDC.dll
0x00007ffa6e630000 - 0x00007ffa6e648000 	C:\Windows\SYSTEM32\kernel.appcore.dll
0x00007ffa69a60000 - 0x00007ffa69a6a000 	C:\Program Files\Java\jdk-21\bin\jimage.dll
0x00007ffa6fdc0000 - 0x00007ffa6fff2000 	C:\Windows\SYSTEM32\DBGHELP.DLL
0x00007ffa722c0000 - 0x00007ffa7264e000 	C:\Windows\System32\combase.dll
0x00007ffa72a40000 - 0x00007ffa72b17000 	C:\Windows\System32\OLEAUT32.dll
0x00007ffa6fcb0000 - 0x00007ffa6fce2000 	C:\Windows\SYSTEM32\dbgcore.DLL
0x00007ffa70cd0000 - 0x00007ffa70d4b000 	C:\Windows\System32\bcryptPrimitives.dll
0x00007ffa5c400000 - 0x00007ffa5c40f000 	C:\Program Files\Java\jdk-21\bin\instrument.dll
0x00007ffa5bfa0000 - 0x00007ffa5bfbf000 	C:\Program Files\Java\jdk-21\bin\java.dll
0x00007ffa6d550000 - 0x00007ffa6de4f000 	C:\Windows\SYSTEM32\windows.storage.dll
0x00007ffa6d410000 - 0x00007ffa6d54f000 	C:\Windows\SYSTEM32\wintypes.dll
0x00007ffa71f30000 - 0x00007ffa72029000 	C:\Windows\System32\SHCORE.dll
0x00007ffa704f0000 - 0x00007ffa70517000 	C:\Windows\SYSTEM32\profapi.dll
0x00007ffa5b970000 - 0x00007ffa5b988000 	C:\Program Files\Java\jdk-21\bin\zip.dll
0x00007ffa59850000 - 0x00007ffa59860000 	C:\Program Files\Java\jdk-21\bin\net.dll
0x00007ffa675e0000 - 0x00007ffa67716000 	C:\Windows\SYSTEM32\WINHTTP.dll
0x00007ffa6ea00000 - 0x00007ffa6ea69000 	C:\Windows\system32\mswsock.dll
0x00007ffa54a90000 - 0x00007ffa54aa6000 	C:\Program Files\Java\jdk-21\bin\nio.dll
0x00007ffa58d10000 - 0x00007ffa58d2a000 	C:\Users\DELL\Desktop\IntelliJ IDEA 2024.2\bin\breakgen64.dll
0x00007ffa58cf0000 - 0x00007ffa58cf7000 	C:\Program Files\Java\jdk-21\bin\extnet.dll
0x00007ffa6e120000 - 0x00007ffa6e222000 	C:\Windows\SYSTEM32\DNSAPI.dll
0x00007ffa6e0b0000 - 0x00007ffa6e0dd000 	C:\Windows\SYSTEM32\IPHLPAPI.DLL
0x00007ffa722b0000 - 0x00007ffa722b9000 	C:\Windows\System32\NSI.dll
0x00007ffa59d80000 - 0x00007ffa59d8a000 	C:\Windows\System32\rasadhlp.dll
0x00007ffa646e0000 - 0x00007ffa64763000 	C:\Windows\System32\fwpuclnt.dll
0x00007ffa59840000 - 0x00007ffa5984a000 	C:\Program Files\Java\jdk-21\bin\management.dll
0x00007ffa58d00000 - 0x00007ffa58d0b000 	C:\Program Files\Java\jdk-21\bin\management_ext.dll
0x00007ffa70fe0000 - 0x00007ffa70fe8000 	C:\Windows\System32\PSAPI.DLL
0x00007ffa70100000 - 0x00007ffa7011b000 	C:\Windows\SYSTEM32\CRYPTSP.dll
0x00007ffa6e590000 - 0x00007ffa6e5c5000 	C:\Windows\system32\rsaenh.dll
0x00007ffa6eaa0000 - 0x00007ffa6eac8000 	C:\Windows\SYSTEM32\USERENV.dll
0x00007ffa6ed30000 - 0x00007ffa6ed3c000 	C:\Windows\SYSTEM32\CRYPTBASE.dll
0x00007ffa444d0000 - 0x00007ffa444e7000 	C:\Windows\system32\napinsp.dll
0x00007ffa57a20000 - 0x00007ffa57a3b000 	C:\Windows\system32\pnrpnsp.dll
0x00007ffa57a00000 - 0x00007ffa57a11000 	C:\Windows\System32\winrnr.dll
0x00007ffa579e0000 - 0x00007ffa579f5000 	C:\Windows\system32\wshbth.dll
0x00007ffa579b0000 - 0x00007ffa579d7000 	C:\Windows\system32\nlansp_c.dll
0x00007ffa529a0000 - 0x00007ffa529ae000 	C:\Program Files\Java\jdk-21\bin\sunmscapi.dll
0x00007ffa70e70000 - 0x00007ffa70fd6000 	C:\Windows\System32\CRYPT32.dll
0x00007ffa6f710000 - 0x00007ffa6f73d000 	C:\Windows\SYSTEM32\ncrypt.dll
0x00007ffa6f6d0000 - 0x00007ffa6f707000 	C:\Windows\SYSTEM32\NTASN1.dll
0x00007ffa52990000 - 0x00007ffa529a0000 	C:\Program Files\Java\jdk-21\bin\verify.dll
0x00007ffa0c3d0000 - 0x00007ffa0c3d8000 	C:\Windows\system32\wshunix.dll

dbghelp: loaded successfully - version: 4.0.5 - missing functions: none
symbol engine: initialized successfully - sym options: 0x614 - pdb path: .;C:\Program Files\Java\jdk-21\bin;C:\Windows\SYSTEM32;C:\Windows\WinSxS\amd64_microsoft.windows.common-controls_6595b64144ccf1df_6.0.22621.3672_none_2713b9d173822955;C:\Program Files (x86)\360\Total Security\safemon;C:\Program Files\Java\jdk-21\bin\server;C:\Users\DELL\Desktop\IntelliJ IDEA 2024.2\bin

VM Arguments:
jvm_args: -XX:TieredStopAtLevel=1 -Dspring.output.ansi.enabled=always -Dcom.sun.management.jmxremote -Dspring.jmx.enabled=true -Dspring.liveBeansView.mbeanDomain -Dspring.application.admin.enabled=true -Dmanagement.endpoints.jmx.exposure.include=* -javaagent:C:\Users\DELL\Desktop\IntelliJ IDEA 2024.2\lib\idea_rt.jar=51852:C:\Users\DELL\Desktop\IntelliJ IDEA 2024.2\bin -Dfile.encoding=UTF-8 -Dsun.stdout.encoding=UTF-8 -Dsun.stderr.encoding=UTF-8 
java_command: africa.semicolon.ApiGatewayApplication
java_class_path (initial): C:\Users\DELL\MicroService\api-gateway\target\classes;C:\Users\DELL\.m2\repository\org\springframework\cloud\spring-cloud-starter-netflix-eureka-client\4.1.2\spring-cloud-starter-netflix-eureka-client-4.1.2.jar;C:\Users\DELL\.m2\repository\org\springframework\cloud\spring-cloud-starter\4.1.3\spring-cloud-starter-4.1.3.jar;C:\Users\DELL\.m2\repository\org\springframework\cloud\spring-cloud-context\4.1.3\spring-cloud-context-4.1.3.jar;C:\Users\DELL\.m2\repository\org\springframework\cloud\spring-cloud-commons\4.1.3\spring-cloud-commons-4.1.3.jar;C:\Users\DELL\.m2\repository\org\springframework\security\spring-security-rsa\1.1.3\spring-security-rsa-1.1.3.jar;C:\Users\DELL\.m2\repository\org\bouncycastle\bcprov-jdk18on\1.78\bcprov-jdk18on-1.78.jar;C:\Users\DELL\.m2\repository\org\springframework\cloud\spring-cloud-netflix-eureka-client\4.1.2\spring-cloud-netflix-eureka-client-4.1.2.jar;C:\Users\DELL\.m2\repository\org\apache\httpcomponents\client5\httpclient5\5.3.1\httpclient5-5.3.1.jar;C:\Users\DELL\.m2\repository\org\apache\httpcomponents\core5\httpcore5\5.2.5\httpcore5-5.2.5.jar;C:\Users\DELL\.m2\repository\org\apache\httpcomponents\core5\httpcore5-h2\5.2.5\httpcore5-h2-5.2.5.jar;C:\Users\DELL\.m2\repository\com\netflix\eureka\eureka-client\2.0.2\eureka-client-2.0.2.jar;C:\Users\DELL\.m2\repository\com\netflix\netflix-commons\netflix-eventbus\0.3.0\netflix-eventbus-0.3.0.jar;C:\Users\DELL\.m2\repository\com\netflix\netflix-commons\netflix-infix\0.3.0\netflix-infix-0.3.0.jar;C:\Users\DELL\.m2\repository\commons-jxpath\commons-jxpath\1.3\commons-jxpath-1.3.jar;C:\Users\DELL\.m2\repository\joda-time\joda-time\2.3\joda-time-2.3.jar;C:\Users\DELL\.m2\repository\org\antlr\antlr-runtime\3.4\antlr-runtime-3.4.jar;C:\Users\DELL\.m2\repository\org\antlr\stringtemplate\3.2.1\stringtemplate-3.2.1.jar;C:\Users\DELL\.m2\repository\antlr\antlr\2.7.7\antlr-2.7.7.jar;C:\Users\DELL\.m2\repository\com\google\code\gson\gson\2.10.1\gson-2.10.1.jar;C:\Users\DELL\.m2\repository\org\apache\commons\commons-math\2.2\commons-math-2.2.jar;C:\Users\DELL\.m2\repository\com\thoughtworks\xstream\xstream\1.4.19\xstream-1.4.19.jar;C:\Users\DELL\.m2\repository\io\github\x-stream\mxparser\1.2.2\mxparser-1.2.2.jar;C:\Users\DELL\.m2\repository\xmlpull\xmlpull\1.1.3.1\xmlpull-1.1.3.1.jar;C:\Users\DELL\.m2\repository\jakarta\ws\rs\jakarta.ws.rs-api\3.1.0\jakarta.ws.rs-api-3.1.0.jar;C:\Users\DELL\.m2\repository\jakarta\inject\jakarta.inject-api\2.0.1\jakarta.inject-api-2.0.1.jar;C:\Users\DELL\.m2\repository\jakarta\annotation\jakarta.annotation-api\2.1.1\jakarta.annotation-api-2.1.1.jar;C:\Users\DELL\.m2\repository\com\netflix\servo\servo-core\0.12.21\servo-core-0.12.21.jar;C:\Users\DELL\.m2\repository\com\google\guava\guava\19.0\guava-19.0.jar;C:\Users\DELL\.m2\repository\org\apache\httpcomponents\httpclient\4.5.3\httpclient-4.5.3.jar;C:\Users\DELL\.m2\repository\org\apache\httpcomponents\httpcore\4.4.16\httpcore-4.4.16.jar;C:\Users\DELL\.m2\repository\commons-codec\commons-codec\1.16.1\commons-codec-1.16.1.jar;C:\Users\DELL\.m2\repository\commons-configuration\commons-configuration\1.10\commons-configuration-1.10.jar;C:\Users\DELL\.m2\repository\commons-lang\commons-lang\2.6\commons-lang-2.6.jar;C:\Users\DELL\.m2\repository\com\fasterxml\jackson\core\jackson-annotations\2.17.2\jackson-annotations-2.17.2.jar;C:\Users\DELL\.m2\repository\com\fasterxml\jackson\core\jackson-core\2.17.2\jackson-core-2.17.2.jar;C:\Users\DELL\.m2\repository\com\fasterxml\jackson\core\jackson-databind\2.17.2\jackson-databind-2.17.2.jar;C:\Users\DELL\.m2\repository\org\codehaus\jettison\jettison\1.5.4\jettison-1.5.4.jar;C:\Users\DELL\.m2\repository\com\netflix\eureka\eureka-core\2.0.2\eureka-core-2.0.2.jar;C:\Users\DELL\.m2\repository\com\fasterxml\woodstox\woodstox-core\6.2.1\woodstox-core-6.2.1.jar;C:\Users\DELL\.m2\repository\org\codehaus\woodstox\stax2-api\4.2.1\stax2-api-4.2.1.jar;C:\Users\DELL\.m2\repository\org\springframework\cloud\spring-cloud-starter-loadbalancer\4.1.3\spring-cloud-starter-loadbalancer-4.1.3.jar;C:\Users\DELL\.m2\repository\org\springframework\cloud\spring-cloud-loadbalancer\4.1.3\spring-cloud-loadbalancer-4.1.3.jar;C:\Users\DELL\.m2\repository\org\springframework\boot\spring-boot-starter-cache\3.3.5\spring-boot-starter-cache-3.3.5.jar;C:\Users\DELL\.m2\repository\org\springframework\spring-context-support\6.1.14\spring-context-support-6.1.14.jar;C:\Users\DELL\.m2\repository\com\stoyanr\evictor\1.0.0\evictor-1.0.0.jar;C:\Users\DELL\.m2\repository\org\springframework\security\spring-security-test\6.3.4\spring-security-test-6.3.4.jar;C:\Users\DELL\.m2\repository\org\springframework\security\spring-security-core\6.3.4\spring-security-core-6.3.4.jar;C:\Users\DELL\.m2\repository\org\springframework\security\spring-security-crypto\6.3.4\spring-security-crypto-6.3.4.jar;C:\Users\DELL\.m2\repository\org\springframework\spring-aop\6.1.14\spring-aop-6.1.14.jar;C:\Users\DELL\.m2\repository\org\springframework\spring-beans\6.1.14\spring-beans-6.1.14.jar;C:\Users\DELL\.m2\repository\org\springframework\spring-context\6.1.14\spring-context-6.1.14.jar;C:\Users\DELL\.m2\repository\org\springframework\spring-expression\6.1.14\spring-expression-6.1.14.jar;C:\Users\DELL\.m2\repository\io\micrometer\micrometer-observation\1.13.6\micrometer-observation-1.13.6.jar;C:\Users\DELL\.m2\repository\io\micrometer\micrometer-commons\1.13.6\micrometer-commons-1.13.6.jar;C:\Users\DELL\.m2\repository\org\springframework\security\spring-security-web\6.3.4\spring-security-web-6.3.4.jar;C:\Users\DELL\.m2\repository\org\springframework\spring-core\6.1.14\spring-core-6.1.14.jar;C:\Users\DELL\.m2\repository\org\springframework\spring-jcl\6.1.14\spring-jcl-6.1.14.jar;C:\Users\DELL\.m2\repository\org\springframework\spring-test\6.1.14\spring-test-6.1.14.jar;C:\Users\DELL\.m2\repository\org\springframework\cloud\spring-cloud-starter-gateway\4.1.4\spring-cloud-starter-gateway-4.1.4.jar;C:\Users\DELL\.m2\repository\org\springframework\cloud\spring-cloud-gateway-server\4.1.4\spring-cloud-gateway-server-4.1.4.jar;C:\Users\DELL\.m2\repository\org\springframework\boot\spring-boot-starter-validation\3.3.5\spring-boot-starter-validation-3.3.5.jar;C:\Users\DELL\.m2\repository\org\apache\tomcat\embed\tomcat-embed-el\10.1.31\tomcat-embed-el-10.1.31.jar;C:\Users\DELL\.m2\repository\org\hibernate\validator\hibernate-validator\8.0.1.Final\hibernate-validator-8.0.1.Final.jar;C:\Users\DELL\.m2\repository\jakarta\validation\jakarta.validation-api\3.0.2\jakarta.validation-api-3.0.2.jar;C:\Users\DELL\.m2\repository\org\jboss\logging\jboss-logging\3.5.3.Final\jboss-logging-3.5.3.Final.jar;C:\Users\DELL\.m2\repository\com\fasterxml\classmate\1.7.0\classmate-1.7.0.jar;C:\Users\DELL\.m2\repository\io\projectreactor\addons\reactor-extra\3.5.2\reactor-extra-3.5.2.jar;C:\Users\DELL\.m2\repository\org\springframework\boot\spring-boot-starter-oauth2-resource-server\3.3.5\spring-boot-starter-oauth2-resource-server-3.3.5.jar;C:\Users\DELL\.m2\repository\org\springframework\boot\spring-boot-starter\3.3.5\spring-boot-starter-3.3.5.jar;C:\Users\DELL\.m2\repository\org\springframework\boot\spring-boot\3.3.5\spring-boot-3.3.5.jar;C:\Users\DELL\.m2\repository\org\springframework\boot\spring-boot-autoconfigure\3.3.5\spring-boot-autoconfigure-3.3.5.jar;C:\Users\DELL\.m2\repository\org\springframework\boot\spring-boot-starter-logging\3.3.5\spring-boot-starter-logging-3.3.5.jar;C:\Users\DELL\.m2\repository\ch\qos\logback\logback-classic\1.5.11\logback-classic-1.5.11.jar;C:\Users\DELL\.m2\repository\ch\qos\logback\logback-core\1.5.11\logback-core-1.5.11.jar;C:\Users\DELL\.m2\repository\org\apache\logging\log4j\log4j-to-slf4j\2.23.1\log4j-to-slf4j-2.23.1.jar;C:\Users\DELL\.m2\repository\org\apache\logging\log4j\log4j-api\2.23.1\log4j-api-2.23.1.jar;C:\Users\DELL\.m2\repository\org\slf4j\jul-to-slf4j\2.0.16\jul-to-slf4j-2.0.16.jar;C:\Users\DELL\.m2\repository\org\yaml\snakeyaml\2.2\snakeyaml-2.2.jar;C:\Users\DELL\.m2\repository\org\springframework\security\spring-security-config\6.3.4\spring-security-config-6.3.4.jar;C:\Users\DELL\.m2\repository\org\springframework\security\spring-security-oauth2-resource-server\6.3.4\spring-security-oauth2-resource-server-6.3.4.jar;C:\Users\DELL\.m2\repository\org\springframework\security\spring-security-oauth2-core\6.3.4\spring-security-oauth2-core-6.3.4.jar;C:\Users\DELL\.m2\repository\org\springframework\security\spring-security-oauth2-jose\6.3.4\spring-security-oauth2-jose-6.3.4.jar;C:\Users\DELL\.m2\repository\com\nimbusds\nimbus-jose-jwt\9.37.3\nimbus-jose-jwt-9.37.3.jar;C:\Users\DELL\.m2\repository\com\github\stephenc\jcip\jcip-annotations\1.0-1\jcip-annotations-1.0-1.jar;C:\Users\DELL\.m2\repository\org\springframework\boot\spring-boot-starter-webflux\3.3.5\spring-boot-starter-webflux-3.3.5.jar;C:\Users\DELL\.m2\repository\org\springframework\boot\spring-boot-starter-json\3.3.5\spring-boot-starter-json-3.3.5.jar;C:\Users\DELL\.m2\repository\com\fasterxml\jackson\datatype\jackson-datatype-jdk8\2.17.2\jackson-datatype-jdk8-2.17.2.jar;C:\Users\DELL\.m2\repository\com\fasterxml\jackson\datatype\jackson-datatype-jsr310\2.17.2\jackson-datatype-jsr310-2.17.2.jar;C:\Users\DELL\.m2\repository\com\fasterxml\jackson\module\jackson-module-parameter-names\2.17.2\jackson-module-parameter-names-2.17.2.jar;C:\Users\DELL\.m2\repository\org\springframework\boot\spring-boot-starter-reactor-netty\3.3.5\spring-boot-starter-reactor-netty-3.3.5.jar;C:\Users\DELL\.m2\repository\io\projectreactor\netty\reactor-netty-http\1.1.23\reactor-netty-http-1.1.23.jar;C:\Users\DELL\.m2\repository\io\netty\netty-codec-http\4.1.114.Final\netty-codec-http-4.1.114.Final.jar;C:\Users\DELL\.m2\repository\io\netty\netty-common\4.1.114.Final\netty-common-4.1.114.Final.jar;C:\Users\DELL\.m2\repository\io\netty\netty-buffer\4.1.114.Final\netty-buffer-4.1.114.Final.jar;C:\Users\DELL\.m2\repository\io\netty\netty-transport\4.1.114.Final\netty-transport-4.1.114.Final.jar;C:\Users\DELL\.m2\repository\io\netty\netty-codec\4.1.114.Final\netty-codec-4.1.114.Final.jar;C:\Users\DELL\.m2\repository\io\netty\netty-handler\4.1.114.Final\netty-handler-4.1.114.Final.jar;C:\Users\DELL\.m2\repository\io\netty\netty-codec-http2\4.1.114.Final\netty-codec-http2-4.1.114.Final.jar;C:\Users\DELL\.m2\repository\io\netty\netty-resolver-dns\4.1.114.Final\netty-resolver-dns-4.1.114.Final.jar;C:\Users\DELL\.m2\repository\io\netty\netty-resolver\4.1.114.Final\netty-resolver-4.1.114.Final.jar;C:\Users\DELL\.m2\repository\io\netty\netty-codec-dns\4.1.114.Final\netty-codec-dns-4.1.114.Final.jar;C:\Users\DELL\.m2\repository\io\netty\netty-resolver-dns-native-macos\4.1.114.Final\netty-resolver-dns-native-macos-4.1.114.Final-osx-x86_64.jar;C:\Users\DELL\.m2\repository\io\netty\netty-resolver-dns-classes-macos\4.1.114.Final\netty-resolver-dns-classes-macos-4.1.114.Final.jar;C:\Users\DELL\.m2\repository\io\netty\netty-transport-native-epoll\4.1.114.Final\netty-transport-native-epoll-4.1.114.Final-linux-x86_64.jar;C:\Users\DELL\.m2\repository\io\netty\netty-transport-native-unix-common\4.1.114.Final\netty-transport-native-unix-common-4.1.114.Final.jar;C:\Users\DELL\.m2\repository\io\netty\netty-transport-classes-epoll\4.1.114.Final\netty-transport-classes-epoll-4.1.114.Final.jar;C:\Users\DELL\.m2\repository\io\projectreactor\netty\reactor-netty-core\1.1.23\reactor-netty-core-1.1.23.jar;C:\Users\DELL\.m2\repository\io\netty\netty-handler-proxy\4.1.114.Final\netty-handler-proxy-4.1.114.Final.jar;C:\Users\DELL\.m2\repository\io\netty\netty-codec-socks\4.1.114.Final\netty-codec-socks-4.1.114.Final.jar;C:\Users\DELL\.m2\repository\org\springframework\spring-web\6.1.14\spring-web-6.1.14.jar;C:\Users\DELL\.m2\repository\org\springframework\spring-webflux\6.1.14\spring-webflux-6.1.14.jar;C:\Users\DELL\.m2\repository\io\projectreactor\reactor-core\3.6.11\reactor-core-3.6.11.jar;C:\Users\DELL\.m2\repository\org\reactivestreams\reactive-streams\1.0.4\reactive-streams-1.0.4.jar;C:\Users\DELL\.m2\repository\org\projectlombok\lombok\1.18.34\lombok-1.18.34.jar;C:\Users\DELL\.m2\repository\org\springframework\boot\spring-boot-starter-test\3.3.5\spring-boot-starter-test-3.3.5.jar;C:\Users\DELL\.m2\repository\org\springframework\boot\spring-boot-test\3.3.5\spring-boot-test-3.3.5.jar;C:\Users\DELL\.m2\repository\org\springframework\boot\spring-boot-test-autoconfigure\3.3.5\spring-boot-test-autoconfigure-3.3.5.jar;C:\Users\DELL\.m2\repository\com\jayway\jsonpath\json-path\2.9.0\json-path-2.9.0.jar;C:\Users\DELL\.m2\repository\org\slf4j\slf4j-api\2.0.16\slf4j-api-2.0.16.jar;C:\Users\DELL\.m2\repository\jakarta\xml\bind\jakarta.xml.bind-api\4.0.2\jakarta.xml.bind-api-4.0.2.jar;C:\Users\DELL\.m2\repository\jakarta\activation\jakarta.activation-api\2.1.3\jakarta.activation-api-2.1.3.jar;C:\Users\DELL\.m2\repository\net\minidev\json-smart\2.5.1\json-smart-2.5.1.jar;C:\Users\DELL\.m2\repository\net\minidev\accessors-smart\2.5.1\accessors-smart-2.5.1.jar;C:\Users\DELL\.m2\repository\org\ow2\asm\asm\9.6\asm-9.6.jar;C:\Users\DELL\.m2\repository\org\assertj\assertj-core\3.25.3\assertj-core-3.25.3.jar;C:\Users\DELL\.m2\repository\net\bytebuddy\byte-buddy\1.14.19\byte-buddy-1.14.19.jar;C:\Users\DELL\.m2\repository\org\awaitility\awaitility\4.2.2\awaitility-4.2.2.jar;C:\Users\DELL\.m2\repository\org\hamcrest\hamcrest\2.2\hamcrest-2.2.jar;C:\Users\DELL\.m2\repository\org\junit\jupiter\junit-jupiter\5.10.5\junit-jupiter-5.10.5.jar;C:\Users\DELL\.m2\repository\org\junit\jupiter\junit-jupiter-api\5.10.5\junit-jupiter-api-5.10.5.jar;C:\Users\DELL\.m2\repository\org\opentest4j\opentest4j\1.3.0\opentest4j-1.3.0.jar;C:\Users\DELL\.m2\repository\org\junit\platform\junit-platform-commons\1.10.5\junit-platform-commons-1.10.5.jar;C:\Users\DELL\.m2\repository\org\apiguardian\apiguardian-api\1.1.2\apiguardian-api-1.1.2.jar;C:\Users\DELL\.m2\repository\org\junit\jupiter\junit-jupiter-params\5.10.5\junit-jupiter-params-5.10.5.jar;C:\Users\DELL\.m2\repository\org\junit\jupiter\junit-jupiter-engine\5.10.5\junit-jupiter-engine-5.10.5.jar;C:\Users\DELL\.m2\repository\org\junit\platform\junit-platform-engine\1.10.5\junit-platform-engine-1.10.5.jar;C:\Users\DELL\.m2\repository\org\mockito\mockito-core\5.11.0\mockito-core-5.11.0.jar;C:\Users\DELL\.m2\repository\net\bytebuddy\byte-buddy-agent\1.14.19\byte-buddy-agent-1.14.19.jar;C:\Users\DELL\.m2\repository\org\objenesis\objenesis\3.3\objenesis-3.3.jar;C:\Users\DELL\.m2\repository\org\mockito\mockito-junit-jupiter\5.11.0\mockito-junit-jupiter-5.11.0.jar;C:\Users\DELL\.m2\repository\org\skyscreamer\jsonassert\1.5.3\jsonassert-1.5.3.jar;C:\Users\DELL\.m2\repository\com\vaadin\external\google\android-json\0.0.20131108.vaadin1\android-json-0.0.20131108.vaadin1.jar;C:\Users\DELL\.m2\repository\org\xmlunit\xmlunit-core\2.9.1\xmlunit-core-2.9.1.jar
Launcher Type: SUN_STANDARD

[Global flags]
     intx CICompilerCount                          = 3                                         {product} {ergonomic}
     uint ConcGCThreads                            = 1                                         {product} {ergonomic}
     uint G1ConcRefinementThreads                  = 4                                         {product} {ergonomic}
   size_t G1HeapRegionSize                         = 1048576                                   {product} {ergonomic}
    uintx GCDrainStackTargetSize                   = 64                                        {product} {ergonomic}
   size_t InitialHeapSize                          = 134217728                                 {product} {ergonomic}
     bool ManagementServer                         = true                                      {product} {command line}
   size_t MarkStackSize                            = 4194304                                   {product} {ergonomic}
   size_t MaxHeapSize                              = 2120220672                                {product} {ergonomic}
   size_t MaxNewSize                               = 1271922688                                {product} {ergonomic}
   size_t MinHeapDeltaBytes                        = 1048576                                   {product} {ergonomic}
   size_t MinHeapSize                              = 8388608                                   {product} {ergonomic}
    uintx NonNMethodCodeHeapSize                   = 4096                                   {pd product} {ergonomic}
    uintx NonProfiledCodeHeapSize                  = 0                                      {pd product} {ergonomic}
     bool ProfileInterpreter                       = false                                  {pd product} {command line}
    uintx ProfiledCodeHeapSize                     = 0                                      {pd product} {ergonomic}
   size_t SoftMaxHeapSize                          = 2120220672                             {manageable} {ergonomic}
     intx TieredStopAtLevel                        = 1                                         {product} {command line}
     bool UseCompressedOops                        = true                           {product lp64_product} {ergonomic}
     bool UseG1GC                                  = true                                      {product} {ergonomic}
     bool UseLargePagesIndividualAllocation        = false                                  {pd product} {ergonomic}

Logging:
Log output configuration:
 #0: stdout all=warning uptime,level,tags foldmultilines=false
 #1: stderr all=off uptime,level,tags foldmultilines=false

Environment Variables:
JAVA_HOME=C:\Program Files\Java\jdk-21
PATH=C:\Program Files (x86)\Common Files\Oracle\Java\javapath;C:\Program Files\Common Files\Oracle\Java\javapath;C:\Windows\system32;C:\Windows;C:\Windows\System32\Wbem;C:\Windows\System32\WindowsPowerShell\v1.0\;C:\Windows\System32\OpenSSH\;C:\Program Files\Git\cmd;C:\Program Files (x86)\Microsoft SQL Server\150\DTS\Binn\;C:\Program Files\Microsoft SQL Server\Client SDK\ODBC\130\Tools\Binn\;C:\Program Files (x86)\Microsoft SQL Server\140\Tools\Binn\;C:\Program Files\Microsoft SQL Server\140\Tools\Binn\;C:\Program Files\Microsoft SQL Server\140\DTS\Binn\;C:\Program Files\nodejs\;C:\Program Files\Go\bin;C:\Program Files\Docker\Docker\resources\bin;C:\Program Files\Java\jdk-21\bin;C:\Users\DELL\.cargo\bin;C:\Program Files\MySQL\MySQL Shell 8.0\bin\;C:\Users\DELL\AppData\Local\Programs\Python\Python312\Scripts\;C:\Users\DELL\AppData\Local\Programs\Python\Python312\;C:\Users\DELL\AppData\Local\Microsoft\WindowsApps;C:\Program Files\JetBrains\IntelliJ IDEA 2023.3.2\bin;;C:\Users\DELL\AppData\Local\Programs\Microsoft VS Code\bin;C:\Users\DELL\AppData\Roaming\npm;C:\Users\DELL\go\bin;C:\Program Files\Java\jdk-21\bin;C:\Program Files\Java\jdk-21\bin;
USERNAME=DELL
OS=Windows_NT
PROCESSOR_IDENTIFIER=Intel64 Family 6 Model 78 Stepping 3, GenuineIntel
TMP=C:\Users\DELL\AppData\Local\Temp
TEMP=C:\Users\DELL\AppData\Local\Temp




Periodic native trim disabled

---------------  S Y S T E M  ---------------

OS:
 Windows 11 , 64 bit Build 22621 (10.0.22621.3958)
OS uptime: 0 days 2:50 hours
Hyper-V role detected

CPU: total 4 (initial active 4) (2 cores per cpu, 2 threads per core) family 6 model 78 stepping 3 microcode 0xf0, cx8, cmov, fxsr, ht, mmx, 3dnowpref, sse, sse2, sse3, ssse3, sse4.1, sse4.2, popcnt, lzcnt, tsc, tscinvbit, avx, avx2, aes, erms, clmul, bmi1, bmi2, rtm, adx, fma, vzeroupper, clflush, clflushopt, hv, rdtscp, f16c
Processor Information for all 4 processors :
  Max Mhz: 2501, Current Mhz: 2501, Mhz Limit: 2501

Memory: 4k page, system-wide physical 8083M (568M free)
TotalPageFile size 20847M (AvailPageFile size 3289M)
current process WorkingSet (physical memory assigned to process): 91M, peak: 199M
current process commit charge ("private bytes"): 238M, peak: 243M

vm_info: Java HotSpot(TM) 64-Bit Server VM (21.0.1+12-LTS-29) for windows-amd64 JRE (21.0.1+12-LTS-29), built on 2023-10-05T13:27:09Z by "mach5one" with MS VC++ 17.1 (VS2022)

END.
