#
# A fatal error has been detected by the Java Runtime Environment:
#
#  EXCEPTION_ACCESS_VIOLATION (0xc0000005) at pc=0x00007ffa8e4d98b4, pid=4964, tid=13596
#
# JRE version: Java(TM) SE Runtime Environment (21.0.1+12) (build 21.0.1+12-LTS-29)
# Java VM: Java HotSpot(TM) 64-Bit Server VM (21.0.1+12-LTS-29, mixed mode, sharing, tiered, compressed oops, compressed class ptrs, g1 gc, windows-amd64)
# Problematic frame:
# V  [jvm.dll+0x2e98b4]
#
# No core dump will be written. Minidumps are not enabled by default on client versions of Windows
#
# If you would like to submit a bug report, please visit:
#   https://bugreport.java.com/bugreport/crash.jsp
#

---------------  S U M M A R Y ------------

Command Line: -ea -Didea.test.cyclic.buffer.size=1048576 -javaagent:C:\Users\DELL\Desktop\IntelliJ IDEA 2024.2\lib\idea_rt.jar=61832:C:\Users\DELL\Desktop\IntelliJ IDEA 2024.2\bin -Dfile.encoding=UTF-8 -Dsun.stdout.encoding=UTF-8 -Dsun.stderr.encoding=UTF-8 com.intellij.rt.junit.JUnitStarter -ideVersion5 -junit5 UserAdapterTest

Host: Intel(R) Core(TM) i5-6300U CPU @ 2.40GHz, 4 cores, 7G,  Windows 11 , 64 bit Build 22621 (10.0.22621.3958)
Time: Tue Nov 12 08:53:10 2024 W. Central Africa Standard Time elapsed time: 1.091601 seconds (0d 0h 0m 1s)

---------------  T H R E A D  ---------------

Current thread (0x000001b4566ac5d0):  JavaThread "Attach Listener" daemon [_thread_in_vm, id=13596, stack(0x0000003ed6100000,0x0000003ed6200000) (1024K)]

Stack: [0x0000003ed6100000,0x0000003ed6200000],  sp=0x0000003ed61fe830,  free space=1018k
Native frames: (J=compiled Java code, j=interpreted, Vv=VM code, C=native code)
V  [jvm.dll+0x2e98b4]
V  [jvm.dll+0x2e9772]
V  [jvm.dll+0x7cdaf9]
V  [jvm.dll+0x7ce3ef]
V  [jvm.dll+0x7ce098]
V  [jvm.dll+0x26ebdb]
V  [jvm.dll+0x26ee0a]
V  [jvm.dll+0x5cf3e7]
V  [jvm.dll+0x5d239f]
V  [jvm.dll+0x3d7360]
V  [jvm.dll+0x3d69dd]
C  0x000001b4497a96e0

The last pc belongs to invokestatic (printed below).
Java frames: (J=compiled Java code, j=interpreted, Vv=VM code)
j  java.util.Properties.saveConvert(Ljava/lang/String;ZZ)Ljava/lang/String;+32 java.base@21.0.1
j  java.util.Properties.store0(Ljava/io/BufferedWriter;Ljava/lang/String;Z)V+134 java.base@21.0.1
j  java.util.Properties.store(Ljava/io/OutputStream;Ljava/lang/String;)V+21 java.base@21.0.1
j  jdk.internal.vm.VMSupport.serializePropertiesToByteArray(Ljava/util/Properties;)[B+14 java.base@21.0.1
j  jdk.internal.vm.VMSupport.serializeAgentPropertiesToByteArray()[B+6 java.base@21.0.1
v  ~StubRoutines::call_stub 0x000001b44979100d

siginfo: EXCEPTION_ACCESS_VIOLATION (0xc0000005), reading address 0xffffffffffffffff


Registers:
RAX=0x000001b49c1149f0, RBX=0x000001b4574a32a8, RCX=0x002001b49c114970, RDX=0x000000003f34b63c
RSP=0x0000003ed61fe830, RBP=0x000001b43844ab70, RSI=0x0000000000000000, RDI=0x000001b4566ac5d0
R8 =0x000001b456550880, R9 =0x0000000000000000, R10=0x0000000000000018, R11=0x0000003ed61fec90
R12=0x000000000073000b, R13=0x000001b4566ac5d0, R14=0x0000000000000000, R15=0x000001b45652e860
RIP=0x00007ffa8e4d98b4, EFLAGS=0x0000000000010206


Register to memory mapping:

RAX=0x000001b49c1149f0 points into unknown readable memory: 0x000001b4567ec9a0 | a0 c9 7e 56 b4 01 00 00
RBX=0x000001b4574a32a8 is pointing into metadata
RCX=0x002001b49c114970 is an unknown value
RDX=0x000000003f34b63c is an unknown value
RSP=0x0000003ed61fe830 is pointing into the stack for thread: 0x000001b4566ac5d0
RBP=0x000001b43844ab70 points into unknown readable memory: 0x0000000000000000 | 00 00 00 00 00 00 00 00
RSI=0x0 is null
RDI=0x000001b4566ac5d0 is a thread
R8 =0x000001b456550880 points into unknown readable memory: 0x000001b49c1149f0 | f0 49 11 9c b4 01 00 00
R9 =0x0 is null
R10=0x0000000000000018 is an unknown value
R11=0x0000003ed61fec90 is pointing into the stack for thread: 0x000001b4566ac5d0
R12=0x000000000073000b is an unknown value
R13=0x000001b4566ac5d0 is a thread
R14=0x0 is null
R15=0x000001b45652e860 points into unknown readable memory: 0x0000000000000000 | 00 00 00 00 00 00 00 00

Top of Stack: (sp=0x0000003ed61fe830)
0x0000003ed61fe830:   00000000000003d8 000001b45669b530
0x0000003ed61fe840:   0000d581f152d26a 00007ffa8e613db5
0x0000003ed61fe850:   000001b4566ac5d0 0000000000000000
0x0000003ed61fe860:   0000000000000000 00007ffa8e4d9772
0x0000003ed61fe870:   0000003ed61febe8 0000000000000000
0x0000003ed61fe880:   000001b4574a32a8 00007ffa8eba5f88
0x0000003ed61fe890:   0000000000000000 00007ffa8e9bdaf9
0x0000003ed61fe8a0:   0000000000000000 000001b4566acc40
0x0000003ed61fe8b0:   0000d581f152e0da 000001b4566ad028
0x0000003ed61fe8c0:   0000000000000000 000001b457008128
0x0000003ed61fe8d0:   000001b439e23800 000001b457bf4d8b
0x0000003ed61fe8e0:   0000000000000000 0000000000000000
0x0000003ed61fe8f0:   000001b4566ac500 0000003ed61fea10
0x0000003ed61fe900:   0000000000000000 00007ffa8e7c30e0
0x0000003ed61fe910:   0000000000000000 0000000000000000
0x0000003ed61fe920:   000001b4566ac5d0 000001b4566ac5d0
0x0000003ed61fe930:   000001b4566a14a0 000001b456681f00
0x0000003ed61fe940:   000001b456681f10 000001b456681fe8
0x0000003ed61fe950:   00000000000000d8 0000003ed61fea90
0x0000003ed61fe960:   0000000000000071 000001b4566ac5d0
0x0000003ed61fe970:   000001b4574a32a8 0000000000000000
0x0000003ed61fe980:   0000000000000013 0000000000000001
0x0000003ed61fe990:   0000000000000000 00007ffa8e9be3ef
0x0000003ed61fe9a0:   000001b4574a32a8 00007ffa8e7c30e0
0x0000003ed61fe9b0:   0000000000000000 0000000000000000
0x0000003ed61fe9c0:   000001b4566ac5d0 000001b4574a35a8
0x0000003ed61fe9d0:   000001b4566ac5d0 0000000000000000
0x0000003ed61fe9e0:   000001b4574606d8 000001b4574606d8
0x0000003ed61fe9f0:   000001b4566ac5d0 00007ffa8e434f5b
0x0000003ed61fea00:   0000000000000071 0000003ed61feb28
0x0000003ed61fea10:   000001b457bf4d90 000000000073000b
0x0000003ed61fea20:   000001b4566ac5d0 00007ffa8e9be098 

Instructions: (pc=0x00007ffa8e4d98b4)
0x00007ffa8e4d97b4:   c4 20 5f c3 cc cc cc cc cc cc cc cc 48 83 ec 28
0x00007ffa8e4d97c4:   e8 17 00 00 00 48 85 c0 74 08 48 8b 00 48 83 c4
0x00007ffa8e4d97d4:   28 c3 48 83 c4 28 c3 cc cc cc cc cc 48 89 5c 24
0x00007ffa8e4d97e4:   10 48 89 6c 24 18 56 57 41 56 48 83 ec 20 48 8b
0x00007ffa8e4d97f4:   b2 a8 01 00 00 45 33 f6 48 8b 69 08 49 8b d8 48
0x00007ffa8e4d9804:   8b fa 48 8b c6 40 f6 c6 01 75 0b 48 8b 05 aa 8a
0x00007ffa8e4d9814:   93 00 48 83 c8 01 48 89 82 a8 01 00 00 e8 9a 04
0x00007ffa8e4d9824:   3d 00 90 48 8b 45 50 48 85 c0 74 0a 4c 89 75 50
0x00007ffa8e4d9834:   e8 87 04 3d 00 90 8b 0b 0f b6 43 07 0f b6 53 06
0x00007ffa8e4d9844:   48 c1 e2 08 48 0b d0 c1 e9 10 0f b7 43 04 48 c1
0x00007ffa8e4d9854:   e0 08 48 33 d0 48 8b c3 48 83 e0 f8 48 c1 e2 03
0x00007ffa8e4d9864:   48 33 d0 0f b7 c1 81 e2 ff ff 07 00 48 c1 e2 0d
0x00007ffa8e4d9874:   48 0b d0 48 8b 45 10 48 8b 48 18 48 8b 00 48 23
0x00007ffa8e4d9884:   ca 4c 8d 04 c8 48 8b 04 c8 d0 e8 a8 01 74 12 48
0x00007ffa8e4d9894:   8b 45 18 48 8b 48 18 48 8b 00 48 23 ca 4c 8d 04
0x00007ffa8e4d98a4:   c8 49 8b 00 48 83 e0 fc 74 17 66 90 48 8b 48 08
0x00007ffa8e4d98b4:   48 8b 11 48 39 5a 18 74 08 48 8b 00 48 85 c0 75
0x00007ffa8e4d98c4:   eb 48 85 c0 48 8d 48 08 49 0f 44 ce 48 85 c9 74
0x00007ffa8e4d98d4:   05 48 8b 01 eb 03 49 8b c6 48 8b 5c 24 48 48 8b
0x00007ffa8e4d98e4:   6c 24 50 48 89 b7 a8 01 00 00 48 83 c4 20 41 5e
0x00007ffa8e4d98f4:   5f 5e c3 cc cc cc cc cc cc cc cc cc 4d 3b c1 0f
0x00007ffa8e4d9904:   83 f3 01 00 00 4c 89 4c 24 20 55 41 55 41 57 48
0x00007ffa8e4d9914:   83 ec 50 48 89 5c 24 70 4d 8b e8 48 89 74 24 48
0x00007ffa8e4d9924:   4c 8b fa 48 89 7c 24 40 48 8b e9 4c 89 64 24 38
0x00007ffa8e4d9934:   4c 89 74 24 30 0f 1f 80 00 00 00 00 48 8b 45 10
0x00007ffa8e4d9944:   48 8b 08 4a 8d 3c e9 33 db 0f 1f 00 48 8b 07 a8
0x00007ffa8e4d9954:   01 75 15 48 8b 07 48 83 e0 fc 48 8b c8 48 83 c9
0x00007ffa8e4d9964:   01 f0 48 0f b1 0f 74 18 ff c3 81 fb 00 20 00 00
0x00007ffa8e4d9974:   75 07 e8 15 b1 3d 00 eb ce e8 3e 54 d2 ff eb cc
0x00007ffa8e4d9984:   48 8b 45 10 4c 8b 60 10 48 8b 07 4d 03 e5 48 8b
0x00007ffa8e4d9994:   4d 18 4e 8d 04 e5 00 00 00 00 4c 89 44 24 20 48
0x00007ffa8e4d99a4:   8b 11 4a 89 04 ea 48 8b 07 48 8b 4d 18 48 8b 11 


Stack slot to memory mapping:

stack at sp + 0 slots: 0x00000000000003d8 is an unknown value
stack at sp + 1 slots: 0x000001b45669b530 points into unknown readable memory: 0x0000001e00000005 | 05 00 00 00 1e 00 00 00
stack at sp + 2 slots: 0x0000d581f152d26a is an unknown value
stack at sp + 3 slots: 0x00007ffa8e613db5 jvm.dll
stack at sp + 4 slots: 0x000001b4566ac5d0 is a thread
stack at sp + 5 slots: 0x0 is null
stack at sp + 6 slots: 0x0 is null
stack at sp + 7 slots: 0x00007ffa8e4d9772 jvm.dll

invokestatic  184 invokestatic  [0x000001b4497a9640, 0x000001b4497a98e8]  680 bytes
[MachCode]
  0x000001b4497a9640: 4883 ec08 | c5fa 1104 | 24eb 1f48 | 83ec 10c5 | fb11 0424 | eb14 4883 | ec10 4889 | 0424 48c7 
  0x000001b4497a9660: 4424 0800 | 0000 00eb | 0150 4c89 | 6dc0 410f | b755 0148 | 8b4d d0c1 | e202 8b5c | d138 c1eb 
  0x000001b4497a9680: 1081 e3ff | 0000 0081 | fbb8 0000 | 000f 84b4 | 0000 00bb | b800 0000 | e805 0000 | 00e9 9900 
  0x000001b4497a96a0: 0000 488b | d348 8d44 | 2408 4c89 | 6dc0 498b | cfc5 f877 | 4989 afa8 | 0300 0049 | 8987 9803 
  0x000001b4497a96c0: 0000 4883 | ec20 40f6 | c40f 0f84 | 1900 0000 | 4883 ec08 | 48b8 7069 | 5c8e fa7f | 0000 ffd0 
  0x000001b4497a96e0: 4883 c408 | e90c 0000 | 0048 b870 | 695c 8efa | 7f00 00ff | d048 83c4 | 2049 c787 | 9803 0000 
  0x000001b4497a9700: 0000 0000 | 49c7 87a8 | 0300 0000 | 0000 0049 | c787 a003 | 0000 0000 | 0000 c5f8 | 7749 837f 
  0x000001b4497a9720: 0800 0f84 | 0500 0000 | e9d3 77fe | ff4c 8b6d | c04c 8b75 | c84e 8d74 | f500 c341 | 0fb7 5501 
  0x000001b4497a9740: 488b 4dd0 | c1e2 0248 | 8b5c d140 | 488b 5b08 | 488b 5b08 | 488b 5b18 | 80bb 2001 | 0000 050f 
  0x000001b4497a9760: 840d 0000 | 004c 3bbb | 3001 0000 | 0f85 21ff | ffff 488b | 5cd1 408b | 54d1 50c1 | ea1c 49ba 
  0x000001b4497a9780: 909e e38e | fa7f 0000 | 498b 14d2 | 5248 8b45 | d848 85c0 | 0f84 1200 | 0000 4883 | 4008 0148 
  0x000001b4497a97a0: 8358 0800 | 4883 c010 | 4889 45d8 | 488b 45d8 | 4885 c00f | 8423 0100 | 0080 78f0 | 0a0f 8519 
  0x000001b4497a97c0: 0100 0048 | 83c0 084c | 8b68 f841 | 83ed 0041 | 83fd 020f | 8cf8 0000 | 004c 8b6b | 0845 0fb7 
  0x000001b4497a97e0: 6d2e 4c2b | 2841 83ed | 014e 8b6c | ec08 4d85 | ed75 0748 | 8348 0801 | eb4a 458b | 6d08 49ba 
  0x000001b4497a9800: 0000 0057 | b401 0000 | 4d03 ea4c | 3368 0849 | f7c5 fcff | ffff 742c | 41f6 c502 | 7526 4883 
  0x000001b4497a9820: 7808 0074 | 1b48 8378 | 0801 7414 | 4c33 6808 | 49f7 c5fc | ffff ff74 | 0b48 8348 | 0802 eb04 
  0x000001b4497a9840: 4c89 6808 | 4883 c010 | 4c8b 68e8 | 4183 ed02 | 4183 fd02 | 0f8c 7700 | 0000 4c8b | 6b08 450f 
  0x000001b4497a9860: b76d 2e4c | 2b28 4183 | ed01 4e8b | 6cec 084d | 85ed 7507 | 4883 4808 | 01eb 4a45 | 8b6d 0849 
  0x000001b4497a9880: ba00 0000 | 57b4 0100 | 004d 03ea | 4c33 6808 | 49f7 c5fc | ffff ff74 | 2c41 f6c5 | 0275 2648 
  0x000001b4497a98a0: 8378 0800 | 741b 4883 | 7808 0174 | 144c 3368 | 0849 f7c5 | fcff ffff | 740b 4883 | 4808 02eb 
  0x000001b4497a98c0: 044c 8968 | 0848 83c0 | 104c 8b68 | d841 83ed | 0441 c1e5 | 0349 03c5 | 4889 45d8 | 4c8d 6c24 
  0x000001b4497a98e0: 084c 896d | f0ff 6350 
[/MachCode]

---------------  P R O C E S S  ---------------

Threads class SMR info:
_java_thread_list=0x000001b4569b70f0, length=12, elements={
0x000001b439e2a830, 0x000001b4566a2500, 0x000001b4566a34d0, 0x000001b4566a9f50,
0x000001b4566ac5d0, 0x000001b4566af5a0, 0x000001b4566b07a0, 0x000001b4566b71e0,
0x000001b4566be0b0, 0x000001b4569b44d0, 0x000001b456a3aa00, 0x000001b456a43960
}

Java Threads: ( => current thread )
  0x000001b439e2a830 JavaThread "main"                              [_thread_in_vm, id=1280, stack(0x0000003ed5600000,0x0000003ed5700000) (1024K)] _threads_hazard_ptr=0x000001b4569b70f0
  0x000001b4566a2500 JavaThread "Reference Handler"          daemon [_thread_blocked, id=18388, stack(0x0000003ed5e00000,0x0000003ed5f00000) (1024K)]
  0x000001b4566a34d0 JavaThread "Finalizer"                  daemon [_thread_blocked, id=16996, stack(0x0000003ed5f00000,0x0000003ed6000000) (1024K)]
  0x000001b4566a9f50 JavaThread "Signal Dispatcher"          daemon [_thread_blocked, id=4956, stack(0x0000003ed6000000,0x0000003ed6100000) (1024K)]
=>0x000001b4566ac5d0 JavaThread "Attach Listener"            daemon [_thread_in_vm, id=13596, stack(0x0000003ed6100000,0x0000003ed6200000) (1024K)]
  0x000001b4566af5a0 JavaThread "Service Thread"             daemon [_thread_blocked, id=12728, stack(0x0000003ed6200000,0x0000003ed6300000) (1024K)]
  0x000001b4566b07a0 JavaThread "Monitor Deflation Thread"   daemon [_thread_blocked, id=8864, stack(0x0000003ed6300000,0x0000003ed6400000) (1024K)]
  0x000001b4566b71e0 JavaThread "C2 CompilerThread0"         daemon [_thread_blocked, id=15680, stack(0x0000003ed6400000,0x0000003ed6500000) (1024K)]
  0x000001b4566be0b0 JavaThread "C1 CompilerThread0"         daemon [_thread_blocked, id=16344, stack(0x0000003ed6500000,0x0000003ed6600000) (1024K)]
  0x000001b4569b44d0 JavaThread "Common-Cleaner"             daemon [_thread_blocked, id=4180, stack(0x0000003ed6600000,0x0000003ed6700000) (1024K)]
  0x000001b456a3aa00 JavaThread "Monitor Ctrl-Break"         daemon [_thread_in_native, id=16320, stack(0x0000003ed6700000,0x0000003ed6800000) (1024K)]
  0x000001b456a43960 JavaThread "Notification Thread"        daemon [_thread_blocked, id=17096, stack(0x0000003ed6800000,0x0000003ed6900000) (1024K)]
Total: 12

Other Threads:
  0x000001b45668ab80 VMThread "VM Thread"                           [id=10116, stack(0x0000003ed5d00000,0x0000003ed5e00000) (1024K)]
  0x000001b45666e160 WatcherThread "VM Periodic Task Thread"        [id=14160, stack(0x0000003ed5c00000,0x0000003ed5d00000) (1024K)]
  0x000001b439e808c0 WorkerThread "GC Thread#0"                     [id=8840, stack(0x0000003ed5700000,0x0000003ed5800000) (1024K)]
  0x000001b49c09b210 WorkerThread "GC Thread#1"                     [id=7388, stack(0x0000003ed6900000,0x0000003ed6a00000) (1024K)]
  0x000001b456a5e310 WorkerThread "GC Thread#2"                     [id=14444, stack(0x0000003ed6a00000,0x0000003ed6b00000) (1024K)]
  0x000001b439e8d6e0 ConcurrentGCThread "G1 Main Marker"            [id=7876, stack(0x0000003ed5800000,0x0000003ed5900000) (1024K)]
  0x000001b439e8f000 WorkerThread "G1 Conc#0"                       [id=17484, stack(0x0000003ed5900000,0x0000003ed5a00000) (1024K)]
  0x000001b456532a80 ConcurrentGCThread "G1 Refine#0"               [id=8204, stack(0x0000003ed5a00000,0x0000003ed5b00000) (1024K)]
  0x000001b456533500 ConcurrentGCThread "G1 Service"                [id=10352, stack(0x0000003ed5b00000,0x0000003ed5c00000) (1024K)]
Total: 9

Threads with active compile tasks:
Total: 0

VM state: not at safepoint (normal execution)

VM Mutex/Monitor currently owned by a thread: None

Heap address: 0x0000000081a00000, size: 2022 MB, Compressed Oops mode: 32-bit

CDS archive(s) mapped at: [0x000001b457000000-0x000001b457c90000-0x000001b457c90000), size 13172736, SharedBaseAddress: 0x000001b457000000, ArchiveRelocationMode: 1.
Compressed class space mapped at: 0x000001b458000000-0x000001b498000000, reserved size: 1073741824
Narrow klass base: 0x000001b457000000, Narrow klass shift: 0, Narrow klass range: 0x100000000

GC Precious Log:
 CardTable entry size: 512
 Card Set container configuration: InlinePtr #cards 5 size 8 Array Of Cards #cards 12 size 40 Howl #buckets 4 coarsen threshold 1843 Howl Bitmap #cards 512 size 80 coarsen threshold 460 Card regions per heap region 1 cards per card region 2048
 CPUs: 4 total, 4 available
 Memory: 8083M
 Large Page Support: Disabled
 NUMA Support: Disabled
 Compressed Oops: Enabled (32-bit)
 Heap Region Size: 1M
 Heap Min Capacity: 8M
 Heap Initial Capacity: 128M
 Heap Max Capacity: 2022M
 Pre-touch: Disabled
 Parallel Workers: 4
 Concurrent Workers: 1
 Concurrent Refinement Workers: 4
 Periodic GC: Disabled

Heap:
 garbage-first heap   total 131072K, used 14806K [0x0000000081a00000, 0x0000000100000000)
  region size 1024K, 6 young (6144K), 2 survivors (2048K)
 Metaspace       used 2170K, committed 2304K, reserved 1114112K
  class space    used 174K, committed 256K, reserved 1048576K

Heap Regions: E=young(eden), S=young(survivor), O=old, HS=humongous(starts), HC=humongous(continues), CS=collection set, F=free, TAMS=top-at-mark-start, PB=parsable bottom
|   0|0x0000000081a00000, 0x0000000081b00000, 0x0000000081b00000|100%|HS|  |TAMS 0x0000000081a00000| PB 0x0000000081a00000| Complete 
|   1|0x0000000081b00000, 0x0000000081c00000, 0x0000000081c00000|100%|HS|  |TAMS 0x0000000081b00000| PB 0x0000000081b00000| Complete 
|   2|0x0000000081c00000, 0x0000000081d00000, 0x0000000081d00000|100%|HC|  |TAMS 0x0000000081c00000| PB 0x0000000081c00000| Complete 
|   3|0x0000000081d00000, 0x0000000081e00000, 0x0000000081e00000|100%|HS|  |TAMS 0x0000000081d00000| PB 0x0000000081d00000| Complete 
|   4|0x0000000081e00000, 0x0000000081e00000, 0x0000000081f00000|  0%| F|  |TAMS 0x0000000081e00000| PB 0x0000000081e00000| Untracked 
|   5|0x0000000081f00000, 0x0000000082000000, 0x0000000082000000|100%| O|  |TAMS 0x0000000081f00000| PB 0x0000000081f00000| Untracked 
|   6|0x0000000082000000, 0x0000000082100000, 0x0000000082100000|100%| O|  |TAMS 0x0000000082000000| PB 0x0000000082000000| Untracked 
|   7|0x0000000082100000, 0x0000000082200000, 0x0000000082200000|100%| O|  |TAMS 0x0000000082100000| PB 0x0000000082100000| Untracked 
|   8|0x0000000082200000, 0x0000000082300000, 0x0000000082300000|100%| O|  |TAMS 0x0000000082200000| PB 0x0000000082200000| Untracked 
|   9|0x0000000082300000, 0x0000000082400000, 0x0000000082400000|100%| O|  |TAMS 0x0000000082300000| PB 0x0000000082300000| Untracked 
|  10|0x0000000082400000, 0x0000000082475ba8, 0x0000000082500000| 45%| O|  |TAMS 0x0000000082400000| PB 0x0000000082400000| Untracked 
|  11|0x0000000082500000, 0x0000000082500000, 0x0000000082600000|  0%| F|  |TAMS 0x0000000082500000| PB 0x0000000082500000| Untracked 
|  12|0x0000000082600000, 0x0000000082600000, 0x0000000082700000|  0%| F|  |TAMS 0x0000000082600000| PB 0x0000000082600000| Untracked 
|  13|0x0000000082700000, 0x0000000082700000, 0x0000000082800000|  0%| F|  |TAMS 0x0000000082700000| PB 0x0000000082700000| Untracked 
|  14|0x0000000082800000, 0x0000000082800000, 0x0000000082900000|  0%| F|  |TAMS 0x0000000082800000| PB 0x0000000082800000| Untracked 
|  15|0x0000000082900000, 0x0000000082900000, 0x0000000082a00000|  0%| F|  |TAMS 0x0000000082900000| PB 0x0000000082900000| Untracked 
|  16|0x0000000082a00000, 0x0000000082a00000, 0x0000000082b00000|  0%| F|  |TAMS 0x0000000082a00000| PB 0x0000000082a00000| Untracked 
|  17|0x0000000082b00000, 0x0000000082b00000, 0x0000000082c00000|  0%| F|  |TAMS 0x0000000082b00000| PB 0x0000000082b00000| Untracked 
|  18|0x0000000082c00000, 0x0000000082c00000, 0x0000000082d00000|  0%| F|  |TAMS 0x0000000082c00000| PB 0x0000000082c00000| Untracked 
|  19|0x0000000082d00000, 0x0000000082d00000, 0x0000000082e00000|  0%| F|  |TAMS 0x0000000082d00000| PB 0x0000000082d00000| Untracked 
|  20|0x0000000082e00000, 0x0000000082e00000, 0x0000000082f00000|  0%| F|  |TAMS 0x0000000082e00000| PB 0x0000000082e00000| Untracked 
|  21|0x0000000082f00000, 0x0000000082f00000, 0x0000000083000000|  0%| F|  |TAMS 0x0000000082f00000| PB 0x0000000082f00000| Untracked 
|  22|0x0000000083000000, 0x0000000083000000, 0x0000000083100000|  0%| F|  |TAMS 0x0000000083000000| PB 0x0000000083000000| Untracked 
|  23|0x0000000083100000, 0x0000000083100000, 0x0000000083200000|  0%| F|  |TAMS 0x0000000083100000| PB 0x0000000083100000| Untracked 
|  24|0x0000000083200000, 0x0000000083200000, 0x0000000083300000|  0%| F|  |TAMS 0x0000000083200000| PB 0x0000000083200000| Untracked 
|  25|0x0000000083300000, 0x0000000083300000, 0x0000000083400000|  0%| F|  |TAMS 0x0000000083300000| PB 0x0000000083300000| Untracked 
|  26|0x0000000083400000, 0x0000000083400000, 0x0000000083500000|  0%| F|  |TAMS 0x0000000083400000| PB 0x0000000083400000| Untracked 
|  27|0x0000000083500000, 0x0000000083500000, 0x0000000083600000|  0%| F|  |TAMS 0x0000000083500000| PB 0x0000000083500000| Untracked 
|  28|0x0000000083600000, 0x0000000083600000, 0x0000000083700000|  0%| F|  |TAMS 0x0000000083600000| PB 0x0000000083600000| Untracked 
|  29|0x0000000083700000, 0x0000000083700000, 0x0000000083800000|  0%| F|  |TAMS 0x0000000083700000| PB 0x0000000083700000| Untracked 
|  30|0x0000000083800000, 0x0000000083800000, 0x0000000083900000|  0%| F|  |TAMS 0x0000000083800000| PB 0x0000000083800000| Untracked 
|  31|0x0000000083900000, 0x0000000083900000, 0x0000000083a00000|  0%| F|  |TAMS 0x0000000083900000| PB 0x0000000083900000| Untracked 
|  32|0x0000000083a00000, 0x0000000083a00000, 0x0000000083b00000|  0%| F|  |TAMS 0x0000000083a00000| PB 0x0000000083a00000| Untracked 
|  33|0x0000000083b00000, 0x0000000083b00000, 0x0000000083c00000|  0%| F|  |TAMS 0x0000000083b00000| PB 0x0000000083b00000| Untracked 
|  34|0x0000000083c00000, 0x0000000083c00000, 0x0000000083d00000|  0%| F|  |TAMS 0x0000000083c00000| PB 0x0000000083c00000| Untracked 
|  35|0x0000000083d00000, 0x0000000083d00000, 0x0000000083e00000|  0%| F|  |TAMS 0x0000000083d00000| PB 0x0000000083d00000| Untracked 
|  36|0x0000000083e00000, 0x0000000083e00000, 0x0000000083f00000|  0%| F|  |TAMS 0x0000000083e00000| PB 0x0000000083e00000| Untracked 
|  37|0x0000000083f00000, 0x0000000083f00000, 0x0000000084000000|  0%| F|  |TAMS 0x0000000083f00000| PB 0x0000000083f00000| Untracked 
|  38|0x0000000084000000, 0x0000000084000000, 0x0000000084100000|  0%| F|  |TAMS 0x0000000084000000| PB 0x0000000084000000| Untracked 
|  39|0x0000000084100000, 0x0000000084100000, 0x0000000084200000|  0%| F|  |TAMS 0x0000000084100000| PB 0x0000000084100000| Untracked 
|  40|0x0000000084200000, 0x0000000084200000, 0x0000000084300000|  0%| F|  |TAMS 0x0000000084200000| PB 0x0000000084200000| Untracked 
|  41|0x0000000084300000, 0x0000000084300000, 0x0000000084400000|  0%| F|  |TAMS 0x0000000084300000| PB 0x0000000084300000| Untracked 
|  42|0x0000000084400000, 0x0000000084400000, 0x0000000084500000|  0%| F|  |TAMS 0x0000000084400000| PB 0x0000000084400000| Untracked 
|  43|0x0000000084500000, 0x0000000084500000, 0x0000000084600000|  0%| F|  |TAMS 0x0000000084500000| PB 0x0000000084500000| Untracked 
|  44|0x0000000084600000, 0x0000000084600000, 0x0000000084700000|  0%| F|  |TAMS 0x0000000084600000| PB 0x0000000084600000| Untracked 
|  45|0x0000000084700000, 0x0000000084700000, 0x0000000084800000|  0%| F|  |TAMS 0x0000000084700000| PB 0x0000000084700000| Untracked 
|  46|0x0000000084800000, 0x0000000084800000, 0x0000000084900000|  0%| F|  |TAMS 0x0000000084800000| PB 0x0000000084800000| Untracked 
|  47|0x0000000084900000, 0x0000000084900000, 0x0000000084a00000|  0%| F|  |TAMS 0x0000000084900000| PB 0x0000000084900000| Untracked 
|  48|0x0000000084a00000, 0x0000000084a00000, 0x0000000084b00000|  0%| F|  |TAMS 0x0000000084a00000| PB 0x0000000084a00000| Untracked 
|  49|0x0000000084b00000, 0x0000000084b00000, 0x0000000084c00000|  0%| F|  |TAMS 0x0000000084b00000| PB 0x0000000084b00000| Untracked 
|  50|0x0000000084c00000, 0x0000000084c00000, 0x0000000084d00000|  0%| F|  |TAMS 0x0000000084c00000| PB 0x0000000084c00000| Untracked 
|  51|0x0000000084d00000, 0x0000000084d00000, 0x0000000084e00000|  0%| F|  |TAMS 0x0000000084d00000| PB 0x0000000084d00000| Untracked 
|  52|0x0000000084e00000, 0x0000000084e00000, 0x0000000084f00000|  0%| F|  |TAMS 0x0000000084e00000| PB 0x0000000084e00000| Untracked 
|  53|0x0000000084f00000, 0x0000000084f00000, 0x0000000085000000|  0%| F|  |TAMS 0x0000000084f00000| PB 0x0000000084f00000| Untracked 
|  54|0x0000000085000000, 0x0000000085000000, 0x0000000085100000|  0%| F|  |TAMS 0x0000000085000000| PB 0x0000000085000000| Untracked 
|  55|0x0000000085100000, 0x0000000085100000, 0x0000000085200000|  0%| F|  |TAMS 0x0000000085100000| PB 0x0000000085100000| Untracked 
|  56|0x0000000085200000, 0x0000000085200000, 0x0000000085300000|  0%| F|  |TAMS 0x0000000085200000| PB 0x0000000085200000| Untracked 
|  57|0x0000000085300000, 0x0000000085300000, 0x0000000085400000|  0%| F|  |TAMS 0x0000000085300000| PB 0x0000000085300000| Untracked 
|  58|0x0000000085400000, 0x0000000085400000, 0x0000000085500000|  0%| F|  |TAMS 0x0000000085400000| PB 0x0000000085400000| Untracked 
|  59|0x0000000085500000, 0x0000000085500000, 0x0000000085600000|  0%| F|  |TAMS 0x0000000085500000| PB 0x0000000085500000| Untracked 
|  60|0x0000000085600000, 0x0000000085600000, 0x0000000085700000|  0%| F|  |TAMS 0x0000000085600000| PB 0x0000000085600000| Untracked 
|  61|0x0000000085700000, 0x0000000085700000, 0x0000000085800000|  0%| F|  |TAMS 0x0000000085700000| PB 0x0000000085700000| Untracked 
|  62|0x0000000085800000, 0x0000000085800000, 0x0000000085900000|  0%| F|  |TAMS 0x0000000085800000| PB 0x0000000085800000| Untracked 
|  63|0x0000000085900000, 0x0000000085900000, 0x0000000085a00000|  0%| F|  |TAMS 0x0000000085900000| PB 0x0000000085900000| Untracked 
|  64|0x0000000085a00000, 0x0000000085a00000, 0x0000000085b00000|  0%| F|  |TAMS 0x0000000085a00000| PB 0x0000000085a00000| Untracked 
|  65|0x0000000085b00000, 0x0000000085b00000, 0x0000000085c00000|  0%| F|  |TAMS 0x0000000085b00000| PB 0x0000000085b00000| Untracked 
|  66|0x0000000085c00000, 0x0000000085c00000, 0x0000000085d00000|  0%| F|  |TAMS 0x0000000085c00000| PB 0x0000000085c00000| Untracked 
|  67|0x0000000085d00000, 0x0000000085d00000, 0x0000000085e00000|  0%| F|  |TAMS 0x0000000085d00000| PB 0x0000000085d00000| Untracked 
|  68|0x0000000085e00000, 0x0000000085e00000, 0x0000000085f00000|  0%| F|  |TAMS 0x0000000085e00000| PB 0x0000000085e00000| Untracked 
|  69|0x0000000085f00000, 0x0000000085f00000, 0x0000000086000000|  0%| F|  |TAMS 0x0000000085f00000| PB 0x0000000085f00000| Untracked 
|  70|0x0000000086000000, 0x0000000086000000, 0x0000000086100000|  0%| F|  |TAMS 0x0000000086000000| PB 0x0000000086000000| Untracked 
|  71|0x0000000086100000, 0x0000000086100000, 0x0000000086200000|  0%| F|  |TAMS 0x0000000086100000| PB 0x0000000086100000| Untracked 
|  72|0x0000000086200000, 0x0000000086200000, 0x0000000086300000|  0%| F|  |TAMS 0x0000000086200000| PB 0x0000000086200000| Untracked 
|  73|0x0000000086300000, 0x0000000086300000, 0x0000000086400000|  0%| F|  |TAMS 0x0000000086300000| PB 0x0000000086300000| Untracked 
|  74|0x0000000086400000, 0x0000000086400000, 0x0000000086500000|  0%| F|  |TAMS 0x0000000086400000| PB 0x0000000086400000| Untracked 
|  75|0x0000000086500000, 0x0000000086500000, 0x0000000086600000|  0%| F|  |TAMS 0x0000000086500000| PB 0x0000000086500000| Untracked 
|  76|0x0000000086600000, 0x0000000086600000, 0x0000000086700000|  0%| F|  |TAMS 0x0000000086600000| PB 0x0000000086600000| Untracked 
|  77|0x0000000086700000, 0x0000000086700000, 0x0000000086800000|  0%| F|  |TAMS 0x0000000086700000| PB 0x0000000086700000| Untracked 
|  78|0x0000000086800000, 0x0000000086800000, 0x0000000086900000|  0%| F|  |TAMS 0x0000000086800000| PB 0x0000000086800000| Untracked 
|  79|0x0000000086900000, 0x0000000086900000, 0x0000000086a00000|  0%| F|  |TAMS 0x0000000086900000| PB 0x0000000086900000| Untracked 
|  80|0x0000000086a00000, 0x0000000086a00000, 0x0000000086b00000|  0%| F|  |TAMS 0x0000000086a00000| PB 0x0000000086a00000| Untracked 
|  81|0x0000000086b00000, 0x0000000086b00000, 0x0000000086c00000|  0%| F|  |TAMS 0x0000000086b00000| PB 0x0000000086b00000| Untracked 
|  82|0x0000000086c00000, 0x0000000086c00000, 0x0000000086d00000|  0%| F|  |TAMS 0x0000000086c00000| PB 0x0000000086c00000| Untracked 
|  83|0x0000000086d00000, 0x0000000086d00000, 0x0000000086e00000|  0%| F|  |TAMS 0x0000000086d00000| PB 0x0000000086d00000| Untracked 
|  84|0x0000000086e00000, 0x0000000086e00000, 0x0000000086f00000|  0%| F|  |TAMS 0x0000000086e00000| PB 0x0000000086e00000| Untracked 
|  85|0x0000000086f00000, 0x0000000086f00000, 0x0000000087000000|  0%| F|  |TAMS 0x0000000086f00000| PB 0x0000000086f00000| Untracked 
|  86|0x0000000087000000, 0x0000000087000000, 0x0000000087100000|  0%| F|  |TAMS 0x0000000087000000| PB 0x0000000087000000| Untracked 
|  87|0x0000000087100000, 0x0000000087100000, 0x0000000087200000|  0%| F|  |TAMS 0x0000000087100000| PB 0x0000000087100000| Untracked 
|  88|0x0000000087200000, 0x0000000087200000, 0x0000000087300000|  0%| F|  |TAMS 0x0000000087200000| PB 0x0000000087200000| Untracked 
|  89|0x0000000087300000, 0x0000000087300000, 0x0000000087400000|  0%| F|  |TAMS 0x0000000087300000| PB 0x0000000087300000| Untracked 
|  90|0x0000000087400000, 0x0000000087400000, 0x0000000087500000|  0%| F|  |TAMS 0x0000000087400000| PB 0x0000000087400000| Untracked 
|  91|0x0000000087500000, 0x0000000087500000, 0x0000000087600000|  0%| F|  |TAMS 0x0000000087500000| PB 0x0000000087500000| Untracked 
|  92|0x0000000087600000, 0x0000000087600000, 0x0000000087700000|  0%| F|  |TAMS 0x0000000087600000| PB 0x0000000087600000| Untracked 
|  93|0x0000000087700000, 0x0000000087700000, 0x0000000087800000|  0%| F|  |TAMS 0x0000000087700000| PB 0x0000000087700000| Untracked 
|  94|0x0000000087800000, 0x0000000087800000, 0x0000000087900000|  0%| F|  |TAMS 0x0000000087800000| PB 0x0000000087800000| Untracked 
|  95|0x0000000087900000, 0x0000000087900000, 0x0000000087a00000|  0%| F|  |TAMS 0x0000000087900000| PB 0x0000000087900000| Untracked 
|  96|0x0000000087a00000, 0x0000000087a00000, 0x0000000087b00000|  0%| F|  |TAMS 0x0000000087a00000| PB 0x0000000087a00000| Untracked 
|  97|0x0000000087b00000, 0x0000000087b00000, 0x0000000087c00000|  0%| F|  |TAMS 0x0000000087b00000| PB 0x0000000087b00000| Untracked 
|  98|0x0000000087c00000, 0x0000000087c00000, 0x0000000087d00000|  0%| F|  |TAMS 0x0000000087c00000| PB 0x0000000087c00000| Untracked 
|  99|0x0000000087d00000, 0x0000000087d00000, 0x0000000087e00000|  0%| F|  |TAMS 0x0000000087d00000| PB 0x0000000087d00000| Untracked 
| 100|0x0000000087e00000, 0x0000000087e00000, 0x0000000087f00000|  0%| F|  |TAMS 0x0000000087e00000| PB 0x0000000087e00000| Untracked 
| 101|0x0000000087f00000, 0x0000000087f00000, 0x0000000088000000|  0%| F|  |TAMS 0x0000000087f00000| PB 0x0000000087f00000| Untracked 
| 102|0x0000000088000000, 0x0000000088000000, 0x0000000088100000|  0%| F|  |TAMS 0x0000000088000000| PB 0x0000000088000000| Untracked 
| 103|0x0000000088100000, 0x0000000088100000, 0x0000000088200000|  0%| F|  |TAMS 0x0000000088100000| PB 0x0000000088100000| Untracked 
| 104|0x0000000088200000, 0x0000000088200000, 0x0000000088300000|  0%| F|  |TAMS 0x0000000088200000| PB 0x0000000088200000| Untracked 
| 105|0x0000000088300000, 0x0000000088300000, 0x0000000088400000|  0%| F|  |TAMS 0x0000000088300000| PB 0x0000000088300000| Untracked 
| 106|0x0000000088400000, 0x0000000088400000, 0x0000000088500000|  0%| F|  |TAMS 0x0000000088400000| PB 0x0000000088400000| Untracked 
| 107|0x0000000088500000, 0x0000000088500000, 0x0000000088600000|  0%| F|  |TAMS 0x0000000088500000| PB 0x0000000088500000| Untracked 
| 108|0x0000000088600000, 0x0000000088600000, 0x0000000088700000|  0%| F|  |TAMS 0x0000000088600000| PB 0x0000000088600000| Untracked 
| 109|0x0000000088700000, 0x0000000088700000, 0x0000000088800000|  0%| F|  |TAMS 0x0000000088700000| PB 0x0000000088700000| Untracked 
| 110|0x0000000088800000, 0x0000000088800000, 0x0000000088900000|  0%| F|  |TAMS 0x0000000088800000| PB 0x0000000088800000| Untracked 
| 111|0x0000000088900000, 0x0000000088900000, 0x0000000088a00000|  0%| F|  |TAMS 0x0000000088900000| PB 0x0000000088900000| Untracked 
| 112|0x0000000088a00000, 0x0000000088a00000, 0x0000000088b00000|  0%| F|  |TAMS 0x0000000088a00000| PB 0x0000000088a00000| Untracked 
| 113|0x0000000088b00000, 0x0000000088c00000, 0x0000000088c00000|100%| S|CS|TAMS 0x0000000088b00000| PB 0x0000000088b00000| Complete 
| 114|0x0000000088c00000, 0x0000000088d00000, 0x0000000088d00000|100%| S|CS|TAMS 0x0000000088c00000| PB 0x0000000088c00000| Complete 
| 115|0x0000000088d00000, 0x0000000088d00000, 0x0000000088e00000|  0%| F|  |TAMS 0x0000000088d00000| PB 0x0000000088d00000| Untracked 
| 116|0x0000000088e00000, 0x0000000088e00000, 0x0000000088f00000|  0%| F|  |TAMS 0x0000000088e00000| PB 0x0000000088e00000| Untracked 
| 117|0x0000000088f00000, 0x0000000088f00000, 0x0000000089000000|  0%| F|  |TAMS 0x0000000088f00000| PB 0x0000000088f00000| Untracked 
| 118|0x0000000089000000, 0x0000000089000000, 0x0000000089100000|  0%| F|  |TAMS 0x0000000089000000| PB 0x0000000089000000| Untracked 
| 119|0x0000000089100000, 0x0000000089100000, 0x0000000089200000|  0%| F|  |TAMS 0x0000000089100000| PB 0x0000000089100000| Untracked 
| 120|0x0000000089200000, 0x0000000089200000, 0x0000000089300000|  0%| F|  |TAMS 0x0000000089200000| PB 0x0000000089200000| Untracked 
| 121|0x0000000089300000, 0x0000000089300000, 0x0000000089400000|  0%| F|  |TAMS 0x0000000089300000| PB 0x0000000089300000| Untracked 
| 122|0x0000000089400000, 0x0000000089400000, 0x0000000089500000|  0%| F|  |TAMS 0x0000000089400000| PB 0x0000000089400000| Untracked 
| 123|0x0000000089500000, 0x0000000089500000, 0x0000000089600000|  0%| F|  |TAMS 0x0000000089500000| PB 0x0000000089500000| Untracked 
| 124|0x0000000089600000, 0x00000000896b2830, 0x0000000089700000| 69%| E|  |TAMS 0x0000000089600000| PB 0x0000000089600000| Complete 
| 125|0x0000000089700000, 0x0000000089800000, 0x0000000089800000|100%| E|CS|TAMS 0x0000000089700000| PB 0x0000000089700000| Complete 
| 126|0x0000000089800000, 0x0000000089900000, 0x0000000089900000|100%| E|CS|TAMS 0x0000000089800000| PB 0x0000000089800000| Complete 
| 127|0x0000000089900000, 0x0000000089a00000, 0x0000000089a00000|100%| E|CS|TAMS 0x0000000089900000| PB 0x0000000089900000| Complete 

Card table byte_map: [0x000001b451c80000,0x000001b452080000] _byte_map_base: 0x000001b451873000

Marking Bits: (CMBitMap*) 0x000001b439e80ed0
 Bits: [0x000001b452080000, 0x000001b454018000)

Polling page: 0x000001b438770000

Metaspace:

Usage:
  Non-class:      1.95 MB used.
      Class:    174.52 KB used.
       Both:      2.12 MB used.

Virtual space:
  Non-class space:       64.00 MB reserved,       2.00 MB (  3%) committed,  1 nodes.
      Class space:        1.00 GB reserved,     256.00 KB ( <1%) committed,  1 nodes.
             Both:        1.06 GB reserved,       2.25 MB ( <1%) committed. 

Chunk freelists:
   Non-Class:  11.64 MB
       Class:  15.67 MB
        Both:  27.31 MB

MaxMetaspaceSize: unlimited
CompressedClassSpaceSize: 1.00 GB
Initial GC threshold: 21.00 MB
Current GC threshold: 21.00 MB
CDS: on
 - commit_granule_bytes: 65536.
 - commit_granule_words: 8192.
 - virtual_space_node_default_size: 8388608.
 - enlarge_chunks_in_place: 1.
 - use_allocation_guard: 0.


Internal statistics:

num_allocs_failed_limit: 0.
num_arena_births: 40.
num_arena_deaths: 0.
num_vsnodes_births: 2.
num_vsnodes_deaths: 0.
num_space_committed: 36.
num_space_uncommitted: 0.
num_chunks_returned_to_freelist: 0.
num_chunks_taken_from_freelist: 75.
num_chunk_merges: 0.
num_chunk_splits: 45.
num_chunks_enlarged: 24.
num_inconsistent_stats: 0.

CodeHeap 'non-profiled nmethods': size=120000Kb used=253Kb max_used=253Kb free=119746Kb
 bounds [0x000001b449d30000, 0x000001b449fa0000, 0x000001b451260000]
CodeHeap 'profiled nmethods': size=120000Kb used=1173Kb max_used=1173Kb free=118826Kb
 bounds [0x000001b442260000, 0x000001b4424d0000, 0x000001b449790000]
CodeHeap 'non-nmethods': size=5760Kb used=1342Kb max_used=1358Kb free=4417Kb
 bounds [0x000001b449790000, 0x000001b449a00000, 0x000001b449d30000]
 total_blobs=1171 nmethods=722 adapters=354
 compilation: enabled
              stopped_count=0, restarted_count=0
 full_count=0

Compilation events (20 events):
Event: 1.053 Thread 0x000001b4566be0b0  707       1       jdk.internal.loader.URLClassPath$Loader::getBaseURL (5 bytes)
Event: 1.053 Thread 0x000001b4566be0b0 nmethod 707 0x000001b449d6ca90 code [0x000001b449d6cc20, 0x000001b449d6cce8]
Event: 1.053 Thread 0x000001b4566be0b0  714       3       sun.net.www.ParseUtil::firstEncodeIndex (86 bytes)
Event: 1.054 Thread 0x000001b4566be0b0 nmethod 714 0x000001b442382d10 code [0x000001b442382f60, 0x000001b442383958]
Event: 1.058 Thread 0x000001b4566b71e0 nmethod 695 0x000001b449d6cd90 code [0x000001b449d6cfc0, 0x000001b449d6d658]
Event: 1.058 Thread 0x000001b4566b71e0  702       4       java.lang.StringUTF16::compress (50 bytes)
Event: 1.060 Thread 0x000001b4566be0b0  715       3       java.lang.ref.SoftReference::get (29 bytes)
Event: 1.061 Thread 0x000001b4566be0b0 nmethod 715 0x000001b442383d10 code [0x000001b442383ec0, 0x000001b442384098]
Event: 1.062 Thread 0x000001b4566be0b0  716       3       java.util.Arrays::copyOf (40 bytes)
Event: 1.063 Thread 0x000001b4566be0b0 nmethod 716 0x000001b442384110 code [0x000001b442384320, 0x000001b442384a00]
Event: 1.063 Thread 0x000001b4566be0b0  717       1       java.security.CodeSource::getLocation (5 bytes)
Event: 1.063 Thread 0x000001b4566be0b0 nmethod 717 0x000001b449d6e010 code [0x000001b449d6e1a0, 0x000001b449d6e268]
Event: 1.063 Thread 0x000001b4566be0b0  719       1       java.lang.invoke.LambdaForm$Name::index (5 bytes)
Event: 1.064 Thread 0x000001b4566be0b0 nmethod 719 0x000001b449d6e310 code [0x000001b449d6e4a0, 0x000001b449d6e568]
Event: 1.064 Thread 0x000001b4566be0b0  720       3       jdk.internal.org.objectweb.asm.ByteVector::put122 (93 bytes)
Event: 1.064 Thread 0x000001b4566be0b0 nmethod 720 0x000001b442384c10 code [0x000001b442384dc0, 0x000001b442385048]
Event: 1.065 Thread 0x000001b4566be0b0  722       3       jdk.internal.org.objectweb.asm.ByteVector::putInt (74 bytes)
Event: 1.065 Thread 0x000001b4566be0b0 nmethod 722 0x000001b442385210 code [0x000001b4423853c0, 0x000001b442385620]
Event: 1.067 Thread 0x000001b4566b71e0 nmethod 702 0x000001b449d6e610 code [0x000001b449d6e7a0, 0x000001b449d6ea08]
Event: 1.068 Thread 0x000001b4566b71e0  721       4       java.lang.StringLatin1::hashCode (52 bytes)

GC Heap History (2 events):
Event: 0.832 GC heap before
{Heap before GC invocations=0 (full 0):
 garbage-first heap   total 131072K, used 17408K [0x0000000081a00000, 0x0000000100000000)
  region size 1024K, 13 young (13312K), 0 survivors (0K)
 Metaspace       used 979K, committed 1088K, reserved 1114112K
  class space    used 64K, committed 128K, reserved 1048576K
}
Event: 0.839 GC heap after
{Heap after GC invocations=1 (full 0):
 garbage-first heap   total 131072K, used 11734K [0x0000000081a00000, 0x0000000100000000)
  region size 1024K, 2 young (2048K), 2 survivors (2048K)
 Metaspace       used 979K, committed 1088K, reserved 1114112K
  class space    used 64K, committed 128K, reserved 1048576K
}

Dll operation events (10 events):
Event: 0.032 Loaded shared library C:\Program Files\Java\jdk-21\bin\java.dll
Event: 0.095 Loaded shared library C:\Program Files\Java\jdk-21\bin\jsvml.dll
Event: 0.465 Loaded shared library C:\Program Files\Java\jdk-21\bin\zip.dll
Event: 0.481 Loaded shared library C:\Program Files\Java\jdk-21\bin\instrument.dll
Event: 0.490 Loaded shared library C:\Program Files\Java\jdk-21\bin\net.dll
Event: 0.499 Loaded shared library C:\Program Files\Java\jdk-21\bin\nio.dll
Event: 0.507 Loaded shared library C:\Program Files\Java\jdk-21\bin\zip.dll
Event: 0.539 Loaded shared library C:\Users\DELL\Desktop\IntelliJ IDEA 2024.2\bin\breakgen64.dll
Event: 0.561 Loaded shared library C:\Program Files\Java\jdk-21\bin\extnet.dll
Event: 0.968 Loaded shared library C:\Program Files\Java\jdk-21\bin\jimage.dll

Deoptimization events (20 events):
Event: 0.721 Thread 0x000001b439e2a830 DEOPT PACKING pc=0x000001b4422d9e44 sp=0x0000003ed56facb0
Event: 0.721 Thread 0x000001b439e2a830 DEOPT UNPACKING pc=0x000001b4497e4e42 sp=0x0000003ed56fa148 mode 0
Event: 0.796 Thread 0x000001b439e2a830 DEOPT PACKING pc=0x000001b4422d2688 sp=0x0000003ed56faae0
Event: 0.796 Thread 0x000001b439e2a830 DEOPT UNPACKING pc=0x000001b4497e4e42 sp=0x0000003ed56f9f70 mode 0
Event: 0.798 Thread 0x000001b439e2a830 DEOPT PACKING pc=0x000001b4422d2688 sp=0x0000003ed56faae0
Event: 0.798 Thread 0x000001b439e2a830 DEOPT UNPACKING pc=0x000001b4497e4e42 sp=0x0000003ed56f9f70 mode 0
Event: 0.813 Thread 0x000001b439e2a830 DEOPT PACKING pc=0x000001b4422d2688 sp=0x0000003ed56faae0
Event: 0.813 Thread 0x000001b439e2a830 DEOPT UNPACKING pc=0x000001b4497e4e42 sp=0x0000003ed56f9f70 mode 0
Event: 0.813 Thread 0x000001b439e2a830 DEOPT PACKING pc=0x000001b4422d2688 sp=0x0000003ed56faae0
Event: 0.813 Thread 0x000001b439e2a830 DEOPT UNPACKING pc=0x000001b4497e4e42 sp=0x0000003ed56f9f70 mode 0
Event: 0.814 Thread 0x000001b439e2a830 DEOPT PACKING pc=0x000001b4422d2688 sp=0x0000003ed56faae0
Event: 0.814 Thread 0x000001b439e2a830 DEOPT UNPACKING pc=0x000001b4497e4e42 sp=0x0000003ed56f9f70 mode 0
Event: 0.814 Thread 0x000001b439e2a830 DEOPT PACKING pc=0x000001b4422d2688 sp=0x0000003ed56faae0
Event: 0.814 Thread 0x000001b439e2a830 DEOPT UNPACKING pc=0x000001b4497e4e42 sp=0x0000003ed56f9f70 mode 0
Event: 0.827 Thread 0x000001b439e2a830 Uncommon trap: trap_request=0xffffff45 fr.pc=0x000001b449d475f0 relative=0x0000000000000150
Event: 0.827 Thread 0x000001b439e2a830 Uncommon trap: reason=unstable_if action=reinterpret pc=0x000001b449d475f0 method=java.lang.StringCoding.countPositives([BII)I @ 17 c2
Event: 0.827 Thread 0x000001b439e2a830 DEOPT PACKING pc=0x000001b449d475f0 sp=0x0000003ed56fa7e0
Event: 0.827 Thread 0x000001b439e2a830 DEOPT UNPACKING pc=0x000001b4497e46a2 sp=0x0000003ed56fa768 mode 2
Event: 0.855 Thread 0x000001b439e2a830 DEOPT PACKING pc=0x000001b44231f667 sp=0x0000003ed56fd330
Event: 0.855 Thread 0x000001b439e2a830 DEOPT UNPACKING pc=0x000001b4497e4e42 sp=0x0000003ed56fc7a0 mode 0

Classes loaded (20 events):
Event: 1.044 Loading class java/time/zone/TzdbZoneRulesProvider
Event: 1.044 Loading class java/time/zone/TzdbZoneRulesProvider done
Event: 1.049 Loading class java/util/Arrays$ArrayItr
Event: 1.049 Loading class java/util/Arrays$ArrayItr done
Event: 1.050 Loading class java/util/regex/Pattern$BnM
Event: 1.050 Loading class java/util/regex/Pattern$BnM done
Event: 1.050 Loading class java/util/regex/Pattern$SliceS
Event: 1.050 Loading class java/util/regex/Pattern$SliceS done
Event: 1.052 Loading class java/time/zone/Ser
Event: 1.052 Loading class java/time/zone/Ser done
Event: 1.053 Loading class java/time/zone/ZoneOffsetTransition
Event: 1.053 Loading class java/time/zone/ZoneOffsetTransition done
Event: 1.056 Loading class sun/util/cldr/CLDRBaseLocaleDataMetaInfo$TZCanonicalIDMapHolder
Event: 1.056 Loading class java/net/URISyntaxException
Event: 1.056 Loading class java/net/URISyntaxException done
Event: 1.056 Loading class sun/util/cldr/CLDRBaseLocaleDataMetaInfo$TZCanonicalIDMapHolder done
Event: 1.058 Loading class sun/util/resources/TimeZoneNames
Event: 1.059 Loading class sun/util/resources/TimeZoneNames done
Event: 1.060 Loading class sun/util/resources/TimeZoneNames_en
Event: 1.060 Loading class sun/util/resources/TimeZoneNames_en done

Classes unloaded (0 events):
No events

Classes redefined (0 events):
No events

Internal exceptions (8 events):
Event: 0.518 Thread 0x000001b439e2a830 Exception <a 'java/lang/NoSuchMethodError'{0x000000008978c1e8}: 'void java.lang.invoke.DirectMethodHandle$Holder.invokeStatic(java.lang.Object, java.lang.Object, java.lang.Object)'> (0x000000008978c1e8) 
thrown [s\open\src\hotspot\share\interpreter\linkResolver.cpp, line 773]
Event: 0.530 Thread 0x000001b439e2a830 Exception <a 'java/lang/NoSuchMethodError'{0x00000000897a36f0}: 'java.lang.Object java.lang.invoke.Invokers$Holder.invokeExact_MT(java.lang.Object, java.lang.Object, java.lang.Object, java.lang.Object, java.lang.Object)'> (0x00000000897a36f0) 
thrown [s\open\src\hotspot\share\interpreter\linkResolver.cpp, line 773]
Event: 0.564 Thread 0x000001b456a3aa00 Exception <a 'java/lang/NoSuchMethodError'{0x00000000897d0ae8}: 'void java.lang.invoke.DirectMethodHandle$Holder.invokeStatic(java.lang.Object, java.lang.Object)'> (0x00000000897d0ae8) 
thrown [s\open\src\hotspot\share\interpreter\linkResolver.cpp, line 773]
Event: 0.884 Thread 0x000001b439e2a830 Exception <a 'java/lang/NoSuchMethodError'{0x00000000899bbc18}: 'java.lang.Object java.lang.invoke.DirectMethodHandle$Holder.invokeStaticInit(java.lang.Object, int)'> (0x00000000899bbc18) 
thrown [s\open\src\hotspot\share\interpreter\linkResolver.cpp, line 773]
Event: 0.907 Thread 0x000001b439e2a830 Exception <a 'java/lang/NoSuchMethodError'{0x00000000899ecd18}: 'long java.lang.invoke.DirectMethodHandle$Holder.invokeSpecial(java.lang.Object, java.lang.Object)'> (0x00000000899ecd18) 
thrown [s\open\src\hotspot\share\interpreter\linkResolver.cpp, line 773]
Event: 0.907 Thread 0x000001b439e2a830 Exception <a 'java/lang/NoSuchMethodError'{0x00000000899f0248}: 'long java.lang.invoke.Invokers$Holder.invokeExact_MT(java.lang.Object, java.lang.Object)'> (0x00000000899f0248) 
thrown [s\open\src\hotspot\share\interpreter\linkResolver.cpp, line 773]
Event: 0.928 Thread 0x000001b439e2a830 Exception <a 'java/lang/NoSuchMethodError'{0x00000000898071d8}: 'java.lang.Object java.lang.invoke.DirectMethodHandle$Holder.invokeInterface(java.lang.Object, java.lang.Object)'> (0x00000000898071d8) 
thrown [s\open\src\hotspot\share\interpreter\linkResolver.cpp, line 773]
Event: 1.063 Thread 0x000001b4566ac5d0 Exception <a 'java/lang/NoSuchMethodError'{0x000000008968e2d0}: 'java.lang.Object java.lang.invoke.Invokers$Holder.invokeExact_MT(java.lang.Object, java.lang.Object, java.lang.Object, java.lang.Object, java.lang.Object, java.lang.Object)'> (0x000000008968e2d0) 
thrown [s\open\src\hotspot\share\interpreter\linkResolver.cpp, line 773]

ZGC Phase Switch (0 events):
No events

VM Operations (10 events):
Event: 0.437 Executing VM operation: HandshakeAllThreads (Deoptimize)
Event: 0.437 Executing VM operation: HandshakeAllThreads (Deoptimize) done
Event: 0.832 Executing VM operation: G1CollectForAllocation (G1 Evacuation Pause)
Event: 0.839 Executing VM operation: G1CollectForAllocation (G1 Evacuation Pause) done
Event: 0.873 Executing VM operation: HandshakeAllThreads (Deoptimize)
Event: 0.873 Executing VM operation: HandshakeAllThreads (Deoptimize) done
Event: 0.901 Executing VM operation: HandshakeAllThreads (Deoptimize)
Event: 0.901 Executing VM operation: HandshakeAllThreads (Deoptimize) done
Event: 1.065 Executing VM operation: HandshakeAllThreads (Deoptimize)
Event: 1.065 Executing VM operation: HandshakeAllThreads (Deoptimize) done

Events (12 events):
Event: 0.067 Thread 0x000001b439e2a830 Thread added: 0x000001b439e2a830
Event: 0.089 Thread 0x000001b4566a2500 Thread added: 0x000001b4566a2500
Event: 0.089 Thread 0x000001b4566a34d0 Thread added: 0x000001b4566a34d0
Event: 0.090 Thread 0x000001b4566a9f50 Thread added: 0x000001b4566a9f50
Event: 0.090 Thread 0x000001b4566ac5d0 Thread added: 0x000001b4566ac5d0
Event: 0.090 Thread 0x000001b4566af5a0 Thread added: 0x000001b4566af5a0
Event: 0.090 Thread 0x000001b4566b07a0 Thread added: 0x000001b4566b07a0
Event: 0.090 Thread 0x000001b4566b71e0 Thread added: 0x000001b4566b71e0
Event: 0.090 Thread 0x000001b4566be0b0 Thread added: 0x000001b4566be0b0
Event: 0.423 Thread 0x000001b4569b44d0 Thread added: 0x000001b4569b44d0
Event: 0.540 Thread 0x000001b456a3aa00 Thread added: 0x000001b456a3aa00
Event: 0.540 Thread 0x000001b456a43960 Thread added: 0x000001b456a43960


Dynamic libraries:
0x00007ff65af10000 - 0x00007ff65af20000 	C:\Program Files\Java\jdk-21\bin\java.exe
0x00007ffb4d6f0000 - 0x00007ffb4d907000 	C:\Windows\SYSTEM32\ntdll.dll
0x00007ffb4b8c0000 - 0x00007ffb4b984000 	C:\Windows\System32\KERNEL32.DLL
0x00007ffb4ad10000 - 0x00007ffb4b0c7000 	C:\Windows\System32\KERNELBASE.dll
0x00007ffb4abf0000 - 0x00007ffb4ad01000 	C:\Windows\System32\ucrtbase.dll
0x00007ffb17a30000 - 0x00007ffb17a49000 	C:\Program Files\Java\jdk-21\bin\jli.dll
0x00007ffb0ded0000 - 0x00007ffb0deeb000 	C:\Program Files\Java\jdk-21\bin\VCRUNTIME140.dll
0x00007ffb4c330000 - 0x00007ffb4c3e2000 	C:\Windows\System32\ADVAPI32.dll
0x00007ffb4b810000 - 0x00007ffb4b8b7000 	C:\Windows\System32\msvcrt.dll
0x00007ffb4c750000 - 0x00007ffb4c7f8000 	C:\Windows\System32\sechost.dll
0x00007ffb4aa70000 - 0x00007ffb4aa98000 	C:\Windows\System32\bcrypt.dll
0x00007ffb4ba90000 - 0x00007ffb4bba4000 	C:\Windows\System32\RPCRT4.dll
0x00007ffb36b80000 - 0x00007ffb36e13000 	C:\Windows\WinSxS\amd64_microsoft.windows.common-controls_6595b64144ccf1df_6.0.22621.3672_none_2713b9d173822955\COMCTL32.dll
0x00007ffb4c410000 - 0x00007ffb4c5bf000 	C:\Windows\System32\USER32.dll
0x00007ffb4b5e0000 - 0x00007ffb4b609000 	C:\Windows\System32\GDI32.dll
0x00007ffb4abc0000 - 0x00007ffb4abe6000 	C:\Windows\System32\win32u.dll
0x00007ffb4aaa0000 - 0x00007ffb4abb8000 	C:\Windows\System32\gdi32full.dll
0x00007ffb4b300000 - 0x00007ffb4b39a000 	C:\Windows\System32\msvcp_win.dll
0x00007ffb4a230000 - 0x00007ffb4a23a000 	C:\Windows\SYSTEM32\VERSION.dll
0x00007ffb4b7c0000 - 0x00007ffb4b7f1000 	C:\Windows\System32\IMM32.DLL
0x00000000624f0000 - 0x00000000624fc000 	C:\Program Files (x86)\360\Total Security\safemon\SafeWrapper.dll
0x00007ffaed0a0000 - 0x00007ffaed14c000 	C:\Program Files (x86)\360\Total Security\safemon\libzdtp64.dll
0x00007ffb4ce40000 - 0x00007ffb4d6a9000 	C:\Windows\System32\SHELL32.dll
0x00007ffb4c5c0000 - 0x00007ffb4c61e000 	C:\Windows\System32\SHLWAPI.dll
0x00007ffb441d0000 - 0x00007ffb441dc000 	C:\Program Files\Java\jdk-21\bin\vcruntime140_1.dll
0x00007ffae4d50000 - 0x00007ffae4dde000 	C:\Program Files\Java\jdk-21\bin\msvcp140.dll
0x00007ffa8e1f0000 - 0x00007ffa8ef05000 	C:\Program Files\Java\jdk-21\bin\server\jvm.dll
0x00007ffb4c6d0000 - 0x00007ffb4c741000 	C:\Windows\System32\WS2_32.dll
0x00007ffb4a7d0000 - 0x00007ffb4a81d000 	C:\Windows\SYSTEM32\POWRPROF.dll
0x00007ffb41ab0000 - 0x00007ffb41ae4000 	C:\Windows\SYSTEM32\WINMM.dll
0x00007ffb4a6b0000 - 0x00007ffb4a6c3000 	C:\Windows\SYSTEM32\UMPDC.dll
0x00007ffb499a0000 - 0x00007ffb499b8000 	C:\Windows\SYSTEM32\kernel.appcore.dll
0x00007ffb23d80000 - 0x00007ffb23d8a000 	C:\Program Files\Java\jdk-21\bin\jimage.dll
0x00007ffb47970000 - 0x00007ffb47ba2000 	C:\Windows\SYSTEM32\DBGHELP.DLL
0x00007ffb4bc20000 - 0x00007ffb4bfae000 	C:\Windows\System32\combase.dll
0x00007ffb4c250000 - 0x00007ffb4c327000 	C:\Windows\System32\OLEAUT32.dll
0x00007ffb35750000 - 0x00007ffb35782000 	C:\Windows\SYSTEM32\dbgcore.DLL
0x00007ffb4b3a0000 - 0x00007ffb4b41b000 	C:\Windows\System32\bcryptPrimitives.dll
0x00007ffb476e0000 - 0x00007ffb476ef000 	C:\Program Files\Java\jdk-21\bin\instrument.dll
0x00007ffb0c6f0000 - 0x00007ffb0c70f000 	C:\Program Files\Java\jdk-21\bin\java.dll
0x00007ffb488b0000 - 0x00007ffb491af000 	C:\Windows\SYSTEM32\windows.storage.dll
0x00007ffb48770000 - 0x00007ffb488af000 	C:\Windows\SYSTEM32\wintypes.dll
0x00007ffb4b990000 - 0x00007ffb4ba89000 	C:\Windows\System32\SHCORE.dll
0x00007ffb4a930000 - 0x00007ffb4a957000 	C:\Windows\SYSTEM32\profapi.dll
0x00007ffadb4b0000 - 0x00007ffadb587000 	C:\Program Files\Java\jdk-21\bin\jsvml.dll
0x00007ffb04100000 - 0x00007ffb04118000 	C:\Program Files\Java\jdk-21\bin\zip.dll
0x00007ffb17a20000 - 0x00007ffb17a30000 	C:\Program Files\Java\jdk-21\bin\net.dll
0x00007ffb41340000 - 0x00007ffb41476000 	C:\Windows\SYSTEM32\WINHTTP.dll
0x00007ffb49e00000 - 0x00007ffb49e69000 	C:\Windows\system32\mswsock.dll
0x00007ffb0de60000 - 0x00007ffb0de76000 	C:\Program Files\Java\jdk-21\bin\nio.dll
0x00007ffb476c0000 - 0x00007ffb476da000 	C:\Users\DELL\Desktop\IntelliJ IDEA 2024.2\bin\breakgen64.dll
0x00007ffb170f0000 - 0x00007ffb170f7000 	C:\Program Files\Java\jdk-21\bin\extnet.dll

dbghelp: loaded successfully - version: 4.0.5 - missing functions: none
symbol engine: initialized successfully - sym options: 0x614 - pdb path: .;C:\Program Files\Java\jdk-21\bin;C:\Windows\SYSTEM32;C:\Windows\WinSxS\amd64_microsoft.windows.common-controls_6595b64144ccf1df_6.0.22621.3672_none_2713b9d173822955;C:\Program Files (x86)\360\Total Security\safemon;C:\Program Files\Java\jdk-21\bin\server;C:\Users\DELL\Desktop\IntelliJ IDEA 2024.2\bin

VM Arguments:
jvm_args: -ea -Didea.test.cyclic.buffer.size=1048576 -javaagent:C:\Users\DELL\Desktop\IntelliJ IDEA 2024.2\lib\idea_rt.jar=61832:C:\Users\DELL\Desktop\IntelliJ IDEA 2024.2\bin -Dfile.encoding=UTF-8 -Dsun.stdout.encoding=UTF-8 -Dsun.stderr.encoding=UTF-8 
java_command: com.intellij.rt.junit.JUnitStarter -ideVersion5 -junit5 UserAdapterTest
java_class_path (initial): C:\Users\DELL\.m2\repository\org\junit\platform\junit-platform-launcher\1.10.5\junit-platform-launcher-1.10.5.jar;C:\Users\DELL\Desktop\IntelliJ IDEA 2024.2\lib\idea_rt.jar;C:\Users\DELL\Desktop\IntelliJ IDEA 2024.2\plugins\junit\lib\junit5-rt.jar;C:\Users\DELL\Desktop\IntelliJ IDEA 2024.2\plugins\junit\lib\junit-rt.jar;C:\Users\DELL\MicroService\identity-management\target\test-classes;C:\Users\DELL\MicroService\identity-management\target\classes;C:\Users\DELL\.m2\repository\org\springframework\cloud\spring-cloud-starter-netflix-eureka-client\4.1.2\spring-cloud-starter-netflix-eureka-client-4.1.2.jar;C:\Users\DELL\.m2\repository\org\springframework\cloud\spring-cloud-starter\4.1.3\spring-cloud-starter-4.1.3.jar;C:\Users\DELL\.m2\repository\org\springframework\cloud\spring-cloud-context\4.1.3\spring-cloud-context-4.1.3.jar;C:\Users\DELL\.m2\repository\org\springframework\security\spring-security-crypto\6.3.4\spring-security-crypto-6.3.4.jar;C:\Users\DELL\.m2\repository\org\springframework\cloud\spring-cloud-commons\4.1.3\spring-cloud-commons-4.1.3.jar;C:\Users\DELL\.m2\repository\org\springframework\security\spring-security-rsa\1.1.3\spring-security-rsa-1.1.3.jar;C:\Users\DELL\.m2\repository\org\springframework\cloud\spring-cloud-netflix-eureka-client\4.1.2\spring-cloud-netflix-eureka-client-4.1.2.jar;C:\Users\DELL\.m2\repository\org\apache\httpcomponents\client5\httpclient5\5.3.1\httpclient5-5.3.1.jar;C:\Users\DELL\.m2\repository\org\apache\httpcomponents\core5\httpcore5\5.2.5\httpcore5-5.2.5.jar;C:\Users\DELL\.m2\repository\org\apache\httpcomponents\core5\httpcore5-h2\5.2.5\httpcore5-h2-5.2.5.jar;C:\Users\DELL\.m2\repository\com\netflix\eureka\eureka-client\2.0.2\eureka-client-2.0.2.jar;C:\Users\DELL\.m2\repository\com\netflix\netflix-commons\netflix-eventbus\0.3.0\netflix-eventbus-0.3.0.jar;C:\Users\DELL\.m2\repository\com\netflix\netflix-commons\netflix-infix\0.3.0\netflix-infix-0.3.0.jar;C:\Users\DELL\.m2\repository\commons-jxpath\commons-jxpath\1.3\commons-jxpath-1.3.jar;C:\Users\DELL\.m2\repository\joda-time\joda-time\2.3\joda-time-2.3.jar;C:\Users\DELL\.m2\repository\javax\servlet\servlet-api\2.5\servlet-api-2.5.jar;C:\Users\DELL\.m2\repository\org\antlr\antlr-runtime\3.4\antlr-runtime-3.4.jar;C:\Users\DELL\.m2\repository\org\antlr\stringtemplate\3.2.1\stringtemplate-3.2.1.jar;C:\Users\DELL\.m2\repository\antlr\antlr\2.7.7\antlr-2.7.7.jar;C:\Users\DELL\.m2\repository\com\google\code\gson\gson\2.10.1\gson-2.10.1.jar;C:\Users\DELL\.m2\repository\org\apache\commons\commons-math\2.2\commons-math-2.2.jar;C:\Users\DELL\.m2\repository\com\thoughtworks\xstream\xstream\1.4.19\xstream-1.4.19.jar;C:\Users\DELL\.m2\repository\io\github\x-stream\mxparser\1.2.2\mxparser-1.2.2.jar;C:\Users\DELL\.m2\repository\xmlpull\xmlpull\1.1.3.1\xmlpull-1.1.3.1.jar;C:\Users\DELL\.m2\repository\com\netflix\archaius\archaius-core\0.7.6\archaius-core-0.7.6.jar;C:\Users\DELL\.m2\repository\com\google\guava\guava\16.0\guava-16.0.jar;C:\Users\DELL\.m2\repository\jakarta\ws\rs\jakarta.ws.rs-api\3.1.0\jakarta.ws.rs-api-3.1.0.jar;C:\Users\DELL\.m2\repository\jakarta\inject\jakarta.inject-api\2.0.1\jakarta.inject-api-2.0.1.jar;C:\Users\DELL\.m2\repository\jakarta\annotation\jakarta.annotation-api\2.1.1\jakarta.annotation-api-2.1.1.jar;C:\Users\DELL\.m2\repository\com\netflix\servo\servo-core\0.12.21\servo-core-0.12.21.jar;C:\Users\DELL\.m2\repository\org\apache\httpcomponents\httpclient\4.5.3\httpclient-4.5.3.jar;C:\Users\DELL\.m2\repository\org\apache\httpcomponents\httpcore\4.4.16\httpcore-4.4.16.jar;C:\Users\DELL\.m2\repository\commons-logging\commons-logging\1.2\commons-logging-1.2.jar;C:\Users\DELL\.m2\repository\com\google\code\findbugs\jsr305\3.0.2\jsr305-3.0.2.jar;C:\Users\DELL\.m2\repository\commons-configuration\commons-configuration\1.10\commons-configuration-1.10.jar;C:\Users\DELL\.m2\repository\commons-lang\commons-lang\2.6\commons-lang-2.6.jar;C:\Users\DELL\.m2\repository\com\github\vlsi\compactmap\compactmap\2.0\compactmap-2.0.jar;C:\Users\DELL\.m2\repository\com\github\andrewoma\dexx\dexx-collections\0.2\dexx-collections-0.2.jar;C:\Users\DELL\.m2\repository\com\fasterxml\jackson\core\jackson-databind\2.17.2\jackson-databind-2.17.2.jar;C:\Users\DELL\.m2\repository\org\codehaus\jettison\jettison\1.5.4\jettison-1.5.4.jar;C:\Users\DELL\.m2\repository\com\netflix\eureka\eureka-core\2.0.2\eureka-core-2.0.2.jar;C:\Users\DELL\.m2\repository\com\fasterxml\woodstox\woodstox-core\6.2.1\woodstox-core-6.2.1.jar;C:\Users\DELL\.m2\repository\org\codehaus\woodstox\stax2-api\4.2.1\stax2-api-4.2.1.jar;C:\Users\DELL\.m2\repository\org\springframework\cloud\spring-cloud-starter-loadbalancer\4.1.3\spring-cloud-starter-loadbalancer-4.1.3.jar;C:\Users\DELL\.m2\repository\org\springframework\cloud\spring-cloud-loadbalancer\4.1.3\spring-cloud-loadbalancer-4.1.3.jar;C:\Users\DELL\.m2\repository\io\projectreactor\addons\reactor-extra\3.5.2\reactor-extra-3.5.2.jar;C:\Users\DELL\.m2\repository\org\springframework\boot\spring-boot-starter-cache\3.3.5\spring-boot-starter-cache-3.3.5.jar;C:\Users\DELL\.m2\repository\org\springframework\spring-context-support\6.1.14\spring-context-support-6.1.14.jar;C:\Users\DELL\.m2\repository\com\stoyanr\evictor\1.0.0\evictor-1.0.0.jar;C:\Users\DELL\.m2\repository\org\springframework\boot\spring-boot-starter-webflux\3.3.5\spring-boot-starter-webflux-3.3.5.jar;C:\Users\DELL\.m2\repository\org\springframework\boot\spring-boot-starter\3.3.5\spring-boot-starter-3.3.5.jar;C:\Users\DELL\.m2\repository\org\springframework\boot\spring-boot\3.3.5\spring-boot-3.3.5.jar;C:\Users\DELL\.m2\repository\org\springframework\boot\spring-boot-autoconfigure\3.3.5\spring-boot-autoconfigure-3.3.5.jar;C:\Users\DELL\.m2\repository\org\springframework\boot\spring-boot-starter-logging\3.3.5\spring-boot-starter-logging-3.3.5.jar;C:\Users\DELL\.m2\repository\ch\qos\logback\logback-classic\1.5.11\logback-classic-1.5.11.jar;C:\Users\DELL\.m2\repository\ch\qos\logback\logback-core\1.5.11\logback-core-1.5.11.jar;C:\Users\DELL\.m2\repository\org\apache\logging\log4j\log4j-to-slf4j\2.23.1\log4j-to-slf4j-2.23.1.jar;C:\Users\DELL\.m2\repository\org\apache\logging\log4j\log4j-api\2.23.1\log4j-api-2.23.1.jar;C:\Users\DELL\.m2\repository\org\slf4j\jul-to-slf4j\2.0.16\jul-to-slf4j-2.0.16.jar;C:\Users\DELL\.m2\repository\org\yaml\snakeyaml\2.2\snakeyaml-2.2.jar;C:\Users\DELL\.m2\repository\org\springframework\boot\spring-boot-starter-json\3.3.5\spring-boot-starter-json-3.3.5.jar;C:\Users\DELL\.m2\repository\com\fasterxml\jackson\module\jackson-module-parameter-names\2.17.2\jackson-module-parameter-names-2.17.2.jar;C:\Users\DELL\.m2\repository\org\springframework\boot\spring-boot-starter-reactor-netty\3.3.5\spring-boot-starter-reactor-netty-3.3.5.jar;C:\Users\DELL\.m2\repository\io\projectreactor\netty\reactor-netty-http\1.1.23\reactor-netty-http-1.1.23.jar;C:\Users\DELL\.m2\repository\io\netty\netty-codec-http\4.1.114.Final\netty-codec-http-4.1.114.Final.jar;C:\Users\DELL\.m2\repository\io\netty\netty-common\4.1.114.Final\netty-common-4.1.114.Final.jar;C:\Users\DELL\.m2\repository\io\netty\netty-buffer\4.1.114.Final\netty-buffer-4.1.114.Final.jar;C:\Users\DELL\.m2\repository\io\netty\netty-transport\4.1.114.Final\netty-transport-4.1.114.Final.jar;C:\Users\DELL\.m2\repository\io\netty\netty-codec\4.1.114.Final\netty-codec-4.1.114.Final.jar;C:\Users\DELL\.m2\repository\io\netty\netty-handler\4.1.114.Final\netty-handler-4.1.114.Final.jar;C:\Users\DELL\.m2\repository\io\netty\netty-codec-http2\4.1.114.Final\netty-codec-http2-4.1.114.Final.jar;C:\Users\DELL\.m2\repository\io\netty\netty-resolver-dns\4.1.114.Final\netty-resolver-dns-4.1.114.Final.jar;C:\Users\DELL\.m2\repository\io\netty\netty-resolver\4.1.114.Final\netty-resolver-4.1.114.Final.jar;C:\Users\DELL\.m2\repository\io\netty\netty-codec-dns\4.1.114.Final\netty-codec-dns-4.1.114.Final.jar;C:\Users\DELL\.m2\repository\io\netty\netty-resolver-dns-native-macos\4.1.114.Final\netty-resolver-dns-native-macos-4.1.114.Final-osx-x86_64.jar;C:\Users\DELL\.m2\repository\io\netty\netty-resolver-dns-classes-macos\4.1.114.Final\netty-resolver-dns-classes-macos-4.1.114.Final.jar;C:\Users\DELL\.m2\repository\io\netty\netty-transport-native-epoll\4.1.114.Final\netty-transport-native-epoll-4.1.114.Final-linux-x86_64.jar;C:\Users\DELL\.m2\repository\io\netty\netty-transport-native-unix-common\4.1.114.Final\netty-transport-native-unix-common-4.1.114.Final.jar;C:\Users\DELL\.m2\repository\io\netty\netty-transport-classes-epoll\4.1.114.Final\netty-transport-classes-epoll-4.1.114.Final.jar;C:\Users\DELL\.m2\repository\io\projectreactor\netty\reactor-netty-core\1.1.23\reactor-netty-core-1.1.23.jar;C:\Users\DELL\.m2\repository\io\netty\netty-handler-proxy\4.1.114.Final\netty-handler-proxy-4.1.114.Final.jar;C:\Users\DELL\.m2\repository\io\netty\netty-codec-socks\4.1.114.Final\netty-codec-socks-4.1.114.Final.jar;C:\Users\DELL\.m2\repository\org\springframework\spring-web\6.1.14\spring-web-6.1.14.jar;C:\Users\DELL\.m2\repository\org\springframework\spring-beans\6.1.14\spring-beans-6.1.14.jar;C:\Users\DELL\.m2\repository\io\micrometer\micrometer-observation\1.13.6\micrometer-observation-1.13.6.jar;C:\Users\DELL\.m2\repository\io\micrometer\micrometer-commons\1.13.6\micrometer-commons-1.13.6.jar;C:\Users\DELL\.m2\repository\org\springframework\spring-webflux\6.1.14\spring-webflux-6.1.14.jar;C:\Users\DELL\.m2\repository\io\projectreactor\reactor-core\3.6.11\reactor-core-3.6.11.jar;C:\Users\DELL\.m2\repository\org\mapstruct\mapstruct\1.5.5.Final\mapstruct-1.5.5.Final.jar;C:\Users\DELL\.m2\repository\org\springframework\boot\spring-boot-starter-data-jdbc\3.3.5\spring-boot-starter-data-jdbc-3.3.5.jar;C:\Users\DELL\.m2\repository\org\springframework\boot\spring-boot-starter-jdbc\3.3.5\spring-boot-starter-jdbc-3.3.5.jar;C:\Users\DELL\.m2\repository\com\zaxxer\HikariCP\5.1.0\HikariCP-5.1.0.jar;C:\Users\DELL\.m2\repository\org\springframework\spring-jdbc\6.1.14\spring-jdbc-6.1.14.jar;C:\Users\DELL\.m2\repository\org\springframework\data\spring-data-jdbc\3.3.5\spring-data-jdbc-3.3.5.jar;C:\Users\DELL\.m2\repository\org\springframework\data\spring-data-relational\3.3.5\spring-data-relational-3.3.5.jar;C:\Users\DELL\.m2\repository\org\springframework\data\spring-data-commons\3.3.5\spring-data-commons-3.3.5.jar;C:\Users\DELL\.m2\repository\org\springframework\spring-tx\6.1.14\spring-tx-6.1.14.jar;C:\Users\DELL\.m2\repository\org\springframework\spring-context\6.1.14\spring-context-6.1.14.jar;C:\Users\DELL\.m2\repository\org\slf4j\slf4j-api\2.0.16\slf4j-api-2.0.16.jar;C:\Users\DELL\.m2\repository\org\springframework\boot\spring-boot-starter-data-jpa\3.3.5\spring-boot-starter-data-jpa-3.3.5.jar;C:\Users\DELL\.m2\repository\org\springframework\boot\spring-boot-starter-aop\3.3.5\spring-boot-starter-aop-3.3.5.jar;C:\Users\DELL\.m2\repository\org\springframework\spring-aop\6.1.14\spring-aop-6.1.14.jar;C:\Users\DELL\.m2\repository\org\aspectj\aspectjweaver\1.9.22.1\aspectjweaver-1.9.22.1.jar;C:\Users\DELL\.m2\repository\org\hibernate\orm\hibernate-core\6.5.3.Final\hibernate-core-6.5.3.Final.jar;C:\Users\DELL\.m2\repository\jakarta\persistence\jakarta.persistence-api\3.1.0\jakarta.persistence-api-3.1.0.jar;C:\Users\DELL\.m2\repository\jakarta\transaction\jakarta.transaction-api\2.0.1\jakarta.transaction-api-2.0.1.jar;C:\Users\DELL\.m2\repository\org\jboss\logging\jboss-logging\3.5.3.Final\jboss-logging-3.5.3.Final.jar;C:\Users\DELL\.m2\repository\org\hibernate\common\hibernate-commons-annotations\6.0.6.Final\hibernate-commons-annotations-6.0.6.Final.jar;C:\Users\DELL\.m2\repository\io\smallrye\jandex\3.1.2\jandex-3.1.2.jar;C:\Users\DELL\.m2\repository\com\fasterxml\classmate\1.7.0\classmate-1.7.0.jar;C:\Users\DELL\.m2\repository\net\bytebuddy\byte-buddy\1.14.19\byte-buddy-1.14.19.jar;C:\Users\DELL\.m2\repository\org\glassfish\jaxb\jaxb-runtime\4.0.5\jaxb-runtime-4.0.5.jar;C:\Users\DELL\.m2\repository\org\antlr\antlr4-runtime\4.13.0\antlr4-runtime-4.13.0.jar;C:\Users\DELL\.m2\repository\org\springframework\data\spring-data-jpa\3.3.5\spring-data-jpa-3.3.5.jar;C:\Users\DELL\.m2\repository\org\springframework\spring-orm\6.1.14\spring-orm-6.1.14.jar;C:\Users\DELL\.m2\repository\org\springframework\spring-aspects\6.1.14\spring-aspects-6.1.14.jar;C:\Users\DELL\.m2\repository\org\postgresql\postgresql\42.7.4\postgresql-42.7.4.jar;C:\Users\DELL\.m2\repository\org\checkerframework\checker-qual\3.42.0\checker-qual-3.42.0.jar;C:\Users\DELL\.m2\repository\org\springframework\boot\spring-boot-starter-web\3.3.5\spring-boot-starter-web-3.3.5.jar;C:\Users\DELL\.m2\repository\org\springframework\boot\spring-boot-starter-tomcat\3.3.5\spring-boot-starter-tomcat-3.3.5.jar;C:\Users\DELL\.m2\repository\org\apache\tomcat\embed\tomcat-embed-core\10.1.31\tomcat-embed-core-10.1.31.jar;C:\Users\DELL\.m2\repository\org\apache\tomcat\embed\tomcat-embed-websocket\10.1.31\tomcat-embed-websocket-10.1.31.jar;C:\Users\DELL\.m2\repository\org\springframework\spring-webmvc\6.1.14\spring-webmvc-6.1.14.jar;C:\Users\DELL\.m2\repository\org\springframework\spring-expression\6.1.14\spring-expression-6.1.14.jar;C:\Users\DELL\.m2\repository\org\springframework\boot\spring-boot-starter-validation\3.3.5\spring-boot-starter-validation-3.3.5.jar;C:\Users\DELL\.m2\repository\org\apache\tomcat\embed\tomcat-embed-el\10.1.31\tomcat-embed-el-10.1.31.jar;C:\Users\DELL\.m2\repository\org\hibernate\validator\hibernate-validator\8.0.1.Final\hibernate-validator-8.0.1.Final.jar;C:\Users\DELL\.m2\repository\jakarta\validation\jakarta.validation-api\3.0.2\jakarta.validation-api-3.0.2.jar;C:\Users\DELL\.m2\repository\org\keycloak\keycloak-admin-client\26.0.1\keycloak-admin-client-26.0.1.jar;C:\Users\DELL\.m2\repository\org\keycloak\keycloak-client-common-synced\26.0.1\keycloak-client-common-synced-26.0.1.jar;C:\Users\DELL\.m2\repository\org\jboss\logging\commons-logging-jboss-logging\1.0.0.Final\commons-logging-jboss-logging-1.0.0.Final.jar;C:\Users\DELL\.m2\repository\jakarta\activation\jakarta.activation-api\2.1.3\jakarta.activation-api-2.1.3.jar;C:\Users\DELL\.m2\repository\com\fasterxml\jackson\core\jackson-core\2.17.2\jackson-core-2.17.2.jar;C:\Users\DELL\.m2\repository\com\fasterxml\jackson\core\jackson-annotations\2.17.2\jackson-annotations-2.17.2.jar;C:\Users\DELL\.m2\repository\com\fasterxml\jackson\datatype\jackson-datatype-jdk8\2.17.2\jackson-datatype-jdk8-2.17.2.jar;C:\Users\DELL\.m2\repository\com\fasterxml\jackson\datatype\jackson-datatype-jsr310\2.17.2\jackson-datatype-jsr310-2.17.2.jar;C:\Users\DELL\.m2\repository\org\eclipse\microprofile\openapi\microprofile-openapi-api\3.1.1\microprofile-openapi-api-3.1.1.jar;C:\Users\DELL\.m2\repository\org\jboss\resteasy\resteasy-client\6.2.9.Final\resteasy-client-6.2.9.Final.jar;C:\Users\DELL\.m2\repository\org\jboss\resteasy\resteasy-client-api\6.2.9.Final\resteasy-client-api-6.2.9.Final.jar;C:\Users\DELL\.m2\repository\org\jboss\resteasy\resteasy-core-spi\6.2.9.Final\resteasy-core-spi-6.2.9.Final.jar;C:\Users\DELL\.m2\repository\org\jboss\resteasy\resteasy-core\6.2.9.Final\resteasy-core-6.2.9.Final.jar;C:\Users\DELL\.m2\repository\org\jboss\jandex\2.4.5.Final\jandex-2.4.5.Final.jar;C:\Users\DELL\.m2\repository\org\eclipse\angus\angus-activation\2.0.2\angus-activation-2.0.2.jar;C:\Users\DELL\.m2\repository\com\ibm\async\asyncutil\0.1.0\asyncutil-0.1.0.jar;C:\Users\DELL\.m2\repository\commons-codec\commons-codec\1.16.1\commons-codec-1.16.1.jar;C:\Users\DELL\.m2\repository\org\reactivestreams\reactive-streams\1.0.4\reactive-streams-1.0.4.jar;C:\Users\DELL\.m2\repository\org\jboss\resteasy\resteasy-multipart-provider\6.2.9.Final\resteasy-multipart-provider-6.2.9.Final.jar;C:\Users\DELL\.m2\repository\jakarta\mail\jakarta.mail-api\2.1.3\jakarta.mail-api-2.1.3.jar;C:\Users\DELL\.m2\repository\org\eclipse\angus\angus-mail\2.0.3\angus-mail-2.0.3.jar;C:\Users\DELL\.m2\repository\org\apache\james\apache-mime4j-dom\0.8.11\apache-mime4j-dom-0.8.11.jar;C:\Users\DELL\.m2\repository\org\apache\james\apache-mime4j-core\0.8.11\apache-mime4j-core-0.8.11.jar;C:\Users\DELL\.m2\repository\org\apache\james\apache-mime4j-storage\0.8.11\apache-mime4j-storage-0.8.11.jar;C:\Users\DELL\.m2\repository\commons-io\commons-io\2.11.0\commons-io-2.11.0.jar;C:\Users\DELL\.m2\repository\org\jboss\resteasy\resteasy-jackson2-provider\6.2.9.Final\resteasy-jackson2-provider-6.2.9.Final.jar;C:\Users\DELL\.m2\repository\com\fasterxml\jackson\jakarta\rs\jackson-jakarta-rs-base\2.17.2\jackson-jakarta-rs-base-2.17.2.jar;C:\Users\DELL\.m2\repository\com\fasterxml\jackson\jakarta\rs\jackson-jakarta-rs-json-provider\2.17.2\jackson-jakarta-rs-json-provider-2.17.2.jar;C:\Users\DELL\.m2\repository\com\fasterxml\jackson\module\jackson-module-jakarta-xmlbind-annotations\2.17.2\jackson-module-jakarta-xmlbind-annotations-2.17.2.jar;C:\Users\DELL\.m2\repository\com\github\java-json-tools\json-patch\1.13\json-patch-1.13.jar;C:\Users\DELL\.m2\repository\com\github\java-json-tools\msg-simple\1.2\msg-simple-1.2.jar;C:\Users\DELL\.m2\repository\com\github\java-json-tools\btf\1.3\btf-1.3.jar;C:\Users\DELL\.m2\repository\com\github\java-json-tools\jackson-coreutils\2.0\jackson-coreutils-2.0.jar;C:\Users\DELL\.m2\repository\org\jboss\resteasy\resteasy-jaxb-provider\6.2.9.Final\resteasy-jaxb-provider-6.2.9.Final.jar;C:\Users\DELL\.m2\repository\org\glassfish\jaxb\codemodel\4.0.5\codemodel-4.0.5.jar;C:\Users\DELL\.m2\repository\org\glassfish\jaxb\jaxb-core\4.0.5\jaxb-core-4.0.5.jar;C:\Users\DELL\.m2\repository\org\glassfish\jaxb\jaxb-jxc\4.0.5\jaxb-jxc-4.0.5.jar;C:\Users\DELL\.m2\repository\org\glassfish\jaxb\txw2\4.0.5\txw2-4.0.5.jar;C:\Users\DELL\.m2\repository\org\glassfish\jaxb\jaxb-xjc\4.0.5\jaxb-xjc-4.0.5.jar;C:\Users\DELL\.m2\repository\org\glassfish\jaxb\xsom\4.0.5\xsom-4.0.5.jar;C:\Users\DELL\.m2\repository\com\sun\istack\istack-commons-runtime\4.1.2\istack-commons-runtime-4.1.2.jar;C:\Users\DELL\.m2\repository\com\sun\istack\istack-commons-tools\4.1.2\istack-commons-tools-4.1.2.jar;C:\Users\DELL\.m2\repository\com\sun\xml\bind\external\relaxng-datatype\4.0.3\relaxng-datatype-4.0.3.jar;C:\Users\DELL\.m2\repository\com\sun\xml\bind\external\rngom\4.0.3\rngom-4.0.3.jar;C:\Users\DELL\MicroService\pulsar\target\classes;C:\Users\DELL\.m2\repository\org\apache\pulsar\pulsar-client\3.2.4\pulsar-client-3.2.4.jar;C:\Users\DELL\.m2\repository\org\apache\pulsar\pulsar-client-api\3.2.4\pulsar-client-api-3.2.4.jar;C:\Users\DELL\.m2\repository\org\apache\pulsar\pulsar-client-admin-api\3.2.4\pulsar-client-admin-api-3.2.4.jar;C:\Users\DELL\.m2\repository\javax\ws\rs\javax.ws.rs-api\2.1\javax.ws.rs-api-2.1.jar;C:\Users\DELL\.m2\repository\com\google\protobuf\protobuf-java\3.19.6\protobuf-java-3.19.6.jar;C:\Users\DELL\.m2\repository\org\apache\pulsar\bouncy-castle-bc\3.2.4\bouncy-castle-bc-3.2.4-pkg.jar;C:\Users\DELL\.m2\repository\org\bouncycastle\bcpkix-jdk18on\1.78.1\bcpkix-jdk18on-1.78.1.jar;C:\Users\DELL\.m2\repository\org\bouncycastle\bcutil-jdk18on\1.78.1\bcutil-jdk18on-1.78.1.jar;C:\Users\DELL\.m2\repository\org\bouncycastle\bcprov-jdk18on\1.78.1\bcprov-jdk18on-1.78.1.jar;C:\Users\DELL\.m2\repository\com\sun\activation\javax.activation\1.2.0\javax.activation-1.2.0.jar;C:\Users\DELL\.m2\repository\javax\validation\validation-api\1.1.0.Final\validation-api-1.1.0.Final.jar;C:\Users\DELL\.m2\repository\net\jcip\jcip-annotations\1.0\jcip-annotations-1.0.jar;C:\Users\DELL\.m2\repository\org\projectlombok\lombok\1.18.34\lombok-1.18.34.jar;C:\Users\DELL\.m2\repository\org\springframework\boot\spring-boot-starter-test\3.3.5\spring-boot-starter-test-3.3.5.jar;C:\Users\DELL\.m2\repository\org\springframework\boot\spring-boot-test\3.3.5\spring-boot-test-3.3.5.jar;C:\Users\DELL\.m2\repository\org\springframework\boot\spring-boot-test-autoconfigure\3.3.5\spring-boot-test-autoconfigure-3.3.5.jar;C:\Users\DELL\.m2\repository\com\jayway\jsonpath\json-path\2.9.0\json-path-2.9.0.jar;C:\Users\DELL\.m2\repository\jakarta\xml\bind\jakarta.xml.bind-api\4.0.2\jakarta.xml.bind-api-4.0.2.jar;C:\Users\DELL\.m2\repository\net\minidev\json-smart\2.5.1\json-smart-2.5.1.jar;C:\Users\DELL\.m2\repository\net\minidev\accessors-smart\2.5.1\accessors-smart-2.5.1.jar;C:\Users\DELL\.m2\repository\org\ow2\asm\asm\9.6\asm-9.6.jar;C:\Users\DELL\.m2\repository\org\assertj\assertj-core\3.25.3\assertj-core-3.25.3.jar;C:\Users\DELL\.m2\repository\org\awaitility\awaitility\4.2.2\awaitility-4.2.2.jar;C:\Users\DELL\.m2\repository\org\hamcrest\hamcrest\2.2\hamcrest-2.2.jar;C:\Users\DELL\.m2\repository\org\junit\jupiter\junit-jupiter\5.10.5\junit-jupiter-5.10.5.jar;C:\Users\DELL\.m2\repository\org\junit\jupiter\junit-jupiter-api\5.10.5\junit-jupiter-api-5.10.5.jar;C:\Users\DELL\.m2\repository\org\opentest4j\opentest4j\1.3.0\opentest4j-1.3.0.jar;C:\Users\DELL\.m2\repository\org\junit\platform\junit-platform-commons\1.10.5\junit-platform-commons-1.10.5.jar;C:\Users\DELL\.m2\repository\org\apiguardian\apiguardian-api\1.1.2\apiguardian-api-1.1.2.jar;C:\Users\DELL\.m2\repository\org\junit\jupiter\junit-jupiter-params\5.10.5\junit-jupiter-params-5.10.5.jar;C:\Users\DELL\.m2\repository\org\junit\jupiter\junit-jupiter-engine\5.10.5\junit-jupiter-engine-5.10.5.jar;C:\Users\DELL\.m2\repository\org\junit\platform\junit-platform-engine\1.10.5\junit-platform-engine-1.10.5.jar;C:\Users\DELL\.m2\repository\org\mockito\mockito-core\5.11.0\mockito-core-5.11.0.jar;C:\Users\DELL\.m2\repository\net\bytebuddy\byte-buddy-agent\1.14.19\byte-buddy-agent-1.14.19.jar;C:\Users\DELL\.m2\repository\org\objenesis\objenesis\3.3\objenesis-3.3.jar;C:\Users\DELL\.m2\repository\org\mockito\mockito-junit-jupiter\5.11.0\mockito-junit-jupiter-5.11.0.jar;C:\Users\DELL\.m2\repository\org\skyscreamer\jsonassert\1.5.3\jsonassert-1.5.3.jar;C:\Users\DELL\.m2\repository\com\vaadin\external\google\android-json\0.0.20131108.vaadin1\android-json-0.0.20131108.vaadin1.jar;C:\Users\DELL\.m2\repository\org\springframework\spring-core\6.1.14\spring-core-6.1.14.jar;C:\Users\DELL\.m2\repository\org\springframework\spring-jcl\6.1.14\spring-jcl-6.1.14.jar;C:\Users\DELL\.m2\repository\org\springframework\spring-test\6.1.14\spring-test-6.1.14.jar;C:\Users\DELL\.m2\repository\org\xmlunit\xmlunit-core\2.9.1\xmlunit-core-2.9.1.jar
Launcher Type: SUN_STANDARD

[Global flags]
     intx CICompilerCount                          = 3                                         {product} {ergonomic}
     uint ConcGCThreads                            = 1                                         {product} {ergonomic}
     uint G1ConcRefinementThreads                  = 4                                         {product} {ergonomic}
   size_t G1HeapRegionSize                         = 1048576                                   {product} {ergonomic}
    uintx GCDrainStackTargetSize                   = 64                                        {product} {ergonomic}
   size_t InitialHeapSize                          = 134217728                                 {product} {ergonomic}
   size_t MarkStackSize                            = 4194304                                   {product} {ergonomic}
   size_t MaxHeapSize                              = 2120220672                                {product} {ergonomic}
   size_t MaxNewSize                               = 1271922688                                {product} {ergonomic}
   size_t MinHeapDeltaBytes                        = 1048576                                   {product} {ergonomic}
   size_t MinHeapSize                              = 8388608                                   {product} {ergonomic}
    uintx NonNMethodCodeHeapSize                   = 5832780                                {pd product} {ergonomic}
    uintx NonProfiledCodeHeapSize                  = 122912730                              {pd product} {ergonomic}
    uintx ProfiledCodeHeapSize                     = 122912730                              {pd product} {ergonomic}
    uintx ReservedCodeCacheSize                    = 251658240                              {pd product} {ergonomic}
     bool SegmentedCodeCache                       = true                                      {product} {ergonomic}
   size_t SoftMaxHeapSize                          = 2120220672                             {manageable} {ergonomic}
     bool UseCompressedOops                        = true                           {product lp64_product} {ergonomic}
     bool UseG1GC                                  = true                                      {product} {ergonomic}
     bool UseLargePagesIndividualAllocation        = false                                  {pd product} {ergonomic}

Logging:
Log output configuration:
 #0: stdout all=warning uptime,level,tags foldmultilines=false
 #1: stderr all=off uptime,level,tags foldmultilines=false

Environment Variables:
JAVA_HOME=C:\Program Files\Java\jdk-21
PATH=C:\Program Files (x86)\Common Files\Oracle\Java\javapath;C:\Program Files\Common Files\Oracle\Java\javapath;C:\Windows\system32;C:\Windows;C:\Windows\System32\Wbem;C:\Windows\System32\WindowsPowerShell\v1.0\;C:\Windows\System32\OpenSSH\;C:\Program Files\Git\cmd;C:\Program Files (x86)\Microsoft SQL Server\150\DTS\Binn\;C:\Program Files\Microsoft SQL Server\Client SDK\ODBC\130\Tools\Binn\;C:\Program Files (x86)\Microsoft SQL Server\140\Tools\Binn\;C:\Program Files\Microsoft SQL Server\140\Tools\Binn\;C:\Program Files\Microsoft SQL Server\140\DTS\Binn\;C:\Program Files\nodejs\;C:\Program Files\Go\bin;C:\Program Files\Docker\Docker\resources\bin;C:\Program Files\Java\jdk-21\bin;C:\Users\DELL\.cargo\bin;C:\Program Files\MySQL\MySQL Shell 8.0\bin\;C:\Users\DELL\AppData\Local\Programs\Python\Python312\Scripts\;C:\Users\DELL\AppData\Local\Programs\Python\Python312\;C:\Users\DELL\AppData\Local\Microsoft\WindowsApps;C:\Program Files\JetBrains\IntelliJ IDEA 2023.3.2\bin;;C:\Users\DELL\AppData\Local\Programs\Microsoft VS Code\bin;C:\Users\DELL\AppData\Roaming\npm;C:\Users\DELL\go\bin;C:\Program Files\Java\jdk-21\bin;C:\Program Files\Java\jdk-21\bin;
USERNAME=DELL
OS=Windows_NT
PROCESSOR_IDENTIFIER=Intel64 Family 6 Model 78 Stepping 3, GenuineIntel
TMP=C:\Users\DELL\AppData\Local\Temp
TEMP=C:\Users\DELL\AppData\Local\Temp




Periodic native trim disabled

---------------  S Y S T E M  ---------------

OS:
 Windows 11 , 64 bit Build 22621 (10.0.22621.3958)
OS uptime: 0 days 18:16 hours
Hyper-V role detected

CPU: total 4 (initial active 4) (2 cores per cpu, 2 threads per core) family 6 model 78 stepping 3 microcode 0xf0, cx8, cmov, fxsr, ht, mmx, 3dnowpref, sse, sse2, sse3, ssse3, sse4.1, sse4.2, popcnt, lzcnt, tsc, tscinvbit, avx, avx2, aes, erms, clmul, bmi1, bmi2, rtm, adx, fma, vzeroupper, clflush, clflushopt, hv, rdtscp, f16c
Processor Information for all 4 processors :
  Max Mhz: 2501, Current Mhz: 2501, Mhz Limit: 2501

Memory: 4k page, system-wide physical 8083M (332M free)
TotalPageFile size 16167M (AvailPageFile size 2925M)
current process WorkingSet (physical memory assigned to process): 75M, peak: 75M
current process commit charge ("private bytes"): 216M, peak: 216M

vm_info: Java HotSpot(TM) 64-Bit Server VM (21.0.1+12-LTS-29) for windows-amd64 JRE (21.0.1+12-LTS-29), built on 2023-10-05T13:27:09Z by "mach5one" with MS VC++ 17.1 (VS2022)

END.
