#
# A fatal error has been detected by the Java Runtime Environment:
#
#  EXCEPTION_ACCESS_VIOLATION (0xc0000005) at pc=0x00007ffe51d23be5, pid=17816, tid=7932
#
# JRE version: Java(TM) SE Runtime Environment (21.0.1+12) (build 21.0.1+12-LTS-29)
# Java VM: Java HotSpot(TM) 64-Bit Server VM (21.0.1+12-LTS-29, mixed mode, sharing, tiered, compressed oops, compressed class ptrs, g1 gc, windows-amd64)
# Problematic frame:
# V  [jvm.dll+0x3b3be5]
#
# No core dump will be written. Minidumps are not enabled by default on client versions of Windows
#
# If you would like to submit a bug report, please visit:
#   https://bugreport.java.com/bugreport/crash.jsp
#

---------------  S U M M A R Y ------------

Command Line: -ea -Didea.test.cyclic.buffer.size=1048576 -javaagent:C:\Users\DELL\Desktop\IntelliJ IDEA 2024.2\lib\idea_rt.jar=57906:C:\Users\DELL\Desktop\IntelliJ IDEA 2024.2\bin -Dfile.encoding=UTF-8 -Dsun.stdout.encoding=UTF-8 -Dsun.stderr.encoding=UTF-8 com.intellij.rt.junit.JUnitStarter -ideVersion5 -junit5 africa.semicolon.monnifyAdapter.MonnifyAdapterTest,testInitiateTransfer_successful

Host: Intel(R) Core(TM) i5-6300U CPU @ 2.40GHz, 4 cores, 7G,  Windows 11 , 64 bit Build 22621 (10.0.22621.3958)
Time: Mon Jan 13 09:55:23 2025 W. Central Africa Standard Time elapsed time: 14.475727 seconds (0d 0h 0m 14s)

---------------  T H R E A D  ---------------

Current thread (0x000001c177af3750):  JavaThread "C2 CompilerThread1" daemon [_thread_in_native, id=7932, stack(0x0000000727100000,0x0000000727200000) (1024K)]


Current CompileTask:
C2:  14475 4886 % !   4       com.sun.crypto.provider.PBKDF2KeyImpl::deriveKey @ 198 (302 bytes)

Stack: [0x0000000727100000,0x0000000727200000],  sp=0x00000007271fc780,  free space=1009k
Native frames: (J=compiled Java code, j=interpreted, Vv=VM code, C=native code)
V  [jvm.dll+0x3b3be5]
V  [jvm.dll+0x1e20f7]
V  [jvm.dll+0x249c22]
V  [jvm.dll+0x2490b1]
V  [jvm.dll+0x1c9ca1]
V  [jvm.dll+0x2586b9]
V  [jvm.dll+0x256c9a]
V  [jvm.dll+0x3ef1b6]
V  [jvm.dll+0x7fd728]
V  [jvm.dll+0x6c777d]
C  [ucrtbase.dll+0x29333]
C  [KERNEL32.DLL+0x1257d]
C  [ntdll.dll+0x5af08]


siginfo: EXCEPTION_ACCESS_VIOLATION (0xc0000005), reading address 0xffffffffffffffff


Registers:
RAX=0x000001c17a2db848, RBX=0x000001c1784f1f70, RCX=0x0000000000000000, RDX=0x0000000000000000
RSP=0x00000007271fc780, RBP=0x00000007271fc8c0, RSI=0x0000000000003626, RDI=0x0000000000003626
R8 =0x0000004000000000, R9 =0x00207ffe52592e30, R10=0x000001c1794e5ff8, R11=0x0000000000000246
R12=0x0000000000000000, R13=0x0000000000000001, R14=0x0000000000000026, R15=0x00007ffe52592e30
RIP=0x00007ffe51d23be5, EFLAGS=0x0000000000010246


Register to memory mapping:

RAX=0x000001c17a2db848 points into unknown readable memory: 0x00007ffe52592e30 | 30 2e 59 52 fe 7f 00 00
RBX=0x000001c1784f1f70 points into unknown readable memory: 0x0000002e00000029 | 29 00 00 00 2e 00 00 00
RCX=0x0 is null
RDX=0x0 is null
RSP=0x00000007271fc780 is pointing into the stack for thread: 0x000001c177af3750
RBP=0x00000007271fc8c0 is pointing into the stack for thread: 0x000001c177af3750
RSI=0x0000000000003626 is an unknown value
RDI=0x0000000000003626 is an unknown value
R8 =0x0000004000000000 is an unknown value
R9 =0x00207ffe52592e30 is an unknown value
R10=0x000001c1794e5ff8 points into unknown readable memory: 0x0000000000000000 | 00 00 00 00 00 00 00 00
R11=0x0000000000000246 is an unknown value
R12=0x0 is null
R13=0x0000000000000001 is an unknown value
R14=0x0000000000000026 is an unknown value
R15=0x00007ffe52592e30 jvm.dll

Top of Stack: (sp=0x00000007271fc780)
0x00000007271fc780:   000001c178489b50 00000007271fc8c0
0x00000007271fc790:   0000000000003626 000001c177f6f690
0x00000007271fc7a0:   0000000000000000 0000000200001265
0x00000007271fc7b0:   0000002c00000013 000001c1794e6080
0x00000007271fc7c0:   000001c178833380 000001c178657810
0x00000007271fc7d0:   000001c1304d0820 0000000000000000
0x00000007271fc7e0:   00000007271fc8f0 00007ffe51b520f7
0x00000007271fc7f0:   00000007271fcc60 000001c1304d0bf8
0x00000007271fc800:   00000007271fcd40 000001c1304d0810
0x00000007271fc810:   0000000000000000 000000000000000e
0x00000007271fc820:   0000000000000007 000001c1304d0810
0x00000007271fc830:   000001c177eb8b30 000001c177ebc4a0
0x00000007271fc840:   000001c177ec0b18 0000000000ffe450
0x00000007271fc850:   000001c1304d0820 0000000000000000
0x00000007271fc860:   0000000000000000 0000000000000000
0x00000007271fc870:   0000000000000010 0000000000001e00
0x00000007271fc880:   000001c177f6f690 00007ffe52319680
0x00000007271fc890:   0000000000000000 00000007271fe120
0x00000007271fc8a0:   0000000000000000 00007ffe52319680
0x00000007271fc8b0:   0000000000007f00 00007ffe51a33e1e
0x00000007271fc8c0:   00007ffe0000000c 00000007271fe120
0x00000007271fc8d0:   000001c17843a050 000001c177f6f600
0x00000007271fc8e0:   000001c17b6dd050 000001c100003c7b
0x00000007271fc8f0:   00000007271fc820 000001c1304d0820
0x00000007271fc900:   00007ffe52319650 000000000000000d
0x00000007271fc910:   00000007271fe120 00000007271fcc60
0x00000007271fc920:   000001c100002447 000001c177f6f690
0x00000007271fc930:   000000000000000a 00000007271fe120
0x00000007271fc940:   000001c17a4a06b0 0000000000000000
0x00000007271fc950:   000001c17a76e520 000001c178fb60f0
0x00000007271fc960:   000001c178fb8cd0 00000007271fcbc0
0x00000007271fc970:   00000007271fcd60 000001c100003c7b 

Instructions: (pc=0x00007ffe51d23be5)
0x00007ffe51d23ae5:   10 4c 89 70 18 4c 89 78 20 4c 8d 3d 3b f3 86 00
0x00007ffe51d23af5:   66 66 66 0f 1f 84 00 00 00 00 00 8b f7 4c 8d 04
0x00007ffe51d23b05:   b6 49 c1 e0 05 4c 03 45 10 45 39 20 0f 84 f7 00
0x00007ffe51d23b15:   00 00 44 89 64 24 28 49 8b d4 48 89 54 24 20 44
0x00007ffe51d23b25:   8b f6 48 c7 44 24 2c 04 00 00 00 41 83 e6 3f 41
0x00007ffe51d23b35:   8b 40 04 89 44 24 34 4c 89 64 24 38 49 8b 40 08
0x00007ffe51d23b45:   48 89 44 24 40 4c 89 44 24 48 90 48 85 d2 74 1d
0x00007ffe51d23b55:   48 0f bc c2 8b c8 48 d3 ea 8b 4c 24 28 48 ff ca
0x00007ffe51d23b65:   03 c8 48 89 54 24 20 89 4c 24 28 eb 26 83 7c 24
0x00007ffe51d23b75:   2c 04 72 0e 8b 44 24 34 39 44 24 30 0f 83 87 00
0x00007ffe51d23b85:   00 00 48 8d 4c 24 20 e8 9f 6a 00 00 48 8b 54 24
0x00007ffe51d23b95:   20 8b c8 85 c9 74 72 8b c1 48 8d 1c 80 48 c1 e3
0x00007ffe51d23ba5:   05 48 03 5d 10 85 ff 74 a2 48 8b 43 08 48 8b ce
0x00007ffe51d23bb5:   48 c1 e9 08 4c 8b 0c c8 4d 3b cf 75 0d 8b d7 48
0x00007ffe51d23bc5:   8b cb e8 24 6c 00 00 4c 8b c8 49 8b ce 41 b8 01
0x00007ffe51d23bd5:   00 00 00 49 d3 e0 48 8b ce 48 c1 e9 06 83 e1 03
0x00007ffe51d23be5:   49 8b 14 c9 48 8b c2 49 0b c0 49 89 04 c9 49 85
0x00007ffe51d23bf5:   d0 74 0a 48 8b 54 24 20 e9 4e ff ff ff ff 03 48
0x00007ffe51d23c05:   8b 54 24 20 e9 42 ff ff ff ff c7 3b 7d 28 0f 82
0x00007ffe51d23c15:   e7 fe ff ff 4c 8b bc 24 88 00 00 00 4c 8b b4 24
0x00007ffe51d23c25:   80 00 00 00 48 8b 74 24 78 48 8b 5c 24 70 c6 45
0x00007ffe51d23c35:   18 01 48 83 c4 50 41 5c 5f 5d c3 c6 41 18 01 48
0x00007ffe51d23c45:   83 c4 50 41 5c 5f 5d c3 cc cc cc 4c 8b dc 49 89
0x00007ffe51d23c55:   6b 20 56 57 41 56 48 83 ec 50 48 8b e9 8b f2 41
0x00007ffe51d23c65:   8b c0 48 8d 3c b6 48 c1 e7 05 48 03 79 10 48 8d
0x00007ffe51d23c75:   0c 80 48 c1 e1 05 48 03 4d 10 83 39 00 0f 84 7a
0x00007ffe51d23c85:   01 00 00 33 d2 4d 89 63 10 49 89 53 b8 4c 8d 25
0x00007ffe51d23c95:   97 f1 86 00 89 54 24 28 44 8b c2 49 c7 43 c4 04
0x00007ffe51d23ca5:   00 00 00 8b 41 04 89 44 24 34 4d 89 7b 18 44 8b
0x00007ffe51d23cb5:   fe 49 89 53 d0 41 83 e7 3f 48 8b 41 08 49 89 43
0x00007ffe51d23cc5:   d8 49 89 4b e0 49 89 5b 08 66 90 48 85 d2 74 1b
0x00007ffe51d23cd5:   48 0f bc c2 8b c8 48 d3 ea 48 ff ca 44 03 c0 48 


Stack slot to memory mapping:

stack at sp + 0 slots: 0x000001c178489b50 points into unknown readable memory: 0x0000003700000009 | 09 00 00 00 37 00 00 00
stack at sp + 1 slots: 0x00000007271fc8c0 is pointing into the stack for thread: 0x000001c177af3750
stack at sp + 2 slots: 0x0000000000003626 is an unknown value
stack at sp + 3 slots: 0x000001c177f6f690 points into unknown readable memory: 0x3fdc587e7b22e307 | 07 e3 22 7b 7e 58 dc 3f
stack at sp + 4 slots: 0x0 is null
stack at sp + 5 slots: 0x0000000200001265 is an unknown value
stack at sp + 6 slots: 0x0000002c00000013 is an unknown value
stack at sp + 7 slots: 0x000001c1794e6080 points into unknown readable memory: 0x0000000000000000 | 00 00 00 00 00 00 00 00


---------------  P R O C E S S  ---------------

Threads class SMR info:
_java_thread_list=0x000001c177dfdc40, length=16, elements={
0x000001c111ff9b50, 0x000001c1301afe40, 0x000001c1301b0aa0, 0x000001c1301b2710,
0x000001c1301b5180, 0x000001c1301b5be0, 0x000001c1301b6640, 0x000001c1301b93e0,
0x000001c1301bad80, 0x000001c13017c360, 0x000001c1305279d0, 0x000001c130593190,
0x000001c177af3750, 0x000001c179652300, 0x000001c179651c70, 0x000001c179652990
}

Java Threads: ( => current thread )
  0x000001c111ff9b50 JavaThread "main"                              [_thread_in_vm, id=14200, stack(0x0000000725e00000,0x0000000725f00000) (1024K)]
  0x000001c1301afe40 JavaThread "Reference Handler"          daemon [_thread_blocked, id=18196, stack(0x0000000726600000,0x0000000726700000) (1024K)]
  0x000001c1301b0aa0 JavaThread "Finalizer"                  daemon [_thread_blocked, id=17740, stack(0x0000000726700000,0x0000000726800000) (1024K)]
  0x000001c1301b2710 JavaThread "Signal Dispatcher"          daemon [_thread_blocked, id=19432, stack(0x0000000726800000,0x0000000726900000) (1024K)]
  0x000001c1301b5180 JavaThread "Attach Listener"            daemon [_thread_blocked, id=4508, stack(0x0000000726900000,0x0000000726a00000) (1024K)]
  0x000001c1301b5be0 JavaThread "Service Thread"             daemon [_thread_blocked, id=10088, stack(0x0000000726a00000,0x0000000726b00000) (1024K)]
  0x000001c1301b6640 JavaThread "Monitor Deflation Thread"   daemon [_thread_blocked, id=16860, stack(0x0000000726b00000,0x0000000726c00000) (1024K)]
  0x000001c1301b93e0 JavaThread "C2 CompilerThread0"         daemon [_thread_blocked, id=17356, stack(0x0000000726c00000,0x0000000726d00000) (1024K)]
  0x000001c1301bad80 JavaThread "C1 CompilerThread0"         daemon [_thread_blocked, id=16012, stack(0x0000000726d00000,0x0000000726e00000) (1024K)]
  0x000001c13017c360 JavaThread "Common-Cleaner"             daemon [_thread_blocked, id=13104, stack(0x0000000726e00000,0x0000000726f00000) (1024K)]
  0x000001c1305279d0 JavaThread "Monitor Ctrl-Break"         daemon [_thread_in_native, id=18056, stack(0x0000000726f00000,0x0000000727000000) (1024K)]
  0x000001c130593190 JavaThread "Notification Thread"        daemon [_thread_blocked, id=7308, stack(0x0000000727000000,0x0000000727100000) (1024K)]
=>0x000001c177af3750 JavaThread "C2 CompilerThread1"         daemon [_thread_in_native, id=7932, stack(0x0000000727100000,0x0000000727200000) (1024K)]
  0x000001c179652300 JavaThread "PostgreSQL-JDBC-Cleaner"    daemon [_thread_blocked, id=18292, stack(0x0000000727600000,0x0000000727700000) (1024K)]
  0x000001c179651c70 JavaThread "HikariPool-1 housekeeper"   daemon [_thread_blocked, id=18088, stack(0x0000000727700000,0x0000000727800000) (1024K)]
  0x000001c179652990 JavaThread "HikariPool-1 connection adder" daemon [_thread_in_Java, id=16896, stack(0x0000000727800000,0x0000000727900000) (1024K)]
Total: 16

Other Threads:
  0x000001c111fe5710 VMThread "VM Thread"                           [id=15104, stack(0x0000000726500000,0x0000000726600000) (1024K)]
  0x000001c13017b130 WatcherThread "VM Periodic Task Thread"        [id=17024, stack(0x0000000726400000,0x0000000726500000) (1024K)]
  0x000001c111fe6930 WorkerThread "GC Thread#0"                     [id=16204, stack(0x0000000725f00000,0x0000000726000000) (1024K)]
  0x000001c111fe4fd0 WorkerThread "GC Thread#1"                     [id=9292, stack(0x0000000727200000,0x0000000727300000) (1024K)]
  0x000001c111fe5ab0 WorkerThread "GC Thread#2"                     [id=15712, stack(0x0000000727300000,0x0000000727400000) (1024K)]
  0x000001c111fe61f0 WorkerThread "GC Thread#3"                     [id=15436, stack(0x0000000727400000,0x0000000727500000) (1024K)]
  0x000001c112208ce0 ConcurrentGCThread "G1 Main Marker"            [id=17868, stack(0x0000000726000000,0x0000000726100000) (1024K)]
  0x000001c111fe5370 WorkerThread "G1 Conc#0"                       [id=13988, stack(0x0000000726100000,0x0000000726200000) (1024K)]
  0x000001c13003a0b0 ConcurrentGCThread "G1 Refine#0"               [id=7196, stack(0x0000000726200000,0x0000000726300000) (1024K)]
  0x000001c13003abe0 ConcurrentGCThread "G1 Service"                [id=2984, stack(0x0000000726300000,0x0000000726400000) (1024K)]
Total: 10

Threads with active compile tasks:
C2 CompilerThread1    14729 4886 % !   4       com.sun.crypto.provider.PBKDF2KeyImpl::deriveKey @ 198 (302 bytes)
Total: 1

VM state: not at safepoint (normal execution)

VM Mutex/Monitor currently owned by a thread: None

Heap address: 0x0000000081a00000, size: 2022 MB, Compressed Oops mode: 32-bit

CDS archive(s) mapped at: [0x000001c131000000-0x000001c131c90000-0x000001c131c90000), size 13172736, SharedBaseAddress: 0x000001c131000000, ArchiveRelocationMode: 1.
Compressed class space mapped at: 0x000001c132000000-0x000001c172000000, reserved size: 1073741824
Narrow klass base: 0x000001c131000000, Narrow klass shift: 0, Narrow klass range: 0x100000000

GC Precious Log:
 CardTable entry size: 512
 Card Set container configuration: InlinePtr #cards 5 size 8 Array Of Cards #cards 12 size 40 Howl #buckets 4 coarsen threshold 1843 Howl Bitmap #cards 512 size 80 coarsen threshold 460 Card regions per heap region 1 cards per card region 2048
 CPUs: 4 total, 4 available
 Memory: 8083M
 Large Page Support: Disabled
 NUMA Support: Disabled
 Compressed Oops: Enabled (32-bit)
 Heap Region Size: 1M
 Heap Min Capacity: 8M
 Heap Initial Capacity: 128M
 Heap Max Capacity: 2022M
 Pre-touch: Disabled
 Parallel Workers: 4
 Concurrent Workers: 1
 Concurrent Refinement Workers: 4
 Periodic GC: Disabled

Heap:
 garbage-first heap   total 68608K, used 49984K [0x0000000081a00000, 0x0000000100000000)
  region size 1024K, 23 young (23552K), 3 survivors (3072K)
 Metaspace       used 48792K, committed 49344K, reserved 1114112K
  class space    used 6686K, committed 6912K, reserved 1048576K

Heap Regions: E=young(eden), S=young(survivor), O=old, HS=humongous(starts), HC=humongous(continues), CS=collection set, F=free, TAMS=top-at-mark-start, PB=parsable bottom
|   0|0x0000000081a00000, 0x0000000081b00000, 0x0000000081b00000|100%|HS|  |TAMS 0x0000000081a00000| PB 0x0000000081a00000| Complete 
|   1|0x0000000081b00000, 0x0000000081c00000, 0x0000000081c00000|100%|HS|  |TAMS 0x0000000081b00000| PB 0x0000000081b00000| Complete 
|   2|0x0000000081c00000, 0x0000000081d00000, 0x0000000081d00000|100%| O|  |TAMS 0x0000000081c00000| PB 0x0000000081c00000| Untracked 
|   3|0x0000000081d00000, 0x0000000081e00000, 0x0000000081e00000|100%|HS|  |TAMS 0x0000000081d00000| PB 0x0000000081d00000| Complete 
|   4|0x0000000081e00000, 0x0000000081f00000, 0x0000000081f00000|100%|HC|  |TAMS 0x0000000081e00000| PB 0x0000000081e00000| Complete 
|   5|0x0000000081f00000, 0x0000000082000000, 0x0000000082000000|100%| O|  |TAMS 0x0000000081f00000| PB 0x0000000081f00000| Untracked 
|   6|0x0000000082000000, 0x0000000082100000, 0x0000000082100000|100%| O|  |TAMS 0x0000000082000000| PB 0x0000000082000000| Untracked 
|   7|0x0000000082100000, 0x0000000082200000, 0x0000000082200000|100%| O|  |TAMS 0x0000000082100000| PB 0x0000000082100000| Untracked 
|   8|0x0000000082200000, 0x0000000082300000, 0x0000000082300000|100%| O|  |TAMS 0x0000000082200000| PB 0x0000000082200000| Untracked 
|   9|0x0000000082300000, 0x0000000082400000, 0x0000000082400000|100%| O|  |TAMS 0x0000000082300000| PB 0x0000000082300000| Untracked 
|  10|0x0000000082400000, 0x0000000082500000, 0x0000000082500000|100%| O|  |TAMS 0x0000000082400000| PB 0x0000000082400000| Untracked 
|  11|0x0000000082500000, 0x0000000082600000, 0x0000000082600000|100%| O|  |TAMS 0x0000000082500000| PB 0x0000000082500000| Untracked 
|  12|0x0000000082600000, 0x0000000082700000, 0x0000000082700000|100%| O|  |TAMS 0x0000000082600000| PB 0x0000000082600000| Untracked 
|  13|0x0000000082700000, 0x0000000082800000, 0x0000000082800000|100%| O|  |TAMS 0x0000000082700000| PB 0x0000000082700000| Untracked 
|  14|0x0000000082800000, 0x0000000082900000, 0x0000000082900000|100%| O|  |TAMS 0x0000000082800000| PB 0x0000000082800000| Untracked 
|  15|0x0000000082900000, 0x0000000082a00000, 0x0000000082a00000|100%| O|  |TAMS 0x0000000082900000| PB 0x0000000082900000| Untracked 
|  16|0x0000000082a00000, 0x0000000082b00000, 0x0000000082b00000|100%| O|  |TAMS 0x0000000082a00000| PB 0x0000000082a00000| Untracked 
|  17|0x0000000082b00000, 0x0000000082c00000, 0x0000000082c00000|100%| O|  |TAMS 0x0000000082b00000| PB 0x0000000082b00000| Untracked 
|  18|0x0000000082c00000, 0x0000000082d00000, 0x0000000082d00000|100%| O|  |TAMS 0x0000000082c00000| PB 0x0000000082c00000| Untracked 
|  19|0x0000000082d00000, 0x0000000082e00000, 0x0000000082e00000|100%| O|  |TAMS 0x0000000082d00000| PB 0x0000000082d00000| Untracked 
|  20|0x0000000082e00000, 0x0000000082f00000, 0x0000000082f00000|100%| O|  |TAMS 0x0000000082e00000| PB 0x0000000082e00000| Untracked 
|  21|0x0000000082f00000, 0x0000000083000000, 0x0000000083000000|100%| O|  |TAMS 0x0000000082f00000| PB 0x0000000082f00000| Untracked 
|  22|0x0000000083000000, 0x0000000083100000, 0x0000000083100000|100%| O|  |TAMS 0x0000000083000000| PB 0x0000000083000000| Untracked 
|  23|0x0000000083100000, 0x0000000083200000, 0x0000000083200000|100%| O|  |TAMS 0x0000000083100000| PB 0x0000000083100000| Untracked 
|  24|0x0000000083200000, 0x0000000083300000, 0x0000000083300000|100%| O|  |TAMS 0x0000000083200000| PB 0x0000000083200000| Untracked 
|  25|0x0000000083300000, 0x0000000083400000, 0x0000000083400000|100%| O|  |TAMS 0x0000000083300000| PB 0x0000000083300000| Untracked 
|  26|0x0000000083400000, 0x000000008346ff48, 0x0000000083500000| 43%| O|  |TAMS 0x0000000083400000| PB 0x0000000083400000| Untracked 
|  27|0x0000000083500000, 0x0000000083600000, 0x0000000083600000|100%| O|Cm|TAMS 0x0000000083500000| PB 0x0000000083500000| Complete 
|  28|0x0000000083600000, 0x0000000083600000, 0x0000000083700000|  0%| F|  |TAMS 0x0000000083600000| PB 0x0000000083600000| Untracked 
|  29|0x0000000083700000, 0x0000000083700000, 0x0000000083800000|  0%| F|  |TAMS 0x0000000083700000| PB 0x0000000083700000| Untracked 
|  30|0x0000000083800000, 0x0000000083800000, 0x0000000083900000|  0%| F|  |TAMS 0x0000000083800000| PB 0x0000000083800000| Untracked 
|  31|0x0000000083900000, 0x0000000083900000, 0x0000000083a00000|  0%| F|  |TAMS 0x0000000083900000| PB 0x0000000083900000| Untracked 
|  32|0x0000000083a00000, 0x0000000083a60428, 0x0000000083b00000| 37%| S|CS|TAMS 0x0000000083a00000| PB 0x0000000083a00000| Complete 
|  33|0x0000000083b00000, 0x0000000083c00000, 0x0000000083c00000|100%| S|CS|TAMS 0x0000000083b00000| PB 0x0000000083b00000| Complete 
|  34|0x0000000083c00000, 0x0000000083d00000, 0x0000000083d00000|100%| S|CS|TAMS 0x0000000083c00000| PB 0x0000000083c00000| Complete 
|  35|0x0000000083d00000, 0x0000000083d00000, 0x0000000083e00000|  0%| F|  |TAMS 0x0000000083d00000| PB 0x0000000083d00000| Untracked 
|  36|0x0000000083e00000, 0x0000000083e00000, 0x0000000083f00000|  0%| F|  |TAMS 0x0000000083e00000| PB 0x0000000083e00000| Untracked 
|  37|0x0000000083f00000, 0x0000000083f00000, 0x0000000084000000|  0%| F|  |TAMS 0x0000000083f00000| PB 0x0000000083f00000| Untracked 
|  38|0x0000000084000000, 0x0000000084000000, 0x0000000084100000|  0%| F|  |TAMS 0x0000000084000000| PB 0x0000000084000000| Untracked 
|  39|0x0000000084100000, 0x0000000084100000, 0x0000000084200000|  0%| F|  |TAMS 0x0000000084100000| PB 0x0000000084100000| Untracked 
|  40|0x0000000084200000, 0x0000000084200000, 0x0000000084300000|  0%| F|  |TAMS 0x0000000084200000| PB 0x0000000084200000| Untracked 
|  41|0x0000000084300000, 0x0000000084300000, 0x0000000084400000|  0%| F|  |TAMS 0x0000000084300000| PB 0x0000000084300000| Untracked 
|  42|0x0000000084400000, 0x0000000084400000, 0x0000000084500000|  0%| F|  |TAMS 0x0000000084400000| PB 0x0000000084400000| Untracked 
|  43|0x0000000084500000, 0x0000000084500000, 0x0000000084600000|  0%| F|  |TAMS 0x0000000084500000| PB 0x0000000084500000| Untracked 
|  44|0x0000000084600000, 0x0000000084600000, 0x0000000084700000|  0%| F|  |TAMS 0x0000000084600000| PB 0x0000000084600000| Untracked 
|  45|0x0000000084700000, 0x0000000084700000, 0x0000000084800000|  0%| F|  |TAMS 0x0000000084700000| PB 0x0000000084700000| Untracked 
|  46|0x0000000084800000, 0x0000000084800000, 0x0000000084900000|  0%| F|  |TAMS 0x0000000084800000| PB 0x0000000084800000| Untracked 
|  47|0x0000000084900000, 0x0000000084923120, 0x0000000084a00000| 13%| E|  |TAMS 0x0000000084900000| PB 0x0000000084900000| Complete 
|  48|0x0000000084a00000, 0x0000000084b00000, 0x0000000084b00000|100%| E|CS|TAMS 0x0000000084a00000| PB 0x0000000084a00000| Complete 
|  49|0x0000000084b00000, 0x0000000084c00000, 0x0000000084c00000|100%| E|CS|TAMS 0x0000000084b00000| PB 0x0000000084b00000| Complete 
|  50|0x0000000084c00000, 0x0000000084d00000, 0x0000000084d00000|100%| E|CS|TAMS 0x0000000084c00000| PB 0x0000000084c00000| Complete 
|  51|0x0000000084d00000, 0x0000000084e00000, 0x0000000084e00000|100%| E|CS|TAMS 0x0000000084d00000| PB 0x0000000084d00000| Complete 
|  52|0x0000000084e00000, 0x0000000084f00000, 0x0000000084f00000|100%| E|CS|TAMS 0x0000000084e00000| PB 0x0000000084e00000| Complete 
|  53|0x0000000084f00000, 0x0000000085000000, 0x0000000085000000|100%| E|CS|TAMS 0x0000000084f00000| PB 0x0000000084f00000| Complete 
|  54|0x0000000085000000, 0x0000000085100000, 0x0000000085100000|100%| E|CS|TAMS 0x0000000085000000| PB 0x0000000085000000| Complete 
|  55|0x0000000085100000, 0x0000000085200000, 0x0000000085200000|100%| E|CS|TAMS 0x0000000085100000| PB 0x0000000085100000| Complete 
|  56|0x0000000085200000, 0x0000000085300000, 0x0000000085300000|100%| E|CS|TAMS 0x0000000085200000| PB 0x0000000085200000| Complete 
|  57|0x0000000085300000, 0x0000000085400000, 0x0000000085400000|100%| E|CS|TAMS 0x0000000085300000| PB 0x0000000085300000| Complete 
|  58|0x0000000085400000, 0x0000000085500000, 0x0000000085500000|100%| E|CS|TAMS 0x0000000085400000| PB 0x0000000085400000| Complete 
|  59|0x0000000085500000, 0x0000000085600000, 0x0000000085600000|100%| E|CS|TAMS 0x0000000085500000| PB 0x0000000085500000| Complete 
|  60|0x0000000085600000, 0x0000000085700000, 0x0000000085700000|100%| E|CS|TAMS 0x0000000085600000| PB 0x0000000085600000| Complete 
|  64|0x0000000085a00000, 0x0000000085b00000, 0x0000000085b00000|100%| E|CS|TAMS 0x0000000085a00000| PB 0x0000000085a00000| Complete 
|  65|0x0000000085b00000, 0x0000000085c00000, 0x0000000085c00000|100%| E|CS|TAMS 0x0000000085b00000| PB 0x0000000085b00000| Complete 
|  66|0x0000000085c00000, 0x0000000085d00000, 0x0000000085d00000|100%| E|CS|TAMS 0x0000000085c00000| PB 0x0000000085c00000| Complete 
|  67|0x0000000085d00000, 0x0000000085e00000, 0x0000000085e00000|100%| E|CS|TAMS 0x0000000085d00000| PB 0x0000000085d00000| Complete 
|  68|0x0000000085e00000, 0x0000000085f00000, 0x0000000085f00000|100%| E|CS|TAMS 0x0000000085e00000| PB 0x0000000085e00000| Complete 
|  69|0x0000000085f00000, 0x0000000086000000, 0x0000000086000000|100%| E|CS|TAMS 0x0000000085f00000| PB 0x0000000085f00000| Complete 

Card table byte_map: [0x000001c12b7a0000,0x000001c12bba0000] _byte_map_base: 0x000001c12b393000

Marking Bits: (CMBitMap*) 0x000001c1121f7330
 Bits: [0x000001c12bba0000, 0x000001c12db38000)

Polling page: 0x000001c1120e0000

Metaspace:

Usage:
  Non-class:     41.13 MB used.
      Class:      6.53 MB used.
       Both:     47.66 MB used.

Virtual space:
  Non-class space:       64.00 MB reserved,      41.44 MB ( 65%) committed,  1 nodes.
      Class space:        1.00 GB reserved,       6.75 MB ( <1%) committed,  1 nodes.
             Both:        1.06 GB reserved,      48.19 MB (  4%) committed. 

Chunk freelists:
   Non-Class:  6.59 MB
       Class:  9.19 MB
        Both:  15.78 MB

MaxMetaspaceSize: unlimited
CompressedClassSpaceSize: 1.00 GB
Initial GC threshold: 21.00 MB
Current GC threshold: 58.69 MB
CDS: on
 - commit_granule_bytes: 65536.
 - commit_granule_words: 8192.
 - virtual_space_node_default_size: 8388608.
 - enlarge_chunks_in_place: 1.
 - use_allocation_guard: 0.


Internal statistics:

num_allocs_failed_limit: 6.
num_arena_births: 652.
num_arena_deaths: 0.
num_vsnodes_births: 2.
num_vsnodes_deaths: 0.
num_space_committed: 771.
num_space_uncommitted: 0.
num_chunks_returned_to_freelist: 6.
num_chunks_taken_from_freelist: 2401.
num_chunk_merges: 6.
num_chunk_splits: 1711.
num_chunks_enlarged: 1322.
num_inconsistent_stats: 0.

CodeHeap 'non-profiled nmethods': size=120000Kb used=3141Kb max_used=3141Kb free=116859Kb
 bounds [0x000001c123850000, 0x000001c123b70000, 0x000001c12ad80000]
CodeHeap 'profiled nmethods': size=120000Kb used=9770Kb max_used=9986Kb free=110229Kb
 bounds [0x000001c11bd80000, 0x000001c11c750000, 0x000001c1232b0000]
CodeHeap 'non-nmethods': size=5760Kb used=1540Kb max_used=1596Kb free=4219Kb
 bounds [0x000001c1232b0000, 0x000001c123520000, 0x000001c123850000]
 total_blobs=5256 nmethods=4647 adapters=512
 compilation: enabled
              stopped_count=0, restarted_count=0
 full_count=0

Compilation events (20 events):
Event: 14.336 Thread 0x000001c1301bad80 4960       3       java.util.BitSet::set (58 bytes)
Event: 14.337 Thread 0x000001c1301bad80 nmethod 4960 0x000001c11c12e990 code [0x000001c11c12ec00, 0x000001c11c12f430]
Event: 14.346 Thread 0x000001c1301b93e0 nmethod 4943 0x000001c123b4c490 code [0x000001c123b4c720, 0x000001c123b4d930]
Event: 14.346 Thread 0x000001c1301b93e0 4947       4       sun.security.provider.DigestBase::engineDigest (112 bytes)
Event: 14.362 Thread 0x000001c1301b93e0 nmethod 4947 0x000001c123b4e410 code [0x000001c123b4e5e0, 0x000001c123b4ec48]
Event: 14.362 Thread 0x000001c1301b93e0 4961       4       java.util.concurrent.ConcurrentHashMap$Node::<init> (20 bytes)
Event: 14.365 Thread 0x000001c1301b93e0 nmethod 4961 0x000001c123b4f110 code [0x000001c123b4f2a0, 0x000001c123b4f510]
Event: 14.365 Thread 0x000001c1301b93e0 4948   !   4       sun.security.provider.DigestBase::engineDigest (33 bytes)
Event: 14.374 Thread 0x000001c1301bad80 4962       3       org.postgresql.PGProperty::getOrDefault (13 bytes)
Event: 14.375 Thread 0x000001c1301bad80 nmethod 4962 0x000001c11bf04a10 code [0x000001c11bf04bc0, 0x000001c11bf04ee0]
Event: 14.381 Thread 0x000001c1301b93e0 nmethod 4948 0x000001c123b4f590 code [0x000001c123b4f760, 0x000001c123b4fd98]
Event: 14.381 Thread 0x000001c1301b93e0 4950       4       java.security.MessageDigest::update (45 bytes)
Event: 14.383 Thread 0x000001c1301b93e0 nmethod 4950 0x000001c123b50290 code [0x000001c123b50440, 0x000001c123b505a0]
Event: 14.383 Thread 0x000001c1301b93e0 4949       4       javax.crypto.Mac::update (37 bytes)
Event: 14.388 Thread 0x000001c1301b93e0 nmethod 4949 0x000001c123b50710 code [0x000001c123b508e0, 0x000001c123b50bc0]
Event: 14.388 Thread 0x000001c1301b93e0 4952       4       javax.crypto.Mac::doFinal (38 bytes)
Event: 14.412 Thread 0x000001c1301bad80 4963   !   3       java.lang.Class::desiredAssertionStatus (54 bytes)
Event: 14.413 Thread 0x000001c1301bad80 nmethod 4963 0x000001c11bdca390 code [0x000001c11bdca5a0, 0x000001c11bdcaad8]
Event: 14.438 Thread 0x000001c1301b93e0 nmethod 4952 0x000001c123b51390 code [0x000001c123b51620, 0x000001c123b52740]
Event: 14.438 Thread 0x000001c1301b93e0 4954   !   4       com.sun.crypto.provider.HmacCore::engineDoFinal (78 bytes)

GC Heap History (18 events):
Event: 0.963 GC heap before
{Heap before GC invocations=0 (full 0):
 garbage-first heap   total 131072K, used 17408K [0x0000000081a00000, 0x0000000100000000)
  region size 1024K, 13 young (13312K), 0 survivors (0K)
 Metaspace       used 1652K, committed 1792K, reserved 1114112K
  class space    used 126K, committed 192K, reserved 1048576K
}
Event: 0.971 GC heap after
{Heap after GC invocations=1 (full 0):
 garbage-first heap   total 131072K, used 11671K [0x0000000081a00000, 0x0000000100000000)
  region size 1024K, 2 young (2048K), 2 survivors (2048K)
 Metaspace       used 1652K, committed 1792K, reserved 1114112K
  class space    used 126K, committed 192K, reserved 1048576K
}
Event: 1.524 GC heap before
{Heap before GC invocations=1 (full 0):
 garbage-first heap   total 131072K, used 19863K [0x0000000081a00000, 0x0000000100000000)
  region size 1024K, 11 young (11264K), 2 survivors (2048K)
 Metaspace       used 3895K, committed 4096K, reserved 1114112K
  class space    used 409K, committed 512K, reserved 1048576K
}
Event: 1.529 GC heap after
{Heap after GC invocations=2 (full 0):
 garbage-first heap   total 131072K, used 13839K [0x0000000081a00000, 0x0000000100000000)
  region size 1024K, 2 young (2048K), 2 survivors (2048K)
 Metaspace       used 3895K, committed 4096K, reserved 1114112K
  class space    used 409K, committed 512K, reserved 1048576K
}
Event: 2.621 GC heap before
{Heap before GC invocations=2 (full 0):
 garbage-first heap   total 131072K, used 30223K [0x0000000081a00000, 0x0000000100000000)
  region size 1024K, 18 young (18432K), 2 survivors (2048K)
 Metaspace       used 8570K, committed 8768K, reserved 1114112K
  class space    used 1032K, committed 1152K, reserved 1048576K
}
Event: 2.627 GC heap after
{Heap after GC invocations=3 (full 0):
 garbage-first heap   total 131072K, used 15244K [0x0000000081a00000, 0x0000000100000000)
  region size 1024K, 2 young (2048K), 2 survivors (2048K)
 Metaspace       used 8570K, committed 8768K, reserved 1114112K
  class space    used 1032K, committed 1152K, reserved 1048576K
}
Event: 5.539 GC heap before
{Heap before GC invocations=3 (full 0):
 garbage-first heap   total 131072K, used 70540K [0x0000000081a00000, 0x0000000100000000)
  region size 1024K, 58 young (59392K), 2 survivors (2048K)
 Metaspace       used 21183K, committed 21504K, reserved 1114112K
  class space    used 2802K, committed 2944K, reserved 1048576K
}
Event: 5.555 GC heap after
{Heap after GC invocations=4 (full 0):
 garbage-first heap   total 131072K, used 19117K [0x0000000081a00000, 0x0000000100000000)
  region size 1024K, 6 young (6144K), 6 survivors (6144K)
 Metaspace       used 21183K, committed 21504K, reserved 1114112K
  class space    used 2802K, committed 2944K, reserved 1048576K
}
Event: 6.867 GC heap before
{Heap before GC invocations=5 (full 0):
 garbage-first heap   total 68608K, used 52909K [0x0000000081a00000, 0x0000000100000000)
  region size 1024K, 40 young (40960K), 6 survivors (6144K)
 Metaspace       used 26902K, committed 27264K, reserved 1114112K
  class space    used 3477K, committed 3648K, reserved 1048576K
}
Event: 6.884 GC heap after
{Heap after GC invocations=6 (full 0):
 garbage-first heap   total 68608K, used 22917K [0x0000000081a00000, 0x0000000100000000)
  region size 1024K, 4 young (4096K), 4 survivors (4096K)
 Metaspace       used 26902K, committed 27264K, reserved 1114112K
  class space    used 3477K, committed 3648K, reserved 1048576K
}
Event: 8.700 GC heap before
{Heap before GC invocations=6 (full 0):
 garbage-first heap   total 68608K, used 53637K [0x0000000081a00000, 0x0000000100000000)
  region size 1024K, 34 young (34816K), 4 survivors (4096K)
 Metaspace       used 30945K, committed 31296K, reserved 1114112K
  class space    used 4100K, committed 4288K, reserved 1048576K
}
Event: 8.716 GC heap after
{Heap after GC invocations=7 (full 0):
 garbage-first heap   total 68608K, used 24699K [0x0000000081a00000, 0x0000000100000000)
  region size 1024K, 2 young (2048K), 2 survivors (2048K)
 Metaspace       used 30945K, committed 31296K, reserved 1114112K
  class space    used 4100K, committed 4288K, reserved 1048576K
}
Event: 10.696 GC heap before
{Heap before GC invocations=7 (full 0):
 garbage-first heap   total 68608K, used 55419K [0x0000000081a00000, 0x0000000100000000)
  region size 1024K, 32 young (32768K), 2 survivors (2048K)
 Metaspace       used 34784K, committed 35264K, reserved 1114112K
  class space    used 4654K, committed 4864K, reserved 1048576K
}
Event: 10.708 GC heap after
{Heap after GC invocations=8 (full 0):
 garbage-first heap   total 68608K, used 27527K [0x0000000081a00000, 0x0000000100000000)
  region size 1024K, 4 young (4096K), 4 survivors (4096K)
 Metaspace       used 34784K, committed 35264K, reserved 1114112K
  class space    used 4654K, committed 4864K, reserved 1048576K
}
Event: 11.234 GC heap before
{Heap before GC invocations=8 (full 0):
 garbage-first heap   total 68608K, used 34695K [0x0000000081a00000, 0x0000000100000000)
  region size 1024K, 12 young (12288K), 4 survivors (4096K)
 Metaspace       used 35471K, committed 35968K, reserved 1114112K
  class space    used 4765K, committed 4992K, reserved 1048576K
}
Event: 11.249 GC heap after
{Heap after GC invocations=9 (full 0):
 garbage-first heap   total 68608K, used 28719K [0x0000000081a00000, 0x0000000100000000)
  region size 1024K, 4 young (4096K), 4 survivors (4096K)
 Metaspace       used 35471K, committed 35968K, reserved 1114112K
  class space    used 4765K, committed 4992K, reserved 1048576K
}
Event: 13.091 GC heap before
{Heap before GC invocations=10 (full 0):
 garbage-first heap   total 68608K, used 57391K [0x0000000081a00000, 0x0000000100000000)
  region size 1024K, 32 young (32768K), 4 survivors (4096K)
 Metaspace       used 42521K, committed 43072K, reserved 1114112K
  class space    used 5880K, committed 6144K, reserved 1048576K
}
Event: 13.106 GC heap after
{Heap after GC invocations=11 (full 0):
 garbage-first heap   total 68608K, used 30528K [0x0000000081a00000, 0x0000000100000000)
  region size 1024K, 3 young (3072K), 3 survivors (3072K)
 Metaspace       used 42521K, committed 43072K, reserved 1114112K
  class space    used 5880K, committed 6144K, reserved 1048576K
}

Dll operation events (14 events):
Event: 0.026 Loaded shared library C:\Program Files\Java\jdk-21\bin\java.dll
Event: 0.159 Loaded shared library C:\Program Files\Java\jdk-21\bin\jsvml.dll
Event: 0.532 Loaded shared library C:\Program Files\Java\jdk-21\bin\zip.dll
Event: 0.538 Loaded shared library C:\Program Files\Java\jdk-21\bin\instrument.dll
Event: 0.546 Loaded shared library C:\Program Files\Java\jdk-21\bin\net.dll
Event: 0.549 Loaded shared library C:\Program Files\Java\jdk-21\bin\nio.dll
Event: 0.555 Loaded shared library C:\Program Files\Java\jdk-21\bin\zip.dll
Event: 0.582 Loaded shared library C:\Users\DELL\Desktop\IntelliJ IDEA 2024.2\bin\breakgen64.dll
Event: 0.605 Loaded shared library C:\Program Files\Java\jdk-21\bin\extnet.dll
Event: 0.916 Loaded shared library C:\Program Files\Java\jdk-21\bin\jimage.dll
Event: 1.259 Loaded shared library C:\Program Files\Java\jdk-21\bin\verify.dll
Event: 6.679 Loaded shared library C:\Program Files\Java\jdk-21\bin\sunmscapi.dll
Event: 13.285 Loaded shared library C:\Program Files\Java\jdk-21\bin\management.dll
Event: 13.290 Loaded shared library C:\Program Files\Java\jdk-21\bin\management_ext.dll

Deoptimization events (20 events):
Event: 14.120 Thread 0x000001c179652990 Uncommon trap: trap_request=0xffffff45 fr.pc=0x000001c123b3f7dc relative=0x000000000000041c
Event: 14.120 Thread 0x000001c179652990 Uncommon trap: reason=unstable_if action=reinterpret pc=0x000001c123b3f7dc method=sun.security.provider.SHA2.implDigest([BI)V @ 21 c2
Event: 14.120 Thread 0x000001c179652990 DEOPT PACKING pc=0x000001c123b3f7dc sp=0x00000007278fdd00
Event: 14.120 Thread 0x000001c179652990 DEOPT UNPACKING pc=0x000001c1233046a2 sp=0x00000007278fdcb8 mode 2
Event: 14.122 Thread 0x000001c111ff9b50 Uncommon trap: trap_request=0xffffff45 fr.pc=0x000001c1239a7ff4 relative=0x0000000000000b54
Event: 14.130 Thread 0x000001c111ff9b50 Uncommon trap: reason=unstable_if action=reinterpret pc=0x000001c1239a7ff4 method=java.util.regex.Pattern$BmpCharPropertyGreedy.match(Ljava/util/regex/Matcher;ILjava/lang/CharSequence;)Z @ 73 c2
Event: 14.131 Thread 0x000001c111ff9b50 DEOPT PACKING pc=0x000001c1239a7ff4 sp=0x0000000725efac60
Event: 14.131 Thread 0x000001c111ff9b50 DEOPT UNPACKING pc=0x000001c1233046a2 sp=0x0000000725efab30 mode 2
Event: 14.131 Thread 0x000001c111ff9b50 Uncommon trap: trap_request=0xffffff45 fr.pc=0x000001c1239a6388 relative=0x00000000000003a8
Event: 14.131 Thread 0x000001c111ff9b50 Uncommon trap: reason=unstable_if action=reinterpret pc=0x000001c1239a6388 method=java.util.regex.Pattern$BmpCharPropertyGreedy.match(Ljava/util/regex/Matcher;ILjava/lang/CharSequence;)Z @ 73 c2
Event: 14.131 Thread 0x000001c111ff9b50 DEOPT PACKING pc=0x000001c1239a6388 sp=0x0000000725efab70
Event: 14.132 Thread 0x000001c111ff9b50 DEOPT UNPACKING pc=0x000001c1233046a2 sp=0x0000000725efab30 mode 2
Event: 14.279 Thread 0x000001c111ff9b50 Uncommon trap: trap_request=0xffffffde fr.pc=0x000001c1238c97d8 relative=0x0000000000000ed8
Event: 14.279 Thread 0x000001c111ff9b50 Uncommon trap: reason=class_check action=maybe_recompile pc=0x000001c1238c97d8 method=java.util.concurrent.ConcurrentHashMap.putVal(Ljava/lang/Object;Ljava/lang/Object;Z)Ljava/lang/Object; @ 159 c2
Event: 14.279 Thread 0x000001c111ff9b50 DEOPT PACKING pc=0x000001c1238c97d8 sp=0x0000000725efba90
Event: 14.279 Thread 0x000001c111ff9b50 DEOPT UNPACKING pc=0x000001c1233046a2 sp=0x0000000725efba10 mode 2
Event: 14.280 Thread 0x000001c111ff9b50 Uncommon trap: trap_request=0xffffffde fr.pc=0x000001c1238c97d8 relative=0x0000000000000ed8
Event: 14.280 Thread 0x000001c111ff9b50 Uncommon trap: reason=class_check action=maybe_recompile pc=0x000001c1238c97d8 method=java.util.concurrent.ConcurrentHashMap.putVal(Ljava/lang/Object;Ljava/lang/Object;Z)Ljava/lang/Object; @ 159 c2
Event: 14.280 Thread 0x000001c111ff9b50 DEOPT PACKING pc=0x000001c1238c97d8 sp=0x0000000725efba90
Event: 14.280 Thread 0x000001c111ff9b50 DEOPT UNPACKING pc=0x000001c1233046a2 sp=0x0000000725efba10 mode 2

Classes loaded (20 events):
Event: 13.836 Loading class java/time/chrono/IsoEra
Event: 13.839 Loading class java/time/chrono/Era
Event: 13.839 Loading class java/time/chrono/Era done
Event: 13.839 Loading class java/time/chrono/IsoEra done
Event: 13.839 Loading class java/time/Instant$1
Event: 13.839 Loading class java/time/Instant$1 done
Event: 13.871 Loading class java/util/TimerTask
Event: 13.871 Loading class java/util/TimerTask done
Event: 13.905 Loading class java/util/concurrent/ScheduledThreadPoolExecutor$ScheduledFutureTask
Event: 13.905 Loading class java/util/concurrent/ScheduledThreadPoolExecutor$ScheduledFutureTask done
Event: 13.905 Loading class java/util/concurrent/Executors$RunnableAdapter
Event: 13.905 Loading class java/util/concurrent/Executors$RunnableAdapter done
Event: 13.908 Loading class java/util/concurrent/ThreadPoolExecutor$CallerRunsPolicy
Event: 13.908 Loading class java/util/concurrent/ThreadPoolExecutor$CallerRunsPolicy done
Event: 14.120 Loading class java/util/regex/Pattern$1MatcherIterator
Event: 14.120 Loading class java/util/regex/Pattern$1MatcherIterator done
Event: 14.156 Loading class jdk/internal/event/ThreadSleepEvent
Event: 14.157 Loading class jdk/internal/event/ThreadSleepEvent done
Event: 14.216 Loading class jdk/internal/reflect/MethodHandleIntegerFieldAccessorImpl
Event: 14.217 Loading class jdk/internal/reflect/MethodHandleIntegerFieldAccessorImpl done

Classes unloaded (0 events):
No events

Classes redefined (0 events):
No events

Internal exceptions (20 events):
Event: 10.274 Thread 0x000001c111ff9b50 Exception <a 'java/lang/NoClassDefFoundError'{0x00000000845909e8}: org/springframework/batch/core/repository/JobRepository> (0x00000000845909e8) 
thrown [s\open\src\hotspot\share\classfile\systemDictionary.cpp, line 301]
Event: 10.274 Thread 0x000001c111ff9b50 Exception <a 'java/lang/NoClassDefFoundError'{0x0000000084592af8}: org/quartz/Scheduler> (0x0000000084592af8) 
thrown [s\open\src\hotspot\share\classfile\systemDictionary.cpp, line 301]
Event: 10.275 Thread 0x000001c111ff9b50 Exception <a 'java/lang/NoClassDefFoundError'{0x00000000845952f8}: org/springframework/session/jdbc/JdbcIndexedSessionRepository> (0x00000000845952f8) 
thrown [s\open\src\hotspot\share\classfile\systemDictionary.cpp, line 301]
Event: 10.506 Thread 0x000001c111ff9b50 Exception <a 'java/lang/NoSuchMethodError'{0x0000000084131d80}: 'void java.lang.invoke.DirectMethodHandle$Holder.invokeVirtual(java.lang.Object, java.lang.Object, int)'> (0x0000000084131d80) 
thrown [s\open\src\hotspot\share\interpreter\linkResolver.cpp, line 773]
Event: 10.507 Thread 0x000001c111ff9b50 Exception <a 'java/lang/NoSuchMethodError'{0x0000000084136190}: 'int java.lang.invoke.DirectMethodHandle$Holder.invokeSpecial(java.lang.Object, java.lang.Object, java.lang.Object, int)'> (0x0000000084136190) 
thrown [s\open\src\hotspot\share\interpreter\linkResolver.cpp, line 773]
Event: 10.513 Thread 0x000001c111ff9b50 Exception <a 'java/lang/NoSuchMethodError'{0x0000000084148370}: 'java.lang.Object java.lang.invoke.DirectMethodHandle$Holder.invokeStatic(java.lang.Object, java.lang.Object, java.lang.Object, java.lang.Object, int)'> (0x0000000084148370) 
thrown [s\open\src\hotspot\share\interpreter\linkResolver.cpp, line 773]
Event: 10.516 Thread 0x000001c111ff9b50 Exception <a 'java/lang/NoSuchMethodError'{0x0000000084152ae8}: 'void java.lang.invoke.DelegatingMethodHandle$Holder.reinvoke_L(java.lang.Object, java.lang.Object, int)'> (0x0000000084152ae8) 
thrown [s\open\src\hotspot\share\interpreter\linkResolver.cpp, line 773]
Event: 11.208 Thread 0x000001c111ff9b50 Exception <a 'java/lang/NoSuchMethodError'{0x00000000856c9060}: 'java.lang.Object java.lang.invoke.DirectMethodHandle$Holder.newInvokeSpecial(java.lang.Object, java.lang.Object, java.lang.Object, java.lang.Object, java.lang.Object, java.lang.Object, java.lang.Object, java.lang.Object, java.lang.Object, java.lang.Object, java.lang.Object)'> (0x00000000856c9060) 
thrown [s\open\src\hotspot\share\interpreter\linkResolver.cpp, line 773]
Event: 11.337 Thread 0x000001c111ff9b50 Exception <a 'java/lang/NoSuchMethodError'{0x0000000085fa16d8}: 'java.lang.Object java.lang.invoke.DirectMethodHandle$Holder.invokeVirtual(java.lang.Object, java.lang.Object, java.lang.Object, java.lang.Object, java.lang.Object)'> (0x0000000085fa16d8) 
thrown [s\open\src\hotspot\share\interpreter\linkResolver.cpp, line 773]
Event: 11.557 Thread 0x000001c111ff9b50 Exception <a 'java/lang/NoSuchMethodError'{0x0000000085ca5228}: 'void java.lang.invoke.DelegatingMethodHandle$Holder.reinvoke_L(java.lang.Object, java.lang.Object, java.lang.Object, java.lang.Object, int, java.lang.Object, java.lang.Object, java.lang.Object)'> (0x0000000085ca5228) 
thrown [s\open\src\hotspot\share\interpreter\linkResolver.cpp, line 773]
Event: 12.045 Thread 0x000001c111ff9b50 Exception <a 'java/lang/NoSuchMethodError'{0x0000000084e4e5b8}: 'java.lang.Object java.lang.invoke.DirectMethodHandle$Holder.invokeStaticInit(java.lang.Object, int, int, int, int)'> (0x0000000084e4e5b8) 
thrown [s\open\src\hotspot\share\interpreter\linkResolver.cpp, line 773]
Event: 12.108 Thread 0x000001c111ff9b50 Exception <a 'java/lang/NoSuchMethodError'{0x0000000084d177a8}: 'java.lang.Object java.lang.invoke.DirectMethodHandle$Holder.invokeStaticInit(java.lang.Object, java.lang.Object, int, int, int, int)'> (0x0000000084d177a8) 
thrown [s\open\src\hotspot\share\interpreter\linkResolver.cpp, line 773]
Event: 13.160 Thread 0x000001c111ff9b50 Exception <a 'java/lang/NoSuchMethodError'{0x0000000085fbd518}: method resolution failed> (0x0000000085fbd518) 
thrown [s\open\src\hotspot\share\prims\methodHandles.cpp, line 1144]
Event: 13.186 Thread 0x000001c111ff9b50 Exception <a 'java/lang/NoSuchMethodError'{0x0000000085e0cee8}: 'int java.lang.invoke.DirectMethodHandle$Holder.invokeStaticInit(java.lang.Object, java.lang.Object, java.lang.Object, java.lang.Object)'> (0x0000000085e0cee8) 
thrown [s\open\src\hotspot\share\interpreter\linkResolver.cpp, line 773]
Event: 13.458 Thread 0x000001c111ff9b50 Exception <a 'sun/nio/fs/WindowsException'{0x0000000085d821a8}> (0x0000000085d821a8) 
thrown [s\open\src\hotspot\share\prims\jni.cpp, line 520]
Event: 13.606 Thread 0x000001c111ff9b50 Exception <a 'java/lang/NoSuchMethodError'{0x0000000085c442d0}: 'int java.lang.invoke.DirectMethodHandle$Holder.invokeInterface(java.lang.Object, java.lang.Object, int)'> (0x0000000085c442d0) 
thrown [s\open\src\hotspot\share\interpreter\linkResolver.cpp, line 773]
Event: 13.606 Thread 0x000001c111ff9b50 Exception <a 'java/lang/IncompatibleClassChangeError'{0x0000000085c47de8}: Found class java.lang.Object, but interface was expected> (0x0000000085c47de8) 
thrown [s\open\src\hotspot\share\interpreter\linkResolver.cpp, line 840]
Event: 13.762 Thread 0x000001c111ff9b50 Implicit null exception at 0x000001c123b3b047 to 0x000001c123b3bbac
Event: 14.195 Thread 0x000001c111ff9b50 Exception <a 'java/lang/NoSuchMethodError'{0x0000000085218878}: 'java.lang.Object java.lang.invoke.DirectMethodHandle$Holder.invokeStaticInit(java.lang.Object, java.lang.Object, java.lang.Object, java.lang.Object)'> (0x0000000085218878) 
thrown [s\open\src\hotspot\share\interpreter\linkResolver.cpp, line 773]
Event: 14.217 Thread 0x000001c111ff9b50 Exception <a 'java/lang/NoSuchMethodError'{0x00000000852a2780}: 'int java.lang.invoke.Invokers$Holder.invokeExact_MT(java.lang.Object, java.lang.Object)'> (0x00000000852a2780) 
thrown [s\open\src\hotspot\share\interpreter\linkResolver.cpp, line 773]

ZGC Phase Switch (0 events):
No events

VM Operations (20 events):
Event: 11.301 Executing VM operation: G1PauseRemark
Event: 11.310 Executing VM operation: G1PauseRemark done
Event: 11.335 Executing VM operation: G1PauseCleanup
Event: 11.335 Executing VM operation: G1PauseCleanup done
Event: 11.781 Executing VM operation: HandshakeAllThreads (Deoptimize)
Event: 11.781 Executing VM operation: HandshakeAllThreads (Deoptimize) done
Event: 12.743 Executing VM operation: HandshakeAllThreads (Deoptimize)
Event: 12.743 Executing VM operation: HandshakeAllThreads (Deoptimize) done
Event: 12.743 Executing VM operation: Cleanup
Event: 12.743 Executing VM operation: Cleanup done
Event: 13.091 Executing VM operation: G1CollectForAllocation (G1 Evacuation Pause)
Event: 13.106 Executing VM operation: G1CollectForAllocation (G1 Evacuation Pause) done
Event: 13.134 Executing VM operation: HandshakeAllThreads (Deoptimize)
Event: 13.134 Executing VM operation: HandshakeAllThreads (Deoptimize) done
Event: 13.474 Executing VM operation: HandshakeAllThreads (Deoptimize)
Event: 13.474 Executing VM operation: HandshakeAllThreads (Deoptimize) done
Event: 13.492 Executing VM operation: HandshakeAllThreads (Deoptimize)
Event: 13.492 Executing VM operation: HandshakeAllThreads (Deoptimize) done
Event: 13.497 Executing VM operation: HandshakeAllThreads (Deoptimize)
Event: 13.497 Executing VM operation: HandshakeAllThreads (Deoptimize) done

Events (20 events):
Event: 11.309 Thread 0x000001c111fe5710 flushing nmethod 0x000001c1238a4090
Event: 11.309 Thread 0x000001c111fe5710 flushing nmethod 0x000001c123894690
Event: 11.309 Thread 0x000001c111fe5710 flushing nmethod 0x000001c12388f190
Event: 11.309 Thread 0x000001c111fe5710 flushing nmethod 0x000001c123888190
Event: 11.309 Thread 0x000001c111fe5710 flushing nmethod 0x000001c123885690
Event: 11.309 Thread 0x000001c111fe5710 flushing nmethod 0x000001c123884f90
Event: 11.309 Thread 0x000001c111fe5710 flushing nmethod 0x000001c12386e090
Event: 11.309 Thread 0x000001c111fe5710 flushing nmethod 0x000001c123872090
Event: 11.309 Thread 0x000001c111fe5710 flushing nmethod 0x000001c12386d590
Event: 11.309 Thread 0x000001c111fe5710 flushing nmethod 0x000001c12386fe90
Event: 11.309 Thread 0x000001c111fe5710 flushing nmethod 0x000001c123861a10
Event: 11.309 Thread 0x000001c111fe5710 flushing nmethod 0x000001c12385f990
Event: 11.309 Thread 0x000001c111fe5710 flushing nmethod 0x000001c123869110
Event: 11.309 Thread 0x000001c111fe5710 flushing nmethod 0x000001c123866790
Event: 11.309 Thread 0x000001c111fe5710 flushing nmethod 0x000001c123865510
Event: 11.309 Thread 0x000001c111fe5710 flushing nmethod 0x000001c123851790
Event: 11.309 Thread 0x000001c111fe5710 flushing nmethod 0x000001c123850d90
Event: 13.864 Thread 0x000001c179652300 Thread added: 0x000001c179652300
Event: 13.906 Thread 0x000001c179651c70 Thread added: 0x000001c179651c70
Event: 14.025 Thread 0x000001c179652990 Thread added: 0x000001c179652990


Dynamic libraries:
0x00007ff7ea2a0000 - 0x00007ff7ea2b0000 	C:\Program Files\Java\jdk-21\bin\java.exe
0x00007ffed6270000 - 0x00007ffed6487000 	C:\Windows\SYSTEM32\ntdll.dll
0x00007ffed4160000 - 0x00007ffed4224000 	C:\Windows\System32\KERNEL32.DLL
0x00007ffed39f0000 - 0x00007ffed3da7000 	C:\Windows\System32\KERNELBASE.dll
0x00007ffed3db0000 - 0x00007ffed3ec1000 	C:\Windows\System32\ucrtbase.dll
0x00007ffecdd40000 - 0x00007ffecdd59000 	C:\Program Files\Java\jdk-21\bin\jli.dll
0x00007ffed6120000 - 0x00007ffed61d2000 	C:\Windows\System32\ADVAPI32.dll
0x00007ffed5ca0000 - 0x00007ffed5d47000 	C:\Windows\System32\msvcrt.dll
0x00007ffed4230000 - 0x00007ffed42d8000 	C:\Windows\System32\sechost.dll
0x00007ffed3ed0000 - 0x00007ffed3ef8000 	C:\Windows\System32\bcrypt.dll
0x00007ffed4670000 - 0x00007ffed4784000 	C:\Windows\System32\RPCRT4.dll
0x00007ffed4850000 - 0x00007ffed49ff000 	C:\Windows\System32\USER32.dll
0x00007ffed36a0000 - 0x00007ffed36c6000 	C:\Windows\System32\win32u.dll
0x00007ffed4ae0000 - 0x00007ffed4b09000 	C:\Windows\System32\GDI32.dll
0x00007ffed3580000 - 0x00007ffed3698000 	C:\Windows\System32\gdi32full.dll
0x00007ffed3f00000 - 0x00007ffed3f9a000 	C:\Windows\System32\msvcp_win.dll
0x00007ffebf480000 - 0x00007ffebf49b000 	C:\Program Files\Java\jdk-21\bin\VCRUNTIME140.dll
0x00007ffebfa50000 - 0x00007ffebfce3000 	C:\Windows\WinSxS\amd64_microsoft.windows.common-controls_6595b64144ccf1df_6.0.22621.3672_none_2713b9d173822955\COMCTL32.dll
0x00007ffed3160000 - 0x00007ffed316a000 	C:\Windows\SYSTEM32\VERSION.dll
0x00007ffed61e0000 - 0x00007ffed6211000 	C:\Windows\System32\IMM32.DLL
0x0000000063dc0000 - 0x0000000063dcc000 	C:\Program Files (x86)\360\Total Security\safemon\SafeWrapper.dll
0x00007ffe74da0000 - 0x00007ffe74e4c000 	C:\Program Files (x86)\360\Total Security\safemon\libzdtp64.dll
0x00007ffed4fa0000 - 0x00007ffed5809000 	C:\Windows\System32\SHELL32.dll
0x00007ffed60c0000 - 0x00007ffed611e000 	C:\Windows\System32\SHLWAPI.dll
0x00007ffecdd70000 - 0x00007ffecdd7c000 	C:\Program Files\Java\jdk-21\bin\vcruntime140_1.dll
0x00007ffea2890000 - 0x00007ffea291e000 	C:\Program Files\Java\jdk-21\bin\msvcp140.dll
0x00007ffe51970000 - 0x00007ffe52685000 	C:\Program Files\Java\jdk-21\bin\server\jvm.dll
0x00007ffed4f20000 - 0x00007ffed4f91000 	C:\Windows\System32\WS2_32.dll
0x00007ffed3250000 - 0x00007ffed329d000 	C:\Windows\SYSTEM32\POWRPROF.dll
0x00007ffecd190000 - 0x00007ffecd1c4000 	C:\Windows\SYSTEM32\WINMM.dll
0x00007ffed3230000 - 0x00007ffed3243000 	C:\Windows\SYSTEM32\UMPDC.dll
0x00007ffed2520000 - 0x00007ffed2538000 	C:\Windows\SYSTEM32\kernel.appcore.dll
0x00007ffecd800000 - 0x00007ffecd80a000 	C:\Program Files\Java\jdk-21\bin\jimage.dll
0x00007ffed0450000 - 0x00007ffed0682000 	C:\Windows\SYSTEM32\DBGHELP.DLL
0x00007ffed4b10000 - 0x00007ffed4e9e000 	C:\Windows\System32\combase.dll
0x00007ffed4a00000 - 0x00007ffed4ad7000 	C:\Windows\System32\OLEAUT32.dll
0x00007ffeb7c50000 - 0x00007ffeb7c82000 	C:\Windows\SYSTEM32\dbgcore.DLL
0x00007ffed36d0000 - 0x00007ffed374b000 	C:\Windows\System32\bcryptPrimitives.dll
0x00007ffebf3d0000 - 0x00007ffebf3df000 	C:\Program Files\Java\jdk-21\bin\instrument.dll
0x00007ffebf0b0000 - 0x00007ffebf0cf000 	C:\Program Files\Java\jdk-21\bin\java.dll
0x00007ffed1430000 - 0x00007ffed1d2f000 	C:\Windows\SYSTEM32\windows.storage.dll
0x00007ffed12f0000 - 0x00007ffed142f000 	C:\Windows\SYSTEM32\wintypes.dll
0x00007ffed5e10000 - 0x00007ffed5f09000 	C:\Windows\System32\SHCORE.dll
0x00007ffed34b0000 - 0x00007ffed34d7000 	C:\Windows\SYSTEM32\profapi.dll
0x00007ffebed50000 - 0x00007ffebee27000 	C:\Program Files\Java\jdk-21\bin\jsvml.dll
0x00007ffebca60000 - 0x00007ffebca78000 	C:\Program Files\Java\jdk-21\bin\zip.dll
0x00007ffebc830000 - 0x00007ffebc840000 	C:\Program Files\Java\jdk-21\bin\net.dll
0x00007ffecb760000 - 0x00007ffecb896000 	C:\Windows\SYSTEM32\WINHTTP.dll
0x00007ffed2980000 - 0x00007ffed29e9000 	C:\Windows\system32\mswsock.dll
0x00007ffebc530000 - 0x00007ffebc546000 	C:\Program Files\Java\jdk-21\bin\nio.dll
0x00007ffea7270000 - 0x00007ffea728a000 	C:\Users\DELL\Desktop\IntelliJ IDEA 2024.2\bin\breakgen64.dll
0x00007ffebc820000 - 0x00007ffebc827000 	C:\Program Files\Java\jdk-21\bin\extnet.dll
0x00007ffea6430000 - 0x00007ffea6440000 	C:\Program Files\Java\jdk-21\bin\verify.dll
0x00007ffed1f90000 - 0x00007ffed1fbd000 	C:\Windows\SYSTEM32\IPHLPAPI.DLL
0x00007ffed5c90000 - 0x00007ffed5c99000 	C:\Windows\System32\NSI.dll
0x00007ffed2000000 - 0x00007ffed2102000 	C:\Windows\SYSTEM32\DNSAPI.dll
0x00007ffec1f70000 - 0x00007ffec1f7a000 	C:\Windows\System32\rasadhlp.dll
0x00007ffec8420000 - 0x00007ffec84a3000 	C:\Windows\System32\fwpuclnt.dll
0x00007ffea7210000 - 0x00007ffea721e000 	C:\Program Files\Java\jdk-21\bin\sunmscapi.dll
0x00007ffed3750000 - 0x00007ffed38b6000 	C:\Windows\System32\CRYPT32.dll
0x00007ffed2de0000 - 0x00007ffed2e0d000 	C:\Windows\SYSTEM32\ncrypt.dll
0x00007ffed2da0000 - 0x00007ffed2dd7000 	C:\Windows\SYSTEM32\NTASN1.dll
0x00007ffed2cd0000 - 0x00007ffed2ceb000 	C:\Windows\SYSTEM32\CRYPTSP.dll
0x00007ffed2480000 - 0x00007ffed24b5000 	C:\Windows\system32\rsaenh.dll
0x00007ffed2a20000 - 0x00007ffed2a48000 	C:\Windows\SYSTEM32\USERENV.dll
0x00007ffed2cb0000 - 0x00007ffed2cbc000 	C:\Windows\SYSTEM32\CRYPTBASE.dll
0x00007ffea7260000 - 0x00007ffea726a000 	C:\Program Files\Java\jdk-21\bin\management.dll
0x00007ffea7250000 - 0x00007ffea725b000 	C:\Program Files\Java\jdk-21\bin\management_ext.dll
0x00007ffed5e00000 - 0x00007ffed5e08000 	C:\Windows\System32\PSAPI.DLL

dbghelp: loaded successfully - version: 4.0.5 - missing functions: none
symbol engine: initialized successfully - sym options: 0x614 - pdb path: .;C:\Program Files\Java\jdk-21\bin;C:\Windows\SYSTEM32;C:\Windows\WinSxS\amd64_microsoft.windows.common-controls_6595b64144ccf1df_6.0.22621.3672_none_2713b9d173822955;C:\Program Files (x86)\360\Total Security\safemon;C:\Program Files\Java\jdk-21\bin\server;C:\Users\DELL\Desktop\IntelliJ IDEA 2024.2\bin

VM Arguments:
jvm_args: -ea -Didea.test.cyclic.buffer.size=1048576 -javaagent:C:\Users\DELL\Desktop\IntelliJ IDEA 2024.2\lib\idea_rt.jar=57906:C:\Users\DELL\Desktop\IntelliJ IDEA 2024.2\bin -Dfile.encoding=UTF-8 -Dsun.stdout.encoding=UTF-8 -Dsun.stderr.encoding=UTF-8 
java_command: com.intellij.rt.junit.JUnitStarter -ideVersion5 -junit5 africa.semicolon.monnifyAdapter.MonnifyAdapterTest,testInitiateTransfer_successful
java_class_path (initial): C:\Users\DELL\.m2\repository\org\junit\platform\junit-platform-launcher\1.10.5\junit-platform-launcher-1.10.5.jar;C:\Users\DELL\.m2\repository\org\junit\vintage\junit-vintage-engine\5.10.5\junit-vintage-engine-5.10.5.jar;C:\Users\DELL\Desktop\IntelliJ IDEA 2024.2\lib\idea_rt.jar;C:\Users\DELL\Desktop\IntelliJ IDEA 2024.2\plugins\junit\lib\junit5-rt.jar;C:\Users\DELL\Desktop\IntelliJ IDEA 2024.2\plugins\junit\lib\junit-rt.jar;C:\Users\DELL\MicroService\wallet-management\target\test-classes;C:\Users\DELL\MicroService\wallet-management\target\classes;C:\Users\DELL\.m2\repository\org\springframework\boot\spring-boot-starter-data-jdbc\3.3.5\spring-boot-starter-data-jdbc-3.3.5.jar;C:\Users\DELL\.m2\repository\org\springframework\boot\spring-boot-starter-jdbc\3.3.5\spring-boot-starter-jdbc-3.3.5.jar;C:\Users\DELL\.m2\repository\com\zaxxer\HikariCP\5.1.0\HikariCP-5.1.0.jar;C:\Users\DELL\.m2\repository\org\springframework\spring-jdbc\6.1.14\spring-jdbc-6.1.14.jar;C:\Users\DELL\.m2\repository\org\springframework\data\spring-data-jdbc\3.3.5\spring-data-jdbc-3.3.5.jar;C:\Users\DELL\.m2\repository\org\springframework\data\spring-data-relational\3.3.5\spring-data-relational-3.3.5.jar;C:\Users\DELL\.m2\repository\org\springframework\data\spring-data-commons\3.3.5\spring-data-commons-3.3.5.jar;C:\Users\DELL\.m2\repository\org\springframework\spring-tx\6.1.14\spring-tx-6.1.14.jar;C:\Users\DELL\.m2\repository\org\springframework\spring-context\6.1.14\spring-context-6.1.14.jar;C:\Users\DELL\.m2\repository\org\springframework\spring-beans\6.1.14\spring-beans-6.1.14.jar;C:\Users\DELL\.m2\repository\org\slf4j\slf4j-api\2.0.16\slf4j-api-2.0.16.jar;C:\Users\DELL\.m2\repository\org\springframework\boot\spring-boot-starter-data-jpa\3.3.5\spring-boot-starter-data-jpa-3.3.5.jar;C:\Users\DELL\.m2\repository\org\springframework\boot\spring-boot-starter-aop\3.3.5\spring-boot-starter-aop-3.3.5.jar;C:\Users\DELL\.m2\repository\org\springframework\spring-aop\6.1.14\spring-aop-6.1.14.jar;C:\Users\DELL\.m2\repository\org\aspectj\aspectjweaver\1.9.22.1\aspectjweaver-1.9.22.1.jar;C:\Users\DELL\.m2\repository\org\hibernate\orm\hibernate-core\6.5.3.Final\hibernate-core-6.5.3.Final.jar;C:\Users\DELL\.m2\repository\jakarta\persistence\jakarta.persistence-api\3.1.0\jakarta.persistence-api-3.1.0.jar;C:\Users\DELL\.m2\repository\jakarta\transaction\jakarta.transaction-api\2.0.1\jakarta.transaction-api-2.0.1.jar;C:\Users\DELL\.m2\repository\org\hibernate\common\hibernate-commons-annotations\6.0.6.Final\hibernate-commons-annotations-6.0.6.Final.jar;C:\Users\DELL\.m2\repository\io\smallrye\jandex\3.1.2\jandex-3.1.2.jar;C:\Users\DELL\.m2\repository\net\bytebuddy\byte-buddy\1.14.19\byte-buddy-1.14.19.jar;C:\Users\DELL\.m2\repository\org\glassfish\jaxb\jaxb-runtime\4.0.5\jaxb-runtime-4.0.5.jar;C:\Users\DELL\.m2\repository\org\glassfish\jaxb\jaxb-core\4.0.5\jaxb-core-4.0.5.jar;C:\Users\DELL\.m2\repository\org\eclipse\angus\angus-activation\2.0.2\angus-activation-2.0.2.jar;C:\Users\DELL\.m2\repository\org\glassfish\jaxb\txw2\4.0.5\txw2-4.0.5.jar;C:\Users\DELL\.m2\repository\com\sun\istack\istack-commons-runtime\4.1.2\istack-commons-runtime-4.1.2.jar;C:\Users\DELL\.m2\repository\jakarta\inject\jakarta.inject-api\2.0.1\jakarta.inject-api-2.0.1.jar;C:\Users\DELL\.m2\repository\org\antlr\antlr4-runtime\4.13.0\antlr4-runtime-4.13.0.jar;C:\Users\DELL\.m2\repository\org\springframework\data\spring-data-jpa\3.3.5\spring-data-jpa-3.3.5.jar;C:\Users\DELL\.m2\repository\org\springframework\spring-orm\6.1.14\spring-orm-6.1.14.jar;C:\Users\DELL\.m2\repository\jakarta\annotation\jakarta.annotation-api\2.1.1\jakarta.annotation-api-2.1.1.jar;C:\Users\DELL\.m2\repository\org\springframework\spring-aspects\6.1.14\spring-aspects-6.1.14.jar;C:\Users\DELL\.m2\repository\com\google\code\gson\gson\2.10.1\gson-2.10.1.jar;C:\Users\DELL\.m2\repository\org\springframework\boot\spring-boot-starter-web\3.3.5\spring-boot-starter-web-3.3.5.jar;C:\Users\DELL\.m2\repository\org\springframework\boot\spring-boot-starter\3.3.5\spring-boot-starter-3.3.5.jar;C:\Users\DELL\.m2\repository\org\springframework\boot\spring-boot\3.3.5\spring-boot-3.3.5.jar;C:\Users\DELL\.m2\repository\org\springframework\boot\spring-boot-autoconfigure\3.3.5\spring-boot-autoconfigure-3.3.5.jar;C:\Users\DELL\.m2\repository\org\springframework\boot\spring-boot-starter-logging\3.3.5\spring-boot-starter-logging-3.3.5.jar;C:\Users\DELL\.m2\repository\ch\qos\logback\logback-classic\1.5.11\logback-classic-1.5.11.jar;C:\Users\DELL\.m2\repository\ch\qos\logback\logback-core\1.5.11\logback-core-1.5.11.jar;C:\Users\DELL\.m2\repository\org\apache\logging\log4j\log4j-to-slf4j\2.23.1\log4j-to-slf4j-2.23.1.jar;C:\Users\DELL\.m2\repository\org\apache\logging\log4j\log4j-api\2.23.1\log4j-api-2.23.1.jar;C:\Users\DELL\.m2\repository\org\slf4j\jul-to-slf4j\2.0.16\jul-to-slf4j-2.0.16.jar;C:\Users\DELL\.m2\repository\org\yaml\snakeyaml\2.2\snakeyaml-2.2.jar;C:\Users\DELL\.m2\repository\org\springframework\boot\spring-boot-starter-json\3.3.5\spring-boot-starter-json-3.3.5.jar;C:\Users\DELL\.m2\repository\com\fasterxml\jackson\core\jackson-databind\2.17.2\jackson-databind-2.17.2.jar;C:\Users\DELL\.m2\repository\com\fasterxml\jackson\datatype\jackson-datatype-jdk8\2.17.2\jackson-datatype-jdk8-2.17.2.jar;C:\Users\DELL\.m2\repository\com\fasterxml\jackson\datatype\jackson-datatype-jsr310\2.17.2\jackson-datatype-jsr310-2.17.2.jar;C:\Users\DELL\.m2\repository\com\fasterxml\jackson\module\jackson-module-parameter-names\2.17.2\jackson-module-parameter-names-2.17.2.jar;C:\Users\DELL\.m2\repository\org\springframework\boot\spring-boot-starter-tomcat\3.3.5\spring-boot-starter-tomcat-3.3.5.jar;C:\Users\DELL\.m2\repository\org\apache\tomcat\embed\tomcat-embed-core\10.1.31\tomcat-embed-core-10.1.31.jar;C:\Users\DELL\.m2\repository\org\apache\tomcat\embed\tomcat-embed-websocket\10.1.31\tomcat-embed-websocket-10.1.31.jar;C:\Users\DELL\.m2\repository\org\springframework\spring-web\6.1.14\spring-web-6.1.14.jar;C:\Users\DELL\.m2\repository\io\micrometer\micrometer-observation\1.13.6\micrometer-observation-1.13.6.jar;C:\Users\DELL\.m2\repository\io\micrometer\micrometer-commons\1.13.6\micrometer-commons-1.13.6.jar;C:\Users\DELL\.m2\repository\org\springframework\spring-webmvc\6.1.14\spring-webmvc-6.1.14.jar;C:\Users\DELL\.m2\repository\org\springframework\spring-expression\6.1.14\spring-expression-6.1.14.jar;C:\Users\DELL\.m2\repository\org\springframework\cloud\spring-cloud-starter-netflix-eureka-client\4.1.2\spring-cloud-starter-netflix-eureka-client-4.1.2.jar;C:\Users\DELL\.m2\repository\org\springframework\cloud\spring-cloud-starter\4.1.3\spring-cloud-starter-4.1.3.jar;C:\Users\DELL\.m2\repository\org\springframework\cloud\spring-cloud-context\4.1.3\spring-cloud-context-4.1.3.jar;C:\Users\DELL\.m2\repository\org\springframework\security\spring-security-crypto\6.3.4\spring-security-crypto-6.3.4.jar;C:\Users\DELL\.m2\repository\org\springframework\cloud\spring-cloud-commons\4.1.3\spring-cloud-commons-4.1.3.jar;C:\Users\DELL\.m2\repository\org\springframework\security\spring-security-rsa\1.1.3\spring-security-rsa-1.1.3.jar;C:\Users\DELL\.m2\repository\org\bouncycastle\bcprov-jdk18on\1.78\bcprov-jdk18on-1.78.jar;C:\Users\DELL\.m2\repository\org\springframework\cloud\spring-cloud-netflix-eureka-client\4.1.2\spring-cloud-netflix-eureka-client-4.1.2.jar;C:\Users\DELL\.m2\repository\org\apache\httpcomponents\client5\httpclient5\5.3.1\httpclient5-5.3.1.jar;C:\Users\DELL\.m2\repository\org\apache\httpcomponents\core5\httpcore5\5.2.5\httpcore5-5.2.5.jar;C:\Users\DELL\.m2\repository\org\apache\httpcomponents\core5\httpcore5-h2\5.2.5\httpcore5-h2-5.2.5.jar;C:\Users\DELL\.m2\repository\com\netflix\eureka\eureka-client\2.0.2\eureka-client-2.0.2.jar;C:\Users\DELL\.m2\repository\com\netflix\netflix-commons\netflix-eventbus\0.3.0\netflix-eventbus-0.3.0.jar;C:\Users\DELL\.m2\repository\com\netflix\netflix-commons\netflix-infix\0.3.0\netflix-infix-0.3.0.jar;C:\Users\DELL\.m2\repository\commons-jxpath\commons-jxpath\1.3\commons-jxpath-1.3.jar;C:\Users\DELL\.m2\repository\joda-time\joda-time\2.3\joda-time-2.3.jar;C:\Users\DELL\.m2\repository\org\antlr\antlr-runtime\3.4\antlr-runtime-3.4.jar;C:\Users\DELL\.m2\repository\org\antlr\stringtemplate\3.2.1\stringtemplate-3.2.1.jar;C:\Users\DELL\.m2\repository\antlr\antlr\2.7.7\antlr-2.7.7.jar;C:\Users\DELL\.m2\repository\org\apache\commons\commons-math\2.2\commons-math-2.2.jar;C:\Users\DELL\.m2\repository\com\thoughtworks\xstream\xstream\1.4.19\xstream-1.4.19.jar;C:\Users\DELL\.m2\repository\io\github\x-stream\mxparser\1.2.2\mxparser-1.2.2.jar;C:\Users\DELL\.m2\repository\xmlpull\xmlpull\1.1.3.1\xmlpull-1.1.3.1.jar;C:\Users\DELL\.m2\repository\jakarta\ws\rs\jakarta.ws.rs-api\3.1.0\jakarta.ws.rs-api-3.1.0.jar;C:\Users\DELL\.m2\repository\com\netflix\servo\servo-core\0.12.21\servo-core-0.12.21.jar;C:\Users\DELL\.m2\repository\com\google\guava\guava\19.0\guava-19.0.jar;C:\Users\DELL\.m2\repository\commons-configuration\commons-configuration\1.10\commons-configuration-1.10.jar;C:\Users\DELL\.m2\repository\commons-lang\commons-lang\2.6\commons-lang-2.6.jar;C:\Users\DELL\.m2\repository\com\fasterxml\jackson\core\jackson-annotations\2.17.2\jackson-annotations-2.17.2.jar;C:\Users\DELL\.m2\repository\com\fasterxml\jackson\core\jackson-core\2.17.2\jackson-core-2.17.2.jar;C:\Users\DELL\.m2\repository\org\codehaus\jettison\jettison\1.5.4\jettison-1.5.4.jar;C:\Users\DELL\.m2\repository\com\netflix\eureka\eureka-core\2.0.2\eureka-core-2.0.2.jar;C:\Users\DELL\.m2\repository\com\fasterxml\woodstox\woodstox-core\6.2.1\woodstox-core-6.2.1.jar;C:\Users\DELL\.m2\repository\org\codehaus\woodstox\stax2-api\4.2.1\stax2-api-4.2.1.jar;C:\Users\DELL\.m2\repository\org\springframework\cloud\spring-cloud-starter-loadbalancer\4.1.3\spring-cloud-starter-loadbalancer-4.1.3.jar;C:\Users\DELL\.m2\repository\org\springframework\cloud\spring-cloud-loadbalancer\4.1.3\spring-cloud-loadbalancer-4.1.3.jar;C:\Users\DELL\.m2\repository\io\projectreactor\addons\reactor-extra\3.5.2\reactor-extra-3.5.2.jar;C:\Users\DELL\.m2\repository\org\springframework\boot\spring-boot-starter-cache\3.3.5\spring-boot-starter-cache-3.3.5.jar;C:\Users\DELL\.m2\repository\org\springframework\spring-context-support\6.1.14\spring-context-support-6.1.14.jar;C:\Users\DELL\.m2\repository\com\stoyanr\evictor\1.0.0\evictor-1.0.0.jar;C:\Users\DELL\.m2\repository\org\postgresql\postgresql\42.7.4\postgresql-42.7.4.jar;C:\Users\DELL\.m2\repository\org\checkerframework\checker-qual\3.42.0\checker-qual-3.42.0.jar;C:\Users\DELL\.m2\repository\org\springframework\boot\spring-boot-starter-validation\3.3.5\spring-boot-starter-validation-3.3.5.jar;C:\Users\DELL\.m2\repository\org\apache\tomcat\embed\tomcat-embed-el\10.1.31\tomcat-embed-el-10.1.31.jar;C:\Users\DELL\.m2\repository\org\mapstruct\mapstruct\1.5.5.Final\mapstruct-1.5.5.Final.jar;C:\Users\DELL\.m2\repository\org\apache\httpcomponents\httpclient\4.5.14\httpclient-4.5.14.jar;C:\Users\DELL\.m2\repository\org\apache\httpcomponents\httpcore\4.4.16\httpcore-4.4.16.jar;C:\Users\DELL\.m2\repository\commons-logging\commons-logging\1.2\commons-logging-1.2.jar;C:\Users\DELL\.m2\repository\commons-codec\commons-codec\1.16.1\commons-codec-1.16.1.jar;C:\Users\DELL\.m2\repository\org\hibernate\validator\hibernate-validator\8.0.1.Final\hibernate-validator-8.0.1.Final.jar;C:\Users\DELL\.m2\repository\jakarta\validation\jakarta.validation-api\3.0.2\jakarta.validation-api-3.0.2.jar;C:\Users\DELL\.m2\repository\org\jboss\logging\jboss-logging\3.5.3.Final\jboss-logging-3.5.3.Final.jar;C:\Users\DELL\.m2\repository\com\fasterxml\classmate\1.7.0\classmate-1.7.0.jar;C:\Users\DELL\.m2\repository\org\glassfish\jakarta.el\4.0.2\jakarta.el-4.0.2.jar;C:\Users\DELL\.m2\repository\jakarta\el\jakarta.el-api\4.0.0\jakarta.el-api-4.0.0.jar;C:\Users\DELL\.m2\repository\org\springframework\boot\spring-boot-starter-test\3.3.5\spring-boot-starter-test-3.3.5.jar;C:\Users\DELL\.m2\repository\org\springframework\boot\spring-boot-test\3.3.5\spring-boot-test-3.3.5.jar;C:\Users\DELL\.m2\repository\org\springframework\boot\spring-boot-test-autoconfigure\3.3.5\spring-boot-test-autoconfigure-3.3.5.jar;C:\Users\DELL\.m2\repository\com\jayway\jsonpath\json-path\2.9.0\json-path-2.9.0.jar;C:\Users\DELL\.m2\repository\jakarta\xml\bind\jakarta.xml.bind-api\4.0.2\jakarta.xml.bind-api-4.0.2.jar;C:\Users\DELL\.m2\repository\jakarta\activation\jakarta.activation-api\2.1.3\jakarta.activation-api-2.1.3.jar;C:\Users\DELL\.m2\repository\net\minidev\json-smart\2.5.1\json-smart-2.5.1.jar;C:\Users\DELL\.m2\repository\net\minidev\accessors-smart\2.5.1\accessors-smart-2.5.1.jar;C:\Users\DELL\.m2\repository\org\ow2\asm\asm\9.6\asm-9.6.jar;C:\Users\DELL\.m2\repository\org\assertj\assertj-core\3.25.3\assertj-core-3.25.3.jar;C:\Users\DELL\.m2\repository\org\awaitility\awaitility\4.2.2\awaitility-4.2.2.jar;C:\Users\DELL\.m2\repository\org\hamcrest\hamcrest\2.2\hamcrest-2.2.jar;C:\Users\DELL\.m2\repository\org\junit\jupiter\junit-jupiter\5.10.5\junit-jupiter-5.10.5.jar;C:\Users\DELL\.m2\repository\org\junit\jupiter\junit-jupiter-api\5.10.5\junit-jupiter-api-5.10.5.jar;C:\Users\DELL\.m2\repository\org\opentest4j\opentest4j\1.3.0\opentest4j-1.3.0.jar;C:\Users\DELL\.m2\repository\org\junit\platform\junit-platform-commons\1.10.5\junit-platform-commons-1.10.5.jar;C:\Users\DELL\.m2\repository\org\apiguardian\apiguardian-api\1.1.2\apiguardian-api-1.1.2.jar;C:\Users\DELL\.m2\repository\org\junit\jupiter\junit-jupiter-params\5.10.5\junit-jupiter-params-5.10.5.jar;C:\Users\DELL\.m2\repository\org\junit\jupiter\junit-jupiter-engine\5.10.5\junit-jupiter-engine-5.10.5.jar;C:\Users\DELL\.m2\repository\org\junit\platform\junit-platform-engine\1.10.5\junit-platform-engine-1.10.5.jar;C:\Users\DELL\.m2\repository\org\mockito\mockito-core\5.11.0\mockito-core-5.11.0.jar;C:\Users\DELL\.m2\repository\net\bytebuddy\byte-buddy-agent\1.14.19\byte-buddy-agent-1.14.19.jar;C:\Users\DELL\.m2\repository\org\objenesis\objenesis\3.3\objenesis-3.3.jar;C:\Users\DELL\.m2\repository\org\mockito\mockito-junit-jupiter\5.11.0\mockito-junit-jupiter-5.11.0.jar;C:\Users\DELL\.m2\repository\org\skyscreamer\jsonassert\1.5.3\jsonassert-1.5.3.jar;C:\Users\DELL\.m2\repository\com\vaadin\external\google\android-json\0.0.20131108.vaadin1\android-json-0.0.20131108.vaadin1.jar;C:\Users\DELL\.m2\repository\org\springframework\spring-core\6.1.14\spring-core-6.1.14.jar;C:\Users\DELL\.m2\repository\org\springframework\spring-jcl\6.1.14\spring-jcl-6.1.14.jar;C:\Users\DELL\.m2\repository\org\springframework\spring-test\6.1.14\spring-test-6.1.14.jar;C:\Users\DELL\.m2\repository\org\xmlunit\xmlunit-core\2.9.1\xmlunit-core-2.9.1.jar;C:\Users\DELL\.m2\repository\org\springframework\boot\spring-boot-starter-pulsar\3.3.5\spring-boot-starter-pulsar-3.3.5.jar;C:\Users\DELL\.m2\repository\org\springframework\pulsar\spring-pulsar\1.1.5\spring-pulsar-1.1.5.jar;C:\Users\DELL\.m2\repository\org\apache\pulsar\pulsar-client-all\3.2.4\pulsar-client-all-3.2.4.jar;C:\Users\DELL\.m2\repository\org\apache\pulsar\pulsar-client-api\3.2.4\pulsar-client-api-3.2.4.jar;C:\Users\DELL\.m2\repository\org\apache\pulsar\bouncy-castle-bc\3.2.4\bouncy-castle-bc-3.2.4-pkg.jar;C:\Users\DELL\.m2\repository\org\bouncycastle\bcpkix-jdk18on\1.78.1\bcpkix-jdk18on-1.78.1.jar;C:\Users\DELL\.m2\repository\org\bouncycastle\bcutil-jdk18on\1.78.1\bcutil-jdk18on-1.78.1.jar;C:\Users\DELL\.m2\repository\net\jcip\jcip-annotations\1.0\jcip-annotations-1.0.jar;C:\Users\DELL\.m2\repository\org\apache\pulsar\pulsar-client-admin-api\3.2.4\pulsar-client-admin-api-3.2.4.jar;C:\Users\DELL\.m2\repository\org\apache\pulsar\pulsar-package-core\3.2.4\pulsar-package-core-3.2.4.jar;C:\Users\DELL\.m2\repository\org\apache\commons\commons-lang3\3.14.0\commons-lang3-3.14.0.jar;C:\Users\DELL\.m2\repository\org\springframework\spring-messaging\6.1.14\spring-messaging-6.1.14.jar;C:\Users\DELL\.m2\repository\org\springframework\retry\spring-retry\2.0.10\spring-retry-2.0.10.jar;C:\Users\DELL\.m2\repository\org\springframework\pulsar\spring-pulsar-cache-provider\1.1.5\spring-pulsar-cache-provider-1.1.5.jar;C:\Users\DELL\.m2\repository\org\springframework\pulsar\spring-pulsar-cache-provider-caffeine\1.1.5\spring-pulsar-cache-provider-caffeine-1.1.5.jar;C:\Users\DELL\.m2\repository\com\google\code\findbugs\jsr305\3.0.2\jsr305-3.0.2.jar;C:\Users\DELL\.m2\repository\org\springframework\boot\spring-boot-starter-webflux\3.3.5\spring-boot-starter-webflux-3.3.5.jar;C:\Users\DELL\.m2\repository\org\springframework\boot\spring-boot-starter-reactor-netty\3.3.5\spring-boot-starter-reactor-netty-3.3.5.jar;C:\Users\DELL\.m2\repository\io\projectreactor\netty\reactor-netty-http\1.1.23\reactor-netty-http-1.1.23.jar;C:\Users\DELL\.m2\repository\io\netty\netty-codec-http\4.1.114.Final\netty-codec-http-4.1.114.Final.jar;C:\Users\DELL\.m2\repository\io\netty\netty-common\4.1.114.Final\netty-common-4.1.114.Final.jar;C:\Users\DELL\.m2\repository\io\netty\netty-buffer\4.1.114.Final\netty-buffer-4.1.114.Final.jar;C:\Users\DELL\.m2\repository\io\netty\netty-transport\4.1.114.Final\netty-transport-4.1.114.Final.jar;C:\Users\DELL\.m2\repository\io\netty\netty-codec\4.1.114.Final\netty-codec-4.1.114.Final.jar;C:\Users\DELL\.m2\repository\io\netty\netty-handler\4.1.114.Final\netty-handler-4.1.114.Final.jar;C:\Users\DELL\.m2\repository\io\netty\netty-codec-http2\4.1.114.Final\netty-codec-http2-4.1.114.Final.jar;C:\Users\DELL\.m2\repository\io\netty\netty-resolver-dns\4.1.114.Final\netty-resolver-dns-4.1.114.Final.jar;C:\Users\DELL\.m2\repository\io\netty\netty-resolver\4.1.114.Final\netty-resolver-4.1.114.Final.jar;C:\Users\DELL\.m2\repository\io\netty\netty-codec-dns\4.1.114.Final\netty-codec-dns-4.1.114.Final.jar;C:\Users\DELL\.m2\repository\io\netty\netty-resolver-dns-native-macos\4.1.114.Final\netty-resolver-dns-native-macos-4.1.114.Final-osx-x86_64.jar;C:\Users\DELL\.m2\repository\io\netty\netty-resolver-dns-classes-macos\4.1.114.Final\netty-resolver-dns-classes-macos-4.1.114.Final.jar;C:\Users\DELL\.m2\repository\io\netty\netty-transport-native-epoll\4.1.114.Final\netty-transport-native-epoll-4.1.114.Final-linux-x86_64.jar;C:\Users\DELL\.m2\repository\io\netty\netty-transport-native-unix-common\4.1.114.Final\netty-transport-native-unix-common-4.1.114.Final.jar;C:\Users\DELL\.m2\repository\io\netty\netty-transport-classes-epoll\4.1.114.Final\netty-transport-classes-epoll-4.1.114.Final.jar;C:\Users\DELL\.m2\repository\io\projectreactor\netty\reactor-netty-core\1.1.23\reactor-netty-core-1.1.23.jar;C:\Users\DELL\.m2\repository\io\netty\netty-handler-proxy\4.1.114.Final\netty-handler-proxy-4.1.114.Final.jar;C:\Users\DELL\.m2\repository\io\netty\netty-codec-socks\4.1.114.Final\netty-codec-socks-4.1.114.Final.jar;C:\Users\DELL\.m2\repository\org\springframework\spring-webflux\6.1.14\spring-webflux-6.1.14.jar;C:\Users\DELL\.m2\repository\io\projectreactor\reactor-core\3.6.11\reactor-core-3.6.11.jar;C:\Users\DELL\.m2\repository\org\reactivestreams\reactive-streams\1.0.4\reactive-streams-1.0.4.jar;C:\Users\DELL\.m2\repository\junit\junit\4.13.2\junit-4.13.2.jar;C:\Users\DELL\.m2\repository\org\hamcrest\hamcrest-core\2.2\hamcrest-core-2.2.jar;C:\Users\DELL\.m2\repository\org\projectlombok\lombok\1.18.34\lombok-1.18.34.jar
Launcher Type: SUN_STANDARD

[Global flags]
     intx CICompilerCount                          = 3                                         {product} {ergonomic}
     uint ConcGCThreads                            = 1                                         {product} {ergonomic}
     uint G1ConcRefinementThreads                  = 4                                         {product} {ergonomic}
   size_t G1HeapRegionSize                         = 1048576                                   {product} {ergonomic}
    uintx GCDrainStackTargetSize                   = 64                                        {product} {ergonomic}
   size_t InitialHeapSize                          = 134217728                                 {product} {ergonomic}
   size_t MarkStackSize                            = 4194304                                   {product} {ergonomic}
   size_t MaxHeapSize                              = 2120220672                                {product} {ergonomic}
   size_t MaxNewSize                               = 1271922688                                {product} {ergonomic}
   size_t MinHeapDeltaBytes                        = 1048576                                   {product} {ergonomic}
   size_t MinHeapSize                              = 8388608                                   {product} {ergonomic}
    uintx NonNMethodCodeHeapSize                   = 5832780                                {pd product} {ergonomic}
    uintx NonProfiledCodeHeapSize                  = 122912730                              {pd product} {ergonomic}
    uintx ProfiledCodeHeapSize                     = 122912730                              {pd product} {ergonomic}
    uintx ReservedCodeCacheSize                    = 251658240                              {pd product} {ergonomic}
     bool SegmentedCodeCache                       = true                                      {product} {ergonomic}
   size_t SoftMaxHeapSize                          = 2120220672                             {manageable} {ergonomic}
     bool UseCompressedOops                        = true                           {product lp64_product} {ergonomic}
     bool UseG1GC                                  = true                                      {product} {ergonomic}
     bool UseLargePagesIndividualAllocation        = false                                  {pd product} {ergonomic}

Logging:
Log output configuration:
 #0: stdout all=warning uptime,level,tags foldmultilines=false
 #1: stderr all=off uptime,level,tags foldmultilines=false

Environment Variables:
JAVA_HOME=C:\Program Files\Java\jdk-21
PATH=C:\Program Files (x86)\Common Files\Oracle\Java\javapath;C:\Program Files\Common Files\Oracle\Java\javapath;C:\Windows\system32;C:\Windows;C:\Windows\System32\Wbem;C:\Windows\System32\WindowsPowerShell\v1.0\;C:\Windows\System32\OpenSSH\;C:\Program Files\Git\cmd;C:\Program Files (x86)\Microsoft SQL Server\150\DTS\Binn\;C:\Program Files\Microsoft SQL Server\Client SDK\ODBC\130\Tools\Binn\;C:\Program Files (x86)\Microsoft SQL Server\140\Tools\Binn\;C:\Program Files\Microsoft SQL Server\140\Tools\Binn\;C:\Program Files\Microsoft SQL Server\140\DTS\Binn\;C:\Program Files\nodejs\;C:\Program Files\Go\bin;C:\Program Files\Docker\Docker\resources\bin;C:\Program Files\Java\jdk-21\bin;C:\Users\DELL\.cargo\bin;C:\Program Files\MySQL\MySQL Shell 8.0\bin\;C:\Users\DELL\AppData\Local\Programs\Python\Python312\Scripts\;C:\Users\DELL\AppData\Local\Programs\Python\Python312\;C:\Users\DELL\AppData\Local\Microsoft\WindowsApps;C:\Program Files\JetBrains\IntelliJ IDEA 2023.3.2\bin;;C:\Users\DELL\AppData\Local\Programs\Microsoft VS Code\bin;C:\Users\DELL\AppData\Roaming\npm;C:\Users\DELL\go\bin;C:\Program Files\Java\jdk-21\bin;C:\Program Files\Java\jdk-21\bin;
USERNAME=DELL
OS=Windows_NT
PROCESSOR_IDENTIFIER=Intel64 Family 6 Model 78 Stepping 3, GenuineIntel
TMP=C:\Users\DELL\AppData\Local\Temp
TEMP=C:\Users\DELL\AppData\Local\Temp




Periodic native trim disabled

---------------  S Y S T E M  ---------------

OS:
 Windows 11 , 64 bit Build 22621 (10.0.22621.3958)
OS uptime: 0 days 15:01 hours
Hyper-V role detected

CPU: total 4 (initial active 4) (2 cores per cpu, 2 threads per core) family 6 model 78 stepping 3 microcode 0xf0, cx8, cmov, fxsr, ht, mmx, 3dnowpref, sse, sse2, sse3, ssse3, sse4.1, sse4.2, popcnt, lzcnt, tsc, tscinvbit, avx, avx2, aes, erms, clmul, bmi1, bmi2, rtm, adx, fma, vzeroupper, clflush, clflushopt, hv, rdtscp, f16c
Processor Information for all 4 processors :
  Max Mhz: 2501, Current Mhz: 2501, Mhz Limit: 2501

Memory: 4k page, system-wide physical 8083M (496M free)
TotalPageFile size 19293M (AvailPageFile size 2710M)
current process WorkingSet (physical memory assigned to process): 245M, peak: 245M
current process commit charge ("private bytes"): 275M, peak: 275M

vm_info: Java HotSpot(TM) 64-Bit Server VM (21.0.1+12-LTS-29) for windows-amd64 JRE (21.0.1+12-LTS-29), built on 2023-10-05T13:27:09Z by "mach5one" with MS VC++ 17.1 (VS2022)

END.
